#
# There is insufficient memory for the Java Runtime Environment to continue.
# Native memory allocation (malloc) failed to allocate 136314880 bytes for committing reserved memory.
# Possible reasons:
#   The system is out of physical RAM or swap space
#   In 32 bit mode, the process size limit was hit
# Possible solutions:
#   Reduce memory load on the system
#   Increase physical memory or swap space
#   Check if swap backing store is full
#   Use 64 bit Java on a 64 bit OS
#   Decrease Java heap size (-Xmx/-Xms)
#   Decrease number of Java threads
#   Decrease Java thread stack sizes (-Xss)
#   Set larger code cache with -XX:ReservedCodeCacheSize=
# This output file may be truncated or incomplete.
#
#  Out of Memory Error (os_linux.cpp:2769), pid=15865, tid=140690044184320
#
# JRE version: OpenJDK Runtime Environment (7.0_55-b14) (build 1.7.0_55-b14)
# Java VM: OpenJDK 64-Bit Server VM (24.51-b03 mixed mode linux-amd64 compressed oops)
# Failed to write core dump. Core dumps have been disabled. To enable core dumping, try "ulimit -c unlimited" before starting Java again
#

---------------  T H R E A D  ---------------

Current thread (0x00007ff4fc075800):  VMThread [stack: 0x00007ff4f40b6000,0x00007ff4f41b7000] [id=15888]

Stack: [0x00007ff4f40b6000,0x00007ff4f41b7000],  sp=0x00007ff4f41b5480,  free space=1021k
Native frames: (J=compiled Java code, j=interpreted, Vv=VM code, C=native code)
V  [libjvm.so+0x917b35]  VMError::report_and_die()+0x175
V  [libjvm.so+0x468144]  report_vm_out_of_memory(char const*, int, unsigned long, char const*)+0x74
V  [libjvm.so+0x79a81b]  os::pd_commit_memory(char*, unsigned long, unsigned long, bool)+0x20b
V  [libjvm.so+0x7950df]  os::commit_memory(char*, unsigned long, unsigned long, bool)+0x1f
V  [libjvm.so+0x8053cb]  PSVirtualSpace::expand_by(unsigned long)+0x5b
V  [libjvm.so+0x806220]  PSYoungGen::resize_generation(unsigned long, unsigned long)+0xb0
V  [libjvm.so+0x80690b]  PSYoungGen::resize(unsigned long, unsigned long)+0x1b
V  [libjvm.so+0x802bff]  PSScavenge::invoke_no_policy()+0xd6f
V  [libjvm.so+0x8033c8]  PSScavenge::invoke()+0x38
V  [libjvm.so+0x7b9b33]  ParallelScavengeHeap::failed_mem_allocate(unsigned long)+0x63
V  [libjvm.so+0x919544]  VM_ParallelGCFailedAllocation::doit()+0x84
V  [libjvm.so+0x91d9e7]  VM_Operation::evaluate()+0x47
V  [libjvm.so+0x91c3b8]  VMThread::evaluate_operation(VM_Operation*)+0x318
V  [libjvm.so+0x91c819]  VMThread::loop()+0x219
V  [libjvm.so+0x91cc62]  VMThread::run()+0x72
V  [libjvm.so+0x7974e2]  java_start(Thread*)+0xf2

VM_Operation (0x00007ff5025bc4f0): ParallelGCFailedAllocation, mode: safepoint, requested by thread 0x00007ff4fc00a000


---------------  P R O C E S S  ---------------

Java Threads: ( => current thread )
  0x00007ff4fc0a7000 JavaThread "Service Thread" daemon [_thread_blocked, id=15894, stack(0x00007ff4df1a8000,0x00007ff4df2a9000)]
  0x00007ff4fc0a5000 JavaThread "C2 CompilerThread1" daemon [_thread_blocked, id=15893, stack(0x00007ff4df2a9000,0x00007ff4df3aa000)]
  0x00007ff4fc0a2000 JavaThread "C2 CompilerThread0" daemon [_thread_blocked, id=15892, stack(0x00007ff4df3aa000,0x00007ff4df4ab000)]
  0x00007ff4fc09f800 JavaThread "Signal Dispatcher" daemon [_thread_blocked, id=15891, stack(0x00007ff4df4ab000,0x00007ff4df5ac000)]
  0x00007ff4fc07c000 JavaThread "Finalizer" daemon [_thread_blocked, id=15890, stack(0x00007ff4dfdfe000,0x00007ff4dfeff000)]
  0x00007ff4fc07a000 JavaThread "Reference Handler" daemon [_thread_blocked, id=15889, stack(0x00007ff4dfeff000,0x00007ff4e0000000)]
  0x00007ff4fc00a000 JavaThread "main" [_thread_blocked, id=15883, stack(0x00007ff5024bf000,0x00007ff5025c0000)]

Other Threads:
=>0x00007ff4fc075800 VMThread [stack: 0x00007ff4f40b6000,0x00007ff4f41b7000] [id=15888]
  0x00007ff4fc0b1800 WatcherThread [stack: 0x00007ff4df0a7000,0x00007ff4df1a8000] [id=15895]

VM state:at safepoint (normal execution)

VM Mutex/Monitor currently owned by a thread:  ([mutex/lock_event])
[0x00007ff4fc0065e0] Threads_lock - owner thread: 0x00007ff4fc075800
[0x00007ff4fc006ae0] Heap_lock - owner thread: 0x00007ff4fc00a000

Heap
 PSYoungGen      total 131072K, used 8688K [0x00000000ec300000, 0x00000000f4c00000, 0x0000000100000000)
  eden space 122368K, 0% used [0x00000000ec300000,0x00000000ec300000,0x00000000f3a80000)
  from space 8704K, 99% used [0x00000000f3a80000,0x00000000f42fc3b0,0x00000000f4300000)
  to   space 8192K, 0% used [0x00000000f4300000,0x00000000f4300000,0x00000000f4b00000)
 ParOldGen       total 40448K, used 18905K [0x00000000c4a00000, 0x00000000c7180000, 0x00000000ec300000)
  object space 40448K, 46% used [0x00000000c4a00000,0x00000000c5c76618,0x00000000c7180000)
 PSPermGen       total 21504K, used 20004K [0x00000000ba400000, 0x00000000bb900000, 0x00000000c4a00000)
  object space 21504K, 93% used [0x00000000ba400000,0x00000000bb7892b0,0x00000000bb900000)

Card table byte_map: [0x00007ff4f7d45000,0x00007ff4f7f74000] byte_map_base: 0x00007ff4f7773000

Polling page: 0x00007ff5025dc000

Code Cache  [0x00007ff4f7f74000, 0x00007ff4f81e4000, 0x00007ff4faf74000)
 total_blobs=956 nmethods=659 adapters=249 free_code_cache=46778Kb largest_free_block=47839936

Compilation events (10 events):
Event: 14,149 Thread 0x00007ff4fc0a2000  699             org.apache.maven.model.ConfigurationContainer::isInherited (19 bytes)
Event: 14,151 Thread 0x00007ff4fc0a2000 nmethod 699 0x00007ff4f8141910 code [0x00007ff4f8141a60, 0x00007ff4f8141b08]
Event: 14,192 Thread 0x00007ff4fc0a2000  700   !         org.apache.maven.model.Developer::clone (51 bytes)
Event: 14,263 Thread 0x00007ff4fc0a5000 nmethod 698 0x00007ff4f81c6b90 code [0x00007ff4f81c6ec0, 0x00007ff4f81c83a8]
Event: 14,263 Thread 0x00007ff4fc0a5000  701             java.lang.AbstractStringBuilder::append (144 bytes)
Event: 14,287 Thread 0x00007ff4fc0a2000 nmethod 700 0x00007ff4f81c43d0 code [0x00007ff4f81c4660, 0x00007ff4f81c5598]
Event: 14,287 Thread 0x00007ff4fc0a2000  702 % !         org.codehaus.plexus.interpolation.StringSearchInterpolator::interpolate @ 321 (655 bytes)
Event: 14,317 Thread 0x00007ff4fc0a5000 nmethod 701 0x00007ff4f8142810 code [0x00007ff4f81429a0, 0x00007ff4f8143008]
Event: 14,317 Thread 0x00007ff4fc0a5000  703             org.codehaus.plexus.interpolation.reflection.ReflectionValueExtractor::evaluate (163 bytes)
Event: 14,621 Thread 0x00007ff4fc0a5000 nmethod 703 0x00007ff4f81cf950 code [0x00007ff4f81cfd20, 0x00007ff4f81d1f30]

GC Heap History (10 events):
Event: 1,494 GC heap after
Heap after GC invocations=2 (full 0):
 PSYoungGen      total 33280K, used 2303K [0x00000000ec300000, 0x00000000ee600000, 0x0000000100000000)
  eden space 30720K, 0% used [0x00000000ec300000,0x00000000ec300000,0x00000000ee100000)
  from space 2560K, 89% used [0x00000000ee380000,0x00000000ee5bfc88,0x00000000ee600000)
  to   space 2560K, 0% used [0x00000000ee100000,0x00000000ee100000,0x00000000ee380000)
 ParOldGen       total 40448K, used 612K [0x00000000c4a00000, 0x00000000c7180000, 0x00000000ec300000)
  object space 40448K, 1% used [0x00000000c4a00000,0x00000000c4a99168,0x00000000c7180000)
 PSPermGen       total 21504K, used 7620K [0x00000000ba400000, 0x00000000bb900000, 0x00000000c4a00000)
  object space 21504K, 35% used [0x00000000ba400000,0x00000000bab710a8,0x00000000bb900000)
}
Event: 2,486 GC heap before
{Heap before GC invocations=3 (full 0):
 PSYoungGen      total 33280K, used 33023K [0x00000000ec300000, 0x00000000ee600000, 0x0000000100000000)
  eden space 30720K, 100% used [0x00000000ec300000,0x00000000ee100000,0x00000000ee100000)
  from space 2560K, 89% used [0x00000000ee380000,0x00000000ee5bfc88,0x00000000ee600000)
  to   space 2560K, 0% used [0x00000000ee100000,0x00000000ee100000,0x00000000ee380000)
 ParOldGen       total 40448K, used 612K [0x00000000c4a00000, 0x00000000c7180000, 0x00000000ec300000)
  object space 40448K, 1% used [0x00000000c4a00000,0x00000000c4a99168,0x00000000c7180000)
 PSPermGen       total 21504K, used 10793K [0x00000000ba400000, 0x00000000bb900000, 0x00000000c4a00000)
  object space 21504K, 50% used [0x00000000ba400000,0x00000000bae8a670,0x00000000bb900000)
Event: 2,526 GC heap after
Heap after GC invocations=3 (full 0):
 PSYoungGen      total 33280K, used 2528K [0x00000000ec300000, 0x00000000f0400000, 0x0000000100000000)
  eden space 30720K, 0% used [0x00000000ec300000,0x00000000ec300000,0x00000000ee100000)
  from space 2560K, 98% used [0x00000000ee100000,0x00000000ee378020,0x00000000ee380000)
  to   space 2560K, 0% used [0x00000000f0180000,0x00000000f0180000,0x00000000f0400000)
 ParOldGen       total 40448K, used 2758K [0x00000000c4a00000, 0x00000000c7180000, 0x00000000ec300000)
  object space 40448K, 6% used [0x00000000c4a00000,0x00000000c4cb1890,0x00000000c7180000)
 PSPermGen       total 21504K, used 10793K [0x00000000ba400000, 0x00000000bb900000, 0x00000000c4a00000)
  object space 21504K, 50% used [0x00000000ba400000,0x00000000bae8a670,0x00000000bb900000)
}
Event: 4,345 GC heap before
{Heap before GC invocations=4 (full 0):
 PSYoungGen      total 33280K, used 33248K [0x00000000ec300000, 0x00000000f0400000, 0x0000000100000000)
  eden space 30720K, 100% used [0x00000000ec300000,0x00000000ee100000,0x00000000ee100000)
  from space 2560K, 98% used [0x00000000ee100000,0x00000000ee378020,0x00000000ee380000)
  to   space 2560K, 0% used [0x00000000f0180000,0x00000000f0180000,0x00000000f0400000)
 ParOldGen       total 40448K, used 2758K [0x00000000c4a00000, 0x00000000c7180000, 0x00000000ec300000)
  object space 40448K, 6% used [0x00000000c4a00000,0x00000000c4cb1890,0x00000000c7180000)
 PSPermGen       total 21504K, used 13818K [0x00000000ba400000, 0x00000000bb900000, 0x00000000c4a00000)
  object space 21504K, 64% used [0x00000000ba400000,0x00000000bb17eb10,0x00000000bb900000)
Event: 4,377 GC heap after
Heap after GC invocations=4 (full 0):
 PSYoungGen      total 64000K, used 2544K [0x00000000ec300000, 0x00000000f0400000, 0x0000000100000000)
  eden space 61440K, 0% used [0x00000000ec300000,0x00000000ec300000,0x00000000eff00000)
  from space 2560K, 99% used [0x00000000f0180000,0x00000000f03fc010,0x00000000f0400000)
  to   space 2560K, 0% used [0x00000000eff00000,0x00000000eff00000,0x00000000f0180000)
 ParOldGen       total 40448K, used 5754K [0x00000000c4a00000, 0x00000000c7180000, 0x00000000ec300000)
  object space 40448K, 14% used [0x00000000c4a00000,0x00000000c4f9e840,0x00000000c7180000)
 PSPermGen       total 21504K, used 13818K [0x00000000ba400000, 0x00000000bb900000, 0x00000000c4a00000)
  object space 21504K, 64% used [0x00000000ba400000,0x00000000bb17eb10,0x00000000bb900000)
}
Event: 6,768 GC heap before
{Heap before GC invocations=5 (full 0):
 PSYoungGen      total 64000K, used 63984K [0x00000000ec300000, 0x00000000f0400000, 0x0000000100000000)
  eden space 61440K, 100% used [0x00000000ec300000,0x00000000eff00000,0x00000000eff00000)
  from space 2560K, 99% used [0x00000000f0180000,0x00000000f03fc010,0x00000000f0400000)
  to   space 2560K, 0% used [0x00000000eff00000,0x00000000eff00000,0x00000000f0180000)
 ParOldGen       total 40448K, used 5754K [0x00000000c4a00000, 0x00000000c7180000, 0x00000000ec300000)
  object space 40448K, 14% used [0x00000000c4a00000,0x00000000c4f9e840,0x00000000c7180000)
 PSPermGen       total 21504K, used 14118K [0x00000000ba400000, 0x00000000bb900000, 0x00000000c4a00000)
  object space 21504K, 65% used [0x00000000ba400000,0x00000000bb1c9ab8,0x00000000bb900000)
Event: 6,811 GC heap after
Heap after GC invocations=5 (full 0):
 PSYoungGen      total 64000K, used 2544K [0x00000000ec300000, 0x00000000f4b00000, 0x0000000100000000)
  eden space 61440K, 0% used [0x00000000ec300000,0x00000000ec300000,0x00000000eff00000)
  from space 2560K, 99% used [0x00000000eff00000,0x00000000f017c010,0x00000000f0180000)
  to   space 8192K, 0% used [0x00000000f4300000,0x00000000f4300000,0x00000000f4b00000)
 ParOldGen       total 40448K, used 10402K [0x00000000c4a00000, 0x00000000c7180000, 0x00000000ec300000)
  object space 40448K, 25% used [0x00000000c4a00000,0x00000000c5428ba0,0x00000000c7180000)
 PSPermGen       total 21504K, used 14118K [0x00000000ba400000, 0x00000000bb900000, 0x00000000c4a00000)
  object space 21504K, 65% used [0x00000000ba400000,0x00000000bb1c9ab8,0x00000000bb900000)
}
Event: 8,393 GC heap before
{Heap before GC invocations=6 (full 0):
 PSYoungGen      total 64000K, used 63984K [0x00000000ec300000, 0x00000000f4b00000, 0x0000000100000000)
  eden space 61440K, 100% used [0x00000000ec300000,0x00000000eff00000,0x00000000eff00000)
  from space 2560K, 99% used [0x00000000eff00000,0x00000000f017c010,0x00000000f0180000)
  to   space 8192K, 0% used [0x00000000f4300000,0x00000000f4300000,0x00000000f4b00000)
 ParOldGen       total 40448K, used 10402K [0x00000000c4a00000, 0x00000000c7180000, 0x00000000ec300000)
  object space 40448K, 25% used [0x00000000c4a00000,0x00000000c5428ba0,0x00000000c7180000)
 PSPermGen       total 21504K, used 15296K [0x00000000ba400000, 0x00000000bb900000, 0x00000000c4a00000)
  object space 21504K, 71% used [0x00000000ba400000,0x00000000bb2f02d0,0x00000000bb900000)
Event: 8,419 GC heap after
Heap after GC invocations=6 (full 0):
 PSYoungGen      total 130560K, used 5786K [0x00000000ec300000, 0x00000000f4c00000, 0x0000000100000000)
  eden space 122368K, 0% used [0x00000000ec300000,0x00000000ec300000,0x00000000f3a80000)
  from space 8192K, 70% used [0x00000000f4300000,0x00000000f48a6998,0x00000000f4b00000)
  to   space 8704K, 0% used [0x00000000f3a80000,0x00000000f3a80000,0x00000000f4300000)
 ParOldGen       total 40448K, used 10402K [0x00000000c4a00000, 0x00000000c7180000, 0x00000000ec300000)
  object space 40448K, 25% used [0x00000000c4a00000,0x00000000c5428ba0,0x00000000c7180000)
 PSPermGen       total 21504K, used 15296K [0x00000000ba400000, 0x00000000bb900000, 0x00000000c4a00000)
  object space 21504K, 71% used [0x00000000ba400000,0x00000000bb2f02d0,0x00000000bb900000)
}
Event: 14,624 GC heap before
{Heap before GC invocations=7 (full 0):
 PSYoungGen      total 130560K, used 128154K [0x00000000ec300000, 0x00000000f4c00000, 0x0000000100000000)
  eden space 122368K, 100% used [0x00000000ec300000,0x00000000f3a80000,0x00000000f3a80000)
  from space 8192K, 70% used [0x00000000f4300000,0x00000000f48a6998,0x00000000f4b00000)
  to   space 8704K, 0% used [0x00000000f3a80000,0x00000000f3a80000,0x00000000f4300000)
 ParOldGen       total 40448K, used 10402K [0x00000000c4a00000, 0x00000000c7180000, 0x00000000ec300000)
  object space 40448K, 25% used [0x00000000c4a00000,0x00000000c5428ba0,0x00000000c7180000)
 PSPermGen       total 21504K, used 20004K [0x00000000ba400000, 0x00000000bb900000, 0x00000000c4a00000)
  object space 21504K, 93% used [0x00000000ba400000,0x00000000bb7892b0,0x00000000bb900000)

Deoptimization events (10 events):
Event: 11,163 Thread 0x00007ff4fc00a000 Uncommon trap: reason=bimorphic action=maybe_recompile pc=0x00007ff4f803fa84 method=java.util.HashMap.<init>(IF)V @ 115
Event: 11,164 Thread 0x00007ff4fc00a000 Uncommon trap: reason=bimorphic action=maybe_recompile pc=0x00007ff4f803fa84 method=java.util.HashMap.<init>(IF)V @ 115
Event: 11,164 Thread 0x00007ff4fc00a000 Uncommon trap: reason=bimorphic action=maybe_recompile pc=0x00007ff4f80dcac0 method=java.util.HashMap$EntrySet.iterator()Ljava/util/Iterator; @ 4
Event: 11,176 Thread 0x00007ff4fc00a000 Uncommon trap: reason=bimorphic action=maybe_recompile pc=0x00007ff4f8184ad8 method=java.util.regex.Pattern$Curly.study(Ljava/util/regex/Pattern$TreeInfo;)Z @ 149
Event: 12,057 Thread 0x00007ff4fc00a000 Uncommon trap: reason=bimorphic action=maybe_recompile pc=0x00007ff4f8184ad8 method=java.util.regex.Pattern$Curly.study(Ljava/util/regex/Pattern$TreeInfo;)Z @ 149
Event: 12,098 Thread 0x00007ff4fc00a000 Uncommon trap: reason=unreached action=reinterpret pc=0x00007ff4f817e668 method=org.apache.maven.model.Dependency.clone()Lorg/apache/maven/model/Dependency; @ 76
Event: 14,081 Thread 0x00007ff4fc00a000 Uncommon trap: reason=bimorphic action=maybe_recompile pc=0x00007ff4f8074df8 method=java.util.Hashtable.get(Ljava/lang/Object;)Ljava/lang/Object; @ 46
Event: 14,082 Thread 0x00007ff4fc00a000 Uncommon trap: reason=bimorphic action=maybe_recompile pc=0x00007ff4f8074df8 method=java.util.Hashtable.get(Ljava/lang/Object;)Ljava/lang/Object; @ 46
Event: 14,082 Thread 0x00007ff4fc00a000 Uncommon trap: reason=bimorphic action=maybe_recompile pc=0x00007ff4f8074df8 method=java.util.Hashtable.get(Ljava/lang/Object;)Ljava/lang/Object; @ 46
Event: 14,083 Thread 0x00007ff4fc00a000 Uncommon trap: reason=bimorphic action=maybe_recompile pc=0x00007ff4f8074df8 method=java.util.Hashtable.get(Ljava/lang/Object;)Ljava/lang/Object; @ 46

Internal exceptions (10 events):
Event: 12,227 Thread 0x00007ff4fc00a000 Threw 0x00000000f2e8d4d0 at /build/buildd/openjdk-7-7u55-2.4.7/build/openjdk/hotspot/src/share/vm/prims/jvm.cpp:1244
Event: 12,227 Thread 0x00007ff4fc00a000 Threw 0x00000000f2e91a10 at /build/buildd/openjdk-7-7u55-2.4.7/build/openjdk/hotspot/src/share/vm/prims/jvm.cpp:1244
Event: 12,231 Thread 0x00007ff4fc00a000 Threw 0x00000000f2e961a8 at /build/buildd/openjdk-7-7u55-2.4.7/build/openjdk/hotspot/src/share/vm/prims/jvm.cpp:1244
Event: 12,232 Thread 0x00007ff4fc00a000 Threw 0x00000000f2e9a330 at /build/buildd/openjdk-7-7u55-2.4.7/build/openjdk/hotspot/src/share/vm/prims/jvm.cpp:1244
Event: 12,247 Thread 0x00007ff4fc00a000 Threw 0x00000000f2ea6c50 at /build/buildd/openjdk-7-7u55-2.4.7/build/openjdk/hotspot/src/share/vm/prims/jvm.cpp:1244
Event: 12,268 Thread 0x00007ff4fc00a000 Threw 0x00000000f2ee1158 at /build/buildd/openjdk-7-7u55-2.4.7/build/openjdk/hotspot/src/share/vm/prims/jvm.cpp:1244
Event: 14,064 Thread 0x00007ff4fc00a000 Threw 0x00000000f318ab68 at /build/buildd/openjdk-7-7u55-2.4.7/build/openjdk/hotspot/src/share/vm/prims/jvm.cpp:1244
Event: 14,070 Thread 0x00007ff4fc00a000 Threw 0x00000000f318e220 at /build/buildd/openjdk-7-7u55-2.4.7/build/openjdk/hotspot/src/share/vm/prims/jvm.cpp:1244
Event: 14,075 Thread 0x00007ff4fc00a000 Threw 0x00000000f3195478 at /build/buildd/openjdk-7-7u55-2.4.7/build/openjdk/hotspot/src/share/vm/prims/jvm.cpp:1244
Event: 14,075 Thread 0x00007ff4fc00a000 Threw 0x00000000f319b758 at /build/buildd/openjdk-7-7u55-2.4.7/build/openjdk/hotspot/src/share/vm/prims/jvm.cpp:1244

Events (10 events):
Event: 14,082 Thread 0x00007ff4fc00a000 Uncommon trap: trap_request=0xffffffc6 fr.pc=0x00007ff4f8074df8
Event: 14,082 Thread 0x00007ff4fc00a000 DEOPT PACKING pc=0x00007ff4f8074df8 sp=0x00007ff5025bd3b0
Event: 14,082 Thread 0x00007ff4fc00a000 DEOPT UNPACKING pc=0x00007ff4f7fad445 sp=0x00007ff5025bd360 mode 2
Event: 14,082 Thread 0x00007ff4fc00a000 Uncommon trap: trap_request=0xffffffc6 fr.pc=0x00007ff4f8074df8
Event: 14,082 Thread 0x00007ff4fc00a000 DEOPT PACKING pc=0x00007ff4f8074df8 sp=0x00007ff5025bd3b0
Event: 14,082 Thread 0x00007ff4fc00a000 DEOPT UNPACKING pc=0x00007ff4f7fad445 sp=0x00007ff5025bd360 mode 2
Event: 14,083 Thread 0x00007ff4fc00a000 Uncommon trap: trap_request=0xffffffc6 fr.pc=0x00007ff4f8074df8
Event: 14,083 Thread 0x00007ff4fc00a000 DEOPT PACKING pc=0x00007ff4f8074df8 sp=0x00007ff5025bd3b0
Event: 14,083 Thread 0x00007ff4fc00a000 DEOPT UNPACKING pc=0x00007ff4f7fad445 sp=0x00007ff5025bd360 mode 2
Event: 14,623 Executing VM operation: ParallelGCFailedAllocation


Dynamic libraries:
00400000-00401000 r-xp 00000000 08:03 275061                             /usr/lib/jvm/java-7-openjdk-amd64/jre/bin/java
00600000-00601000 r--p 00000000 08:03 275061                             /usr/lib/jvm/java-7-openjdk-amd64/jre/bin/java
00601000-00602000 rw-p 00001000 08:03 275061                             /usr/lib/jvm/java-7-openjdk-amd64/jre/bin/java
01163000-01184000 rw-p 00000000 00:00 0                                  [heap]
ba400000-bb900000 rw-p 00000000 00:00 0 
bb900000-c4a00000 rw-p 00000000 00:00 0 
c4a00000-c7180000 rw-p 00000000 00:00 0 
c7180000-ec300000 rw-p 00000000 00:00 0 
ec300000-f4c00000 rw-p 00000000 00:00 0 
fce00000-100000000 rw-p 00000000 00:00 0 
7ff4c0000000-7ff4c0021000 rw-p 00000000 00:00 0 
7ff4c0021000-7ff4c4000000 ---p 00000000 00:00 0 
7ff4c4000000-7ff4c4021000 rw-p 00000000 00:00 0 
7ff4c4021000-7ff4c8000000 ---p 00000000 00:00 0 
7ff4c8000000-7ff4c9a1d000 rw-p 00000000 00:00 0 
7ff4c9a1d000-7ff4cc000000 ---p 00000000 00:00 0 
7ff4cc000000-7ff4cd1ba000 rw-p 00000000 00:00 0 
7ff4cd1ba000-7ff4d0000000 ---p 00000000 00:00 0 
7ff4d0000000-7ff4d0021000 rw-p 00000000 00:00 0 
7ff4d0021000-7ff4d4000000 ---p 00000000 00:00 0 
7ff4d4000000-7ff4d4021000 rw-p 00000000 00:00 0 
7ff4d4021000-7ff4d8000000 ---p 00000000 00:00 0 
7ff4d8000000-7ff4d8021000 rw-p 00000000 00:00 0 
7ff4d8021000-7ff4dc000000 ---p 00000000 00:00 0 
7ff4dd6bf000-7ff4dd6c3000 r--s 00030000 08:03 685896                     /home/vju/.m2/repository/org/codehaus/plexus/plexus-utils/1.5.1/plexus-utils-1.5.1.jar
7ff4dd7f1000-7ff4dd7f2000 rw-p 00000000 00:00 0 
7ff4dd7f2000-7ff4dd7fb000 r--s 000b9000 08:03 275080                     /usr/lib/jvm/java-7-openjdk-amd64/jre/lib/resources.jar
7ff4dd7fb000-7ff4dd7ff000 r--s 00035000 08:03 686116                     /home/vju/.m2/repository/org/codehaus/plexus/plexus-utils/3.0.10/plexus-utils-3.0.10.jar
7ff4dd7ff000-7ff4dd801000 r--s 00005000 08:03 805851                     /home/vju/.m2/repository/xpp3/xpp3_min/1.1.4c/xpp3_min-1.1.4c.jar
7ff4dd801000-7ff4dd802000 r--s 00001000 08:03 545248                     /home/vju/.m2/repository/xmlpull/xmlpull/1.1.3.1/xmlpull-1.1.3.1.jar
7ff4dd802000-7ff4dd80e000 r--s 0006a000 08:03 707204                     /home/vju/.m2/repository/com/thoughtworks/xstream/xstream/1.4.2/xstream-1.4.2.jar
7ff4dd80e000-7ff4dd810000 r--s 0000d000 08:03 1054075                    /home/vju/.m2/repository/org/codehaus/plexus/plexus-interpolation/1.15/plexus-interpolation-1.15.jar
7ff4dd810000-7ff4dd814000 r--s 00014000 08:03 547238                     /home/vju/.m2/repository/org/tukaani/xz/1.2/xz-1.2.jar
7ff4dd814000-7ff4dd819000 r--s 0003a000 08:03 952657                     /home/vju/.m2/repository/org/apache/commons/commons-compress/1.5/commons-compress-1.5.jar
7ff4dd819000-7ff4dd81e000 r--s 00024000 08:03 707203                     /home/vju/.m2/repository/org/codehaus/plexus/plexus-archiver/2.4.1/plexus-archiver-2.4.1.jar
7ff4dd81e000-7ff4dd822000 r--s 00027000 08:03 926254                     /home/vju/.m2/repository/commons-io/commons-io/2.2/commons-io-2.2.jar
7ff4dd822000-7ff4dd825000 r--s 0000c000 08:03 707201                     /home/vju/.m2/repository/org/codehaus/plexus/plexus-io/2.0.7/plexus-io-2.0.7.jar
7ff4dd825000-7ff4dd827000 r--s 00004000 08:03 545246                     /home/vju/.m2/repository/org/apache/maven/maven-archiver/2.5/maven-archiver-2.5.jar
7ff4dd827000-7ff4dd82a000 r--s 00013000 08:03 926244                     /home/vju/.m2/repository/org/apache/maven/plugins/maven-war-plugin/2.4/maven-war-plugin-2.4.jar
7ff4dd82a000-7ff4dd82b000 r--s 00003000 08:03 547182                     /home/vju/.m2/repository/org/apache/maven/plugin-tools/maven-plugin-annotations/3.2/maven-plugin-annotations-3.2.jar
7ff4dd82b000-7ff4dd82f000 r--s 00020000 08:03 1054027                    /home/vju/.m2/repository/org/apache/maven/surefire/surefire-api/2.17/surefire-api-2.17.jar
7ff4dd82f000-7ff4dd835000 r--s 00048000 08:03 952573                     /home/vju/.m2/repository/org/apache/commons/commons-lang3/3.1/commons-lang3-3.1.jar
7ff4dd835000-7ff4dd836000 r--s 00002000 08:03 952574                     /home/vju/.m2/repository/org/apache/maven/reporting/maven-reporting-api/2.0.9/maven-reporting-api-2.0.9.jar
7ff4dd836000-7ff4dd838000 r--s 00008000 08:03 1054026                    /home/vju/.m2/repository/org/apache/maven/surefire/surefire-booter/2.17/surefire-booter-2.17.jar
7ff4dd838000-7ff4dd83d000 r--s 0003c000 08:03 1054028                    /home/vju/.m2/repository/org/apache/maven/surefire/maven-surefire-common/2.17/maven-surefire-common-2.17.jar
7ff4dd83d000-7ff4dd83f000 r--s 00007000 08:03 925122                     /home/vju/.m2/repository/org/apache/maven/plugins/maven-surefire-plugin/2.17/maven-surefire-plugin-2.17.jar
7ff4dd83f000-7ff4dd842000 r--s 0001b000 08:03 403948                     /home/vju/.m2/repository/junit/junit/3.8.2/junit-3.8.2.jar
7ff4dd842000-7ff4dd850000 r--s 0008f000 08:03 680509                     /home/vju/.m2/repository/com/google/collections/google-collections/1.0/google-collections-1.0.jar
7ff4dd850000-7ff4dd851000 r--s 0000a000 08:03 536093                     /home/vju/.m2/repository/commons-logging/commons-logging-api/1.1/commons-logging-api-1.1.jar
7ff4dd851000-7ff4dd858000 r--s 00051000 08:03 680506                     /home/vju/.m2/repository/log4j/log4j/1.2.12/log4j-1.2.12.jar
7ff4dd858000-7ff4dd85c000 r--s 0001d000 08:03 131352                     /home/vju/.m2/repository/org/apache/xbean/xbean-reflect/3.4/xbean-reflect-3.4.jar
7ff4dd85c000-7ff4dd85d000 r--s 00004000 08:03 925168                     /home/vju/.m2/repository/org/codehaus/plexus/plexus-compiler-javac/2.2/plexus-compiler-javac-2.2.jar
7ff4dd85d000-7ff4dd85f000 r--s 00000000 08:03 925203                     /home/vju/.m2/repository/org/codehaus/plexus/plexus-compiler-manager/2.2/plexus-compiler-manager-2.2.jar
7ff4dd85f000-7ff4dd861000 r--s 00005000 08:03 925167                     /home/vju/.m2/repository/org/codehaus/plexus/plexus-compiler-api/2.2/plexus-compiler-api-2.2.jar
7ff4dd861000-7ff4dd863000 r--s 00000000 08:03 3983                       /home/vju/.m2/repository/org/codehaus/plexus/plexus-component-annotations/1.5.5/plexus-component-annotations-1.5.5.jar
7ff4dd863000-7ff4dd865000 r--s 00002000 08:03 1053977                    /home/vju/.m2/repository/org/apache/maven/shared/maven-shared-incremental/1.1/maven-shared-incremental-1.1.jar
7ff4dd865000-7ff4dd867000 r--s 00006000 08:03 147220                     /home/vju/.m2/repository/com/google/code/findbugs/jsr305/2.0.1/jsr305-2.0.1.jar
7ff4dd867000-7ff4dd86a000 r--s 00023000 08:03 1053976                    /home/vju/.m2/repository/org/apache/maven/shared/maven-shared-utils/0.1/maven-shared-utils-0.1.jar
7ff4dd86a000-7ff4dd86c000 r--s 00009000 08:03 536383                     /home/vju/.m2/repository/org/apache/maven/plugins/maven-compiler-plugin/3.1/maven-compiler-plugin-3.1.jar
7ff4dd86c000-7ff4dd86e000 r--s 0000d000 08:03 1081446                    /home/vju/.m2/repository/org/codehaus/plexus/plexus-interpolation/1.13/plexus-interpolation-1.13.jar
7ff4dd86e000-7ff4dd86f000 r--s 00001000 08:03 1081445                    /home/vju/.m2/repository/org/sonatype/plexus/plexus-build-api/0.0.4/plexus-build-api-0.0.4.jar
7ff4dd86f000-7ff4dd871000 r--s 00009000 08:03 1077399                    /home/vju/.m2/repository/org/apache/maven/shared/maven-filtering/1.1/maven-filtering-1.1.jar
7ff4dd871000-7ff4dd875000 r--s 00033000 08:03 949465                     /home/vju/.m2/repository/org/codehaus/plexus/plexus-utils/2.0.5/plexus-utils-2.0.5.jar
7ff4dd875000-7ff4dd878000 r--s 0001b000 08:03 403312                     /home/vju/.m2/repository/junit/junit/3.8.1/junit-3.8.1.jar
7ff4dd878000-7ff4dd87a000 r--s 00002000 08:03 949761                     /home/vju/.m2/repository/org/codehaus/plexus/plexus-interactivity-api/1.0-alpha-4/plexus-interactivity-api-1.0-alpha-4.jar
7ff4dd87a000-7ff4dd87c000 r--s 00006000 08:03 546878                     /home/vju/.m2/repository/commons-cli/commons-cli/1.0/commons-cli-1.0.jar
7ff4dd87c000-7ff4dd87d000 r--s 00001000 08:03 949760                     /home/vju/.m2/repository/org/apache/maven/doxia/doxia-sink-api/1.0-alpha-7/doxia-sink-api-1.0-alpha-7.jar
7ff4dd87d000-7ff4dd87e000 r--s 00002000 08:03 949759                     /home/vju/.m2/repository/org/apache/maven/reporting/maven-reporting-api/2.0.6/maven-reporting-api-2.0.6.jar
7ff4dd87e000-7ff4dd880000 r--s 00006000 08:03 538797                     /home/vju/.m2/repository/org/apache/maven/plugins/maven-resources-plugin/2.6/maven-resources-plugin-2.6.jar
7ff4dd880000-7ff4dd884000 r--s 0001f000 08:03 418721                     /home/vju/.m2/repository/org/jacoco/org.jacoco.report/0.7.1.201405082137/org.jacoco.report-0.7.1.201405082137.jar
7ff4dd884000-7ff4dd889000 r--s 00058000 08:03 418713                     /home/vju/.m2/repository/org/ow2/asm/asm-debug-all/5.0.1/asm-debug-all-5.0.1.jar
7ff4dd889000-7ff4dd88d000 r--s 0001d000 08:03 418712                     /home/vju/.m2/repository/org/jacoco/org.jacoco.core/0.7.1.201405082137/org.jacoco.core-0.7.1.201405082137.jar
7ff4dd88d000-7ff4dd892000 r--s 00041000 08:03 418711                     /home/vju/.m2/repository/org/jacoco/org.jacoco.agent/0.7.1.201405082137/org.jacoco.agent-0.7.1.201405082137-runtime.jar
7ff4dd892000-7ff4dd897000 r--s 00016000 08:03 952284                     /home/vju/.m2/repository/xml-apis/xml-apis/1.0.b2/xml-apis-1.0.b2.jar
7ff4dd897000-7ff4dd899000 r--s 0000e000 08:03 1082480                    /home/vju/.m2/repository/oro/oro/2.0.8/oro-2.0.8.jar
7ff4dd899000-7ff4dd89b000 r--s 00008000 08:03 547049                     /home/vju/.m2/repository/commons-logging/commons-logging/1.0.4/commons-logging-1.0.4.jar
7ff4dd89b000-7ff4dd89f000 r--s 00026000 08:03 952805                     /home/vju/.m2/repository/commons-digester/commons-digester/1.6/commons-digester-1.6.jar
7ff4dd89f000-7ff4dd8a4000 r--s 0002a000 08:03 806058                     /home/vju/.m2/repository/commons-beanutils/commons-beanutils/1.7.0/commons-beanutils-1.7.0.jar
7ff4dd8a4000-7ff4dd8a7000 r--s 00014000 08:03 806057                     /home/vju/.m2/repository/commons-validator/commons-validator/1.2.0/commons-validator-1.2.0.jar
7ff4dd8a7000-7ff4dd8b4000 r--s 0007f000 08:03 962555                     /home/vju/.m2/repository/commons-collections/commons-collections/3.2/commons-collections-3.2.jar
7ff4dd8b4000-7ff4dd8bc000 r--s 00058000 08:03 952292                     /home/vju/.m2/repository/org/apache/velocity/velocity/1.5/velocity-1.5.jar
7ff4dd8bc000-7ff4dd8bd000 r--s 00001000 08:03 134042                     /home/vju/.m2/repository/org/codehaus/plexus/plexus-velocity/1.1.7/plexus-velocity-1.1.7.jar
7ff4dd8bd000-7ff4dd8be000 r--s 00002000 08:03 806060                     /home/vju/.m2/repository/org/codehaus/plexus/plexus-i18n/1.0-beta-7/plexus-i18n-1.0-beta-7.jar
7ff4dd8be000-7ff4dd8c0000 r--s 00008000 08:03 1091056                    /home/vju/.m2/repository/org/apache/maven/doxia/doxia-module-fml/1.1.2/doxia-module-fml-1.1.2.jar
7ff4dd8c0000-7ff4dd8c1000 r--s 00003000 08:03 962552                     /home/vju/.m2/repository/org/apache/maven/doxia/doxia-module-xhtml/1.1.2/doxia-module-xhtml-1.1.2.jar
7ff4dd8c1000-7ff4dd8c3000 r--s 0000b000 08:03 962551                     /home/vju/.m2/repository/org/apache/maven/doxia/doxia-decoration-model/1.1.2/doxia-decoration-model-1.1.2.jar
7ff4dd8c3000-7ff4dd8c5000 r--s 0000b000 08:03 962548                     /home/vju/.m2/repository/org/apache/maven/doxia/doxia-site-renderer/1.1.2/doxia-site-renderer-1.1.2.jar
7ff4dd8c5000-7ff4dd8c7000 r--s 00006000 08:03 814398                     /home/vju/.m2/repository/commons-codec/commons-codec/1.2/commons-codec-1.2.jar
7ff4dd8c7000-7ff4dd8cd000 r--s 00045000 08:03 418709                     /home/vju/.m2/repository/commons-httpclient/commons-httpclient/3.1/commons-httpclient-3.1.jar
7ff4dd8cd000-7ff4dd8d1000 r--s 0003c000 08:03 962545                     /home/vju/.m2/repository/commons-lang/commons-lang/2.4/commons-lang-2.4.jar
7ff4dd8d1000-7ff4dd8e8000 r--s 00112000 08:03 814397                     /home/vju/.m2/repository/xerces/xercesImpl/2.8.1/xercesImpl-2.8.1.jar
7ff4dd8e8000-7ff4dd8ec000 r--s 00023000 08:03 962543                     /home/vju/.m2/repository/org/apache/maven/doxia/doxia-core/1.1.2/doxia-core-1.1.2.jar
7ff4dd8ec000-7ff4dd8ee000 r--s 00003000 08:03 962541                     /home/vju/.m2/repository/org/apache/maven/reporting/maven-reporting-impl/2.1/maven-reporting-impl-2.1.jar
7ff4dd8ee000-7ff4dd8ef000 r--s 00002000 08:03 962540                     /home/vju/.m2/repository/org/apache/maven/doxia/doxia-logging-api/1.1/doxia-logging-api-1.1.jar
7ff4dd8ef000-7ff4dd8f1000 r--s 00002000 08:03 962536                     /home/vju/.m2/repository/org/apache/maven/doxia/doxia-sink-api/1.1/doxia-sink-api-1.1.jar
7ff4dd8f1000-7ff4dd8f3000 r--s 00008000 08:03 1084108                    /home/vju/.m2/repository/org/apache/maven/shared/maven-shared-io/1.1/maven-shared-io-1.1.jar
7ff4dd8f3000-7ff4dd8f8000 r--s 00039000 08:03 685961                     /home/vju/.m2/repository/org/codehaus/plexus/plexus-utils/1.5.6/plexus-utils-1.5.6.jar
7ff4dd8f8000-7ff4dd929000 rw-p 00000000 00:00 0 
7ff4dd929000-7ff4dd966000 r-xp 00000000 08:03 923805                     /lib/x86_64-linux-gnu/libpcre.so.3.13.1
7ff4dd966000-7ff4ddb65000 ---p 0003d000 08:03 923805                     /lib/x86_64-linux-gnu/libpcre.so.3.13.1
7ff4ddb65000-7ff4ddb66000 r--p 0003c000 08:03 923805                     /lib/x86_64-linux-gnu/libpcre.so.3.13.1
7ff4ddb66000-7ff4ddb67000 rw-p 0003d000 08:03 923805                     /lib/x86_64-linux-gnu/libpcre.so.3.13.1
7ff4ddb67000-7ff4ddb6e000 r-xp 00000000 08:03 273479                     /usr/lib/x86_64-linux-gnu/libffi.so.6.0.1
7ff4ddb6e000-7ff4ddd6d000 ---p 00007000 08:03 273479                     /usr/lib/x86_64-linux-gnu/libffi.so.6.0.1
7ff4ddd6d000-7ff4ddd6e000 r--p 00006000 08:03 273479                     /usr/lib/x86_64-linux-gnu/libffi.so.6.0.1
7ff4ddd6e000-7ff4ddd6f000 rw-p 00007000 08:03 273479                     /usr/lib/x86_64-linux-gnu/libffi.so.6.0.1
7ff4ddd6f000-7ff4ddd86000 r-xp 00000000 08:03 927541                     /lib/x86_64-linux-gnu/libresolv-2.19.so
7ff4ddd86000-7ff4ddf86000 ---p 00017000 08:03 927541                     /lib/x86_64-linux-gnu/libresolv-2.19.so
7ff4ddf86000-7ff4ddf87000 r--p 00017000 08:03 927541                     /lib/x86_64-linux-gnu/libresolv-2.19.so
7ff4ddf87000-7ff4ddf88000 rw-p 00018000 08:03 927541                     /lib/x86_64-linux-gnu/libresolv-2.19.so
7ff4ddf88000-7ff4ddf8a000 rw-p 00000000 00:00 0 
7ff4ddf8a000-7ff4ddfaa000 r-xp 00000000 08:03 923551                     /lib/x86_64-linux-gnu/libselinux.so.1
7ff4ddfaa000-7ff4de1a9000 ---p 00020000 08:03 923551                     /lib/x86_64-linux-gnu/libselinux.so.1
7ff4de1a9000-7ff4de1aa000 r--p 0001f000 08:03 923551                     /lib/x86_64-linux-gnu/libselinux.so.1
7ff4de1aa000-7ff4de1ab000 rw-p 00020000 08:03 923551                     /lib/x86_64-linux-gnu/libselinux.so.1
7ff4de1ab000-7ff4de1ad000 rw-p 00000000 00:00 0 
7ff4de1ad000-7ff4de1b0000 r-xp 00000000 08:03 273596                     /usr/lib/x86_64-linux-gnu/libgmodule-2.0.so.0.4000.0
7ff4de1b0000-7ff4de3af000 ---p 00003000 08:03 273596                     /usr/lib/x86_64-linux-gnu/libgmodule-2.0.so.0.4000.0
7ff4de3af000-7ff4de3b0000 r--p 00002000 08:03 273596                     /usr/lib/x86_64-linux-gnu/libgmodule-2.0.so.0.4000.0
7ff4de3b0000-7ff4de3b1000 rw-p 00003000 08:03 273596                     /usr/lib/x86_64-linux-gnu/libgmodule-2.0.so.0.4000.0
7ff4de3b1000-7ff4de4b7000 r-xp 00000000 08:03 923733                     /lib/x86_64-linux-gnu/libglib-2.0.so.0.4000.0
7ff4de4b7000-7ff4de6b6000 ---p 00106000 08:03 923733                     /lib/x86_64-linux-gnu/libglib-2.0.so.0.4000.0
7ff4de6b6000-7ff4de6b7000 r--p 00105000 08:03 923733                     /lib/x86_64-linux-gnu/libglib-2.0.so.0.4000.0
7ff4de6b7000-7ff4de6b8000 rw-p 00106000 08:03 923733                     /lib/x86_64-linux-gnu/libglib-2.0.so.0.4000.0
7ff4de6b8000-7ff4de6b9000 rw-p 00000000 00:00 0 
7ff4de6b9000-7ff4de708000 r-xp 00000000 08:03 273612                     /usr/lib/x86_64-linux-gnu/libgobject-2.0.so.0.4000.0
7ff4de708000-7ff4de908000 ---p 0004f000 08:03 273612                     /usr/lib/x86_64-linux-gnu/libgobject-2.0.so.0.4000.0
7ff4de908000-7ff4de909000 r--p 0004f000 08:03 273612                     /usr/lib/x86_64-linux-gnu/libgobject-2.0.so.0.4000.0
7ff4de909000-7ff4de90a000 rw-p 00050000 08:03 273612                     /usr/lib/x86_64-linux-gnu/libgobject-2.0.so.0.4000.0
7ff4de90a000-7ff4dea75000 r-xp 00000000 08:03 273582                     /usr/lib/x86_64-linux-gnu/libgio-2.0.so.0.4000.0
7ff4dea75000-7ff4dec75000 ---p 0016b000 08:03 273582                     /usr/lib/x86_64-linux-gnu/libgio-2.0.so.0.4000.0
7ff4dec75000-7ff4dec79000 r--p 0016b000 08:03 273582                     /usr/lib/x86_64-linux-gnu/libgio-2.0.so.0.4000.0
7ff4dec79000-7ff4dec7b000 rw-p 0016f000 08:03 273582                     /usr/lib/x86_64-linux-gnu/libgio-2.0.so.0.4000.0
7ff4dec7b000-7ff4dec7d000 rw-p 00000000 00:00 0 
7ff4dec7d000-7ff4dec93000 r-xp 00000000 08:03 275130                     /usr/lib/jvm/java-7-openjdk-amd64/jre/lib/amd64/libnet.so
7ff4dec93000-7ff4dee93000 ---p 00016000 08:03 275130                     /usr/lib/jvm/java-7-openjdk-amd64/jre/lib/amd64/libnet.so
7ff4dee93000-7ff4dee94000 r--p 00016000 08:03 275130                     /usr/lib/jvm/java-7-openjdk-amd64/jre/lib/amd64/libnet.so
7ff4dee94000-7ff4dee95000 rw-p 00017000 08:03 275130                     /usr/lib/jvm/java-7-openjdk-amd64/jre/lib/amd64/libnet.so
7ff4dee95000-7ff4deea5000 r-xp 00000000 08:03 275139                     /usr/lib/jvm/java-7-openjdk-amd64/jre/lib/amd64/libnio.so
7ff4deea5000-7ff4df0a5000 ---p 00010000 08:03 275139                     /usr/lib/jvm/java-7-openjdk-amd64/jre/lib/amd64/libnio.so
7ff4df0a5000-7ff4df0a6000 r--p 00010000 08:03 275139                     /usr/lib/jvm/java-7-openjdk-amd64/jre/lib/amd64/libnio.so
7ff4df0a6000-7ff4df0a7000 rw-p 00011000 08:03 275139                     /usr/lib/jvm/java-7-openjdk-amd64/jre/lib/amd64/libnio.so
7ff4df0a7000-7ff4df0a8000 ---p 00000000 00:00 0 
7ff4df0a8000-7ff4df1a8000 rw-p 00000000 00:00 0                          [stack:15895]
7ff4df1a8000-7ff4df1ab000 ---p 00000000 00:00 0 
7ff4df1ab000-7ff4df2a9000 rw-p 00000000 00:00 0                          [stack:15894]
7ff4df2a9000-7ff4df2ac000 ---p 00000000 00:00 0 
7ff4df2ac000-7ff4df3aa000 rw-p 00000000 00:00 0                          [stack:15893]
7ff4df3aa000-7ff4df3ad000 ---p 00000000 00:00 0 
7ff4df3ad000-7ff4df4ab000 rw-p 00000000 00:00 0                          [stack:15892]
7ff4df4ab000-7ff4df4ae000 ---p 00000000 00:00 0 
7ff4df4ae000-7ff4df5ac000 rw-p 00000000 00:00 0                          [stack:15891]
7ff4df5ac000-7ff4dfdfe000 r--p 00000000 08:03 270875                     /usr/lib/locale/locale-archive
7ff4dfdfe000-7ff4dfe01000 ---p 00000000 00:00 0 
7ff4dfe01000-7ff4dfeff000 rw-p 00000000 00:00 0                          [stack:15890]
7ff4dfeff000-7ff4dff02000 ---p 00000000 00:00 0 
7ff4dff02000-7ff4e0000000 rw-p 00000000 00:00 0                          [stack:15889]
7ff4e0000000-7ff4e0021000 rw-p 00000000 00:00 0 
7ff4e0021000-7ff4e4000000 ---p 00000000 00:00 0 
7ff4e4000000-7ff4e423d000 rw-p 00000000 00:00 0 
7ff4e423d000-7ff4e8000000 ---p 00000000 00:00 0 
7ff4e8000000-7ff4e8021000 rw-p 00000000 00:00 0 
7ff4e8021000-7ff4ec000000 ---p 00000000 00:00 0 
7ff4ec000000-7ff4ec021000 rw-p 00000000 00:00 0 
7ff4ec021000-7ff4f0000000 ---p 00000000 00:00 0 
7ff4f0000000-7ff4f0021000 rw-p 00000000 00:00 0 
7ff4f0021000-7ff4f4000000 ---p 00000000 00:00 0 
7ff4f4000000-7ff4f4001000 r--s 00002000 08:03 962537                     /home/vju/.m2/repository/org/apache/maven/reporting/maven-reporting-api/2.2.1/maven-reporting-api-2.2.1.jar
7ff4f4001000-7ff4f4003000 r--s 00008000 08:03 1083918                    /home/vju/.m2/repository/org/apache/maven/shared/file-management/1.2.1/file-management-1.2.1.jar
7ff4f4003000-7ff4f4009000 r--s 00034000 08:03 962535                     /home/vju/.m2/repository/junit/junit/4.8.2/junit-4.8.2.jar
7ff4f4009000-7ff4f400b000 r--s 0000b000 08:03 1091052                    /home/vju/.m2/repository/org/codehaus/plexus/plexus-interpolation/1.11/plexus-interpolation-1.11.jar
7ff4f400b000-7ff4f4013000 r--s 00049000 08:03 814396                     /home/vju/.m2/repository/backport-util-concurrent/backport-util-concurrent/3.1/backport-util-concurrent-3.1.jar
7ff4f4013000-7ff4f4016000 r--s 00017000 08:03 275071                     /usr/lib/jvm/java-7-openjdk-amd64/jre/lib/jce.jar
7ff4f4016000-7ff4f4018000 r--s 0000a000 08:03 418838                     /home/vju/.m2/repository/org/jacoco/jacoco-maven-plugin/0.7.1.201405082137/jacoco-maven-plugin-0.7.1.201405082137.jar
7ff4f4018000-7ff4f401d000 r--s 0004c000 08:03 275099                     /usr/lib/jvm/java-7-openjdk-amd64/jre/lib/jsse.jar
7ff4f401d000-7ff4f401f000 r--s 00005000 08:03 544984                     /usr/share/java/maven3-repository-metadata-3.0.5.jar
7ff4f401f000-7ff4f4022000 r--s 00013000 08:03 1079748                    /usr/share/maven-repo/org/sonatype/aether/aether-api/1.13.1/aether-api-1.13.1.jar
7ff4f4022000-7ff4f403e000 r--s 00110000 08:03 544959                     /usr/share/java/wagon-http-shaded-2.x.jar
7ff4f403e000-7ff4f4040000 r--s 0000a000 08:03 544985                     /usr/share/java/maven3-artifact-3.0.5.jar
7ff4f4040000-7ff4f4042000 r--s 00007000 08:03 544524                     /usr/share/java/commons-cli-1.2.jar
7ff4f4042000-7ff4f4046000 r--s 0001c000 08:03 804553                     /usr/share/maven-repo/org/sonatype/aether/aether-util/1.13.1/aether-util-1.13.1.jar
7ff4f4046000-7ff4f4048000 r--s 00025000 08:03 544980                     /usr/share/java/maven3-model-3.0.5.jar
7ff4f4048000-7ff4f4054000 r--s 00082000 08:03 544837                     /usr/share/java/sisu-guice.jar
7ff4f4054000-7ff4f4056000 r--s 0000b000 08:03 544979                     /usr/share/java/maven3-aether-provider-3.0.5.jar
7ff4f4056000-7ff4f4058000 r--s 00009000 08:03 544983                     /usr/share/java/maven3-settings-3.0.5.jar
7ff4f4058000-7ff4f405e000 r--s 00046000 08:03 544668                     /usr/share/java/commons-httpclient-3.1.jar
7ff4f405e000-7ff4f406a000 r--s 0007c000 08:03 544981                     /usr/share/java/maven3-core-3.0.5.jar
7ff4f406a000-7ff4f406c000 r--s 00007000 08:03 544986                     /usr/share/java/maven3-settings-builder-3.0.5.jar
7ff4f406c000-7ff4f4070000 r--s 00033000 08:03 544819                     /usr/share/java/plexus-utils2-2.0.5.jar
7ff4f4070000-7ff4f4076000 r--s 0002c000 08:03 544842                     /usr/share/java/sisu-inject-plexus.jar
7ff4f4076000-7ff4f4077000 r--s 00001000 08:03 544952                     /usr/share/java/wagon-file-2.x.jar
7ff4f4077000-7ff4f40a0000 r--s 001e9000 08:03 544533                     /usr/share/java/guava.jar
7ff4f40a0000-7ff4f40a1000 r--s 00006000 08:03 544666                     /usr/share/java/plexus-sec-dispatcher.jar
7ff4f40a1000-7ff4f40a3000 r--s 0000a000 08:03 544951                     /usr/share/java/wagon-provider-api-2.x.jar
7ff4f40a3000-7ff4f40a5000 r--s 00000000 08:03 544826                     /usr/share/java/plexus-component-annotations-1.5-1.5.5.jar
7ff4f40a5000-7ff4f40a6000 r--s 0000d000 08:03 543668                     /usr/share/java/commons-logging-1.1.3.jar
7ff4f40a6000-7ff4f40ac000 r--s 0003e000 08:03 544987                     /usr/share/java/maven3-compat-3.0.5.jar
7ff4f40ac000-7ff4f40ad000 r--s 00003000 08:03 923393                     /usr/share/maven-repo/org/sonatype/aether/aether-spi/1.13.1/aether-spi-1.13.1.jar
7ff4f40ad000-7ff4f40af000 r--s 0000e000 08:03 544561                     /usr/share/java/plexus-interpolation.jar
7ff4f40af000-7ff4f40b6000 r--s 0003b000 08:03 544549                     /usr/share/java/commons-codec-1.9.jar
7ff4f40b6000-7ff4f40b7000 ---p 00000000 00:00 0 
7ff4f40b7000-7ff4f51b4000 rw-p 00000000 00:00 0                          [stack:15888]
7ff4f51b4000-7ff4f5362000 r--s 01cfc000 08:03 275069                     /usr/lib/jvm/java-7-openjdk-amd64/jre/lib/rt.jar
7ff4f5362000-7ff4f7941000 rw-p 00000000 00:00 0 
7ff4f7941000-7ff4f7942000 ---p 00000000 00:00 0 
7ff4f7942000-7ff4f7a42000 rw-p 00000000 00:00 0                          [stack:15887]
7ff4f7a42000-7ff4f7a43000 ---p 00000000 00:00 0 
7ff4f7a43000-7ff4f7b43000 rw-p 00000000 00:00 0                          [stack:15886]
7ff4f7b43000-7ff4f7b44000 ---p 00000000 00:00 0 
7ff4f7b44000-7ff4f7c44000 rw-p 00000000 00:00 0                          [stack:15885]
7ff4f7c44000-7ff4f7c45000 ---p 00000000 00:00 0 
7ff4f7c45000-7ff4f7d50000 rw-p 00000000 00:00 0                          [stack:15884]
7ff4f7d50000-7ff4f7d98000 rw-p 00000000 00:00 0 
7ff4f7d98000-7ff4f7dac000 rw-p 00000000 00:00 0 
7ff4f7dac000-7ff4f7ed4000 rw-p 00000000 00:00 0 
7ff4f7ed4000-7ff4f7f19000 rw-p 00000000 00:00 0 
7ff4f7f19000-7ff4f7f73000 rw-p 00000000 00:00 0 
7ff4f7f73000-7ff4f7f74000 rw-p 00000000 00:00 0 
7ff4f7f74000-7ff4f81e4000 rwxp 00000000 00:00 0 
7ff4f81e4000-7ff4faf74000 rw-p 00000000 00:00 0 
7ff4faf74000-7ff4faf7c000 r-xp 00000000 08:03 275125                     /usr/lib/jvm/java-7-openjdk-amd64/jre/lib/amd64/libzip.so
7ff4faf7c000-7ff4fb17b000 ---p 00008000 08:03 275125                     /usr/lib/jvm/java-7-openjdk-amd64/jre/lib/amd64/libzip.so
7ff4fb17b000-7ff4fb17c000 r--p 00007000 08:03 275125                     /usr/lib/jvm/java-7-openjdk-amd64/jre/lib/amd64/libzip.so
7ff4fb17c000-7ff4fb17d000 rw-p 00008000 08:03 275125                     /usr/lib/jvm/java-7-openjdk-amd64/jre/lib/amd64/libzip.so
7ff4fb17d000-7ff4fb188000 r-xp 00000000 08:03 927561                     /lib/x86_64-linux-gnu/libnss_files-2.19.so
7ff4fb188000-7ff4fb387000 ---p 0000b000 08:03 927561                     /lib/x86_64-linux-gnu/libnss_files-2.19.so
7ff4fb387000-7ff4fb388000 r--p 0000a000 08:03 927561                     /lib/x86_64-linux-gnu/libnss_files-2.19.so
7ff4fb388000-7ff4fb389000 rw-p 0000b000 08:03 927561                     /lib/x86_64-linux-gnu/libnss_files-2.19.so
7ff4fb389000-7ff4fb394000 r-xp 00000000 08:03 927535                     /lib/x86_64-linux-gnu/libnss_nis-2.19.so
7ff4fb394000-7ff4fb593000 ---p 0000b000 08:03 927535                     /lib/x86_64-linux-gnu/libnss_nis-2.19.so
7ff4fb593000-7ff4fb594000 r--p 0000a000 08:03 927535                     /lib/x86_64-linux-gnu/libnss_nis-2.19.so
7ff4fb594000-7ff4fb595000 rw-p 0000b000 08:03 927535                     /lib/x86_64-linux-gnu/libnss_nis-2.19.so
7ff4fb595000-7ff4fb5ac000 r-xp 00000000 08:03 927563                     /lib/x86_64-linux-gnu/libnsl-2.19.so
7ff4fb5ac000-7ff4fb7ab000 ---p 00017000 08:03 927563                     /lib/x86_64-linux-gnu/libnsl-2.19.so
7ff4fb7ab000-7ff4fb7ac000 r--p 00016000 08:03 927563                     /lib/x86_64-linux-gnu/libnsl-2.19.so
7ff4fb7ac000-7ff4fb7ad000 rw-p 00017000 08:03 927563                     /lib/x86_64-linux-gnu/libnsl-2.19.so
7ff4fb7ad000-7ff4fb7af000 rw-p 00000000 00:00 0 
7ff4fb7af000-7ff4fb7b8000 r-xp 00000000 08:03 927556                     /lib/x86_64-linux-gnu/libnss_compat-2.19.so
7ff4fb7b8000-7ff4fb9b7000 ---p 00009000 08:03 927556                     /lib/x86_64-linux-gnu/libnss_compat-2.19.so
7ff4fb9b7000-7ff4fb9b8000 r--p 00008000 08:03 927556                     /lib/x86_64-linux-gnu/libnss_compat-2.19.so
7ff4fb9b8000-7ff4fb9b9000 rw-p 00009000 08:03 927556                     /lib/x86_64-linux-gnu/libnss_compat-2.19.so
7ff4fb9b9000-7ff4fb9e4000 r-xp 00000000 08:03 275121                     /usr/lib/jvm/java-7-openjdk-amd64/jre/lib/amd64/libjava.so
7ff4fb9e4000-7ff4fbbe3000 ---p 0002b000 08:03 275121                     /usr/lib/jvm/java-7-openjdk-amd64/jre/lib/amd64/libjava.so
7ff4fbbe3000-7ff4fbbe4000 r--p 0002a000 08:03 275121                     /usr/lib/jvm/java-7-openjdk-amd64/jre/lib/amd64/libjava.so
7ff4fbbe4000-7ff4fbbe6000 rw-p 0002b000 08:03 275121                     /usr/lib/jvm/java-7-openjdk-amd64/jre/lib/amd64/libjava.so
7ff4fbbe6000-7ff4fbbf6000 r-xp 00000000 08:03 275154                     /usr/lib/jvm/java-7-openjdk-amd64/jre/lib/amd64/libverify.so
7ff4fbbf6000-7ff4fbdf5000 ---p 00010000 08:03 275154                     /usr/lib/jvm/java-7-openjdk-amd64/jre/lib/amd64/libverify.so
7ff4fbdf5000-7ff4fbdf7000 r--p 0000f000 08:03 275154                     /usr/lib/jvm/java-7-openjdk-amd64/jre/lib/amd64/libverify.so
7ff4fbdf7000-7ff4fbdf8000 rw-p 00011000 08:03 275154                     /usr/lib/jvm/java-7-openjdk-amd64/jre/lib/amd64/libverify.so
7ff4fbdf8000-7ff4fbdff000 r-xp 00000000 08:03 927559                     /lib/x86_64-linux-gnu/librt-2.19.so
7ff4fbdff000-7ff4fbffe000 ---p 00007000 08:03 927559                     /lib/x86_64-linux-gnu/librt-2.19.so
7ff4fbffe000-7ff4fbfff000 r--p 00006000 08:03 927559                     /lib/x86_64-linux-gnu/librt-2.19.so
7ff4fbfff000-7ff4fc000000 rw-p 00007000 08:03 927559                     /lib/x86_64-linux-gnu/librt-2.19.so
7ff4fc000000-7ff4fceb6000 rw-p 00000000 00:00 0 
7ff4fceb6000-7ff500000000 ---p 00000000 00:00 0 
7ff500000000-7ff500003000 r--s 0001d000 08:03 1080348                    /usr/share/maven-repo/org/sonatype/aether/aether-impl/1.13.1/aether-impl-1.13.1.jar
7ff500003000-7ff500005000 r--s 00008000 08:03 544982                     /usr/share/java/maven3-embedder-3.0.5.jar
7ff500005000-7ff500007000 r--s 00006000 08:03 1080360                    /usr/share/maven-repo/org/sonatype/aether/aether-connector-wagon/1.13.1/aether-connector-wagon-1.13.1.jar
7ff500007000-7ff500009000 r--s 00002000 08:03 544664                     /usr/share/java/plexus-cipher.jar
7ff500009000-7ff500010000 r--s 00040000 08:03 544847                     /usr/share/java/sisu-inject-bean.jar
7ff500010000-7ff500014000 r--s 00020000 08:03 544989                     /usr/share/java/maven3-model-builder-3.0.5.jar
7ff500014000-7ff500047000 rw-p 00000000 00:00 0 
7ff500047000-7ff50008f000 rw-p 00000000 00:00 0 
7ff50008f000-7ff5000a3000 rw-p 00000000 00:00 0 
7ff5000a3000-7ff5001cc000 rw-p 00000000 00:00 0 
7ff5001cc000-7ff5001e2000 r-xp 00000000 08:03 923729                     /lib/x86_64-linux-gnu/libgcc_s.so.1
7ff5001e2000-7ff5003e1000 ---p 00016000 08:03 923729                     /lib/x86_64-linux-gnu/libgcc_s.so.1
7ff5003e1000-7ff5003e2000 rw-p 00015000 08:03 923729                     /lib/x86_64-linux-gnu/libgcc_s.so.1
7ff5003e2000-7ff5004e7000 r-xp 00000000 08:03 927560                     /lib/x86_64-linux-gnu/libm-2.19.so
7ff5004e7000-7ff5006e6000 ---p 00105000 08:03 927560                     /lib/x86_64-linux-gnu/libm-2.19.so
7ff5006e6000-7ff5006e7000 r--p 00104000 08:03 927560                     /lib/x86_64-linux-gnu/libm-2.19.so
7ff5006e7000-7ff5006e8000 rw-p 00105000 08:03 927560                     /lib/x86_64-linux-gnu/libm-2.19.so
7ff5006e8000-7ff5007ce000 r-xp 00000000 08:03 274107                     /usr/lib/x86_64-linux-gnu/libstdc++.so.6.0.19
7ff5007ce000-7ff5009cd000 ---p 000e6000 08:03 274107                     /usr/lib/x86_64-linux-gnu/libstdc++.so.6.0.19
7ff5009cd000-7ff5009d5000 r--p 000e5000 08:03 274107                     /usr/lib/x86_64-linux-gnu/libstdc++.so.6.0.19
7ff5009d5000-7ff5009d7000 rw-p 000ed000 08:03 274107                     /usr/lib/x86_64-linux-gnu/libstdc++.so.6.0.19
7ff5009d7000-7ff5009ec000 rw-p 00000000 00:00 0 
7ff5009ec000-7ff5014cd000 r-xp 00000000 08:03 275136                     /usr/lib/jvm/java-7-openjdk-amd64/jre/lib/amd64/server/libjvm.so
7ff5014cd000-7ff5016cc000 ---p 00ae1000 08:03 275136                     /usr/lib/jvm/java-7-openjdk-amd64/jre/lib/amd64/server/libjvm.so
7ff5016cc000-7ff50175e000 r--p 00ae0000 08:03 275136                     /usr/lib/jvm/java-7-openjdk-amd64/jre/lib/amd64/server/libjvm.so
7ff50175e000-7ff501781000 rw-p 00b72000 08:03 275136                     /usr/lib/jvm/java-7-openjdk-amd64/jre/lib/amd64/server/libjvm.so
7ff501781000-7ff5017ae000 rw-p 00000000 00:00 0 
7ff5017ae000-7ff5017c6000 r-xp 00000000 08:03 923865                     /lib/x86_64-linux-gnu/libz.so.1.2.8
7ff5017c6000-7ff5019c5000 ---p 00018000 08:03 923865                     /lib/x86_64-linux-gnu/libz.so.1.2.8
7ff5019c5000-7ff5019c6000 r--p 00017000 08:03 923865                     /lib/x86_64-linux-gnu/libz.so.1.2.8
7ff5019c6000-7ff5019c7000 rw-p 00018000 08:03 923865                     /lib/x86_64-linux-gnu/libz.so.1.2.8
7ff5019c7000-7ff5019e0000 r-xp 00000000 08:03 927566                     /lib/x86_64-linux-gnu/libpthread-2.19.so
7ff5019e0000-7ff501bdf000 ---p 00019000 08:03 927566                     /lib/x86_64-linux-gnu/libpthread-2.19.so
7ff501bdf000-7ff501be0000 r--p 00018000 08:03 927566                     /lib/x86_64-linux-gnu/libpthread-2.19.so
7ff501be0000-7ff501be1000 rw-p 00019000 08:03 927566                     /lib/x86_64-linux-gnu/libpthread-2.19.so
7ff501be1000-7ff501be5000 rw-p 00000000 00:00 0 
7ff501be5000-7ff501be8000 r-xp 00000000 08:03 927551                     /lib/x86_64-linux-gnu/libdl-2.19.so
7ff501be8000-7ff501de7000 ---p 00003000 08:03 927551                     /lib/x86_64-linux-gnu/libdl-2.19.so
7ff501de7000-7ff501de8000 r--p 00002000 08:03 927551                     /lib/x86_64-linux-gnu/libdl-2.19.so
7ff501de8000-7ff501de9000 rw-p 00003000 08:03 927551                     /lib/x86_64-linux-gnu/libdl-2.19.so
7ff501de9000-7ff501fa5000 r-xp 00000000 08:03 927564                     /lib/x86_64-linux-gnu/libc-2.19.so
7ff501fa5000-7ff5021a4000 ---p 001bc000 08:03 927564                     /lib/x86_64-linux-gnu/libc-2.19.so
7ff5021a4000-7ff5021a8000 r--p 001bb000 08:03 927564                     /lib/x86_64-linux-gnu/libc-2.19.so
7ff5021a8000-7ff5021aa000 rw-p 001bf000 08:03 927564                     /lib/x86_64-linux-gnu/libc-2.19.so
7ff5021aa000-7ff5021af000 rw-p 00000000 00:00 0 
7ff5021af000-7ff5021bc000 r-xp 00000000 08:03 275147                     /usr/lib/jvm/java-7-openjdk-amd64/jre/lib/amd64/jli/libjli.so
7ff5021bc000-7ff5023bb000 ---p 0000d000 08:03 275147                     /usr/lib/jvm/java-7-openjdk-amd64/jre/lib/amd64/jli/libjli.so
7ff5023bb000-7ff5023bc000 r--p 0000c000 08:03 275147                     /usr/lib/jvm/java-7-openjdk-amd64/jre/lib/amd64/jli/libjli.so
7ff5023bc000-7ff5023bd000 rw-p 0000d000 08:03 275147                     /usr/lib/jvm/java-7-openjdk-amd64/jre/lib/amd64/jli/libjli.so
7ff5023bd000-7ff5023e0000 r-xp 00000000 08:03 927549                     /lib/x86_64-linux-gnu/ld-2.19.so
7ff5023e0000-7ff5023e2000 r--s 00009000 08:03 544988                     /usr/share/java/maven3-plugin-api-3.0.5.jar
7ff5023e2000-7ff5023e4000 r--s 0000a000 08:03 544504                     /usr/share/java/plexus-classworlds2-2.5.1.jar
7ff5023e4000-7ff5023e8000 r--s 0003b000 08:03 275077                     /usr/lib/jvm/java-7-openjdk-amd64/jre/lib/ext/sunpkcs11.jar
7ff5023e8000-7ff5023e9000 r--s 00002000 08:03 275078                     /usr/lib/jvm/java-7-openjdk-amd64/jre/lib/ext/dnsns.jar
7ff5023e9000-7ff502409000 rw-p 00000000 00:00 0 
7ff502409000-7ff5024bf000 rw-p 00000000 00:00 0 
7ff5024bf000-7ff5024c2000 ---p 00000000 00:00 0 
7ff5024c2000-7ff5025c5000 rw-p 00000000 00:00 0                          [stack:15883]
7ff5025c5000-7ff5025c8000 r--s 00032000 08:03 275075                     /usr/lib/jvm/java-7-openjdk-amd64/jre/lib/ext/sunjce_provider.jar
7ff5025c8000-7ff5025ca000 r--s 00006000 08:03 541875                     /usr/share/java/java-atk-wrapper.jar
7ff5025ca000-7ff5025cc000 r--s 00012000 08:03 275074                     /usr/lib/jvm/java-7-openjdk-amd64/jre/lib/ext/zipfs.jar
7ff5025cc000-7ff5025d0000 r--s 00085000 08:03 275076                     /usr/lib/jvm/java-7-openjdk-amd64/jre/lib/ext/localedata.jar
7ff5025d0000-7ff5025d3000 r--s 0000f000 08:03 275073                     /usr/lib/jvm/java-7-openjdk-amd64/jre/lib/ext/pulse-java.jar
7ff5025d3000-7ff5025db000 rw-s 00000000 08:03 940973                     /tmp/hsperfdata_vju/15865
7ff5025db000-7ff5025dc000 rw-p 00000000 00:00 0 
7ff5025dc000-7ff5025dd000 ---p 00000000 00:00 0 
7ff5025dd000-7ff5025df000 rw-p 00000000 00:00 0 
7ff5025df000-7ff5025e0000 r--p 00022000 08:03 927549                     /lib/x86_64-linux-gnu/ld-2.19.so
7ff5025e0000-7ff5025e1000 rw-p 00023000 08:03 927549                     /lib/x86_64-linux-gnu/ld-2.19.so
7ff5025e1000-7ff5025e2000 rw-p 00000000 00:00 0 
7fff6b8a9000-7fff6b8ca000 rw-p 00000000 00:00 0                          [stack]
7fff6b9fe000-7fff6ba00000 r-xp 00000000 00:00 0                          [vdso]
ffffffffff600000-ffffffffff601000 r-xp 00000000 00:00 0                  [vsyscall]

VM Arguments:
jvm_args: -Dclassworlds.conf=/usr/share/maven/bin/m2.conf -Dmaven.home=/usr/share/maven 
java_command: org.codehaus.plexus.classworlds.launcher.Launcher wildfly:deploy
Launcher Type: SUN_STANDARD

Environment Variables:
JAVA_HOME=/usr/lib/jvm/java-7-openjdk-amd64
PATH=/usr/local/sbin:/usr/local/bin:/usr/sbin:/usr/bin:/sbin:/bin:/usr/games:/usr/local/games
SHELL=/bin/bash
DISPLAY=:0

Signal Handlers:
SIGSEGV: [libjvm.so+0x918620], sa_mask[0]=0x7ffbfeff, sa_flags=0x10000004
SIGBUS: [libjvm.so+0x918620], sa_mask[0]=0x7ffbfeff, sa_flags=0x10000004
SIGFPE: [libjvm.so+0x795e30], sa_mask[0]=0x7ffbfeff, sa_flags=0x10000004
SIGPIPE: [libjvm.so+0x795e30], sa_mask[0]=0x7ffbfeff, sa_flags=0x10000004
SIGXFSZ: [libjvm.so+0x795e30], sa_mask[0]=0x7ffbfeff, sa_flags=0x10000004
SIGILL: [libjvm.so+0x795e30], sa_mask[0]=0x7ffbfeff, sa_flags=0x10000004
SIGUSR1: SIG_DFL, sa_mask[0]=0x00000000, sa_flags=0x00000000
SIGUSR2: [libjvm.so+0x795cd0], sa_mask[0]=0x00000000, sa_flags=0x10000004
SIGHUP: [libjvm.so+0x795eb0], sa_mask[0]=0x7ffbfeff, sa_flags=0x10000004
SIGINT: [libjvm.so+0x795eb0], sa_mask[0]=0x7ffbfeff, sa_flags=0x10000004
SIGTERM: [libjvm.so+0x795eb0], sa_mask[0]=0x7ffbfeff, sa_flags=0x10000004
SIGQUIT: [libjvm.so+0x795eb0], sa_mask[0]=0x7ffbfeff, sa_flags=0x10000004


---------------  S Y S T E M  ---------------

OS:Ubuntu 14.04 (trusty)
uname:Linux 3.13.0-34-generic #60-Ubuntu SMP Wed Aug 13 15:45:27 UTC 2014 x86_64
libc:glibc 2.19 NPTL 2.19 
rlimit: STACK 8192k, CORE 0k, NPROC 30179, NOFILE 4096, AS infinity
load average:2,90 1,92 1,74

/proc/meminfo:
MemTotal:        3884548 kB
MemFree:          104504 kB
Buffers:             264 kB
Cached:           327920 kB
SwapCached:        47936 kB
Active:          2612036 kB
Inactive:         874172 kB
Active(anon):    2607244 kB
Inactive(anon):   869464 kB
Active(file):       4792 kB
Inactive(file):     4708 kB
Unevictable:          16 kB
Mlocked:              16 kB
SwapTotal:       2997244 kB
SwapFree:              0 kB
Dirty:                56 kB
Writeback:            40 kB
AnonPages:       3112592 kB
Mapped:            59180 kB
Shmem:            317916 kB
Slab:              83088 kB
SReclaimable:      32800 kB
SUnreclaim:        50288 kB
KernelStack:        8464 kB
PageTables:        88024 kB
NFS_Unstable:          0 kB
Bounce:                0 kB
WritebackTmp:          0 kB
CommitLimit:     4939516 kB
Committed_AS:   14251996 kB
VmallocTotal:   34359738367 kB
VmallocUsed:      599984 kB
VmallocChunk:   34359077704 kB
HardwareCorrupted:     0 kB
AnonHugePages:   1032192 kB
HugePages_Total:       0
HugePages_Free:        0
HugePages_Rsvd:        0
HugePages_Surp:        0
Hugepagesize:       2048 kB
DirectMap4k:       80636 kB
DirectMap2M:     3948544 kB


CPU:total 4 (2 cores per cpu, 2 threads per core) family 6 model 58 stepping 9, cmov, cx8, fxsr, mmx, sse, sse2, sse3, ssse3, sse4.1, sse4.2, popcnt, avx, aes, erms, ht, tsc, tscinvbit, tscinv

/proc/cpuinfo:
processor	: 0
vendor_id	: GenuineIntel
cpu family	: 6
model		: 58
model name	: Intel(R) Core(TM) i5-3317U CPU @ 1.70GHz
stepping	: 9
microcode	: 0x12
cpu MHz		: 1701.000
cache size	: 3072 KB
physical id	: 0
siblings	: 4
core id		: 0
cpu cores	: 2
apicid		: 0
initial apicid	: 0
fpu		: yes
fpu_exception	: yes
cpuid level	: 13
wp		: yes
flags		: fpu vme de pse tsc msr pae mce cx8 apic sep mtrr pge mca cmov pat pse36 clflush dts acpi mmx fxsr sse sse2 ss ht tm pbe syscall nx rdtscp lm constant_tsc arch_perfmon pebs bts rep_good nopl xtopology nonstop_tsc aperfmperf eagerfpu pni pclmulqdq dtes64 monitor ds_cpl vmx est tm2 ssse3 cx16 xtpr pdcm pcid sse4_1 sse4_2 x2apic popcnt tsc_deadline_timer aes xsave avx f16c rdrand lahf_lm ida arat epb xsaveopt pln pts dtherm tpr_shadow vnmi flexpriority ept vpid fsgsbase smep erms
bogomips	: 3392.21
clflush size	: 64
cache_alignment	: 64
address sizes	: 36 bits physical, 48 bits virtual
power management:

processor	: 1
vendor_id	: GenuineIntel
cpu family	: 6
model		: 58
model name	: Intel(R) Core(TM) i5-3317U CPU @ 1.70GHz
stepping	: 9
microcode	: 0x12
cpu MHz		: 1701.000
cache size	: 3072 KB
physical id	: 0
siblings	: 4
core id		: 0
cpu cores	: 2
apicid		: 1
initial apicid	: 1
fpu		: yes
fpu_exception	: yes
cpuid level	: 13
wp		: yes
flags		: fpu vme de pse tsc msr pae mce cx8 apic sep mtrr pge mca cmov pat pse36 clflush dts acpi mmx fxsr sse sse2 ss ht tm pbe syscall nx rdtscp lm constant_tsc arch_perfmon pebs bts rep_good nopl xtopology nonstop_tsc aperfmperf eagerfpu pni pclmulqdq dtes64 monitor ds_cpl vmx est tm2 ssse3 cx16 xtpr pdcm pcid sse4_1 sse4_2 x2apic popcnt tsc_deadline_timer aes xsave avx f16c rdrand lahf_lm ida arat epb xsaveopt pln pts dtherm tpr_shadow vnmi flexpriority ept vpid fsgsbase smep erms
bogomips	: 3392.21
clflush size	: 64
cache_alignment	: 64
address sizes	: 36 bits physical, 48 bits virtual
power management:

processor	: 2
vendor_id	: GenuineIntel
cpu family	: 6
model		: 58
model name	: Intel(R) Core(TM) i5-3317U CPU @ 1.70GHz
stepping	: 9
microcode	: 0x12
cpu MHz		: 1701.000
cache size	: 3072 KB
physical id	: 0
siblings	: 4
core id		: 1
cpu cores	: 2
apicid		: 2
initial apicid	: 2
fpu		: yes
fpu_exception	: yes
cpuid level	: 13
wp		: yes
flags		: fpu vme de pse tsc msr pae mce cx8 apic sep mtrr pge mca cmov pat pse36 clflush dts acpi mmx fxsr sse sse2 ss ht tm pbe syscall nx rdtscp lm constant_tsc arch_perfmon pebs bts rep_good nopl xtopology nonstop_tsc aperfmperf eagerfpu pni pclmulqdq dtes64 monitor ds_cpl vmx est tm2 ssse3 cx16 xtpr pdcm pcid sse4_1 sse4_2 x2apic popcnt tsc_deadline_timer aes xsave avx f16c rdrand lahf_lm ida arat epb xsaveopt pln pts dtherm tpr_shadow vnmi flexpriority ept vpid fsgsbase smep erms
bogomips	: 3392.21
clflush size	: 64
cache_alignment	: 64
address sizes	: 36 bits physical, 48 bits virtual
power management:

processor	: 3
vendor_id	: GenuineIntel
cpu family	: 6
model		: 58
model name	: Intel(R) Core(TM) i5-3317U CPU @ 1.70GHz
stepping	: 9
microcode	: 0x12
cpu MHz		: 1701.000
cache size	: 3072 KB
physical id	: 0
siblings	: 4
core id		: 1
cpu cores	: 2
apicid		: 3
initial apicid	: 3
fpu		: yes
fpu_exception	: yes
cpuid level	: 13
wp		: yes
flags		: fpu vme de pse tsc msr pae mce cx8 apic sep mtrr pge mca cmov pat pse36 clflush dts acpi mmx fxsr sse sse2 ss ht tm pbe syscall nx rdtscp lm constant_tsc arch_perfmon pebs bts rep_good nopl xtopology nonstop_tsc aperfmperf eagerfpu pni pclmulqdq dtes64 monitor ds_cpl vmx est tm2 ssse3 cx16 xtpr pdcm pcid sse4_1 sse4_2 x2apic popcnt tsc_deadline_timer aes xsave avx f16c rdrand lahf_lm ida arat epb xsaveopt pln pts dtherm tpr_shadow vnmi flexpriority ept vpid fsgsbase smep erms
bogomips	: 3392.21
clflush size	: 64
cache_alignment	: 64
address sizes	: 36 bits physical, 48 bits virtual
power management:



Memory: 4k page, physical 3884548k(105000k free), swap 2997244k(0k free)

vm_info: OpenJDK 64-Bit Server VM (24.51-b03) for linux-amd64 JRE (1.7.0_55-b14), built on Apr 17 2014 20:08:07 by "buildd" with gcc 4.8.2

time: Tue Sep 16 13:45:26 2014
elapsed time: 14 seconds

