#
# There is insufficient memory for the Java Runtime Environment to continue.
# Native memory allocation (malloc) failed to allocate 74448896 bytes for committing reserved memory.
# Possible reasons:
#   The system is out of physical RAM or swap space
#   In 32 bit mode, the process size limit was hit
# Possible solutions:
#   Reduce memory load on the system
#   Increase physical memory or swap space
#   Check if swap backing store is full
#   Use 64 bit Java on a 64 bit OS
#   Decrease Java heap size (-Xmx/-Xms)
#   Decrease number of Java threads
#   Decrease Java thread stack sizes (-Xss)
#   Set larger code cache with -XX:ReservedCodeCacheSize=
# This output file may be truncated or incomplete.
#
#  Out of Memory Error (os_linux.cpp:2769), pid=16242, tid=140488523450112
#
# JRE version: OpenJDK Runtime Environment (7.0_55-b14) (build 1.7.0_55-b14)
# Java VM: OpenJDK 64-Bit Server VM (24.51-b03 mixed mode linux-amd64 compressed oops)
# Failed to write core dump. Core dumps have been disabled. To enable core dumping, try "ulimit -c unlimited" before starting Java again
#

---------------  T H R E A D  ---------------

Current thread (0x00007fc604075800):  VMThread [stack: 0x00007fc608790000,0x00007fc608891000] [id=16265]

Stack: [0x00007fc608790000,0x00007fc608891000],  sp=0x00007fc60888f480,  free space=1021k
Native frames: (J=compiled Java code, j=interpreted, Vv=VM code, C=native code)
V  [libjvm.so+0x917b35]  VMError::report_and_die()+0x175
V  [libjvm.so+0x468144]  report_vm_out_of_memory(char const*, int, unsigned long, char const*)+0x74
V  [libjvm.so+0x79a81b]  os::pd_commit_memory(char*, unsigned long, unsigned long, bool)+0x20b
V  [libjvm.so+0x7950df]  os::commit_memory(char*, unsigned long, unsigned long, bool)+0x1f
V  [libjvm.so+0x8053cb]  PSVirtualSpace::expand_by(unsigned long)+0x5b
V  [libjvm.so+0x806220]  PSYoungGen::resize_generation(unsigned long, unsigned long)+0xb0
V  [libjvm.so+0x80690b]  PSYoungGen::resize(unsigned long, unsigned long)+0x1b
V  [libjvm.so+0x802bff]  PSScavenge::invoke_no_policy()+0xd6f
V  [libjvm.so+0x8033c8]  PSScavenge::invoke()+0x38
V  [libjvm.so+0x7b9b33]  ParallelScavengeHeap::failed_mem_allocate(unsigned long)+0x63
V  [libjvm.so+0x919544]  VM_ParallelGCFailedAllocation::doit()+0x84
V  [libjvm.so+0x91d9e7]  VM_Operation::evaluate()+0x47
V  [libjvm.so+0x91c3b8]  VMThread::evaluate_operation(VM_Operation*)+0x318
V  [libjvm.so+0x91c819]  VMThread::loop()+0x219
V  [libjvm.so+0x91cc62]  VMThread::run()+0x72
V  [libjvm.so+0x7974e2]  java_start(Thread*)+0xf2

VM_Operation (0x00007fc60d9a1c20): ParallelGCFailedAllocation, mode: safepoint, requested by thread 0x00007fc60400a000


---------------  P R O C E S S  ---------------

Java Threads: ( => current thread )
  0x00007fc6040a7000 JavaThread "Service Thread" daemon [_thread_blocked, id=16271, stack(0x00007fc60818a000,0x00007fc60828b000)]
  0x00007fc6040a5000 JavaThread "C2 CompilerThread1" daemon [_thread_blocked, id=16270, stack(0x00007fc60828b000,0x00007fc60838c000)]
  0x00007fc6040a2000 JavaThread "C2 CompilerThread0" daemon [_thread_blocked, id=16269, stack(0x00007fc60838c000,0x00007fc60848d000)]
  0x00007fc60409f800 JavaThread "Signal Dispatcher" daemon [_thread_blocked, id=16268, stack(0x00007fc60848d000,0x00007fc60858e000)]
  0x00007fc60407c000 JavaThread "Finalizer" daemon [_thread_blocked, id=16267, stack(0x00007fc60858e000,0x00007fc60868f000)]
  0x00007fc60407a000 JavaThread "Reference Handler" daemon [_thread_blocked, id=16266, stack(0x00007fc60868f000,0x00007fc608790000)]
  0x00007fc60400a000 JavaThread "main" [_thread_blocked, id=16260, stack(0x00007fc60d8a5000,0x00007fc60d9a6000)]

Other Threads:
=>0x00007fc604075800 VMThread [stack: 0x00007fc608790000,0x00007fc608891000] [id=16265]
  0x00007fc6040b1800 WatcherThread [stack: 0x00007fc608089000,0x00007fc60818a000] [id=16272]

VM state:at safepoint (normal execution)

VM Mutex/Monitor currently owned by a thread:  ([mutex/lock_event])
[0x00007fc6040065e0] Threads_lock - owner thread: 0x00007fc604075800
[0x00007fc604006ae0] Heap_lock - owner thread: 0x00007fc60400a000

Heap
 PSYoungGen      total 64000K, used 2528K [0x00000000ec300000, 0x00000000f0400000, 0x0000000100000000)
  eden space 61440K, 0% used [0x00000000ec300000,0x00000000ec300000,0x00000000eff00000)
  from space 2560K, 98% used [0x00000000eff00000,0x00000000f0178020,0x00000000f0180000)
  to   space 2560K, 0% used [0x00000000f0180000,0x00000000f0180000,0x00000000f0400000)
 ParOldGen       total 40448K, used 10355K [0x00000000c4a00000, 0x00000000c7180000, 0x00000000ec300000)
  object space 40448K, 25% used [0x00000000c4a00000,0x00000000c541cd10,0x00000000c7180000)
 PSPermGen       total 21504K, used 14119K [0x00000000ba400000, 0x00000000bb900000, 0x00000000c4a00000)
  object space 21504K, 65% used [0x00000000ba400000,0x00000000bb1c9ef8,0x00000000bb900000)

Card table byte_map: [0x00007fc60a2f7000,0x00007fc60a526000] byte_map_base: 0x00007fc609d25000

Polling page: 0x00007fc60d9c2000

Code Cache  [0x00007fc601000000, 0x00007fc601270000, 0x00007fc604000000)
 total_blobs=663 nmethods=393 adapters=223 free_code_cache=47694Kb largest_free_block=48799424

Compilation events (10 events):
Event: 7,390 Thread 0x00007fc6040a2000  397             java.util.Properties::load0 (250 bytes)
Event: 7,397 Thread 0x00007fc6040a5000  398             java.util.LinkedList::linkLast (59 bytes)
Event: 7,399 Thread 0x00007fc6040a5000 nmethod 398 0x00007fc60116ded0 code [0x00007fc60116e020, 0x00007fc60116e138]
Event: 7,401 Thread 0x00007fc6040a2000 nmethod 397 0x00007fc60116d4d0 code [0x00007fc60116d660, 0x00007fc60116dbe0]
Event: 7,445 Thread 0x00007fc6040a5000  399             java.util.Objects::hashCode (13 bytes)
Event: 7,446 Thread 0x00007fc6040a5000 nmethod 399 0x00007fc60116d210 code [0x00007fc60116d360, 0x00007fc60116d418]
Event: 7,476 Thread 0x00007fc6040a5000  400             java.lang.StringBuilder::<init> (6 bytes)
Event: 7,496 Thread 0x00007fc6040a2000  401             org.codehaus.plexus.interpolation.MapBasedValueSource::getValue (22 bytes)
Event: 7,511 Thread 0x00007fc6040a2000 nmethod 401 0x00007fc60116ce10 code [0x00007fc60116cf60, 0x00007fc60116d048]
Event: 7,511 Thread 0x00007fc6040a5000 nmethod 400 0x00007fc60116f550 code [0x00007fc60116f6a0, 0x00007fc60116f7b8]

GC Heap History (9 events):
Event: 1,629 GC heap before
{Heap before GC invocations=1 (full 0):
 PSYoungGen      total 17920K, used 15360K [0x00000000ec300000, 0x00000000ed700000, 0x0000000100000000)
  eden space 15360K, 100% used [0x00000000ec300000,0x00000000ed200000,0x00000000ed200000)
  from space 2560K, 0% used [0x00000000ed480000,0x00000000ed480000,0x00000000ed700000)
  to   space 2560K, 0% used [0x00000000ed200000,0x00000000ed200000,0x00000000ed480000)
 ParOldGen       total 40448K, used 0K [0x00000000c4a00000, 0x00000000c7180000, 0x00000000ec300000)
  object space 40448K, 0% used [0x00000000c4a00000,0x00000000c4a00000,0x00000000c7180000)
 PSPermGen       total 21504K, used 6957K [0x00000000ba400000, 0x00000000bb900000, 0x00000000c4a00000)
  object space 21504K, 32% used [0x00000000ba400000,0x00000000baacb6a8,0x00000000bb900000)
Event: 1,646 GC heap after
Heap after GC invocations=1 (full 0):
 PSYoungGen      total 17920K, used 2553K [0x00000000ec300000, 0x00000000ee600000, 0x0000000100000000)
  eden space 15360K, 0% used [0x00000000ec300000,0x00000000ec300000,0x00000000ed200000)
  from space 2560K, 99% used [0x00000000ed200000,0x00000000ed47e578,0x00000000ed480000)
  to   space 2560K, 0% used [0x00000000ee380000,0x00000000ee380000,0x00000000ee600000)
 ParOldGen       total 40448K, used 538K [0x00000000c4a00000, 0x00000000c7180000, 0x00000000ec300000)
  object space 40448K, 1% used [0x00000000c4a00000,0x00000000c4a86960,0x00000000c7180000)
 PSPermGen       total 21504K, used 6957K [0x00000000ba400000, 0x00000000bb900000, 0x00000000c4a00000)
  object space 21504K, 32% used [0x00000000ba400000,0x00000000baacb6a8,0x00000000bb900000)
}
Event: 2,324 GC heap before
{Heap before GC invocations=2 (full 0):
 PSYoungGen      total 17920K, used 17913K [0x00000000ec300000, 0x00000000ee600000, 0x0000000100000000)
  eden space 15360K, 100% used [0x00000000ec300000,0x00000000ed200000,0x00000000ed200000)
  from space 2560K, 99% used [0x00000000ed200000,0x00000000ed47e578,0x00000000ed480000)
  to   space 2560K, 0% used [0x00000000ee380000,0x00000000ee380000,0x00000000ee600000)
 ParOldGen       total 40448K, used 538K [0x00000000c4a00000, 0x00000000c7180000, 0x00000000ec300000)
  object space 40448K, 1% used [0x00000000c4a00000,0x00000000c4a86960,0x00000000c7180000)
 PSPermGen       total 21504K, used 7632K [0x00000000ba400000, 0x00000000bb900000, 0x00000000c4a00000)
  object space 21504K, 35% used [0x00000000ba400000,0x00000000bab74228,0x00000000bb900000)
Event: 2,343 GC heap after
Heap after GC invocations=2 (full 0):
 PSYoungGen      total 33280K, used 2271K [0x00000000ec300000, 0x00000000ee600000, 0x0000000100000000)
  eden space 30720K, 0% used [0x00000000ec300000,0x00000000ec300000,0x00000000ee100000)
  from space 2560K, 88% used [0x00000000ee380000,0x00000000ee5b7c88,0x00000000ee600000)
  to   space 2560K, 0% used [0x00000000ee100000,0x00000000ee100000,0x00000000ee380000)
 ParOldGen       total 40448K, used 546K [0x00000000c4a00000, 0x00000000c7180000, 0x00000000ec300000)
  object space 40448K, 1% used [0x00000000c4a00000,0x00000000c4a88960,0x00000000c7180000)
 PSPermGen       total 21504K, used 7632K [0x00000000ba400000, 0x00000000bb900000, 0x00000000c4a00000)
  object space 21504K, 35% used [0x00000000ba400000,0x00000000bab74228,0x00000000bb900000)
}
Event: 3,525 GC heap before
{Heap before GC invocations=3 (full 0):
 PSYoungGen      total 33280K, used 32991K [0x00000000ec300000, 0x00000000ee600000, 0x0000000100000000)
  eden space 30720K, 100% used [0x00000000ec300000,0x00000000ee100000,0x00000000ee100000)
  from space 2560K, 88% used [0x00000000ee380000,0x00000000ee5b7c88,0x00000000ee600000)
  to   space 2560K, 0% used [0x00000000ee100000,0x00000000ee100000,0x00000000ee380000)
 ParOldGen       total 40448K, used 546K [0x00000000c4a00000, 0x00000000c7180000, 0x00000000ec300000)
  object space 40448K, 1% used [0x00000000c4a00000,0x00000000c4a88960,0x00000000c7180000)
 PSPermGen       total 21504K, used 10793K [0x00000000ba400000, 0x00000000bb900000, 0x00000000c4a00000)
  object space 21504K, 50% used [0x00000000ba400000,0x00000000bae8a6f0,0x00000000bb900000)
Event: 3,545 GC heap after
Heap after GC invocations=3 (full 0):
 PSYoungGen      total 33280K, used 2528K [0x00000000ec300000, 0x00000000f0400000, 0x0000000100000000)
  eden space 30720K, 0% used [0x00000000ec300000,0x00000000ec300000,0x00000000ee100000)
  from space 2560K, 98% used [0x00000000ee100000,0x00000000ee378020,0x00000000ee380000)
  to   space 2560K, 0% used [0x00000000f0180000,0x00000000f0180000,0x00000000f0400000)
 ParOldGen       total 40448K, used 2715K [0x00000000c4a00000, 0x00000000c7180000, 0x00000000ec300000)
  object space 40448K, 6% used [0x00000000c4a00000,0x00000000c4ca6c70,0x00000000c7180000)
 PSPermGen       total 21504K, used 10793K [0x00000000ba400000, 0x00000000bb900000, 0x00000000c4a00000)
  object space 21504K, 50% used [0x00000000ba400000,0x00000000bae8a6f0,0x00000000bb900000)
}
Event: 5,318 GC heap before
{Heap before GC invocations=4 (full 0):
 PSYoungGen      total 33280K, used 33248K [0x00000000ec300000, 0x00000000f0400000, 0x0000000100000000)
  eden space 30720K, 100% used [0x00000000ec300000,0x00000000ee100000,0x00000000ee100000)
  from space 2560K, 98% used [0x00000000ee100000,0x00000000ee378020,0x00000000ee380000)
  to   space 2560K, 0% used [0x00000000f0180000,0x00000000f0180000,0x00000000f0400000)
 ParOldGen       total 40448K, used 2715K [0x00000000c4a00000, 0x00000000c7180000, 0x00000000ec300000)
  object space 40448K, 6% used [0x00000000c4a00000,0x00000000c4ca6c70,0x00000000c7180000)
 PSPermGen       total 21504K, used 13820K [0x00000000ba400000, 0x00000000bb900000, 0x00000000c4a00000)
  object space 21504K, 64% used [0x00000000ba400000,0x00000000bb17f370,0x00000000bb900000)
Event: 5,354 GC heap after
Heap after GC invocations=4 (full 0):
 PSYoungGen      total 64000K, used 2544K [0x00000000ec300000, 0x00000000f0400000, 0x0000000100000000)
  eden space 61440K, 0% used [0x00000000ec300000,0x00000000ec300000,0x00000000eff00000)
  from space 2560K, 99% used [0x00000000f0180000,0x00000000f03fc010,0x00000000f0400000)
  to   space 2560K, 0% used [0x00000000eff00000,0x00000000eff00000,0x00000000f0180000)
 ParOldGen       total 40448K, used 5730K [0x00000000c4a00000, 0x00000000c7180000, 0x00000000ec300000)
  object space 40448K, 14% used [0x00000000c4a00000,0x00000000c4f989b0,0x00000000c7180000)
 PSPermGen       total 21504K, used 13820K [0x00000000ba400000, 0x00000000bb900000, 0x00000000c4a00000)
  object space 21504K, 64% used [0x00000000ba400000,0x00000000bb17f370,0x00000000bb900000)
}
Event: 7,535 GC heap before
{Heap before GC invocations=5 (full 0):
 PSYoungGen      total 64000K, used 63984K [0x00000000ec300000, 0x00000000f0400000, 0x0000000100000000)
  eden space 61440K, 100% used [0x00000000ec300000,0x00000000eff00000,0x00000000eff00000)
  from space 2560K, 99% used [0x00000000f0180000,0x00000000f03fc010,0x00000000f0400000)
  to   space 2560K, 0% used [0x00000000eff00000,0x00000000eff00000,0x00000000f0180000)
 ParOldGen       total 40448K, used 5730K [0x00000000c4a00000, 0x00000000c7180000, 0x00000000ec300000)
  object space 40448K, 14% used [0x00000000c4a00000,0x00000000c4f989b0,0x00000000c7180000)
 PSPermGen       total 21504K, used 14119K [0x00000000ba400000, 0x00000000bb900000, 0x00000000c4a00000)
  object space 21504K, 65% used [0x00000000ba400000,0x00000000bb1c9ef8,0x00000000bb900000)

Deoptimization events (10 events):
Event: 5,119 Thread 0x00007fc60400a000 Uncommon trap: reason=null_check action=make_not_entrant pc=0x00007fc6010ead98 method=org.apache.maven.model.interpolation.StringSearchModelInterpolator$InterpolateObjectAction.interpolateCollectionField(Ljava/lang/Object;Ljava/lang/reflect/Field;)V @ 5
Event: 5,120 Thread 0x00007fc60400a000 Uncommon trap: reason=unreached action=reinterpret pc=0x00007fc6010c4ef4 method=java.util.concurrent.ConcurrentHashMap.get(Ljava/lang/Object;)Ljava/lang/Object; @ 89
Event: 5,512 Thread 0x00007fc60400a000 Uncommon trap: reason=unreached action=reinterpret pc=0x00007fc6010906bc method=java.util.HashMap.get(Ljava/lang/Object;)Ljava/lang/Object; @ 1
Event: 5,690 Thread 0x00007fc60400a000 Uncommon trap: reason=bimorphic action=maybe_recompile pc=0x00007fc60110013c method=java.util.concurrent.ConcurrentHashMap.get(Ljava/lang/Object;)Ljava/lang/Object; @ 117
Event: 5,691 Thread 0x00007fc60400a000 Uncommon trap: reason=bimorphic action=maybe_recompile pc=0x00007fc60110013c method=java.util.concurrent.ConcurrentHashMap.get(Ljava/lang/Object;)Ljava/lang/Object; @ 117
Event: 5,723 Thread 0x00007fc60400a000 Uncommon trap: reason=bimorphic action=maybe_recompile pc=0x00007fc60110013c method=java.util.concurrent.ConcurrentHashMap.get(Ljava/lang/Object;)Ljava/lang/Object; @ 117
Event: 5,723 Thread 0x00007fc60400a000 Uncommon trap: reason=bimorphic action=maybe_recompile pc=0x00007fc60110013c method=java.util.concurrent.ConcurrentHashMap.get(Ljava/lang/Object;)Ljava/lang/Object; @ 117
Event: 5,762 Thread 0x00007fc60400a000 Uncommon trap: reason=null_check action=make_not_entrant pc=0x00007fc601115bc0 method=org.apache.maven.model.io.xpp3.MavenXpp3Reader.checkFieldWithDuplicate(Lorg/codehaus/plexus/util/xml/pull/XmlPullParser;Ljava/lang/String;Ljava/lang/String;Ljava/util/Se
Event: 5,804 Thread 0x00007fc60400a000 Uncommon trap: reason=unreached action=reinterpret pc=0x00007fc6010a0ce0 method=java.util.HashMap.put(Ljava/lang/Object;Ljava/lang/Object;)Ljava/lang/Object; @ 19
Event: 5,999 Thread 0x00007fc60400a000 Uncommon trap: reason=class_check action=maybe_recompile pc=0x00007fc6010e894c method=java.lang.AbstractStringBuilder.append(Ljava/lang/CharSequence;II)Ljava/lang/AbstractStringBuilder; @ 18

Internal exceptions (10 events):
Event: 6,167 Thread 0x00007fc60400a000 Threw 0x00000000ed89cdb8 at /build/buildd/openjdk-7-7u55-2.4.7/build/openjdk/hotspot/src/share/vm/prims/jvm.cpp:1244
Event: 6,167 Thread 0x00007fc60400a000 Threw 0x00000000ed89d4f8 at /build/buildd/openjdk-7-7u55-2.4.7/build/openjdk/hotspot/src/share/vm/prims/jvm.cpp:1244
Event: 6,168 Thread 0x00007fc60400a000 Threw 0x00000000ed8a15f0 at /build/buildd/openjdk-7-7u55-2.4.7/build/openjdk/hotspot/src/share/vm/prims/jvm.cpp:1244
Event: 6,168 Thread 0x00007fc60400a000 Threw 0x00000000ed8a1d20 at /build/buildd/openjdk-7-7u55-2.4.7/build/openjdk/hotspot/src/share/vm/prims/jvm.cpp:1244
Event: 6,391 Thread 0x00007fc60400a000 Threw 0x00000000edc87ec8 at /build/buildd/openjdk-7-7u55-2.4.7/build/openjdk/hotspot/src/share/vm/prims/jvm.cpp:1244
Event: 6,391 Thread 0x00007fc60400a000 Threw 0x00000000edc885f8 at /build/buildd/openjdk-7-7u55-2.4.7/build/openjdk/hotspot/src/share/vm/prims/jvm.cpp:1244
Event: 6,432 Thread 0x00007fc60400a000 Threw 0x00000000edd4f378 at /build/buildd/openjdk-7-7u55-2.4.7/build/openjdk/hotspot/src/share/vm/prims/jvm.cpp:1244
Event: 6,432 Thread 0x00007fc60400a000 Threw 0x00000000edd4fa88 at /build/buildd/openjdk-7-7u55-2.4.7/build/openjdk/hotspot/src/share/vm/prims/jvm.cpp:1244
Event: 6,752 Thread 0x00007fc60400a000 Threw 0x00000000ee4b8040 at /build/buildd/openjdk-7-7u55-2.4.7/build/openjdk/hotspot/src/share/vm/prims/jvm.cpp:1244
Event: 6,752 Thread 0x00007fc60400a000 Threw 0x00000000ee4b8a10 at /build/buildd/openjdk-7-7u55-2.4.7/build/openjdk/hotspot/src/share/vm/prims/jvm.cpp:1244

Events (10 events):
Event: 6,519 Executing VM operation: Deoptimize done
Event: 6,752 loading class 0x00007fc60469aa90
Event: 6,752 loading class 0x00007fc60469aa90 done
Event: 6,921 Thread 0x00007fc6040a2000 flushing nmethod 0x00007fc6010b5850
Event: 6,921 Thread 0x00007fc6040a2000 flushing nmethod 0x00007fc6010b8710
Event: 7,298 loading class 0x00007fc609aebbb0
Event: 7,299 loading class 0x00007fc609aebbb0 done
Event: 7,444 loading class 0x00007fc609ae4730
Event: 7,445 loading class 0x00007fc609ae4730 done
Event: 7,535 Executing VM operation: ParallelGCFailedAllocation


Dynamic libraries:
00400000-00401000 r-xp 00000000 08:03 275061                             /usr/lib/jvm/java-7-openjdk-amd64/jre/bin/java
00600000-00601000 r--p 00000000 08:03 275061                             /usr/lib/jvm/java-7-openjdk-amd64/jre/bin/java
00601000-00602000 rw-p 00001000 08:03 275061                             /usr/lib/jvm/java-7-openjdk-amd64/jre/bin/java
0204a000-0206b000 rw-p 00000000 00:00 0                                  [heap]
ba400000-bb900000 rw-p 00000000 00:00 0 
bb900000-c4a00000 rw-p 00000000 00:00 0 
c4a00000-c7180000 rw-p 00000000 00:00 0 
c7180000-ec300000 rw-p 00000000 00:00 0 
ec300000-f0400000 rw-p 00000000 00:00 0 
f4b00000-100000000 rw-p 00000000 00:00 0 
7fc5c8000000-7fc5c8021000 rw-p 00000000 00:00 0 
7fc5c8021000-7fc5cc000000 ---p 00000000 00:00 0 
7fc5d0000000-7fc5d0f11000 rw-p 00000000 00:00 0 
7fc5d0f11000-7fc5d4000000 ---p 00000000 00:00 0 
7fc5d4000000-7fc5d4021000 rw-p 00000000 00:00 0 
7fc5d4021000-7fc5d8000000 ---p 00000000 00:00 0 
7fc5d8000000-7fc5d8021000 rw-p 00000000 00:00 0 
7fc5d8021000-7fc5dc000000 ---p 00000000 00:00 0 
7fc5dc000000-7fc5dc9bd000 rw-p 00000000 00:00 0 
7fc5dc9bd000-7fc5e0000000 ---p 00000000 00:00 0 
7fc5e0000000-7fc5e0021000 rw-p 00000000 00:00 0 
7fc5e0021000-7fc5e4000000 ---p 00000000 00:00 0 
7fc5e4000000-7fc5e4021000 rw-p 00000000 00:00 0 
7fc5e4021000-7fc5e8000000 ---p 00000000 00:00 0 
7fc5e8000000-7fc5e823d000 rw-p 00000000 00:00 0 
7fc5e823d000-7fc5ec000000 ---p 00000000 00:00 0 
7fc5ec000000-7fc5ec021000 rw-p 00000000 00:00 0 
7fc5ec021000-7fc5f0000000 ---p 00000000 00:00 0 
7fc5f0c1d000-7fc5f0c5a000 r-xp 00000000 08:03 923805                     /lib/x86_64-linux-gnu/libpcre.so.3.13.1
7fc5f0c5a000-7fc5f0e59000 ---p 0003d000 08:03 923805                     /lib/x86_64-linux-gnu/libpcre.so.3.13.1
7fc5f0e59000-7fc5f0e5a000 r--p 0003c000 08:03 923805                     /lib/x86_64-linux-gnu/libpcre.so.3.13.1
7fc5f0e5a000-7fc5f0e5b000 rw-p 0003d000 08:03 923805                     /lib/x86_64-linux-gnu/libpcre.so.3.13.1
7fc5f0e5b000-7fc5f0e62000 r-xp 00000000 08:03 273479                     /usr/lib/x86_64-linux-gnu/libffi.so.6.0.1
7fc5f0e62000-7fc5f1061000 ---p 00007000 08:03 273479                     /usr/lib/x86_64-linux-gnu/libffi.so.6.0.1
7fc5f1061000-7fc5f1062000 r--p 00006000 08:03 273479                     /usr/lib/x86_64-linux-gnu/libffi.so.6.0.1
7fc5f1062000-7fc5f1063000 rw-p 00007000 08:03 273479                     /usr/lib/x86_64-linux-gnu/libffi.so.6.0.1
7fc5f1063000-7fc5f107a000 r-xp 00000000 08:03 927541                     /lib/x86_64-linux-gnu/libresolv-2.19.so
7fc5f107a000-7fc5f127a000 ---p 00017000 08:03 927541                     /lib/x86_64-linux-gnu/libresolv-2.19.so
7fc5f127a000-7fc5f127b000 r--p 00017000 08:03 927541                     /lib/x86_64-linux-gnu/libresolv-2.19.so
7fc5f127b000-7fc5f127c000 rw-p 00018000 08:03 927541                     /lib/x86_64-linux-gnu/libresolv-2.19.so
7fc5f127c000-7fc5f127e000 rw-p 00000000 00:00 0 
7fc5f127e000-7fc5f129e000 r-xp 00000000 08:03 923551                     /lib/x86_64-linux-gnu/libselinux.so.1
7fc5f129e000-7fc5f149d000 ---p 00020000 08:03 923551                     /lib/x86_64-linux-gnu/libselinux.so.1
7fc5f149d000-7fc5f149e000 r--p 0001f000 08:03 923551                     /lib/x86_64-linux-gnu/libselinux.so.1
7fc5f149e000-7fc5f149f000 rw-p 00020000 08:03 923551                     /lib/x86_64-linux-gnu/libselinux.so.1
7fc5f149f000-7fc5f14a1000 rw-p 00000000 00:00 0 
7fc5f14a1000-7fc5f14a4000 r-xp 00000000 08:03 273596                     /usr/lib/x86_64-linux-gnu/libgmodule-2.0.so.0.4000.0
7fc5f14a4000-7fc5f16a3000 ---p 00003000 08:03 273596                     /usr/lib/x86_64-linux-gnu/libgmodule-2.0.so.0.4000.0
7fc5f16a3000-7fc5f16a4000 r--p 00002000 08:03 273596                     /usr/lib/x86_64-linux-gnu/libgmodule-2.0.so.0.4000.0
7fc5f16a4000-7fc5f16a5000 rw-p 00003000 08:03 273596                     /usr/lib/x86_64-linux-gnu/libgmodule-2.0.so.0.4000.0
7fc5f16a5000-7fc5f17ab000 r-xp 00000000 08:03 923733                     /lib/x86_64-linux-gnu/libglib-2.0.so.0.4000.0
7fc5f17ab000-7fc5f19aa000 ---p 00106000 08:03 923733                     /lib/x86_64-linux-gnu/libglib-2.0.so.0.4000.0
7fc5f19aa000-7fc5f19ab000 r--p 00105000 08:03 923733                     /lib/x86_64-linux-gnu/libglib-2.0.so.0.4000.0
7fc5f19ab000-7fc5f19ac000 rw-p 00106000 08:03 923733                     /lib/x86_64-linux-gnu/libglib-2.0.so.0.4000.0
7fc5f19ac000-7fc5f19ad000 rw-p 00000000 00:00 0 
7fc5f19ad000-7fc5f1b18000 r-xp 00000000 08:03 273582                     /usr/lib/x86_64-linux-gnu/libgio-2.0.so.0.4000.0
7fc5f1b18000-7fc5f1d18000 ---p 0016b000 08:03 273582                     /usr/lib/x86_64-linux-gnu/libgio-2.0.so.0.4000.0
7fc5f1d18000-7fc5f1d1c000 r--p 0016b000 08:03 273582                     /usr/lib/x86_64-linux-gnu/libgio-2.0.so.0.4000.0
7fc5f1d1c000-7fc5f1d1e000 rw-p 0016f000 08:03 273582                     /usr/lib/x86_64-linux-gnu/libgio-2.0.so.0.4000.0
7fc5f1d1e000-7fc5f4000000 rw-p 00000000 00:00 0 
7fc5f4000000-7fc5f4021000 rw-p 00000000 00:00 0 
7fc5f4021000-7fc5f8000000 ---p 00000000 00:00 0 
7fc5f8000000-7fc5f8021000 rw-p 00000000 00:00 0 
7fc5f8021000-7fc5fc000000 ---p 00000000 00:00 0 
7fc5fc000000-7fc5fc021000 rw-p 00000000 00:00 0 
7fc5fc021000-7fc600000000 ---p 00000000 00:00 0 
7fc6000c7000-7fc6000f8000 rw-p 00000000 00:00 0 
7fc6000f8000-7fc600147000 r-xp 00000000 08:03 273612                     /usr/lib/x86_64-linux-gnu/libgobject-2.0.so.0.4000.0
7fc600147000-7fc600347000 ---p 0004f000 08:03 273612                     /usr/lib/x86_64-linux-gnu/libgobject-2.0.so.0.4000.0
7fc600347000-7fc600348000 r--p 0004f000 08:03 273612                     /usr/lib/x86_64-linux-gnu/libgobject-2.0.so.0.4000.0
7fc600348000-7fc600349000 rw-p 00050000 08:03 273612                     /usr/lib/x86_64-linux-gnu/libgobject-2.0.so.0.4000.0
7fc60035a000-7fc60035f000 r--s 0004c000 08:03 275099                     /usr/lib/jvm/java-7-openjdk-amd64/jre/lib/jsse.jar
7fc60035f000-7fc600361000 r--s 00005000 08:03 544984                     /usr/share/java/maven3-repository-metadata-3.0.5.jar
7fc600361000-7fc600377000 r-xp 00000000 08:03 275130                     /usr/lib/jvm/java-7-openjdk-amd64/jre/lib/amd64/libnet.so
7fc600377000-7fc600577000 ---p 00016000 08:03 275130                     /usr/lib/jvm/java-7-openjdk-amd64/jre/lib/amd64/libnet.so
7fc600577000-7fc600578000 r--p 00016000 08:03 275130                     /usr/lib/jvm/java-7-openjdk-amd64/jre/lib/amd64/libnet.so
7fc600578000-7fc600579000 rw-p 00017000 08:03 275130                     /usr/lib/jvm/java-7-openjdk-amd64/jre/lib/amd64/libnet.so
7fc600579000-7fc600589000 r-xp 00000000 08:03 275139                     /usr/lib/jvm/java-7-openjdk-amd64/jre/lib/amd64/libnio.so
7fc600589000-7fc600789000 ---p 00010000 08:03 275139                     /usr/lib/jvm/java-7-openjdk-amd64/jre/lib/amd64/libnio.so
7fc600789000-7fc60078a000 r--p 00010000 08:03 275139                     /usr/lib/jvm/java-7-openjdk-amd64/jre/lib/amd64/libnio.so
7fc60078a000-7fc60078b000 rw-p 00011000 08:03 275139                     /usr/lib/jvm/java-7-openjdk-amd64/jre/lib/amd64/libnio.so
7fc60078b000-7fc60078e000 r--s 00013000 08:03 1079748                    /usr/share/maven-repo/org/sonatype/aether/aether-api/1.13.1/aether-api-1.13.1.jar
7fc60078e000-7fc6007aa000 r--s 00110000 08:03 544959                     /usr/share/java/wagon-http-shaded-2.x.jar
7fc6007aa000-7fc6007ac000 r--s 0000a000 08:03 544985                     /usr/share/java/maven3-artifact-3.0.5.jar
7fc6007ac000-7fc6007ae000 r--s 00007000 08:03 544524                     /usr/share/java/commons-cli-1.2.jar
7fc6007ae000-7fc601000000 r--p 00000000 08:03 270875                     /usr/lib/locale/locale-archive
7fc601000000-7fc601270000 rwxp 00000000 00:00 0 
7fc601270000-7fc604788000 rw-p 00000000 00:00 0 
7fc604788000-7fc608000000 ---p 00000000 00:00 0 
7fc608000000-7fc608001000 rw-p 00000000 00:00 0 
7fc608001000-7fc608005000 r--s 0001c000 08:03 804553                     /usr/share/maven-repo/org/sonatype/aether/aether-util/1.13.1/aether-util-1.13.1.jar
7fc608005000-7fc608007000 r--s 00025000 08:03 544980                     /usr/share/java/maven3-model-3.0.5.jar
7fc608007000-7fc608013000 r--s 00082000 08:03 544837                     /usr/share/java/sisu-guice.jar
7fc608013000-7fc608015000 r--s 0000b000 08:03 544979                     /usr/share/java/maven3-aether-provider-3.0.5.jar
7fc608015000-7fc608017000 r--s 00009000 08:03 544983                     /usr/share/java/maven3-settings-3.0.5.jar
7fc608017000-7fc60801d000 r--s 00046000 08:03 544668                     /usr/share/java/commons-httpclient-3.1.jar
7fc60801d000-7fc608029000 r--s 0007c000 08:03 544981                     /usr/share/java/maven3-core-3.0.5.jar
7fc608029000-7fc60802b000 r--s 00007000 08:03 544986                     /usr/share/java/maven3-settings-builder-3.0.5.jar
7fc60802b000-7fc60802f000 r--s 00033000 08:03 544819                     /usr/share/java/plexus-utils2-2.0.5.jar
7fc60802f000-7fc608035000 r--s 0002c000 08:03 544842                     /usr/share/java/sisu-inject-plexus.jar
7fc608035000-7fc608036000 r--s 00001000 08:03 544952                     /usr/share/java/wagon-file-2.x.jar
7fc608036000-7fc60805f000 r--s 001e9000 08:03 544533                     /usr/share/java/guava.jar
7fc60805f000-7fc608060000 r--s 00006000 08:03 544666                     /usr/share/java/plexus-sec-dispatcher.jar
7fc608060000-7fc608062000 r--s 0000a000 08:03 544951                     /usr/share/java/wagon-provider-api-2.x.jar
7fc608062000-7fc608064000 r--s 00000000 08:03 544826                     /usr/share/java/plexus-component-annotations-1.5-1.5.5.jar
7fc608064000-7fc608065000 r--s 0000d000 08:03 543668                     /usr/share/java/commons-logging-1.1.3.jar
7fc608065000-7fc60806b000 r--s 0003e000 08:03 544987                     /usr/share/java/maven3-compat-3.0.5.jar
7fc60806b000-7fc60806c000 r--s 00003000 08:03 923393                     /usr/share/maven-repo/org/sonatype/aether/aether-spi/1.13.1/aether-spi-1.13.1.jar
7fc60806c000-7fc60806e000 r--s 0000e000 08:03 544561                     /usr/share/java/plexus-interpolation.jar
7fc60806e000-7fc608071000 r--s 0001d000 08:03 1080348                    /usr/share/maven-repo/org/sonatype/aether/aether-impl/1.13.1/aether-impl-1.13.1.jar
7fc608071000-7fc608078000 r--s 0003b000 08:03 544549                     /usr/share/java/commons-codec-1.9.jar
7fc608078000-7fc60807a000 r--s 00008000 08:03 544982                     /usr/share/java/maven3-embedder-3.0.5.jar
7fc60807a000-7fc60807c000 r--s 00006000 08:03 1080360                    /usr/share/maven-repo/org/sonatype/aether/aether-connector-wagon/1.13.1/aether-connector-wagon-1.13.1.jar
7fc60807c000-7fc60807e000 r--s 00002000 08:03 544664                     /usr/share/java/plexus-cipher.jar
7fc60807e000-7fc608085000 r--s 00040000 08:03 544847                     /usr/share/java/sisu-inject-bean.jar
7fc608085000-7fc608089000 r--s 00020000 08:03 544989                     /usr/share/java/maven3-model-builder-3.0.5.jar
7fc608089000-7fc60808a000 ---p 00000000 00:00 0 
7fc60808a000-7fc60818a000 rw-p 00000000 00:00 0                          [stack:16272]
7fc60818a000-7fc60818d000 ---p 00000000 00:00 0 
7fc60818d000-7fc60828b000 rw-p 00000000 00:00 0                          [stack:16271]
7fc60828b000-7fc60828e000 ---p 00000000 00:00 0 
7fc60828e000-7fc60838c000 rw-p 00000000 00:00 0                          [stack:16270]
7fc60838c000-7fc60838f000 ---p 00000000 00:00 0 
7fc60838f000-7fc60848d000 rw-p 00000000 00:00 0                          [stack:16269]
7fc60848d000-7fc608490000 ---p 00000000 00:00 0 
7fc608490000-7fc60858e000 rw-p 00000000 00:00 0                          [stack:16268]
7fc60858e000-7fc608591000 ---p 00000000 00:00 0 
7fc608591000-7fc60868f000 rw-p 00000000 00:00 0                          [stack:16267]
7fc60868f000-7fc608692000 ---p 00000000 00:00 0 
7fc608692000-7fc608790000 rw-p 00000000 00:00 0                          [stack:16266]
7fc608790000-7fc608791000 ---p 00000000 00:00 0 
7fc608791000-7fc60988e000 rw-p 00000000 00:00 0                          [stack:16265]
7fc60988e000-7fc609a3c000 r--s 01cfc000 08:03 275069                     /usr/lib/jvm/java-7-openjdk-amd64/jre/lib/rt.jar
7fc609a3c000-7fc609d63000 rw-p 00000000 00:00 0 
7fc609d63000-7fc609d64000 ---p 00000000 00:00 0 
7fc609d64000-7fc609e64000 rw-p 00000000 00:00 0                          [stack:16264]
7fc609e64000-7fc609e65000 ---p 00000000 00:00 0 
7fc609e65000-7fc609f65000 rw-p 00000000 00:00 0                          [stack:16263]
7fc609f65000-7fc609f66000 ---p 00000000 00:00 0 
7fc609f66000-7fc60a066000 rw-p 00000000 00:00 0                          [stack:16262]
7fc60a066000-7fc60a067000 ---p 00000000 00:00 0 
7fc60a067000-7fc60a172000 rw-p 00000000 00:00 0                          [stack:16261]
7fc60a172000-7fc60a1ba000 rw-p 00000000 00:00 0 
7fc60a1ba000-7fc60a1ce000 rw-p 00000000 00:00 0 
7fc60a1ce000-7fc60a2f7000 rw-p 00000000 00:00 0 
7fc60a2f7000-7fc60a302000 rw-p 00000000 00:00 0 
7fc60a302000-7fc60a34a000 rw-p 00000000 00:00 0 
7fc60a34a000-7fc60a35e000 rw-p 00000000 00:00 0 
7fc60a35e000-7fc60a486000 rw-p 00000000 00:00 0 
7fc60a486000-7fc60a4a7000 rw-p 00000000 00:00 0 
7fc60a4a7000-7fc60a525000 rw-p 00000000 00:00 0 
7fc60a525000-7fc60a526000 rw-p 00000000 00:00 0 
7fc60a526000-7fc60a52e000 r-xp 00000000 08:03 275125                     /usr/lib/jvm/java-7-openjdk-amd64/jre/lib/amd64/libzip.so
7fc60a52e000-7fc60a72d000 ---p 00008000 08:03 275125                     /usr/lib/jvm/java-7-openjdk-amd64/jre/lib/amd64/libzip.so
7fc60a72d000-7fc60a72e000 r--p 00007000 08:03 275125                     /usr/lib/jvm/java-7-openjdk-amd64/jre/lib/amd64/libzip.so
7fc60a72e000-7fc60a72f000 rw-p 00008000 08:03 275125                     /usr/lib/jvm/java-7-openjdk-amd64/jre/lib/amd64/libzip.so
7fc60a72f000-7fc60a73a000 r-xp 00000000 08:03 927561                     /lib/x86_64-linux-gnu/libnss_files-2.19.so
7fc60a73a000-7fc60a939000 ---p 0000b000 08:03 927561                     /lib/x86_64-linux-gnu/libnss_files-2.19.so
7fc60a939000-7fc60a93a000 r--p 0000a000 08:03 927561                     /lib/x86_64-linux-gnu/libnss_files-2.19.so
7fc60a93a000-7fc60a93b000 rw-p 0000b000 08:03 927561                     /lib/x86_64-linux-gnu/libnss_files-2.19.so
7fc60a93b000-7fc60a946000 r-xp 00000000 08:03 927535                     /lib/x86_64-linux-gnu/libnss_nis-2.19.so
7fc60a946000-7fc60ab45000 ---p 0000b000 08:03 927535                     /lib/x86_64-linux-gnu/libnss_nis-2.19.so
7fc60ab45000-7fc60ab46000 r--p 0000a000 08:03 927535                     /lib/x86_64-linux-gnu/libnss_nis-2.19.so
7fc60ab46000-7fc60ab47000 rw-p 0000b000 08:03 927535                     /lib/x86_64-linux-gnu/libnss_nis-2.19.so
7fc60ab47000-7fc60ab5e000 r-xp 00000000 08:03 927563                     /lib/x86_64-linux-gnu/libnsl-2.19.so
7fc60ab5e000-7fc60ad5d000 ---p 00017000 08:03 927563                     /lib/x86_64-linux-gnu/libnsl-2.19.so
7fc60ad5d000-7fc60ad5e000 r--p 00016000 08:03 927563                     /lib/x86_64-linux-gnu/libnsl-2.19.so
7fc60ad5e000-7fc60ad5f000 rw-p 00017000 08:03 927563                     /lib/x86_64-linux-gnu/libnsl-2.19.so
7fc60ad5f000-7fc60ad61000 rw-p 00000000 00:00 0 
7fc60ad61000-7fc60ad6a000 r-xp 00000000 08:03 927556                     /lib/x86_64-linux-gnu/libnss_compat-2.19.so
7fc60ad6a000-7fc60af69000 ---p 00009000 08:03 927556                     /lib/x86_64-linux-gnu/libnss_compat-2.19.so
7fc60af69000-7fc60af6a000 r--p 00008000 08:03 927556                     /lib/x86_64-linux-gnu/libnss_compat-2.19.so
7fc60af6a000-7fc60af6b000 rw-p 00009000 08:03 927556                     /lib/x86_64-linux-gnu/libnss_compat-2.19.so
7fc60af6b000-7fc60af96000 r-xp 00000000 08:03 275121                     /usr/lib/jvm/java-7-openjdk-amd64/jre/lib/amd64/libjava.so
7fc60af96000-7fc60b195000 ---p 0002b000 08:03 275121                     /usr/lib/jvm/java-7-openjdk-amd64/jre/lib/amd64/libjava.so
7fc60b195000-7fc60b196000 r--p 0002a000 08:03 275121                     /usr/lib/jvm/java-7-openjdk-amd64/jre/lib/amd64/libjava.so
7fc60b196000-7fc60b198000 rw-p 0002b000 08:03 275121                     /usr/lib/jvm/java-7-openjdk-amd64/jre/lib/amd64/libjava.so
7fc60b198000-7fc60b1a8000 r-xp 00000000 08:03 275154                     /usr/lib/jvm/java-7-openjdk-amd64/jre/lib/amd64/libverify.so
7fc60b1a8000-7fc60b3a7000 ---p 00010000 08:03 275154                     /usr/lib/jvm/java-7-openjdk-amd64/jre/lib/amd64/libverify.so
7fc60b3a7000-7fc60b3a9000 r--p 0000f000 08:03 275154                     /usr/lib/jvm/java-7-openjdk-amd64/jre/lib/amd64/libverify.so
7fc60b3a9000-7fc60b3aa000 rw-p 00011000 08:03 275154                     /usr/lib/jvm/java-7-openjdk-amd64/jre/lib/amd64/libverify.so
7fc60b3aa000-7fc60b3b1000 r-xp 00000000 08:03 927559                     /lib/x86_64-linux-gnu/librt-2.19.so
7fc60b3b1000-7fc60b5b0000 ---p 00007000 08:03 927559                     /lib/x86_64-linux-gnu/librt-2.19.so
7fc60b5b0000-7fc60b5b1000 r--p 00006000 08:03 927559                     /lib/x86_64-linux-gnu/librt-2.19.so
7fc60b5b1000-7fc60b5b2000 rw-p 00007000 08:03 927559                     /lib/x86_64-linux-gnu/librt-2.19.so
7fc60b5b2000-7fc60b5c8000 r-xp 00000000 08:03 923729                     /lib/x86_64-linux-gnu/libgcc_s.so.1
7fc60b5c8000-7fc60b7c7000 ---p 00016000 08:03 923729                     /lib/x86_64-linux-gnu/libgcc_s.so.1
7fc60b7c7000-7fc60b7c8000 rw-p 00015000 08:03 923729                     /lib/x86_64-linux-gnu/libgcc_s.so.1
7fc60b7c8000-7fc60b8cd000 r-xp 00000000 08:03 927560                     /lib/x86_64-linux-gnu/libm-2.19.so
7fc60b8cd000-7fc60bacc000 ---p 00105000 08:03 927560                     /lib/x86_64-linux-gnu/libm-2.19.so
7fc60bacc000-7fc60bacd000 r--p 00104000 08:03 927560                     /lib/x86_64-linux-gnu/libm-2.19.so
7fc60bacd000-7fc60bace000 rw-p 00105000 08:03 927560                     /lib/x86_64-linux-gnu/libm-2.19.so
7fc60bace000-7fc60bbb4000 r-xp 00000000 08:03 274107                     /usr/lib/x86_64-linux-gnu/libstdc++.so.6.0.19
7fc60bbb4000-7fc60bdb3000 ---p 000e6000 08:03 274107                     /usr/lib/x86_64-linux-gnu/libstdc++.so.6.0.19
7fc60bdb3000-7fc60bdbb000 r--p 000e5000 08:03 274107                     /usr/lib/x86_64-linux-gnu/libstdc++.so.6.0.19
7fc60bdbb000-7fc60bdbd000 rw-p 000ed000 08:03 274107                     /usr/lib/x86_64-linux-gnu/libstdc++.so.6.0.19
7fc60bdbd000-7fc60bdd2000 rw-p 00000000 00:00 0 
7fc60bdd2000-7fc60c8b3000 r-xp 00000000 08:03 275136                     /usr/lib/jvm/java-7-openjdk-amd64/jre/lib/amd64/server/libjvm.so
7fc60c8b3000-7fc60cab2000 ---p 00ae1000 08:03 275136                     /usr/lib/jvm/java-7-openjdk-amd64/jre/lib/amd64/server/libjvm.so
7fc60cab2000-7fc60cb44000 r--p 00ae0000 08:03 275136                     /usr/lib/jvm/java-7-openjdk-amd64/jre/lib/amd64/server/libjvm.so
7fc60cb44000-7fc60cb67000 rw-p 00b72000 08:03 275136                     /usr/lib/jvm/java-7-openjdk-amd64/jre/lib/amd64/server/libjvm.so
7fc60cb67000-7fc60cb94000 rw-p 00000000 00:00 0 
7fc60cb94000-7fc60cbac000 r-xp 00000000 08:03 923865                     /lib/x86_64-linux-gnu/libz.so.1.2.8
7fc60cbac000-7fc60cdab000 ---p 00018000 08:03 923865                     /lib/x86_64-linux-gnu/libz.so.1.2.8
7fc60cdab000-7fc60cdac000 r--p 00017000 08:03 923865                     /lib/x86_64-linux-gnu/libz.so.1.2.8
7fc60cdac000-7fc60cdad000 rw-p 00018000 08:03 923865                     /lib/x86_64-linux-gnu/libz.so.1.2.8
7fc60cdad000-7fc60cdc6000 r-xp 00000000 08:03 927566                     /lib/x86_64-linux-gnu/libpthread-2.19.so
7fc60cdc6000-7fc60cfc5000 ---p 00019000 08:03 927566                     /lib/x86_64-linux-gnu/libpthread-2.19.so
7fc60cfc5000-7fc60cfc6000 r--p 00018000 08:03 927566                     /lib/x86_64-linux-gnu/libpthread-2.19.so
7fc60cfc6000-7fc60cfc7000 rw-p 00019000 08:03 927566                     /lib/x86_64-linux-gnu/libpthread-2.19.so
7fc60cfc7000-7fc60cfcb000 rw-p 00000000 00:00 0 
7fc60cfcb000-7fc60cfce000 r-xp 00000000 08:03 927551                     /lib/x86_64-linux-gnu/libdl-2.19.so
7fc60cfce000-7fc60d1cd000 ---p 00003000 08:03 927551                     /lib/x86_64-linux-gnu/libdl-2.19.so
7fc60d1cd000-7fc60d1ce000 r--p 00002000 08:03 927551                     /lib/x86_64-linux-gnu/libdl-2.19.so
7fc60d1ce000-7fc60d1cf000 rw-p 00003000 08:03 927551                     /lib/x86_64-linux-gnu/libdl-2.19.so
7fc60d1cf000-7fc60d38b000 r-xp 00000000 08:03 927564                     /lib/x86_64-linux-gnu/libc-2.19.so
7fc60d38b000-7fc60d58a000 ---p 001bc000 08:03 927564                     /lib/x86_64-linux-gnu/libc-2.19.so
7fc60d58a000-7fc60d58e000 r--p 001bb000 08:03 927564                     /lib/x86_64-linux-gnu/libc-2.19.so
7fc60d58e000-7fc60d590000 rw-p 001bf000 08:03 927564                     /lib/x86_64-linux-gnu/libc-2.19.so
7fc60d590000-7fc60d595000 rw-p 00000000 00:00 0 
7fc60d595000-7fc60d5a2000 r-xp 00000000 08:03 275147                     /usr/lib/jvm/java-7-openjdk-amd64/jre/lib/amd64/jli/libjli.so
7fc60d5a2000-7fc60d7a1000 ---p 0000d000 08:03 275147                     /usr/lib/jvm/java-7-openjdk-amd64/jre/lib/amd64/jli/libjli.so
7fc60d7a1000-7fc60d7a2000 r--p 0000c000 08:03 275147                     /usr/lib/jvm/java-7-openjdk-amd64/jre/lib/amd64/jli/libjli.so
7fc60d7a2000-7fc60d7a3000 rw-p 0000d000 08:03 275147                     /usr/lib/jvm/java-7-openjdk-amd64/jre/lib/amd64/jli/libjli.so
7fc60d7a3000-7fc60d7c6000 r-xp 00000000 08:03 927549                     /lib/x86_64-linux-gnu/ld-2.19.so
7fc60d7c6000-7fc60d7c8000 r--s 00009000 08:03 544988                     /usr/share/java/maven3-plugin-api-3.0.5.jar
7fc60d7c8000-7fc60d7ca000 r--s 0000a000 08:03 544504                     /usr/share/java/plexus-classworlds2-2.5.1.jar
7fc60d7ca000-7fc60d7ce000 r--s 0003b000 08:03 275077                     /usr/lib/jvm/java-7-openjdk-amd64/jre/lib/ext/sunpkcs11.jar
7fc60d7ce000-7fc60d7cf000 r--s 00002000 08:03 275078                     /usr/lib/jvm/java-7-openjdk-amd64/jre/lib/ext/dnsns.jar
7fc60d7cf000-7fc60d7ef000 rw-p 00000000 00:00 0 
7fc60d7ef000-7fc60d8a5000 rw-p 00000000 00:00 0 
7fc60d8a5000-7fc60d8a8000 ---p 00000000 00:00 0 
7fc60d8a8000-7fc60d9ab000 rw-p 00000000 00:00 0                          [stack:16260]
7fc60d9ab000-7fc60d9ae000 r--s 00032000 08:03 275075                     /usr/lib/jvm/java-7-openjdk-amd64/jre/lib/ext/sunjce_provider.jar
7fc60d9ae000-7fc60d9b0000 r--s 00006000 08:03 541875                     /usr/share/java/java-atk-wrapper.jar
7fc60d9b0000-7fc60d9b2000 r--s 00012000 08:03 275074                     /usr/lib/jvm/java-7-openjdk-amd64/jre/lib/ext/zipfs.jar
7fc60d9b2000-7fc60d9b6000 r--s 00085000 08:03 275076                     /usr/lib/jvm/java-7-openjdk-amd64/jre/lib/ext/localedata.jar
7fc60d9b6000-7fc60d9b9000 r--s 0000f000 08:03 275073                     /usr/lib/jvm/java-7-openjdk-amd64/jre/lib/ext/pulse-java.jar
7fc60d9b9000-7fc60d9c1000 rw-s 00000000 08:03 927389                     /tmp/hsperfdata_vju/16242
7fc60d9c1000-7fc60d9c2000 rw-p 00000000 00:00 0 
7fc60d9c2000-7fc60d9c3000 ---p 00000000 00:00 0 
7fc60d9c3000-7fc60d9c5000 rw-p 00000000 00:00 0 
7fc60d9c5000-7fc60d9c6000 r--p 00022000 08:03 927549                     /lib/x86_64-linux-gnu/ld-2.19.so
7fc60d9c6000-7fc60d9c7000 rw-p 00023000 08:03 927549                     /lib/x86_64-linux-gnu/ld-2.19.so
7fc60d9c7000-7fc60d9c8000 rw-p 00000000 00:00 0 
7fff10c10000-7fff10c31000 rw-p 00000000 00:00 0                          [stack]
7fff10dec000-7fff10dee000 r-xp 00000000 00:00 0                          [vdso]
ffffffffff600000-ffffffffff601000 r-xp 00000000 00:00 0                  [vsyscall]

VM Arguments:
jvm_args: -Dclassworlds.conf=/usr/share/maven/bin/m2.conf -Dmaven.home=/usr/share/maven 
java_command: org.codehaus.plexus.classworlds.launcher.Launcher wildfly:deploy
Launcher Type: SUN_STANDARD

Environment Variables:
JAVA_HOME=/usr/lib/jvm/java-7-openjdk-amd64
PATH=/usr/local/sbin:/usr/local/bin:/usr/sbin:/usr/bin:/sbin:/bin:/usr/games:/usr/local/games
SHELL=/bin/bash
DISPLAY=:0

Signal Handlers:
SIGSEGV: [libjvm.so+0x918620], sa_mask[0]=0x7ffbfeff, sa_flags=0x10000004
SIGBUS: [libjvm.so+0x918620], sa_mask[0]=0x7ffbfeff, sa_flags=0x10000004
SIGFPE: [libjvm.so+0x795e30], sa_mask[0]=0x7ffbfeff, sa_flags=0x10000004
SIGPIPE: [libjvm.so+0x795e30], sa_mask[0]=0x7ffbfeff, sa_flags=0x10000004
SIGXFSZ: [libjvm.so+0x795e30], sa_mask[0]=0x7ffbfeff, sa_flags=0x10000004
SIGILL: [libjvm.so+0x795e30], sa_mask[0]=0x7ffbfeff, sa_flags=0x10000004
SIGUSR1: SIG_DFL, sa_mask[0]=0x00000000, sa_flags=0x00000000
SIGUSR2: [libjvm.so+0x795cd0], sa_mask[0]=0x00000000, sa_flags=0x10000004
SIGHUP: [libjvm.so+0x795eb0], sa_mask[0]=0x7ffbfeff, sa_flags=0x10000004
SIGINT: [libjvm.so+0x795eb0], sa_mask[0]=0x7ffbfeff, sa_flags=0x10000004
SIGTERM: [libjvm.so+0x795eb0], sa_mask[0]=0x7ffbfeff, sa_flags=0x10000004
SIGQUIT: [libjvm.so+0x795eb0], sa_mask[0]=0x7ffbfeff, sa_flags=0x10000004


---------------  S Y S T E M  ---------------

OS:Ubuntu 14.04 (trusty)
uname:Linux 3.13.0-34-generic #60-Ubuntu SMP Wed Aug 13 15:45:27 UTC 2014 x86_64
libc:glibc 2.19 NPTL 2.19 
rlimit: STACK 8192k, CORE 0k, NPROC 30179, NOFILE 4096, AS infinity
load average:5,08 2,68 2,01

/proc/meminfo:
MemTotal:        3884548 kB
MemFree:          103028 kB
Buffers:             292 kB
Cached:           335888 kB
SwapCached:        47468 kB
Active:          2606656 kB
Inactive:         882280 kB
Active(anon):    2606328 kB
Inactive(anon):   869212 kB
Active(file):        328 kB
Inactive(file):    13068 kB
Unevictable:          16 kB
Mlocked:              16 kB
SwapTotal:       2997244 kB
SwapFree:              0 kB
Dirty:                 0 kB
Writeback:           104 kB
AnonPages:       3106980 kB
Mapped:            49008 kB
Shmem:            322472 kB
Slab:              83504 kB
SReclaimable:      32732 kB
SUnreclaim:        50772 kB
KernelStack:        9216 kB
PageTables:        87212 kB
NFS_Unstable:          0 kB
Bounce:                0 kB
WritebackTmp:          0 kB
CommitLimit:     4939516 kB
Committed_AS:   14389376 kB
VmallocTotal:   34359738367 kB
VmallocUsed:      600016 kB
VmallocChunk:   34359077000 kB
HardwareCorrupted:     0 kB
AnonHugePages:   1007616 kB
HugePages_Total:       0
HugePages_Free:        0
HugePages_Rsvd:        0
HugePages_Surp:        0
Hugepagesize:       2048 kB
DirectMap4k:       80636 kB
DirectMap2M:     3948544 kB


CPU:total 4 (2 cores per cpu, 2 threads per core) family 6 model 58 stepping 9, cmov, cx8, fxsr, mmx, sse, sse2, sse3, ssse3, sse4.1, sse4.2, popcnt, avx, aes, erms, ht, tsc, tscinvbit, tscinv

/proc/cpuinfo:
processor	: 0
vendor_id	: GenuineIntel
cpu family	: 6
model		: 58
model name	: Intel(R) Core(TM) i5-3317U CPU @ 1.70GHz
stepping	: 9
microcode	: 0x12
cpu MHz		: 1300.000
cache size	: 3072 KB
physical id	: 0
siblings	: 4
core id		: 0
cpu cores	: 2
apicid		: 0
initial apicid	: 0
fpu		: yes
fpu_exception	: yes
cpuid level	: 13
wp		: yes
flags		: fpu vme de pse tsc msr pae mce cx8 apic sep mtrr pge mca cmov pat pse36 clflush dts acpi mmx fxsr sse sse2 ss ht tm pbe syscall nx rdtscp lm constant_tsc arch_perfmon pebs bts rep_good nopl xtopology nonstop_tsc aperfmperf eagerfpu pni pclmulqdq dtes64 monitor ds_cpl vmx est tm2 ssse3 cx16 xtpr pdcm pcid sse4_1 sse4_2 x2apic popcnt tsc_deadline_timer aes xsave avx f16c rdrand lahf_lm ida arat epb xsaveopt pln pts dtherm tpr_shadow vnmi flexpriority ept vpid fsgsbase smep erms
bogomips	: 3392.21
clflush size	: 64
cache_alignment	: 64
address sizes	: 36 bits physical, 48 bits virtual
power management:

processor	: 1
vendor_id	: GenuineIntel
cpu family	: 6
model		: 58
model name	: Intel(R) Core(TM) i5-3317U CPU @ 1.70GHz
stepping	: 9
microcode	: 0x12
cpu MHz		: 1701.000
cache size	: 3072 KB
physical id	: 0
siblings	: 4
core id		: 0
cpu cores	: 2
apicid		: 1
initial apicid	: 1
fpu		: yes
fpu_exception	: yes
cpuid level	: 13
wp		: yes
flags		: fpu vme de pse tsc msr pae mce cx8 apic sep mtrr pge mca cmov pat pse36 clflush dts acpi mmx fxsr sse sse2 ss ht tm pbe syscall nx rdtscp lm constant_tsc arch_perfmon pebs bts rep_good nopl xtopology nonstop_tsc aperfmperf eagerfpu pni pclmulqdq dtes64 monitor ds_cpl vmx est tm2 ssse3 cx16 xtpr pdcm pcid sse4_1 sse4_2 x2apic popcnt tsc_deadline_timer aes xsave avx f16c rdrand lahf_lm ida arat epb xsaveopt pln pts dtherm tpr_shadow vnmi flexpriority ept vpid fsgsbase smep erms
bogomips	: 3392.21
clflush size	: 64
cache_alignment	: 64
address sizes	: 36 bits physical, 48 bits virtual
power management:

processor	: 2
vendor_id	: GenuineIntel
cpu family	: 6
model		: 58
model name	: Intel(R) Core(TM) i5-3317U CPU @ 1.70GHz
stepping	: 9
microcode	: 0x12
cpu MHz		: 1701.000
cache size	: 3072 KB
physical id	: 0
siblings	: 4
core id		: 1
cpu cores	: 2
apicid		: 2
initial apicid	: 2
fpu		: yes
fpu_exception	: yes
cpuid level	: 13
wp		: yes
flags		: fpu vme de pse tsc msr pae mce cx8 apic sep mtrr pge mca cmov pat pse36 clflush dts acpi mmx fxsr sse sse2 ss ht tm pbe syscall nx rdtscp lm constant_tsc arch_perfmon pebs bts rep_good nopl xtopology nonstop_tsc aperfmperf eagerfpu pni pclmulqdq dtes64 monitor ds_cpl vmx est tm2 ssse3 cx16 xtpr pdcm pcid sse4_1 sse4_2 x2apic popcnt tsc_deadline_timer aes xsave avx f16c rdrand lahf_lm ida arat epb xsaveopt pln pts dtherm tpr_shadow vnmi flexpriority ept vpid fsgsbase smep erms
bogomips	: 3392.21
clflush size	: 64
cache_alignment	: 64
address sizes	: 36 bits physical, 48 bits virtual
power management:

processor	: 3
vendor_id	: GenuineIntel
cpu family	: 6
model		: 58
model name	: Intel(R) Core(TM) i5-3317U CPU @ 1.70GHz
stepping	: 9
microcode	: 0x12
cpu MHz		: 1701.000
cache size	: 3072 KB
physical id	: 0
siblings	: 4
core id		: 1
cpu cores	: 2
apicid		: 3
initial apicid	: 3
fpu		: yes
fpu_exception	: yes
cpuid level	: 13
wp		: yes
flags		: fpu vme de pse tsc msr pae mce cx8 apic sep mtrr pge mca cmov pat pse36 clflush dts acpi mmx fxsr sse sse2 ss ht tm pbe syscall nx rdtscp lm constant_tsc arch_perfmon pebs bts rep_good nopl xtopology nonstop_tsc aperfmperf eagerfpu pni pclmulqdq dtes64 monitor ds_cpl vmx est tm2 ssse3 cx16 xtpr pdcm pcid sse4_1 sse4_2 x2apic popcnt tsc_deadline_timer aes xsave avx f16c rdrand lahf_lm ida arat epb xsaveopt pln pts dtherm tpr_shadow vnmi flexpriority ept vpid fsgsbase smep erms
bogomips	: 3392.21
clflush size	: 64
cache_alignment	: 64
address sizes	: 36 bits physical, 48 bits virtual
power management:



Memory: 4k page, physical 3884548k(102904k free), swap 2997244k(0k free)

vm_info: OpenJDK 64-Bit Server VM (24.51-b03) for linux-amd64 JRE (1.7.0_55-b14), built on Apr 17 2014 20:08:07 by "buildd" with gcc 4.8.2

time: Tue Sep 16 13:46:53 2014
elapsed time: 7 seconds

