#
# There is insufficient memory for the Java Runtime Environment to continue.
# Native memory allocation (malloc) failed to allocate 139460608 bytes for committing reserved memory.
# Possible reasons:
#   The system is out of physical RAM or swap space
#   In 32 bit mode, the process size limit was hit
# Possible solutions:
#   Reduce memory load on the system
#   Increase physical memory or swap space
#   Check if swap backing store is full
#   Use 64 bit Java on a 64 bit OS
#   Decrease Java heap size (-Xmx/-Xms)
#   Decrease number of Java threads
#   Decrease Java thread stack sizes (-Xss)
#   Set larger code cache with -XX:ReservedCodeCacheSize=
# This output file may be truncated or incomplete.
#
#  Out of Memory Error (os_linux.cpp:2769), pid=575, tid=140490477856512
#
# JRE version: OpenJDK Runtime Environment (7.0_55-b14) (build 1.7.0_55-b14)
# Java VM: OpenJDK 64-Bit Server VM (24.51-b03 mixed mode linux-amd64 compressed oops)
# Failed to write core dump. Core dumps have been disabled. To enable core dumping, try "ulimit -c unlimited" before starting Java again
#

---------------  T H R E A D  ---------------

Current thread (0x00007fc688075800):  VMThread [stack: 0x00007fc67cf6e000,0x00007fc67d06f000] [id=601]

Stack: [0x00007fc67cf6e000,0x00007fc67d06f000],  sp=0x00007fc67d06d480,  free space=1021k
Native frames: (J=compiled Java code, j=interpreted, Vv=VM code, C=native code)
V  [libjvm.so+0x917b35]  VMError::report_and_die()+0x175
V  [libjvm.so+0x468144]  report_vm_out_of_memory(char const*, int, unsigned long, char const*)+0x74
V  [libjvm.so+0x79a81b]  os::pd_commit_memory(char*, unsigned long, unsigned long, bool)+0x20b
V  [libjvm.so+0x7950df]  os::commit_memory(char*, unsigned long, unsigned long, bool)+0x1f
V  [libjvm.so+0x8053cb]  PSVirtualSpace::expand_by(unsigned long)+0x5b
V  [libjvm.so+0x806220]  PSYoungGen::resize_generation(unsigned long, unsigned long)+0xb0
V  [libjvm.so+0x80690b]  PSYoungGen::resize(unsigned long, unsigned long)+0x1b
V  [libjvm.so+0x802bff]  PSScavenge::invoke_no_policy()+0xd6f
V  [libjvm.so+0x8033c8]  PSScavenge::invoke()+0x38
V  [libjvm.so+0x7b9b33]  ParallelScavengeHeap::failed_mem_allocate(unsigned long)+0x63
V  [libjvm.so+0x919544]  VM_ParallelGCFailedAllocation::doit()+0x84
V  [libjvm.so+0x91d9e7]  VM_Operation::evaluate()+0x47
V  [libjvm.so+0x91c3b8]  VMThread::evaluate_operation(VM_Operation*)+0x318
V  [libjvm.so+0x91c819]  VMThread::loop()+0x219
V  [libjvm.so+0x91cc62]  VMThread::run()+0x72
V  [libjvm.so+0x7974e2]  java_start(Thread*)+0xf2

VM_Operation (0x00007fc68f488a40): ParallelGCFailedAllocation, mode: safepoint, requested by thread 0x00007fc68800a000


---------------  P R O C E S S  ---------------

Java Threads: ( => current thread )
  0x00007fc6880a7000 JavaThread "Service Thread" daemon [_thread_blocked, id=607, stack(0x00007fc67c116000,0x00007fc67c217000)]
  0x00007fc6880a5000 JavaThread "C2 CompilerThread1" daemon [_thread_blocked, id=606, stack(0x00007fc67c217000,0x00007fc67c318000)]
  0x00007fc6880a2000 JavaThread "C2 CompilerThread0" daemon [_thread_blocked, id=605, stack(0x00007fc67c318000,0x00007fc67c419000)]
  0x00007fc68809f800 JavaThread "Signal Dispatcher" daemon [_thread_blocked, id=604, stack(0x00007fc67c419000,0x00007fc67c51a000)]
  0x00007fc68807c000 JavaThread "Finalizer" daemon [_thread_blocked, id=603, stack(0x00007fc67cd6c000,0x00007fc67ce6d000)]
  0x00007fc68807a000 JavaThread "Reference Handler" daemon [_thread_blocked, id=602, stack(0x00007fc67ce6d000,0x00007fc67cf6e000)]
  0x00007fc68800a000 JavaThread "main" [_thread_blocked, id=596, stack(0x00007fc68f38b000,0x00007fc68f48c000)]

Other Threads:
=>0x00007fc688075800 VMThread [stack: 0x00007fc67cf6e000,0x00007fc67d06f000] [id=601]
  0x00007fc6880b2000 WatcherThread [stack: 0x00007fc67c015000,0x00007fc67c116000] [id=608]

VM state:at safepoint (normal execution)

VM Mutex/Monitor currently owned by a thread:  ([mutex/lock_event])
[0x00007fc6880065e0] Threads_lock - owner thread: 0x00007fc688075800
[0x00007fc688006ae0] Heap_lock - owner thread: 0x00007fc68800a000

Heap
 PSYoungGen      total 129536K, used 10720K [0x00000000ec300000, 0x00000000f4c00000, 0x0000000100000000)
  eden space 118784K, 0% used [0x00000000ec300000,0x00000000ec300000,0x00000000f3700000)
  from space 10752K, 99% used [0x00000000f4180000,0x00000000f4bf83d0,0x00000000f4c00000)
  to   space 9728K, 0% used [0x00000000f3780000,0x00000000f3780000,0x00000000f4100000)
 ParOldGen       total 40448K, used 29623K [0x00000000c4a00000, 0x00000000c7180000, 0x00000000ec300000)
  object space 40448K, 73% used [0x00000000c4a00000,0x00000000c66edd90,0x00000000c7180000)
 PSPermGen       total 26112K, used 26088K [0x00000000ba400000, 0x00000000bbd80000, 0x00000000c4a00000)
  object space 26112K, 99% used [0x00000000ba400000,0x00000000bbd7a350,0x00000000bbd80000)

Card table byte_map: [0x00007fc684dd1000,0x00007fc685000000] byte_map_base: 0x00007fc6847ff000

Polling page: 0x00007fc68f4a8000

Code Cache  [0x00007fc685000000, 0x00007fc6852b0000, 0x00007fc688000000)
 total_blobs=1151 nmethods=789 adapters=314 free_code_cache=46462Kb largest_free_block=47529856

Compilation events (10 events):
Event: 16,628 Thread 0x00007fc6880a5000  841             java.util.regex.Pattern$Curly::study (153 bytes)
Event: 16,633 Thread 0x00007fc6880a5000 nmethod 841 0x00007fc6852a0a90 code [0x00007fc6852a0c40, 0x00007fc6852a0ff8]
Event: 16,639 Thread 0x00007fc6880a5000  842             java.util.StringTokenizer::<init> (52 bytes)
Event: 16,645 Thread 0x00007fc6880a2000 nmethod 838 0x00007fc6852a7f90 code [0x00007fc6852a8340, 0x00007fc6852a9298]
Event: 16,645 Thread 0x00007fc6880a2000  843             java.util.StringTokenizer::<init> (8 bytes)
Event: 16,648 Thread 0x00007fc6880a5000 nmethod 842 0x00007fc68529ee10 code [0x00007fc68529efa0, 0x00007fc68529f448]
Event: 16,648 Thread 0x00007fc6880a5000  844             org.sonatype.guice.plexus.locators.RealmFilter$FilteredItr::hasNext (85 bytes)
Event: 16,654 Thread 0x00007fc6880a2000 nmethod 843 0x00007fc6852a5710 code [0x00007fc6852a58a0, 0x00007fc6852a5d48]
Event: 16,661 Thread 0x00007fc6880a5000 nmethod 844 0x00007fc6852a6f90 code [0x00007fc6852a7160, 0x00007fc6852a78a8]
Event: 16,669 Thread 0x00007fc6880a2000  845             org.apache.maven.model.io.xpp3.MavenXpp3Reader::parsePlugin (502 bytes)

GC Heap History (10 events):
Event: 1,883 GC heap after
Heap after GC invocations=3 (full 0):
 PSYoungGen      total 33280K, used 2531K [0x00000000ec300000, 0x00000000f0400000, 0x0000000100000000)
  eden space 30720K, 0% used [0x00000000ec300000,0x00000000ec300000,0x00000000ee100000)
  from space 2560K, 98% used [0x00000000ee100000,0x00000000ee378c28,0x00000000ee380000)
  to   space 2560K, 0% used [0x00000000f0180000,0x00000000f0180000,0x00000000f0400000)
 ParOldGen       total 40448K, used 2728K [0x00000000c4a00000, 0x00000000c7180000, 0x00000000ec300000)
  object space 40448K, 6% used [0x00000000c4a00000,0x00000000c4caa108,0x00000000c7180000)
 PSPermGen       total 21504K, used 10793K [0x00000000ba400000, 0x00000000bb900000, 0x00000000c4a00000)
  object space 21504K, 50% used [0x00000000ba400000,0x00000000bae8a690,0x00000000bb900000)
}
Event: 2,691 GC heap before
{Heap before GC invocations=4 (full 0):
 PSYoungGen      total 33280K, used 33251K [0x00000000ec300000, 0x00000000f0400000, 0x0000000100000000)
  eden space 30720K, 100% used [0x00000000ec300000,0x00000000ee100000,0x00000000ee100000)
  from space 2560K, 98% used [0x00000000ee100000,0x00000000ee378c28,0x00000000ee380000)
  to   space 2560K, 0% used [0x00000000f0180000,0x00000000f0180000,0x00000000f0400000)
 ParOldGen       total 40448K, used 2728K [0x00000000c4a00000, 0x00000000c7180000, 0x00000000ec300000)
  object space 40448K, 6% used [0x00000000c4a00000,0x00000000c4caa108,0x00000000c7180000)
 PSPermGen       total 21504K, used 15261K [0x00000000ba400000, 0x00000000bb900000, 0x00000000c4a00000)
  object space 21504K, 70% used [0x00000000ba400000,0x00000000bb2e7680,0x00000000bb900000)
Event: 2,703 GC heap after
Heap after GC invocations=4 (full 0):
 PSYoungGen      total 64000K, used 2544K [0x00000000ec300000, 0x00000000f0400000, 0x0000000100000000)
  eden space 61440K, 0% used [0x00000000ec300000,0x00000000ec300000,0x00000000eff00000)
  from space 2560K, 99% used [0x00000000f0180000,0x00000000f03fc010,0x00000000f0400000)
  to   space 2560K, 0% used [0x00000000eff00000,0x00000000eff00000,0x00000000f0180000)
 ParOldGen       total 40448K, used 7019K [0x00000000c4a00000, 0x00000000c7180000, 0x00000000ec300000)
  object space 40448K, 17% used [0x00000000c4a00000,0x00000000c50dad58,0x00000000c7180000)
 PSPermGen       total 21504K, used 15261K [0x00000000ba400000, 0x00000000bb900000, 0x00000000c4a00000)
  object space 21504K, 70% used [0x00000000ba400000,0x00000000bb2e7680,0x00000000bb900000)
}
Event: 8,502 GC heap before
{Heap before GC invocations=5 (full 0):
 PSYoungGen      total 64000K, used 63984K [0x00000000ec300000, 0x00000000f0400000, 0x0000000100000000)
  eden space 61440K, 100% used [0x00000000ec300000,0x00000000eff00000,0x00000000eff00000)
  from space 2560K, 99% used [0x00000000f0180000,0x00000000f03fc010,0x00000000f0400000)
  to   space 2560K, 0% used [0x00000000eff00000,0x00000000eff00000,0x00000000f0180000)
 ParOldGen       total 40448K, used 7019K [0x00000000c4a00000, 0x00000000c7180000, 0x00000000ec300000)
  object space 40448K, 17% used [0x00000000c4a00000,0x00000000c50dad58,0x00000000c7180000)
 PSPermGen       total 21504K, used 19204K [0x00000000ba400000, 0x00000000bb900000, 0x00000000c4a00000)
  object space 21504K, 89% used [0x00000000ba400000,0x00000000bb6c1260,0x00000000bb900000)
Event: 8,518 GC heap after
Heap after GC invocations=5 (full 0):
 PSYoungGen      total 64000K, used 2560K [0x00000000ec300000, 0x00000000f4f00000, 0x0000000100000000)
  eden space 61440K, 0% used [0x00000000ec300000,0x00000000ec300000,0x00000000eff00000)
  from space 2560K, 100% used [0x00000000eff00000,0x00000000f0180000,0x00000000f0180000)
  to   space 10240K, 0% used [0x00000000f4500000,0x00000000f4500000,0x00000000f4f00000)
 ParOldGen       total 40448K, used 13291K [0x00000000c4a00000, 0x00000000c7180000, 0x00000000ec300000)
  object space 40448K, 32% used [0x00000000c4a00000,0x00000000c56fac70,0x00000000c7180000)
 PSPermGen       total 21504K, used 19204K [0x00000000ba400000, 0x00000000bb900000, 0x00000000c4a00000)
  object space 21504K, 89% used [0x00000000ba400000,0x00000000bb6c1260,0x00000000bb900000)
}
Event: 12,875 GC heap before
{Heap before GC invocations=6 (full 0):
 PSYoungGen      total 64000K, used 64000K [0x00000000ec300000, 0x00000000f4f00000, 0x0000000100000000)
  eden space 61440K, 100% used [0x00000000ec300000,0x00000000eff00000,0x00000000eff00000)
  from space 2560K, 100% used [0x00000000eff00000,0x00000000f0180000,0x00000000f0180000)
  to   space 10240K, 0% used [0x00000000f4500000,0x00000000f4500000,0x00000000f4f00000)
 ParOldGen       total 40448K, used 13291K [0x00000000c4a00000, 0x00000000c7180000, 0x00000000ec300000)
  object space 40448K, 32% used [0x00000000c4a00000,0x00000000c56fac70,0x00000000c7180000)
 PSPermGen       total 21504K, used 19385K [0x00000000ba400000, 0x00000000bb900000, 0x00000000c4a00000)
  object space 21504K, 90% used [0x00000000ba400000,0x00000000bb6ee628,0x00000000bb900000)
Event: 12,888 GC heap after
Heap after GC invocations=6 (full 0):
 PSYoungGen      total 65024K, used 5521K [0x00000000ec300000, 0x00000000f4a80000, 0x0000000100000000)
  eden space 59392K, 0% used [0x00000000ec300000,0x00000000ec300000,0x00000000efd00000)
  from space 5632K, 98% used [0x00000000f4500000,0x00000000f4a64690,0x00000000f4a80000)
  to   space 9728K, 0% used [0x00000000f3780000,0x00000000f3780000,0x00000000f4100000)
 ParOldGen       total 40448K, used 13291K [0x00000000c4a00000, 0x00000000c7180000, 0x00000000ec300000)
  object space 40448K, 32% used [0x00000000c4a00000,0x00000000c56fac70,0x00000000c7180000)
 PSPermGen       total 21504K, used 19385K [0x00000000ba400000, 0x00000000bb900000, 0x00000000c4a00000)
  object space 21504K, 90% used [0x00000000ba400000,0x00000000bb6ee628,0x00000000bb900000)
}
Event: 13,882 GC heap before
{Heap before GC invocations=7 (full 0):
 PSYoungGen      total 65024K, used 64913K [0x00000000ec300000, 0x00000000f4a80000, 0x0000000100000000)
  eden space 59392K, 100% used [0x00000000ec300000,0x00000000efd00000,0x00000000efd00000)
  from space 5632K, 98% used [0x00000000f4500000,0x00000000f4a64690,0x00000000f4a80000)
  to   space 9728K, 0% used [0x00000000f3780000,0x00000000f3780000,0x00000000f4100000)
 ParOldGen       total 40448K, used 13291K [0x00000000c4a00000, 0x00000000c7180000, 0x00000000ec300000)
  object space 40448K, 32% used [0x00000000c4a00000,0x00000000c56fac70,0x00000000c7180000)
 PSPermGen       total 21504K, used 19949K [0x00000000ba400000, 0x00000000bb900000, 0x00000000c4a00000)
  object space 21504K, 92% used [0x00000000ba400000,0x00000000bb77b7f8,0x00000000bb900000)
Event: 13,900 GC heap after
Heap after GC invocations=7 (full 0):
 PSYoungGen      total 128512K, used 8763K [0x00000000ec300000, 0x00000000f4c00000, 0x0000000100000000)
  eden space 118784K, 0% used [0x00000000ec300000,0x00000000ec300000,0x00000000f3700000)
  from space 9728K, 90% used [0x00000000f3780000,0x00000000f400ee20,0x00000000f4100000)
  to   space 10752K, 0% used [0x00000000f4180000,0x00000000f4180000,0x00000000f4c00000)
 ParOldGen       total 40448K, used 13715K [0x00000000c4a00000, 0x00000000c7180000, 0x00000000ec300000)
  object space 40448K, 33% used [0x00000000c4a00000,0x00000000c5764c70,0x00000000c7180000)
 PSPermGen       total 21504K, used 19949K [0x00000000ba400000, 0x00000000bb900000, 0x00000000c4a00000)
  object space 21504K, 92% used [0x00000000ba400000,0x00000000bb77b7f8,0x00000000bb900000)
}
Event: 16,674 GC heap before
{Heap before GC invocations=8 (full 0):
 PSYoungGen      total 128512K, used 127547K [0x00000000ec300000, 0x00000000f4c00000, 0x0000000100000000)
  eden space 118784K, 100% used [0x00000000ec300000,0x00000000f3700000,0x00000000f3700000)
  from space 9728K, 90% used [0x00000000f3780000,0x00000000f400ee20,0x00000000f4100000)
  to   space 10752K, 0% used [0x00000000f4180000,0x00000000f4180000,0x00000000f4c00000)
 ParOldGen       total 40448K, used 13715K [0x00000000c4a00000, 0x00000000c7180000, 0x00000000ec300000)
  object space 40448K, 33% used [0x00000000c4a00000,0x00000000c5764c70,0x00000000c7180000)
 PSPermGen       total 26112K, used 26088K [0x00000000ba400000, 0x00000000bbd80000, 0x00000000c4a00000)
  object space 26112K, 99% used [0x00000000ba400000,0x00000000bbd7a350,0x00000000bbd80000)

Deoptimization events (10 events):
Event: 16,320 Thread 0x00007fc68800a000 Uncommon trap: reason=bimorphic action=maybe_recompile pc=0x00007fc6851de744 method=java.util.AbstractSet.equals(Ljava/lang/Object;)Z @ 22
Event: 16,320 Thread 0x00007fc68800a000 Uncommon trap: reason=bimorphic action=maybe_recompile pc=0x00007fc685146e44 method=java.util.AbstractCollection.containsAll(Ljava/util/Collection;)Z @ 25
Event: 16,668 Thread 0x00007fc68800a000 Uncommon trap: reason=class_check action=maybe_recompile pc=0x00007fc68518e850 method=java.util.regex.Pattern$7.isSatisfiedBy(I)Z @ 16
Event: 16,668 Thread 0x00007fc68800a000 Uncommon trap: reason=class_check action=maybe_recompile pc=0x00007fc68518e850 method=java.util.regex.Pattern$7.isSatisfiedBy(I)Z @ 16
Event: 16,668 Thread 0x00007fc68800a000 Uncommon trap: reason=class_check action=maybe_recompile pc=0x00007fc68518e864 method=java.util.regex.Pattern$CharProperty$1.isSatisfiedBy(I)Z @ 5
Event: 16,668 Thread 0x00007fc68800a000 Uncommon trap: reason=class_check action=maybe_recompile pc=0x00007fc68518e850 method=java.util.regex.Pattern$7.isSatisfiedBy(I)Z @ 16
Event: 16,668 Thread 0x00007fc68800a000 Uncommon trap: reason=class_check action=maybe_recompile pc=0x00007fc68518e850 method=java.util.regex.Pattern$7.isSatisfiedBy(I)Z @ 16
Event: 16,668 Thread 0x00007fc68800a000 Uncommon trap: reason=class_check action=maybe_recompile pc=0x00007fc685119630 method=java.util.regex.Pattern$CharProperty$1.isSatisfiedBy(I)Z @ 5
Event: 16,668 Thread 0x00007fc68800a000 Uncommon trap: reason=class_check action=maybe_recompile pc=0x00007fc685119630 method=java.util.regex.Pattern$CharProperty$1.isSatisfiedBy(I)Z @ 5
Event: 16,668 Thread 0x00007fc68800a000 Uncommon trap: reason=class_check action=maybe_recompile pc=0x00007fc685119630 method=java.util.regex.Pattern$CharProperty$1.isSatisfiedBy(I)Z @ 5

Internal exceptions (10 events):
Event: 16,582 Thread 0x00007fc68800a000 Threw 0x00000000f2e64b90 at /build/buildd/openjdk-7-7u55-2.4.7/build/openjdk/hotspot/src/share/vm/prims/jvm.cpp:1244
Event: 16,583 Thread 0x00007fc68800a000 Threw 0x00000000f2e6adb8 at /build/buildd/openjdk-7-7u55-2.4.7/build/openjdk/hotspot/src/share/vm/prims/jvm.cpp:1244
Event: 16,583 Thread 0x00007fc68800a000 Threw 0x00000000f2e6fda0 at /build/buildd/openjdk-7-7u55-2.4.7/build/openjdk/hotspot/src/share/vm/prims/jvm.cpp:1244
Event: 16,583 Thread 0x00007fc68800a000 Threw 0x00000000f2e75290 at /build/buildd/openjdk-7-7u55-2.4.7/build/openjdk/hotspot/src/share/vm/prims/jvm.cpp:1244
Event: 16,583 Thread 0x00007fc68800a000 Threw 0x00000000f2e7c9b8 at /build/buildd/openjdk-7-7u55-2.4.7/build/openjdk/hotspot/src/share/vm/prims/jvm.cpp:1244
Event: 16,584 Thread 0x00007fc68800a000 Threw 0x00000000f2e82c90 at /build/buildd/openjdk-7-7u55-2.4.7/build/openjdk/hotspot/src/share/vm/prims/jvm.cpp:1244
Event: 16,584 Thread 0x00007fc68800a000 Threw 0x00000000f2e89120 at /build/buildd/openjdk-7-7u55-2.4.7/build/openjdk/hotspot/src/share/vm/prims/jvm.cpp:1244
Event: 16,584 Thread 0x00007fc68800a000 Threw 0x00000000f2e8fd58 at /build/buildd/openjdk-7-7u55-2.4.7/build/openjdk/hotspot/src/share/vm/prims/jvm.cpp:1244
Event: 16,585 Thread 0x00007fc68800a000 Threw 0x00000000f2e94b20 at /build/buildd/openjdk-7-7u55-2.4.7/build/openjdk/hotspot/src/share/vm/prims/jvm.cpp:1244
Event: 16,585 Thread 0x00007fc68800a000 Threw 0x00000000f2e99808 at /build/buildd/openjdk-7-7u55-2.4.7/build/openjdk/hotspot/src/share/vm/prims/jvm.cpp:1244

Events (10 events):
Event: 16,668 Thread 0x00007fc68800a000 Uncommon trap: trap_request=0xffffffde fr.pc=0x00007fc685119630
Event: 16,668 Thread 0x00007fc68800a000 DEOPT PACKING pc=0x00007fc685119630 sp=0x00007fc68f488930
Event: 16,668 Thread 0x00007fc68800a000 DEOPT UNPACKING pc=0x00007fc685039445 sp=0x00007fc68f4888f0 mode 2
Event: 16,668 Thread 0x00007fc68800a000 Uncommon trap: trap_request=0xffffffde fr.pc=0x00007fc685119630
Event: 16,668 Thread 0x00007fc68800a000 DEOPT PACKING pc=0x00007fc685119630 sp=0x00007fc68f488940
Event: 16,668 Thread 0x00007fc68800a000 DEOPT UNPACKING pc=0x00007fc685039445 sp=0x00007fc68f488900 mode 2
Event: 16,668 Thread 0x00007fc68800a000 Uncommon trap: trap_request=0xffffffde fr.pc=0x00007fc685119630
Event: 16,668 Thread 0x00007fc68800a000 DEOPT PACKING pc=0x00007fc685119630 sp=0x00007fc68f488940
Event: 16,668 Thread 0x00007fc68800a000 DEOPT UNPACKING pc=0x00007fc685039445 sp=0x00007fc68f488900 mode 2
Event: 16,674 Executing VM operation: ParallelGCFailedAllocation


Dynamic libraries:
00400000-00401000 r-xp 00000000 08:03 275061                             /usr/lib/jvm/java-7-openjdk-amd64/jre/bin/java
00600000-00601000 r--p 00000000 08:03 275061                             /usr/lib/jvm/java-7-openjdk-amd64/jre/bin/java
00601000-00602000 rw-p 00001000 08:03 275061                             /usr/lib/jvm/java-7-openjdk-amd64/jre/bin/java
013e8000-01409000 rw-p 00000000 00:00 0                                  [heap]
ba400000-bbd80000 rw-p 00000000 00:00 0 
bbd80000-c4a00000 rw-p 00000000 00:00 0 
c4a00000-c7180000 rw-p 00000000 00:00 0 
c7180000-ec300000 rw-p 00000000 00:00 0 
ec300000-f4c00000 rw-p 00000000 00:00 0 
fd100000-100000000 rw-p 00000000 00:00 0 
7fc638000000-7fc638064000 rw-p 00000000 00:00 0 
7fc638064000-7fc63c000000 ---p 00000000 00:00 0 
7fc640000000-7fc640035000 rw-p 00000000 00:00 0 
7fc640035000-7fc644000000 ---p 00000000 00:00 0 
7fc644000000-7fc644021000 rw-p 00000000 00:00 0 
7fc644021000-7fc648000000 ---p 00000000 00:00 0 
7fc648000000-7fc648021000 rw-p 00000000 00:00 0 
7fc648021000-7fc64c000000 ---p 00000000 00:00 0 
7fc64c000000-7fc64c062000 rw-p 00000000 00:00 0 
7fc64c062000-7fc650000000 ---p 00000000 00:00 0 
7fc650000000-7fc6510f0000 rw-p 00000000 00:00 0 
7fc6510f0000-7fc654000000 ---p 00000000 00:00 0 
7fc654000000-7fc654021000 rw-p 00000000 00:00 0 
7fc654021000-7fc658000000 ---p 00000000 00:00 0 
7fc658000000-7fc658021000 rw-p 00000000 00:00 0 
7fc658021000-7fc65c000000 ---p 00000000 00:00 0 
7fc65c000000-7fc65da0a000 rw-p 00000000 00:00 0 
7fc65da0a000-7fc660000000 ---p 00000000 00:00 0 
7fc660000000-7fc660021000 rw-p 00000000 00:00 0 
7fc660021000-7fc664000000 ---p 00000000 00:00 0 
7fc664000000-7fc664021000 rw-p 00000000 00:00 0 
7fc664021000-7fc668000000 ---p 00000000 00:00 0 
7fc668000000-7fc668021000 rw-p 00000000 00:00 0 
7fc668021000-7fc66c000000 ---p 00000000 00:00 0 
7fc66c000000-7fc66c23c000 rw-p 00000000 00:00 0 
7fc66c23c000-7fc670000000 ---p 00000000 00:00 0 
7fc670000000-7fc670021000 rw-p 00000000 00:00 0 
7fc670021000-7fc674000000 ---p 00000000 00:00 0 
7fc67493c000-7fc67493d000 rw-p 00000000 00:00 0 
7fc67493d000-7fc67493e000 r--s 00003000 08:03 547182                     /home/vju/.m2/repository/org/apache/maven/plugin-tools/maven-plugin-annotations/3.2/maven-plugin-annotations-3.2.jar
7fc67493e000-7fc674942000 r--s 00020000 08:03 1054027                    /home/vju/.m2/repository/org/apache/maven/surefire/surefire-api/2.17/surefire-api-2.17.jar
7fc674942000-7fc674948000 r--s 00048000 08:03 952573                     /home/vju/.m2/repository/org/apache/commons/commons-lang3/3.1/commons-lang3-3.1.jar
7fc674948000-7fc674949000 r--s 00002000 08:03 952574                     /home/vju/.m2/repository/org/apache/maven/reporting/maven-reporting-api/2.0.9/maven-reporting-api-2.0.9.jar
7fc674949000-7fc67494b000 r--s 00008000 08:03 1054026                    /home/vju/.m2/repository/org/apache/maven/surefire/surefire-booter/2.17/surefire-booter-2.17.jar
7fc67494b000-7fc674950000 r--s 0003c000 08:03 1054028                    /home/vju/.m2/repository/org/apache/maven/surefire/maven-surefire-common/2.17/maven-surefire-common-2.17.jar
7fc674950000-7fc674952000 r--s 00007000 08:03 925122                     /home/vju/.m2/repository/org/apache/maven/plugins/maven-surefire-plugin/2.17/maven-surefire-plugin-2.17.jar
7fc674952000-7fc6749bd000 r--s 0069c000 08:03 277824                     /usr/lib/jvm/java-7-openjdk-amd64/lib/tools.jar
7fc6749bd000-7fc6749c0000 r--s 0001b000 08:03 403948                     /home/vju/.m2/repository/junit/junit/3.8.2/junit-3.8.2.jar
7fc6749c0000-7fc6749ce000 r--s 0008f000 08:03 680509                     /home/vju/.m2/repository/com/google/collections/google-collections/1.0/google-collections-1.0.jar
7fc6749ce000-7fc6749cf000 r--s 0000a000 08:03 536093                     /home/vju/.m2/repository/commons-logging/commons-logging-api/1.1/commons-logging-api-1.1.jar
7fc6749cf000-7fc6749d6000 r--s 00051000 08:03 680506                     /home/vju/.m2/repository/log4j/log4j/1.2.12/log4j-1.2.12.jar
7fc6749d6000-7fc6749da000 r--s 0001d000 08:03 131352                     /home/vju/.m2/repository/org/apache/xbean/xbean-reflect/3.4/xbean-reflect-3.4.jar
7fc6749da000-7fc6749db000 r--s 00004000 08:03 925168                     /home/vju/.m2/repository/org/codehaus/plexus/plexus-compiler-javac/2.2/plexus-compiler-javac-2.2.jar
7fc6749db000-7fc6749dd000 r--s 00000000 08:03 925203                     /home/vju/.m2/repository/org/codehaus/plexus/plexus-compiler-manager/2.2/plexus-compiler-manager-2.2.jar
7fc6749dd000-7fc6749df000 r--s 00005000 08:03 925167                     /home/vju/.m2/repository/org/codehaus/plexus/plexus-compiler-api/2.2/plexus-compiler-api-2.2.jar
7fc6749df000-7fc6749e1000 r--s 00000000 08:03 3983                       /home/vju/.m2/repository/org/codehaus/plexus/plexus-component-annotations/1.5.5/plexus-component-annotations-1.5.5.jar
7fc6749e1000-7fc6749e3000 r--s 00002000 08:03 1053977                    /home/vju/.m2/repository/org/apache/maven/shared/maven-shared-incremental/1.1/maven-shared-incremental-1.1.jar
7fc6749e3000-7fc6749e5000 r--s 00006000 08:03 147220                     /home/vju/.m2/repository/com/google/code/findbugs/jsr305/2.0.1/jsr305-2.0.1.jar
7fc6749e5000-7fc6749e8000 r--s 00023000 08:03 1053976                    /home/vju/.m2/repository/org/apache/maven/shared/maven-shared-utils/0.1/maven-shared-utils-0.1.jar
7fc6749e8000-7fc6749ec000 r--s 00030000 08:03 685896                     /home/vju/.m2/repository/org/codehaus/plexus/plexus-utils/1.5.1/plexus-utils-1.5.1.jar
7fc6749ec000-7fc6749ee000 r--s 00009000 08:03 536383                     /home/vju/.m2/repository/org/apache/maven/plugins/maven-compiler-plugin/3.1/maven-compiler-plugin-3.1.jar
7fc6749ee000-7fc6749f0000 r--s 0000d000 08:03 1081446                    /home/vju/.m2/repository/org/codehaus/plexus/plexus-interpolation/1.13/plexus-interpolation-1.13.jar
7fc6749f0000-7fc6749f1000 r--s 00001000 08:03 1081445                    /home/vju/.m2/repository/org/sonatype/plexus/plexus-build-api/0.0.4/plexus-build-api-0.0.4.jar
7fc6749f1000-7fc6749f3000 r--s 00009000 08:03 1077399                    /home/vju/.m2/repository/org/apache/maven/shared/maven-filtering/1.1/maven-filtering-1.1.jar
7fc6749f3000-7fc6749f7000 r--s 00033000 08:03 949465                     /home/vju/.m2/repository/org/codehaus/plexus/plexus-utils/2.0.5/plexus-utils-2.0.5.jar
7fc6749f7000-7fc6749fa000 r--s 0001b000 08:03 403312                     /home/vju/.m2/repository/junit/junit/3.8.1/junit-3.8.1.jar
7fc6749fa000-7fc6749fc000 r--s 00002000 08:03 949761                     /home/vju/.m2/repository/org/codehaus/plexus/plexus-interactivity-api/1.0-alpha-4/plexus-interactivity-api-1.0-alpha-4.jar
7fc6749fc000-7fc6749fe000 r--s 00006000 08:03 546878                     /home/vju/.m2/repository/commons-cli/commons-cli/1.0/commons-cli-1.0.jar
7fc6749fe000-7fc6749ff000 r--s 00001000 08:03 949760                     /home/vju/.m2/repository/org/apache/maven/doxia/doxia-sink-api/1.0-alpha-7/doxia-sink-api-1.0-alpha-7.jar
7fc6749ff000-7fc674a00000 r--s 00002000 08:03 949759                     /home/vju/.m2/repository/org/apache/maven/reporting/maven-reporting-api/2.0.6/maven-reporting-api-2.0.6.jar
7fc674a00000-7fc674a02000 r--s 00006000 08:03 538797                     /home/vju/.m2/repository/org/apache/maven/plugins/maven-resources-plugin/2.6/maven-resources-plugin-2.6.jar
7fc674a02000-7fc674a06000 r--s 0001f000 08:03 418721                     /home/vju/.m2/repository/org/jacoco/org.jacoco.report/0.7.1.201405082137/org.jacoco.report-0.7.1.201405082137.jar
7fc674a06000-7fc674a0b000 r--s 00058000 08:03 418713                     /home/vju/.m2/repository/org/ow2/asm/asm-debug-all/5.0.1/asm-debug-all-5.0.1.jar
7fc674a0b000-7fc674a0f000 r--s 0001d000 08:03 418712                     /home/vju/.m2/repository/org/jacoco/org.jacoco.core/0.7.1.201405082137/org.jacoco.core-0.7.1.201405082137.jar
7fc674a0f000-7fc674a14000 r--s 00041000 08:03 418711                     /home/vju/.m2/repository/org/jacoco/org.jacoco.agent/0.7.1.201405082137/org.jacoco.agent-0.7.1.201405082137-runtime.jar
7fc674a14000-7fc674a19000 r--s 00016000 08:03 952284                     /home/vju/.m2/repository/xml-apis/xml-apis/1.0.b2/xml-apis-1.0.b2.jar
7fc674a19000-7fc674a1b000 r--s 0000e000 08:03 1082480                    /home/vju/.m2/repository/oro/oro/2.0.8/oro-2.0.8.jar
7fc674a1b000-7fc674a1d000 r--s 00008000 08:03 547049                     /home/vju/.m2/repository/commons-logging/commons-logging/1.0.4/commons-logging-1.0.4.jar
7fc674a1d000-7fc674a21000 r--s 00026000 08:03 952805                     /home/vju/.m2/repository/commons-digester/commons-digester/1.6/commons-digester-1.6.jar
7fc674a21000-7fc674a26000 r--s 0002a000 08:03 806058                     /home/vju/.m2/repository/commons-beanutils/commons-beanutils/1.7.0/commons-beanutils-1.7.0.jar
7fc674a26000-7fc674a29000 r--s 00014000 08:03 806057                     /home/vju/.m2/repository/commons-validator/commons-validator/1.2.0/commons-validator-1.2.0.jar
7fc674a29000-7fc674a36000 r--s 0007f000 08:03 962555                     /home/vju/.m2/repository/commons-collections/commons-collections/3.2/commons-collections-3.2.jar
7fc674a36000-7fc674a3e000 r--s 00058000 08:03 952292                     /home/vju/.m2/repository/org/apache/velocity/velocity/1.5/velocity-1.5.jar
7fc674a3e000-7fc674a3f000 r--s 00001000 08:03 134042                     /home/vju/.m2/repository/org/codehaus/plexus/plexus-velocity/1.1.7/plexus-velocity-1.1.7.jar
7fc674a3f000-7fc674a40000 r--s 00002000 08:03 806060                     /home/vju/.m2/repository/org/codehaus/plexus/plexus-i18n/1.0-beta-7/plexus-i18n-1.0-beta-7.jar
7fc674a40000-7fc674a42000 r--s 00008000 08:03 1091056                    /home/vju/.m2/repository/org/apache/maven/doxia/doxia-module-fml/1.1.2/doxia-module-fml-1.1.2.jar
7fc674a42000-7fc674a43000 r--s 00003000 08:03 962552                     /home/vju/.m2/repository/org/apache/maven/doxia/doxia-module-xhtml/1.1.2/doxia-module-xhtml-1.1.2.jar
7fc674a43000-7fc674a45000 r--s 0000b000 08:03 962551                     /home/vju/.m2/repository/org/apache/maven/doxia/doxia-decoration-model/1.1.2/doxia-decoration-model-1.1.2.jar
7fc674a45000-7fc674a47000 r--s 0000b000 08:03 962548                     /home/vju/.m2/repository/org/apache/maven/doxia/doxia-site-renderer/1.1.2/doxia-site-renderer-1.1.2.jar
7fc674a47000-7fc674a49000 r--s 00006000 08:03 814398                     /home/vju/.m2/repository/commons-codec/commons-codec/1.2/commons-codec-1.2.jar
7fc674a49000-7fc674a4f000 r--s 00045000 08:03 418709                     /home/vju/.m2/repository/commons-httpclient/commons-httpclient/3.1/commons-httpclient-3.1.jar
7fc674a4f000-7fc674a53000 r--s 0003c000 08:03 962545                     /home/vju/.m2/repository/commons-lang/commons-lang/2.4/commons-lang-2.4.jar
7fc674a53000-7fc674a6a000 r--s 00112000 08:03 814397                     /home/vju/.m2/repository/xerces/xercesImpl/2.8.1/xercesImpl-2.8.1.jar
7fc674a6a000-7fc674a6e000 r--s 00023000 08:03 962543                     /home/vju/.m2/repository/org/apache/maven/doxia/doxia-core/1.1.2/doxia-core-1.1.2.jar
7fc674a6e000-7fc674a70000 r--s 00003000 08:03 962541                     /home/vju/.m2/repository/org/apache/maven/reporting/maven-reporting-impl/2.1/maven-reporting-impl-2.1.jar
7fc674a70000-7fc674a72000 r--s 00002000 08:03 962536                     /home/vju/.m2/repository/org/apache/maven/doxia/doxia-sink-api/1.1/doxia-sink-api-1.1.jar
7fc674a72000-7fc674a75000 ---p 00000000 00:00 0 
7fc674a75000-7fc674b73000 rw-p 00000000 00:00 0 
7fc674b73000-7fc674b76000 ---p 00000000 00:00 0 
7fc674b76000-7fc674c74000 rw-p 00000000 00:00 0 
7fc674c74000-7fc674c77000 ---p 00000000 00:00 0 
7fc674c77000-7fc674d75000 rw-p 00000000 00:00 0 
7fc674d75000-7fc674d7a000 r-xp 00000000 08:03 927553                     /lib/x86_64-linux-gnu/libnss_dns-2.19.so
7fc674d7a000-7fc674f79000 ---p 00005000 08:03 927553                     /lib/x86_64-linux-gnu/libnss_dns-2.19.so
7fc674f79000-7fc674f7a000 r--p 00004000 08:03 927553                     /lib/x86_64-linux-gnu/libnss_dns-2.19.so
7fc674f7a000-7fc674f7b000 rw-p 00005000 08:03 927553                     /lib/x86_64-linux-gnu/libnss_dns-2.19.so
7fc674f7b000-7fc674f7d000 r-xp 00000000 08:03 923783                     /lib/x86_64-linux-gnu/libnss_mdns4_minimal.so.2
7fc674f7d000-7fc67517c000 ---p 00002000 08:03 923783                     /lib/x86_64-linux-gnu/libnss_mdns4_minimal.so.2
7fc67517c000-7fc67517d000 r--p 00001000 08:03 923783                     /lib/x86_64-linux-gnu/libnss_mdns4_minimal.so.2
7fc67517d000-7fc67517e000 rw-p 00002000 08:03 923783                     /lib/x86_64-linux-gnu/libnss_mdns4_minimal.so.2
7fc67517e000-7fc675181000 ---p 00000000 00:00 0 
7fc675181000-7fc67527f000 rw-p 00000000 00:00 0 
7fc67527f000-7fc6752f6000 r-xp 00000000 08:03 529354                     /usr/lib/x86_64-linux-gnu/nss/libfreebl3.so
7fc6752f6000-7fc6754f6000 ---p 00077000 08:03 529354                     /usr/lib/x86_64-linux-gnu/nss/libfreebl3.so
7fc6754f6000-7fc6754f7000 r--p 00077000 08:03 529354                     /usr/lib/x86_64-linux-gnu/nss/libfreebl3.so
7fc6754f7000-7fc6754f8000 rw-p 00078000 08:03 529354                     /usr/lib/x86_64-linux-gnu/nss/libfreebl3.so
7fc6754f8000-7fc6754fc000 rw-p 00000000 00:00 0 
7fc6754fc000-7fc6755b0000 r-xp 00000000 08:03 274097                     /usr/lib/x86_64-linux-gnu/libsqlite3.so.0.8.6
7fc6755b0000-7fc6757b0000 ---p 000b4000 08:03 274097                     /usr/lib/x86_64-linux-gnu/libsqlite3.so.0.8.6
7fc6757b0000-7fc6757b2000 r--p 000b4000 08:03 274097                     /usr/lib/x86_64-linux-gnu/libsqlite3.so.0.8.6
7fc6757b2000-7fc6757b4000 rw-p 000b6000 08:03 274097                     /usr/lib/x86_64-linux-gnu/libsqlite3.so.0.8.6
7fc6757b4000-7fc6757b5000 rw-p 00000000 00:00 0 
7fc6757b5000-7fc6757f6000 r-xp 00000000 08:03 529360                     /usr/lib/x86_64-linux-gnu/nss/libsoftokn3.so
7fc6757f6000-7fc6759f6000 ---p 00041000 08:03 529360                     /usr/lib/x86_64-linux-gnu/nss/libsoftokn3.so
7fc6759f6000-7fc6759f7000 r--p 00041000 08:03 529360                     /usr/lib/x86_64-linux-gnu/nss/libsoftokn3.so
7fc6759f7000-7fc6759f8000 rw-p 00042000 08:03 529360                     /usr/lib/x86_64-linux-gnu/nss/libsoftokn3.so
7fc6759f8000-7fc675a30000 r-xp 00000000 08:03 289377                     /usr/lib/x86_64-linux-gnu/libnspr4.so
7fc675a30000-7fc675c30000 ---p 00038000 08:03 289377                     /usr/lib/x86_64-linux-gnu/libnspr4.so
7fc675c30000-7fc675c31000 r--p 00038000 08:03 289377                     /usr/lib/x86_64-linux-gnu/libnspr4.so
7fc675c31000-7fc675c32000 rw-p 00039000 08:03 289377                     /usr/lib/x86_64-linux-gnu/libnspr4.so
7fc675c32000-7fc675c35000 rw-p 00000000 00:00 0 
7fc675c35000-7fc675c38000 r-xp 00000000 08:03 273321                     /usr/lib/x86_64-linux-gnu/libplds4.so
7fc675c38000-7fc675e37000 ---p 00003000 08:03 273321                     /usr/lib/x86_64-linux-gnu/libplds4.so
7fc675e37000-7fc675e38000 r--p 00002000 08:03 273321                     /usr/lib/x86_64-linux-gnu/libplds4.so
7fc675e38000-7fc675e39000 rw-p 00003000 08:03 273321                     /usr/lib/x86_64-linux-gnu/libplds4.so
7fc675e39000-7fc675e3d000 r-xp 00000000 08:03 273320                     /usr/lib/x86_64-linux-gnu/libplc4.so
7fc675e3d000-7fc67603c000 ---p 00004000 08:03 273320                     /usr/lib/x86_64-linux-gnu/libplc4.so
7fc67603c000-7fc67603d000 r--p 00003000 08:03 273320                     /usr/lib/x86_64-linux-gnu/libplc4.so
7fc67603d000-7fc67603e000 rw-p 00004000 08:03 273320                     /usr/lib/x86_64-linux-gnu/libplc4.so
7fc67603e000-7fc676063000 r-xp 00000000 08:03 273906                     /usr/lib/x86_64-linux-gnu/libnssutil3.so
7fc676063000-7fc676262000 ---p 00025000 08:03 273906                     /usr/lib/x86_64-linux-gnu/libnssutil3.so
7fc676262000-7fc676268000 r--p 00024000 08:03 273906                     /usr/lib/x86_64-linux-gnu/libnssutil3.so
7fc676268000-7fc676269000 rw-p 0002a000 08:03 273906                     /usr/lib/x86_64-linux-gnu/libnssutil3.so
7fc676269000-7fc67639b000 r-xp 00000000 08:03 273898                     /usr/lib/x86_64-linux-gnu/libnss3.so
7fc67639b000-7fc67659b000 ---p 00132000 08:03 273898                     /usr/lib/x86_64-linux-gnu/libnss3.so
7fc67659b000-7fc67659f000 r--p 00132000 08:03 273898                     /usr/lib/x86_64-linux-gnu/libnss3.so
7fc67659f000-7fc6765a1000 rw-p 00136000 08:03 273898                     /usr/lib/x86_64-linux-gnu/libnss3.so
7fc6765a1000-7fc6765a2000 rw-p 00000000 00:00 0 
7fc6765a2000-7fc6765a3000 r--s 00002000 08:03 962540                     /home/vju/.m2/repository/org/apache/maven/doxia/doxia-logging-api/1.1/doxia-logging-api-1.1.jar
7fc6765a3000-7fc6765a5000 r--s 00008000 08:03 1084108                    /home/vju/.m2/repository/org/apache/maven/shared/maven-shared-io/1.1/maven-shared-io-1.1.jar
7fc6765a5000-7fc6765a7000 r--s 00008000 08:03 1083918                    /home/vju/.m2/repository/org/apache/maven/shared/file-management/1.2.1/file-management-1.2.1.jar
7fc6765a7000-7fc6765ac000 r--s 00039000 08:03 685961                     /home/vju/.m2/repository/org/codehaus/plexus/plexus-utils/1.5.6/plexus-utils-1.5.6.jar
7fc6765ac000-7fc6765b2000 r--s 00034000 08:03 962535                     /home/vju/.m2/repository/junit/junit/4.8.2/junit-4.8.2.jar
7fc6765b2000-7fc6765ba000 r--s 00049000 08:03 814396                     /home/vju/.m2/repository/backport-util-concurrent/backport-util-concurrent/3.1/backport-util-concurrent-3.1.jar
7fc6765ba000-7fc6765ca000 r-xp 00000000 08:03 275144                     /usr/lib/jvm/java-7-openjdk-amd64/jre/lib/amd64/libj2pkcs11.so
7fc6765ca000-7fc6767c9000 ---p 00010000 08:03 275144                     /usr/lib/jvm/java-7-openjdk-amd64/jre/lib/amd64/libj2pkcs11.so
7fc6767c9000-7fc6767ca000 r--p 0000f000 08:03 275144                     /usr/lib/jvm/java-7-openjdk-amd64/jre/lib/amd64/libj2pkcs11.so
7fc6767ca000-7fc6767cb000 rw-p 00010000 08:03 275144                     /usr/lib/jvm/java-7-openjdk-amd64/jre/lib/amd64/libj2pkcs11.so
7fc6767cb000-7fc6767fc000 rw-p 00000000 00:00 0 
7fc6767fc000-7fc676839000 r-xp 00000000 08:03 923805                     /lib/x86_64-linux-gnu/libpcre.so.3.13.1
7fc676839000-7fc676a38000 ---p 0003d000 08:03 923805                     /lib/x86_64-linux-gnu/libpcre.so.3.13.1
7fc676a38000-7fc676a39000 r--p 0003c000 08:03 923805                     /lib/x86_64-linux-gnu/libpcre.so.3.13.1
7fc676a39000-7fc676a3a000 rw-p 0003d000 08:03 923805                     /lib/x86_64-linux-gnu/libpcre.so.3.13.1
7fc676a3a000-7fc676a41000 r-xp 00000000 08:03 273479                     /usr/lib/x86_64-linux-gnu/libffi.so.6.0.1
7fc676a41000-7fc676c40000 ---p 00007000 08:03 273479                     /usr/lib/x86_64-linux-gnu/libffi.so.6.0.1
7fc676c40000-7fc676c41000 r--p 00006000 08:03 273479                     /usr/lib/x86_64-linux-gnu/libffi.so.6.0.1
7fc676c41000-7fc676c42000 rw-p 00007000 08:03 273479                     /usr/lib/x86_64-linux-gnu/libffi.so.6.0.1
7fc676c42000-7fc676c59000 r-xp 00000000 08:03 927541                     /lib/x86_64-linux-gnu/libresolv-2.19.so
7fc676c59000-7fc676e59000 ---p 00017000 08:03 927541                     /lib/x86_64-linux-gnu/libresolv-2.19.so
7fc676e59000-7fc676e5a000 r--p 00017000 08:03 927541                     /lib/x86_64-linux-gnu/libresolv-2.19.so
7fc676e5a000-7fc676e5b000 rw-p 00018000 08:03 927541                     /lib/x86_64-linux-gnu/libresolv-2.19.so
7fc676e5b000-7fc676e5d000 rw-p 00000000 00:00 0 
7fc676e5d000-7fc676e7d000 r-xp 00000000 08:03 923551                     /lib/x86_64-linux-gnu/libselinux.so.1
7fc676e7d000-7fc67707c000 ---p 00020000 08:03 923551                     /lib/x86_64-linux-gnu/libselinux.so.1
7fc67707c000-7fc67707d000 r--p 0001f000 08:03 923551                     /lib/x86_64-linux-gnu/libselinux.so.1
7fc67707d000-7fc67707e000 rw-p 00020000 08:03 923551                     /lib/x86_64-linux-gnu/libselinux.so.1
7fc67707e000-7fc677080000 rw-p 00000000 00:00 0 
7fc677080000-7fc677083000 r-xp 00000000 08:03 273596                     /usr/lib/x86_64-linux-gnu/libgmodule-2.0.so.0.4000.0
7fc677083000-7fc677282000 ---p 00003000 08:03 273596                     /usr/lib/x86_64-linux-gnu/libgmodule-2.0.so.0.4000.0
7fc677282000-7fc677283000 r--p 00002000 08:03 273596                     /usr/lib/x86_64-linux-gnu/libgmodule-2.0.so.0.4000.0
7fc677283000-7fc677284000 rw-p 00003000 08:03 273596                     /usr/lib/x86_64-linux-gnu/libgmodule-2.0.so.0.4000.0
7fc677284000-7fc67738a000 r-xp 00000000 08:03 923733                     /lib/x86_64-linux-gnu/libglib-2.0.so.0.4000.0
7fc67738a000-7fc677589000 ---p 00106000 08:03 923733                     /lib/x86_64-linux-gnu/libglib-2.0.so.0.4000.0
7fc677589000-7fc67758a000 r--p 00105000 08:03 923733                     /lib/x86_64-linux-gnu/libglib-2.0.so.0.4000.0
7fc67758a000-7fc67758b000 rw-p 00106000 08:03 923733                     /lib/x86_64-linux-gnu/libglib-2.0.so.0.4000.0
7fc67758b000-7fc67758c000 rw-p 00000000 00:00 0 
7fc67758c000-7fc6775db000 r-xp 00000000 08:03 273612                     /usr/lib/x86_64-linux-gnu/libgobject-2.0.so.0.4000.0
7fc6775db000-7fc6777db000 ---p 0004f000 08:03 273612                     /usr/lib/x86_64-linux-gnu/libgobject-2.0.so.0.4000.0
7fc6777db000-7fc6777dc000 r--p 0004f000 08:03 273612                     /usr/lib/x86_64-linux-gnu/libgobject-2.0.so.0.4000.0
7fc6777dc000-7fc6777dd000 rw-p 00050000 08:03 273612                     /usr/lib/x86_64-linux-gnu/libgobject-2.0.so.0.4000.0
7fc6777dd000-7fc677948000 r-xp 00000000 08:03 273582                     /usr/lib/x86_64-linux-gnu/libgio-2.0.so.0.4000.0
7fc677948000-7fc677b48000 ---p 0016b000 08:03 273582                     /usr/lib/x86_64-linux-gnu/libgio-2.0.so.0.4000.0
7fc677b48000-7fc677b4c000 r--p 0016b000 08:03 273582                     /usr/lib/x86_64-linux-gnu/libgio-2.0.so.0.4000.0
7fc677b4c000-7fc677b4e000 rw-p 0016f000 08:03 273582                     /usr/lib/x86_64-linux-gnu/libgio-2.0.so.0.4000.0
7fc677b4e000-7fc677b50000 rw-p 00000000 00:00 0 
7fc677b50000-7fc677b51000 r--s 00002000 08:03 962537                     /home/vju/.m2/repository/org/apache/maven/reporting/maven-reporting-api/2.2.1/maven-reporting-api-2.2.1.jar
7fc677b51000-7fc677b53000 r--s 0000b000 08:03 1091052                    /home/vju/.m2/repository/org/codehaus/plexus/plexus-interpolation/1.11/plexus-interpolation-1.11.jar
7fc677b53000-7fc677b55000 r--s 0000a000 08:03 418838                     /home/vju/.m2/repository/org/jacoco/jacoco-maven-plugin/0.7.1.201405082137/jacoco-maven-plugin-0.7.1.201405082137.jar
7fc677b55000-7fc677b5e000 r--s 000b9000 08:03 275080                     /usr/lib/jvm/java-7-openjdk-amd64/jre/lib/resources.jar
7fc677b5e000-7fc677b61000 r--s 00017000 08:03 275071                     /usr/lib/jvm/java-7-openjdk-amd64/jre/lib/jce.jar
7fc677b61000-7fc677b66000 r--s 0004c000 08:03 275099                     /usr/lib/jvm/java-7-openjdk-amd64/jre/lib/jsse.jar
7fc677b66000-7fc677b68000 r--s 00005000 08:03 544984                     /usr/share/java/maven3-repository-metadata-3.0.5.jar
7fc677b68000-7fc677b7e000 r-xp 00000000 08:03 275130                     /usr/lib/jvm/java-7-openjdk-amd64/jre/lib/amd64/libnet.so
7fc677b7e000-7fc677d7e000 ---p 00016000 08:03 275130                     /usr/lib/jvm/java-7-openjdk-amd64/jre/lib/amd64/libnet.so
7fc677d7e000-7fc677d7f000 r--p 00016000 08:03 275130                     /usr/lib/jvm/java-7-openjdk-amd64/jre/lib/amd64/libnet.so
7fc677d7f000-7fc677d80000 rw-p 00017000 08:03 275130                     /usr/lib/jvm/java-7-openjdk-amd64/jre/lib/amd64/libnet.so
7fc677d80000-7fc677d90000 r-xp 00000000 08:03 275139                     /usr/lib/jvm/java-7-openjdk-amd64/jre/lib/amd64/libnio.so
7fc677d90000-7fc677f90000 ---p 00010000 08:03 275139                     /usr/lib/jvm/java-7-openjdk-amd64/jre/lib/amd64/libnio.so
7fc677f90000-7fc677f91000 r--p 00010000 08:03 275139                     /usr/lib/jvm/java-7-openjdk-amd64/jre/lib/amd64/libnio.so
7fc677f91000-7fc677f92000 rw-p 00011000 08:03 275139                     /usr/lib/jvm/java-7-openjdk-amd64/jre/lib/amd64/libnio.so
7fc677f92000-7fc677f95000 r--s 00013000 08:03 1079748                    /usr/share/maven-repo/org/sonatype/aether/aether-api/1.13.1/aether-api-1.13.1.jar
7fc677f95000-7fc677fb1000 r--s 00110000 08:03 544959                     /usr/share/java/wagon-http-shaded-2.x.jar
7fc677fb1000-7fc677fb3000 r--s 0000a000 08:03 544985                     /usr/share/java/maven3-artifact-3.0.5.jar
7fc677fb3000-7fc677fb5000 r--s 00007000 08:03 544524                     /usr/share/java/commons-cli-1.2.jar
7fc677fb5000-7fc677fb9000 r--s 0001c000 08:03 804553                     /usr/share/maven-repo/org/sonatype/aether/aether-util/1.13.1/aether-util-1.13.1.jar
7fc677fb9000-7fc677fbb000 r--s 00025000 08:03 544980                     /usr/share/java/maven3-model-3.0.5.jar
7fc677fbb000-7fc677fc7000 r--s 00082000 08:03 544837                     /usr/share/java/sisu-guice.jar
7fc677fc7000-7fc677fc9000 r--s 0000b000 08:03 544979                     /usr/share/java/maven3-aether-provider-3.0.5.jar
7fc677fc9000-7fc677fcb000 r--s 00009000 08:03 544983                     /usr/share/java/maven3-settings-3.0.5.jar
7fc677fcb000-7fc677fd7000 r--s 0007c000 08:03 544981                     /usr/share/java/maven3-core-3.0.5.jar
7fc677fd7000-7fc678000000 r--s 001e9000 08:03 544533                     /usr/share/java/guava.jar
7fc678000000-7fc678021000 rw-p 00000000 00:00 0 
7fc678021000-7fc67c000000 ---p 00000000 00:00 0 
7fc67c000000-7fc67c006000 r--s 00046000 08:03 544668                     /usr/share/java/commons-httpclient-3.1.jar
7fc67c006000-7fc67c008000 r--s 00007000 08:03 544986                     /usr/share/java/maven3-settings-builder-3.0.5.jar
7fc67c008000-7fc67c00c000 r--s 00033000 08:03 544819                     /usr/share/java/plexus-utils2-2.0.5.jar
7fc67c00c000-7fc67c012000 r--s 0002c000 08:03 544842                     /usr/share/java/sisu-inject-plexus.jar
7fc67c012000-7fc67c013000 r--s 00001000 08:03 544952                     /usr/share/java/wagon-file-2.x.jar
7fc67c013000-7fc67c015000 r--s 0000a000 08:03 544951                     /usr/share/java/wagon-provider-api-2.x.jar
7fc67c015000-7fc67c016000 ---p 00000000 00:00 0 
7fc67c016000-7fc67c116000 rw-p 00000000 00:00 0                          [stack:608]
7fc67c116000-7fc67c119000 ---p 00000000 00:00 0 
7fc67c119000-7fc67c217000 rw-p 00000000 00:00 0                          [stack:607]
7fc67c217000-7fc67c21a000 ---p 00000000 00:00 0 
7fc67c21a000-7fc67c318000 rw-p 00000000 00:00 0                          [stack:606]
7fc67c318000-7fc67c31b000 ---p 00000000 00:00 0 
7fc67c31b000-7fc67c419000 rw-p 00000000 00:00 0                          [stack:605]
7fc67c419000-7fc67c41c000 ---p 00000000 00:00 0 
7fc67c41c000-7fc67c51a000 rw-p 00000000 00:00 0                          [stack:604]
7fc67c51a000-7fc67cd6c000 r--p 00000000 08:03 270875                     /usr/lib/locale/locale-archive
7fc67cd6c000-7fc67cd6f000 ---p 00000000 00:00 0 
7fc67cd6f000-7fc67ce6d000 rw-p 00000000 00:00 0                          [stack:603]
7fc67ce6d000-7fc67ce70000 ---p 00000000 00:00 0 
7fc67ce70000-7fc67cf6e000 rw-p 00000000 00:00 0                          [stack:602]
7fc67cf6e000-7fc67cf6f000 ---p 00000000 00:00 0 
7fc67cf6f000-7fc680000000 rw-p 00000000 00:00 0                          [stack:601]
7fc680000000-7fc680021000 rw-p 00000000 00:00 0 
7fc680021000-7fc684000000 ---p 00000000 00:00 0 
7fc684000000-7fc684001000 r--s 00006000 08:03 544666                     /usr/share/java/plexus-sec-dispatcher.jar
7fc684001000-7fc684003000 r--s 00000000 08:03 544826                     /usr/share/java/plexus-component-annotations-1.5-1.5.5.jar
7fc684003000-7fc684004000 r--s 0000d000 08:03 543668                     /usr/share/java/commons-logging-1.1.3.jar
7fc684004000-7fc68400a000 r--s 0003e000 08:03 544987                     /usr/share/java/maven3-compat-3.0.5.jar
7fc68400a000-7fc68400c000 r--s 0000e000 08:03 544561                     /usr/share/java/plexus-interpolation.jar
7fc68400c000-7fc68400f000 r--s 0001d000 08:03 1080348                    /usr/share/maven-repo/org/sonatype/aether/aether-impl/1.13.1/aether-impl-1.13.1.jar
7fc68400f000-7fc684016000 r--s 0003b000 08:03 544549                     /usr/share/java/commons-codec-1.9.jar
7fc684016000-7fc684018000 r--s 00008000 08:03 544982                     /usr/share/java/maven3-embedder-3.0.5.jar
7fc684018000-7fc68401a000 r--s 00006000 08:03 1080360                    /usr/share/maven-repo/org/sonatype/aether/aether-connector-wagon/1.13.1/aether-connector-wagon-1.13.1.jar
7fc68401a000-7fc68401c000 r--s 00002000 08:03 544664                     /usr/share/java/plexus-cipher.jar
7fc68401c000-7fc684368000 rw-p 00000000 00:00 0 
7fc684368000-7fc684516000 r--s 01cfc000 08:03 275069                     /usr/lib/jvm/java-7-openjdk-amd64/jre/lib/rt.jar
7fc684516000-7fc68483d000 rw-p 00000000 00:00 0 
7fc68483d000-7fc68483e000 ---p 00000000 00:00 0 
7fc68483e000-7fc68493e000 rw-p 00000000 00:00 0                          [stack:600]
7fc68493e000-7fc68493f000 ---p 00000000 00:00 0 
7fc68493f000-7fc684a3f000 rw-p 00000000 00:00 0                          [stack:599]
7fc684a3f000-7fc684a40000 ---p 00000000 00:00 0 
7fc684a40000-7fc684b40000 rw-p 00000000 00:00 0                          [stack:598]
7fc684b40000-7fc684b41000 ---p 00000000 00:00 0 
7fc684b41000-7fc684c4e000 rw-p 00000000 00:00 0                          [stack:597]
7fc684c4e000-7fc684c94000 rw-p 00000000 00:00 0 
7fc684c94000-7fc684ca8000 rw-p 00000000 00:00 0 
7fc684ca8000-7fc684dd1000 rw-p 00000000 00:00 0 
7fc684dd1000-7fc684dde000 rw-p 00000000 00:00 0 
7fc684dde000-7fc684e24000 rw-p 00000000 00:00 0 
7fc684e24000-7fc684e38000 rw-p 00000000 00:00 0 
7fc684e38000-7fc684f60000 rw-p 00000000 00:00 0 
7fc684f60000-7fc684fa5000 rw-p 00000000 00:00 0 
7fc684fa5000-7fc684fa7000 ---p 00000000 00:00 0 
7fc684fa7000-7fc684fff000 rw-p 00000000 00:00 0 
7fc684fff000-7fc685000000 rw-p 00000000 00:00 0 
7fc685000000-7fc6852b0000 rwxp 00000000 00:00 0 
7fc6852b0000-7fc6891a3000 rw-p 00000000 00:00 0 
7fc6891a3000-7fc68c000000 ---p 00000000 00:00 0 
7fc68c000000-7fc68c001000 r--s 00003000 08:03 923393                     /usr/share/maven-repo/org/sonatype/aether/aether-spi/1.13.1/aether-spi-1.13.1.jar
7fc68c001000-7fc68c008000 r--s 00040000 08:03 544847                     /usr/share/java/sisu-inject-bean.jar
7fc68c008000-7fc68c00c000 r--s 00020000 08:03 544989                     /usr/share/java/maven3-model-builder-3.0.5.jar
7fc68c00c000-7fc68c014000 r-xp 00000000 08:03 275125                     /usr/lib/jvm/java-7-openjdk-amd64/jre/lib/amd64/libzip.so
7fc68c014000-7fc68c213000 ---p 00008000 08:03 275125                     /usr/lib/jvm/java-7-openjdk-amd64/jre/lib/amd64/libzip.so
7fc68c213000-7fc68c214000 r--p 00007000 08:03 275125                     /usr/lib/jvm/java-7-openjdk-amd64/jre/lib/amd64/libzip.so
7fc68c214000-7fc68c215000 rw-p 00008000 08:03 275125                     /usr/lib/jvm/java-7-openjdk-amd64/jre/lib/amd64/libzip.so
7fc68c215000-7fc68c220000 r-xp 00000000 08:03 927561                     /lib/x86_64-linux-gnu/libnss_files-2.19.so
7fc68c220000-7fc68c41f000 ---p 0000b000 08:03 927561                     /lib/x86_64-linux-gnu/libnss_files-2.19.so
7fc68c41f000-7fc68c420000 r--p 0000a000 08:03 927561                     /lib/x86_64-linux-gnu/libnss_files-2.19.so
7fc68c420000-7fc68c421000 rw-p 0000b000 08:03 927561                     /lib/x86_64-linux-gnu/libnss_files-2.19.so
7fc68c421000-7fc68c42c000 r-xp 00000000 08:03 927535                     /lib/x86_64-linux-gnu/libnss_nis-2.19.so
7fc68c42c000-7fc68c62b000 ---p 0000b000 08:03 927535                     /lib/x86_64-linux-gnu/libnss_nis-2.19.so
7fc68c62b000-7fc68c62c000 r--p 0000a000 08:03 927535                     /lib/x86_64-linux-gnu/libnss_nis-2.19.so
7fc68c62c000-7fc68c62d000 rw-p 0000b000 08:03 927535                     /lib/x86_64-linux-gnu/libnss_nis-2.19.so
7fc68c62d000-7fc68c644000 r-xp 00000000 08:03 927563                     /lib/x86_64-linux-gnu/libnsl-2.19.so
7fc68c644000-7fc68c843000 ---p 00017000 08:03 927563                     /lib/x86_64-linux-gnu/libnsl-2.19.so
7fc68c843000-7fc68c844000 r--p 00016000 08:03 927563                     /lib/x86_64-linux-gnu/libnsl-2.19.so
7fc68c844000-7fc68c845000 rw-p 00017000 08:03 927563                     /lib/x86_64-linux-gnu/libnsl-2.19.so
7fc68c845000-7fc68c847000 rw-p 00000000 00:00 0 
7fc68c847000-7fc68c850000 r-xp 00000000 08:03 927556                     /lib/x86_64-linux-gnu/libnss_compat-2.19.so
7fc68c850000-7fc68ca4f000 ---p 00009000 08:03 927556                     /lib/x86_64-linux-gnu/libnss_compat-2.19.so
7fc68ca4f000-7fc68ca50000 r--p 00008000 08:03 927556                     /lib/x86_64-linux-gnu/libnss_compat-2.19.so
7fc68ca50000-7fc68ca51000 rw-p 00009000 08:03 927556                     /lib/x86_64-linux-gnu/libnss_compat-2.19.so
7fc68ca51000-7fc68ca7c000 r-xp 00000000 08:03 275121                     /usr/lib/jvm/java-7-openjdk-amd64/jre/lib/amd64/libjava.so
7fc68ca7c000-7fc68cc7b000 ---p 0002b000 08:03 275121                     /usr/lib/jvm/java-7-openjdk-amd64/jre/lib/amd64/libjava.so
7fc68cc7b000-7fc68cc7c000 r--p 0002a000 08:03 275121                     /usr/lib/jvm/java-7-openjdk-amd64/jre/lib/amd64/libjava.so
7fc68cc7c000-7fc68cc7e000 rw-p 0002b000 08:03 275121                     /usr/lib/jvm/java-7-openjdk-amd64/jre/lib/amd64/libjava.so
7fc68cc7e000-7fc68cc8e000 r-xp 00000000 08:03 275154                     /usr/lib/jvm/java-7-openjdk-amd64/jre/lib/amd64/libverify.so
7fc68cc8e000-7fc68ce8d000 ---p 00010000 08:03 275154                     /usr/lib/jvm/java-7-openjdk-amd64/jre/lib/amd64/libverify.so
7fc68ce8d000-7fc68ce8f000 r--p 0000f000 08:03 275154                     /usr/lib/jvm/java-7-openjdk-amd64/jre/lib/amd64/libverify.so
7fc68ce8f000-7fc68ce90000 rw-p 00011000 08:03 275154                     /usr/lib/jvm/java-7-openjdk-amd64/jre/lib/amd64/libverify.so
7fc68ce90000-7fc68ce97000 r-xp 00000000 08:03 927559                     /lib/x86_64-linux-gnu/librt-2.19.so
7fc68ce97000-7fc68d096000 ---p 00007000 08:03 927559                     /lib/x86_64-linux-gnu/librt-2.19.so
7fc68d096000-7fc68d097000 r--p 00006000 08:03 927559                     /lib/x86_64-linux-gnu/librt-2.19.so
7fc68d097000-7fc68d098000 rw-p 00007000 08:03 927559                     /lib/x86_64-linux-gnu/librt-2.19.so
7fc68d098000-7fc68d0ae000 r-xp 00000000 08:03 923729                     /lib/x86_64-linux-gnu/libgcc_s.so.1
7fc68d0ae000-7fc68d2ad000 ---p 00016000 08:03 923729                     /lib/x86_64-linux-gnu/libgcc_s.so.1
7fc68d2ad000-7fc68d2ae000 rw-p 00015000 08:03 923729                     /lib/x86_64-linux-gnu/libgcc_s.so.1
7fc68d2ae000-7fc68d3b3000 r-xp 00000000 08:03 927560                     /lib/x86_64-linux-gnu/libm-2.19.so
7fc68d3b3000-7fc68d5b2000 ---p 00105000 08:03 927560                     /lib/x86_64-linux-gnu/libm-2.19.so
7fc68d5b2000-7fc68d5b3000 r--p 00104000 08:03 927560                     /lib/x86_64-linux-gnu/libm-2.19.so
7fc68d5b3000-7fc68d5b4000 rw-p 00105000 08:03 927560                     /lib/x86_64-linux-gnu/libm-2.19.so
7fc68d5b4000-7fc68d69a000 r-xp 00000000 08:03 274107                     /usr/lib/x86_64-linux-gnu/libstdc++.so.6.0.19
7fc68d69a000-7fc68d899000 ---p 000e6000 08:03 274107                     /usr/lib/x86_64-linux-gnu/libstdc++.so.6.0.19
7fc68d899000-7fc68d8a1000 r--p 000e5000 08:03 274107                     /usr/lib/x86_64-linux-gnu/libstdc++.so.6.0.19
7fc68d8a1000-7fc68d8a3000 rw-p 000ed000 08:03 274107                     /usr/lib/x86_64-linux-gnu/libstdc++.so.6.0.19
7fc68d8a3000-7fc68d8b8000 rw-p 00000000 00:00 0 
7fc68d8b8000-7fc68e399000 r-xp 00000000 08:03 275136                     /usr/lib/jvm/java-7-openjdk-amd64/jre/lib/amd64/server/libjvm.so
7fc68e399000-7fc68e598000 ---p 00ae1000 08:03 275136                     /usr/lib/jvm/java-7-openjdk-amd64/jre/lib/amd64/server/libjvm.so
7fc68e598000-7fc68e62a000 r--p 00ae0000 08:03 275136                     /usr/lib/jvm/java-7-openjdk-amd64/jre/lib/amd64/server/libjvm.so
7fc68e62a000-7fc68e64d000 rw-p 00b72000 08:03 275136                     /usr/lib/jvm/java-7-openjdk-amd64/jre/lib/amd64/server/libjvm.so
7fc68e64d000-7fc68e67a000 rw-p 00000000 00:00 0 
7fc68e67a000-7fc68e692000 r-xp 00000000 08:03 923865                     /lib/x86_64-linux-gnu/libz.so.1.2.8
7fc68e692000-7fc68e891000 ---p 00018000 08:03 923865                     /lib/x86_64-linux-gnu/libz.so.1.2.8
7fc68e891000-7fc68e892000 r--p 00017000 08:03 923865                     /lib/x86_64-linux-gnu/libz.so.1.2.8
7fc68e892000-7fc68e893000 rw-p 00018000 08:03 923865                     /lib/x86_64-linux-gnu/libz.so.1.2.8
7fc68e893000-7fc68e8ac000 r-xp 00000000 08:03 927566                     /lib/x86_64-linux-gnu/libpthread-2.19.so
7fc68e8ac000-7fc68eaab000 ---p 00019000 08:03 927566                     /lib/x86_64-linux-gnu/libpthread-2.19.so
7fc68eaab000-7fc68eaac000 r--p 00018000 08:03 927566                     /lib/x86_64-linux-gnu/libpthread-2.19.so
7fc68eaac000-7fc68eaad000 rw-p 00019000 08:03 927566                     /lib/x86_64-linux-gnu/libpthread-2.19.so
7fc68eaad000-7fc68eab1000 rw-p 00000000 00:00 0 
7fc68eab1000-7fc68eab4000 r-xp 00000000 08:03 927551                     /lib/x86_64-linux-gnu/libdl-2.19.so
7fc68eab4000-7fc68ecb3000 ---p 00003000 08:03 927551                     /lib/x86_64-linux-gnu/libdl-2.19.so
7fc68ecb3000-7fc68ecb4000 r--p 00002000 08:03 927551                     /lib/x86_64-linux-gnu/libdl-2.19.so
7fc68ecb4000-7fc68ecb5000 rw-p 00003000 08:03 927551                     /lib/x86_64-linux-gnu/libdl-2.19.so
7fc68ecb5000-7fc68ee71000 r-xp 00000000 08:03 927564                     /lib/x86_64-linux-gnu/libc-2.19.so
7fc68ee71000-7fc68f070000 ---p 001bc000 08:03 927564                     /lib/x86_64-linux-gnu/libc-2.19.so
7fc68f070000-7fc68f074000 r--p 001bb000 08:03 927564                     /lib/x86_64-linux-gnu/libc-2.19.so
7fc68f074000-7fc68f076000 rw-p 001bf000 08:03 927564                     /lib/x86_64-linux-gnu/libc-2.19.so
7fc68f076000-7fc68f07b000 rw-p 00000000 00:00 0 
7fc68f07b000-7fc68f088000 r-xp 00000000 08:03 275147                     /usr/lib/jvm/java-7-openjdk-amd64/jre/lib/amd64/jli/libjli.so
7fc68f088000-7fc68f287000 ---p 0000d000 08:03 275147                     /usr/lib/jvm/java-7-openjdk-amd64/jre/lib/amd64/jli/libjli.so
7fc68f287000-7fc68f288000 r--p 0000c000 08:03 275147                     /usr/lib/jvm/java-7-openjdk-amd64/jre/lib/amd64/jli/libjli.so
7fc68f288000-7fc68f289000 rw-p 0000d000 08:03 275147                     /usr/lib/jvm/java-7-openjdk-amd64/jre/lib/amd64/jli/libjli.so
7fc68f289000-7fc68f2ac000 r-xp 00000000 08:03 927549                     /lib/x86_64-linux-gnu/ld-2.19.so
7fc68f2ac000-7fc68f2ae000 r--s 00009000 08:03 544988                     /usr/share/java/maven3-plugin-api-3.0.5.jar
7fc68f2ae000-7fc68f2b0000 r--s 0000a000 08:03 544504                     /usr/share/java/plexus-classworlds2-2.5.1.jar
7fc68f2b0000-7fc68f2b4000 r--s 0003b000 08:03 275077                     /usr/lib/jvm/java-7-openjdk-amd64/jre/lib/ext/sunpkcs11.jar
7fc68f2b4000-7fc68f2b5000 r--s 00002000 08:03 275078                     /usr/lib/jvm/java-7-openjdk-amd64/jre/lib/ext/dnsns.jar
7fc68f2b5000-7fc68f2d6000 rw-p 00000000 00:00 0 
7fc68f2d6000-7fc68f38b000 rw-p 00000000 00:00 0 
7fc68f38b000-7fc68f38e000 ---p 00000000 00:00 0 
7fc68f38e000-7fc68f491000 rw-p 00000000 00:00 0                          [stack:596]
7fc68f491000-7fc68f494000 r--s 00032000 08:03 275075                     /usr/lib/jvm/java-7-openjdk-amd64/jre/lib/ext/sunjce_provider.jar
7fc68f494000-7fc68f496000 r--s 00006000 08:03 541875                     /usr/share/java/java-atk-wrapper.jar
7fc68f496000-7fc68f498000 r--s 00012000 08:03 275074                     /usr/lib/jvm/java-7-openjdk-amd64/jre/lib/ext/zipfs.jar
7fc68f498000-7fc68f49c000 r--s 00085000 08:03 275076                     /usr/lib/jvm/java-7-openjdk-amd64/jre/lib/ext/localedata.jar
7fc68f49c000-7fc68f49f000 r--s 0000f000 08:03 275073                     /usr/lib/jvm/java-7-openjdk-amd64/jre/lib/ext/pulse-java.jar
7fc68f49f000-7fc68f4a7000 rw-s 00000000 08:03 798099                     /tmp/hsperfdata_vju/575
7fc68f4a7000-7fc68f4a8000 rw-p 00000000 00:00 0 
7fc68f4a8000-7fc68f4a9000 ---p 00000000 00:00 0 
7fc68f4a9000-7fc68f4ab000 rw-p 00000000 00:00 0 
7fc68f4ab000-7fc68f4ac000 r--p 00022000 08:03 927549                     /lib/x86_64-linux-gnu/ld-2.19.so
7fc68f4ac000-7fc68f4ad000 rw-p 00023000 08:03 927549                     /lib/x86_64-linux-gnu/ld-2.19.so
7fc68f4ad000-7fc68f4ae000 rw-p 00000000 00:00 0 
7fffdb166000-7fffdb187000 rw-p 00000000 00:00 0                          [stack]
7fffdb1fe000-7fffdb200000 r-xp 00000000 00:00 0                          [vdso]
ffffffffff600000-ffffffffff601000 r-xp 00000000 00:00 0                  [vsyscall]

VM Arguments:
jvm_args: -Dclassworlds.conf=/usr/share/maven/bin/m2.conf -Dmaven.home=/usr/share/maven 
java_command: org.codehaus.plexus.classworlds.launcher.Launcher wildfly:deploy
Launcher Type: SUN_STANDARD

Environment Variables:
JAVA_HOME=/usr/lib/jvm/java-7-openjdk-amd64
PATH=/usr/local/sbin:/usr/local/bin:/usr/sbin:/usr/bin:/sbin:/bin:/usr/games:/usr/local/games
SHELL=/bin/bash
DISPLAY=:0

Signal Handlers:
SIGSEGV: [libjvm.so+0x918620], sa_mask[0]=0x7ffbfeff, sa_flags=0x10000004
SIGBUS: [libjvm.so+0x918620], sa_mask[0]=0x7ffbfeff, sa_flags=0x10000004
SIGFPE: [libjvm.so+0x795e30], sa_mask[0]=0x7ffbfeff, sa_flags=0x10000004
SIGPIPE: SIG_IGN, sa_mask[0]=0x00000000, sa_flags=0x00000000
SIGXFSZ: [libjvm.so+0x795e30], sa_mask[0]=0x7ffbfeff, sa_flags=0x10000004
SIGILL: [libjvm.so+0x795e30], sa_mask[0]=0x7ffbfeff, sa_flags=0x10000004
SIGUSR1: SIG_DFL, sa_mask[0]=0x00000000, sa_flags=0x00000000
SIGUSR2: [libjvm.so+0x795cd0], sa_mask[0]=0x00000000, sa_flags=0x10000004
SIGHUP: [libjvm.so+0x795eb0], sa_mask[0]=0x7ffbfeff, sa_flags=0x10000004
SIGINT: [libjvm.so+0x795eb0], sa_mask[0]=0x7ffbfeff, sa_flags=0x10000004
SIGTERM: [libjvm.so+0x795eb0], sa_mask[0]=0x7ffbfeff, sa_flags=0x10000004
SIGQUIT: [libjvm.so+0x795eb0], sa_mask[0]=0x7ffbfeff, sa_flags=0x10000004


---------------  S Y S T E M  ---------------

OS:Ubuntu 14.04 (trusty)
uname:Linux 3.13.0-34-generic #60-Ubuntu SMP Wed Aug 13 15:45:27 UTC 2014 x86_64
libc:glibc 2.19 NPTL 2.19 
rlimit: STACK 8192k, CORE 0k, NPROC 30179, NOFILE 4096, AS infinity
load average:0,85 0,52 0,44

/proc/meminfo:
MemTotal:        3884548 kB
MemFree:          127100 kB
Buffers:            4508 kB
Cached:           408080 kB
SwapCached:        47080 kB
Active:          2556808 kB
Inactive:         854432 kB
Active(anon):    2537688 kB
Inactive(anon):   834440 kB
Active(file):      19120 kB
Inactive(file):    19992 kB
Unevictable:           0 kB
Mlocked:               0 kB
SwapTotal:       2997244 kB
SwapFree:          14044 kB
Dirty:              1876 kB
Writeback:             0 kB
AnonPages:       2954532 kB
Mapped:           128404 kB
Shmem:            373480 kB
Slab:              87876 kB
SReclaimable:      35444 kB
SUnreclaim:        52432 kB
KernelStack:        9144 kB
PageTables:        88128 kB
NFS_Unstable:          0 kB
Bounce:                0 kB
WritebackTmp:          0 kB
CommitLimit:     4939516 kB
Committed_AS:   13828456 kB
VmallocTotal:   34359738367 kB
VmallocUsed:      600048 kB
VmallocChunk:   34359065932 kB
HardwareCorrupted:     0 kB
AnonHugePages:   1013760 kB
HugePages_Total:       0
HugePages_Free:        0
HugePages_Rsvd:        0
HugePages_Surp:        0
Hugepagesize:       2048 kB
DirectMap4k:       72444 kB
DirectMap2M:     3956736 kB


CPU:total 4 (2 cores per cpu, 2 threads per core) family 6 model 58 stepping 9, cmov, cx8, fxsr, mmx, sse, sse2, sse3, ssse3, sse4.1, sse4.2, popcnt, avx, aes, erms, ht, tsc, tscinvbit, tscinv

/proc/cpuinfo:
processor	: 0
vendor_id	: GenuineIntel
cpu family	: 6
model		: 58
model name	: Intel(R) Core(TM) i5-3317U CPU @ 1.70GHz
stepping	: 9
microcode	: 0x12
cpu MHz		: 799.000
cache size	: 3072 KB
physical id	: 0
siblings	: 4
core id		: 0
cpu cores	: 2
apicid		: 0
initial apicid	: 0
fpu		: yes
fpu_exception	: yes
cpuid level	: 13
wp		: yes
flags		: fpu vme de pse tsc msr pae mce cx8 apic sep mtrr pge mca cmov pat pse36 clflush dts acpi mmx fxsr sse sse2 ss ht tm pbe syscall nx rdtscp lm constant_tsc arch_perfmon pebs bts rep_good nopl xtopology nonstop_tsc aperfmperf eagerfpu pni pclmulqdq dtes64 monitor ds_cpl vmx est tm2 ssse3 cx16 xtpr pdcm pcid sse4_1 sse4_2 x2apic popcnt tsc_deadline_timer aes xsave avx f16c rdrand lahf_lm ida arat epb xsaveopt pln pts dtherm tpr_shadow vnmi flexpriority ept vpid fsgsbase smep erms
bogomips	: 3392.31
clflush size	: 64
cache_alignment	: 64
address sizes	: 36 bits physical, 48 bits virtual
power management:

processor	: 1
vendor_id	: GenuineIntel
cpu family	: 6
model		: 58
model name	: Intel(R) Core(TM) i5-3317U CPU @ 1.70GHz
stepping	: 9
microcode	: 0x12
cpu MHz		: 1701.000
cache size	: 3072 KB
physical id	: 0
siblings	: 4
core id		: 0
cpu cores	: 2
apicid		: 1
initial apicid	: 1
fpu		: yes
fpu_exception	: yes
cpuid level	: 13
wp		: yes
flags		: fpu vme de pse tsc msr pae mce cx8 apic sep mtrr pge mca cmov pat pse36 clflush dts acpi mmx fxsr sse sse2 ss ht tm pbe syscall nx rdtscp lm constant_tsc arch_perfmon pebs bts rep_good nopl xtopology nonstop_tsc aperfmperf eagerfpu pni pclmulqdq dtes64 monitor ds_cpl vmx est tm2 ssse3 cx16 xtpr pdcm pcid sse4_1 sse4_2 x2apic popcnt tsc_deadline_timer aes xsave avx f16c rdrand lahf_lm ida arat epb xsaveopt pln pts dtherm tpr_shadow vnmi flexpriority ept vpid fsgsbase smep erms
bogomips	: 3392.31
clflush size	: 64
cache_alignment	: 64
address sizes	: 36 bits physical, 48 bits virtual
power management:

processor	: 2
vendor_id	: GenuineIntel
cpu family	: 6
model		: 58
model name	: Intel(R) Core(TM) i5-3317U CPU @ 1.70GHz
stepping	: 9
microcode	: 0x12
cpu MHz		: 1100.000
cache size	: 3072 KB
physical id	: 0
siblings	: 4
core id		: 1
cpu cores	: 2
apicid		: 2
initial apicid	: 2
fpu		: yes
fpu_exception	: yes
cpuid level	: 13
wp		: yes
flags		: fpu vme de pse tsc msr pae mce cx8 apic sep mtrr pge mca cmov pat pse36 clflush dts acpi mmx fxsr sse sse2 ss ht tm pbe syscall nx rdtscp lm constant_tsc arch_perfmon pebs bts rep_good nopl xtopology nonstop_tsc aperfmperf eagerfpu pni pclmulqdq dtes64 monitor ds_cpl vmx est tm2 ssse3 cx16 xtpr pdcm pcid sse4_1 sse4_2 x2apic popcnt tsc_deadline_timer aes xsave avx f16c rdrand lahf_lm ida arat epb xsaveopt pln pts dtherm tpr_shadow vnmi flexpriority ept vpid fsgsbase smep erms
bogomips	: 3392.31
clflush size	: 64
cache_alignment	: 64
address sizes	: 36 bits physical, 48 bits virtual
power management:

processor	: 3
vendor_id	: GenuineIntel
cpu family	: 6
model		: 58
model name	: Intel(R) Core(TM) i5-3317U CPU @ 1.70GHz
stepping	: 9
microcode	: 0x12
cpu MHz		: 799.000
cache size	: 3072 KB
physical id	: 0
siblings	: 4
core id		: 1
cpu cores	: 2
apicid		: 3
initial apicid	: 3
fpu		: yes
fpu_exception	: yes
cpuid level	: 13
wp		: yes
flags		: fpu vme de pse tsc msr pae mce cx8 apic sep mtrr pge mca cmov pat pse36 clflush dts acpi mmx fxsr sse sse2 ss ht tm pbe syscall nx rdtscp lm constant_tsc arch_perfmon pebs bts rep_good nopl xtopology nonstop_tsc aperfmperf eagerfpu pni pclmulqdq dtes64 monitor ds_cpl vmx est tm2 ssse3 cx16 xtpr pdcm pcid sse4_1 sse4_2 x2apic popcnt tsc_deadline_timer aes xsave avx f16c rdrand lahf_lm ida arat epb xsaveopt pln pts dtherm tpr_shadow vnmi flexpriority ept vpid fsgsbase smep erms
bogomips	: 3392.31
clflush size	: 64
cache_alignment	: 64
address sizes	: 36 bits physical, 48 bits virtual
power management:



Memory: 4k page, physical 3884548k(127100k free), swap 2997244k(14044k free)

vm_info: OpenJDK 64-Bit Server VM (24.51-b03) for linux-amd64 JRE (1.7.0_55-b14), built on Apr 17 2014 20:08:07 by "buildd" with gcc 4.8.2

time: Sat Sep  6 11:58:46 2014
elapsed time: 16 seconds

