#
# There is insufficient memory for the Java Runtime Environment to continue.
# Native memory allocation (malloc) failed to allocate 74448896 bytes for committing reserved memory.
# Possible reasons:
#   The system is out of physical RAM or swap space
#   In 32 bit mode, the process size limit was hit
# Possible solutions:
#   Reduce memory load on the system
#   Increase physical memory or swap space
#   Check if swap backing store is full
#   Use 64 bit Java on a 64 bit OS
#   Decrease Java heap size (-Xmx/-Xms)
#   Decrease number of Java threads
#   Decrease Java thread stack sizes (-Xss)
#   Set larger code cache with -XX:ReservedCodeCacheSize=
# This output file may be truncated or incomplete.
#
#  Out of Memory Error (os_linux.cpp:2769), pid=14817, tid=140269683164928
#
# JRE version: OpenJDK Runtime Environment (7.0_55-b14) (build 1.7.0_55-b14)
# Java VM: OpenJDK 64-Bit Server VM (24.51-b03 mixed mode linux-amd64 compressed oops)
# Failed to write core dump. Core dumps have been disabled. To enable core dumping, try "ulimit -c unlimited" before starting Java again
#

---------------  T H R E A D  ---------------

Current thread (0x00007f9328075800):  VMThread [stack: 0x00007f9314934000,0x00007f9314a35000] [id=14840]

Stack: [0x00007f9314934000,0x00007f9314a35000],  sp=0x00007f9314a33480,  free space=1021k
Native frames: (J=compiled Java code, j=interpreted, Vv=VM code, C=native code)
V  [libjvm.so+0x917b35]  VMError::report_and_die()+0x175
V  [libjvm.so+0x468144]  report_vm_out_of_memory(char const*, int, unsigned long, char const*)+0x74
V  [libjvm.so+0x79a81b]  os::pd_commit_memory(char*, unsigned long, unsigned long, bool)+0x20b
V  [libjvm.so+0x7950df]  os::commit_memory(char*, unsigned long, unsigned long, bool)+0x1f
V  [libjvm.so+0x8053cb]  PSVirtualSpace::expand_by(unsigned long)+0x5b
V  [libjvm.so+0x806220]  PSYoungGen::resize_generation(unsigned long, unsigned long)+0xb0
V  [libjvm.so+0x80690b]  PSYoungGen::resize(unsigned long, unsigned long)+0x1b
V  [libjvm.so+0x802bff]  PSScavenge::invoke_no_policy()+0xd6f
V  [libjvm.so+0x8033c8]  PSScavenge::invoke()+0x38
V  [libjvm.so+0x7b9b33]  ParallelScavengeHeap::failed_mem_allocate(unsigned long)+0x63
V  [libjvm.so+0x919544]  VM_ParallelGCFailedAllocation::doit()+0x84
V  [libjvm.so+0x91d9e7]  VM_Operation::evaluate()+0x47
V  [libjvm.so+0x91c3b8]  VMThread::evaluate_operation(VM_Operation*)+0x318
V  [libjvm.so+0x91c819]  VMThread::loop()+0x219
V  [libjvm.so+0x91cc62]  VMThread::run()+0x72
V  [libjvm.so+0x7974e2]  java_start(Thread*)+0xf2

VM_Operation (0x00007f932ee4bcb0): ParallelGCFailedAllocation, mode: safepoint, requested by thread 0x00007f932800a000


---------------  P R O C E S S  ---------------

Java Threads: ( => current thread )
  0x00007f93280a7000 JavaThread "Service Thread" daemon [_thread_blocked, id=14846, stack(0x00007f931432e000,0x00007f931442f000)]
  0x00007f93280a5000 JavaThread "C2 CompilerThread1" daemon [_thread_blocked, id=14845, stack(0x00007f931442f000,0x00007f9314530000)]
  0x00007f93280a2000 JavaThread "C2 CompilerThread0" daemon [_thread_blocked, id=14844, stack(0x00007f9314530000,0x00007f9314631000)]
  0x00007f932809f800 JavaThread "Signal Dispatcher" daemon [_thread_blocked, id=14843, stack(0x00007f9314631000,0x00007f9314732000)]
  0x00007f932807c000 JavaThread "Finalizer" daemon [_thread_blocked, id=14842, stack(0x00007f9314732000,0x00007f9314833000)]
  0x00007f932807a000 JavaThread "Reference Handler" daemon [_thread_blocked, id=14841, stack(0x00007f9314833000,0x00007f9314934000)]
  0x00007f932800a000 JavaThread "main" [_thread_blocked, id=14835, stack(0x00007f932ed4f000,0x00007f932ee50000)]

Other Threads:
=>0x00007f9328075800 VMThread [stack: 0x00007f9314934000,0x00007f9314a35000] [id=14840]
  0x00007f93280b2000 WatcherThread [stack: 0x00007f931422d000,0x00007f931432e000] [id=14847]

VM state:at safepoint (normal execution)

VM Mutex/Monitor currently owned by a thread:  ([mutex/lock_event])
[0x00007f93280065e0] Threads_lock - owner thread: 0x00007f9328075800
[0x00007f9328006ae0] Heap_lock - owner thread: 0x00007f932800a000

Heap
 PSYoungGen      total 64000K, used 2544K [0x00000000ec300000, 0x00000000f0400000, 0x0000000100000000)
  eden space 61440K, 0% used [0x00000000ec300000,0x00000000ec300000,0x00000000eff00000)
  from space 2560K, 99% used [0x00000000eff00000,0x00000000f017c010,0x00000000f0180000)
  to   space 2560K, 0% used [0x00000000f0180000,0x00000000f0180000,0x00000000f0400000)
 ParOldGen       total 40448K, used 10220K [0x00000000c4a00000, 0x00000000c7180000, 0x00000000ec300000)
  object space 40448K, 25% used [0x00000000c4a00000,0x00000000c53fb238,0x00000000c7180000)
 PSPermGen       total 21504K, used 14115K [0x00000000ba400000, 0x00000000bb900000, 0x00000000c4a00000)
  object space 21504K, 65% used [0x00000000ba400000,0x00000000bb1c8f18,0x00000000bb900000)

Card table byte_map: [0x00007f932479f000,0x00007f93249ce000] byte_map_base: 0x00007f93241cd000

Polling page: 0x00007f932ee6c000

Code Cache  [0x00007f93249ce000, 0x00007f9324c3e000, 0x00007f93279ce000)
 total_blobs=654 nmethods=384 adapters=223 free_code_cache=47759Kb largest_free_block=48870208

Compilation events (10 events):
Event: 6,120 Thread 0x00007f93280a5000  386             java.util.WeakHashMap::get (77 bytes)
Event: 6,139 Thread 0x00007f93280a2000  387             java.util.Objects::hashCode (13 bytes)
Event: 6,140 Thread 0x00007f93280a2000 nmethod 387 0x00007f9324b20bd0 code [0x00007f9324b20d20, 0x00007f9324b20dd8]
Event: 6,144 Thread 0x00007f93280a5000 nmethod 386 0x00007f9324b21710 code [0x00007f9324b218a0, 0x00007f9324b21f18]
Event: 6,150 Thread 0x00007f93280a2000  388             java.util.LinkedHashMap$EntryIterator::next (5 bytes)
Event: 6,151 Thread 0x00007f93280a5000  389             java.util.LinkedHashMap$EntryIterator::next (5 bytes)
Event: 6,153 Thread 0x00007f93280a2000 nmethod 388 0x00007f9324b22b90 code [0x00007f9324b22ce0, 0x00007f9324b22db8]
Event: 6,153 Thread 0x00007f93280a5000 nmethod 389 0x00007f9324b227d0 code [0x00007f9324b22920, 0x00007f9324b229f8]
Event: 6,186 Thread 0x00007f93280a2000  390             java.lang.StringBuilder::<init> (6 bytes)
Event: 6,187 Thread 0x00007f93280a2000 nmethod 390 0x00007f9324b21410 code [0x00007f9324b21560, 0x00007f9324b21678]

GC Heap History (9 events):
Event: 0,969 GC heap before
{Heap before GC invocations=1 (full 0):
 PSYoungGen      total 17920K, used 15360K [0x00000000ec300000, 0x00000000ed700000, 0x0000000100000000)
  eden space 15360K, 100% used [0x00000000ec300000,0x00000000ed200000,0x00000000ed200000)
  from space 2560K, 0% used [0x00000000ed480000,0x00000000ed480000,0x00000000ed700000)
  to   space 2560K, 0% used [0x00000000ed200000,0x00000000ed200000,0x00000000ed480000)
 ParOldGen       total 40448K, used 0K [0x00000000c4a00000, 0x00000000c7180000, 0x00000000ec300000)
  object space 40448K, 0% used [0x00000000c4a00000,0x00000000c4a00000,0x00000000c7180000)
 PSPermGen       total 21504K, used 6957K [0x00000000ba400000, 0x00000000bb900000, 0x00000000c4a00000)
  object space 21504K, 32% used [0x00000000ba400000,0x00000000baacb688,0x00000000bb900000)
Event: 0,983 GC heap after
Heap after GC invocations=1 (full 0):
 PSYoungGen      total 17920K, used 2551K [0x00000000ec300000, 0x00000000ee600000, 0x0000000100000000)
  eden space 15360K, 0% used [0x00000000ec300000,0x00000000ec300000,0x00000000ed200000)
  from space 2560K, 99% used [0x00000000ed200000,0x00000000ed47dc00,0x00000000ed480000)
  to   space 2560K, 0% used [0x00000000ee380000,0x00000000ee380000,0x00000000ee600000)
 ParOldGen       total 40448K, used 558K [0x00000000c4a00000, 0x00000000c7180000, 0x00000000ec300000)
  object space 40448K, 1% used [0x00000000c4a00000,0x00000000c4a8bb88,0x00000000c7180000)
 PSPermGen       total 21504K, used 6957K [0x00000000ba400000, 0x00000000bb900000, 0x00000000c4a00000)
  object space 21504K, 32% used [0x00000000ba400000,0x00000000baacb688,0x00000000bb900000)
}
Event: 1,363 GC heap before
{Heap before GC invocations=2 (full 0):
 PSYoungGen      total 17920K, used 17911K [0x00000000ec300000, 0x00000000ee600000, 0x0000000100000000)
  eden space 15360K, 100% used [0x00000000ec300000,0x00000000ed200000,0x00000000ed200000)
  from space 2560K, 99% used [0x00000000ed200000,0x00000000ed47dc00,0x00000000ed480000)
  to   space 2560K, 0% used [0x00000000ee380000,0x00000000ee380000,0x00000000ee600000)
 ParOldGen       total 40448K, used 558K [0x00000000c4a00000, 0x00000000c7180000, 0x00000000ec300000)
  object space 40448K, 1% used [0x00000000c4a00000,0x00000000c4a8bb88,0x00000000c7180000)
 PSPermGen       total 21504K, used 7632K [0x00000000ba400000, 0x00000000bb900000, 0x00000000c4a00000)
  object space 21504K, 35% used [0x00000000ba400000,0x00000000bab74228,0x00000000bb900000)
Event: 1,369 GC heap after
Heap after GC invocations=2 (full 0):
 PSYoungGen      total 33280K, used 2239K [0x00000000ec300000, 0x00000000ee600000, 0x0000000100000000)
  eden space 30720K, 0% used [0x00000000ec300000,0x00000000ec300000,0x00000000ee100000)
  from space 2560K, 87% used [0x00000000ee380000,0x00000000ee5afc88,0x00000000ee600000)
  to   space 2560K, 0% used [0x00000000ee100000,0x00000000ee100000,0x00000000ee380000)
 ParOldGen       total 40448K, used 566K [0x00000000c4a00000, 0x00000000c7180000, 0x00000000ec300000)
  object space 40448K, 1% used [0x00000000c4a00000,0x00000000c4a8db88,0x00000000c7180000)
 PSPermGen       total 21504K, used 7632K [0x00000000ba400000, 0x00000000bb900000, 0x00000000c4a00000)
  object space 21504K, 35% used [0x00000000ba400000,0x00000000bab74228,0x00000000bb900000)
}
Event: 2,252 GC heap before
{Heap before GC invocations=3 (full 0):
 PSYoungGen      total 33280K, used 32959K [0x00000000ec300000, 0x00000000ee600000, 0x0000000100000000)
  eden space 30720K, 100% used [0x00000000ec300000,0x00000000ee100000,0x00000000ee100000)
  from space 2560K, 87% used [0x00000000ee380000,0x00000000ee5afc88,0x00000000ee600000)
  to   space 2560K, 0% used [0x00000000ee100000,0x00000000ee100000,0x00000000ee380000)
 ParOldGen       total 40448K, used 566K [0x00000000c4a00000, 0x00000000c7180000, 0x00000000ec300000)
  object space 40448K, 1% used [0x00000000c4a00000,0x00000000c4a8db88,0x00000000c7180000)
 PSPermGen       total 21504K, used 10794K [0x00000000ba400000, 0x00000000bb900000, 0x00000000c4a00000)
  object space 21504K, 50% used [0x00000000ba400000,0x00000000bae8aa08,0x00000000bb900000)
Event: 2,268 GC heap after
Heap after GC invocations=3 (full 0):
 PSYoungGen      total 33280K, used 2528K [0x00000000ec300000, 0x00000000f0400000, 0x0000000100000000)
  eden space 30720K, 0% used [0x00000000ec300000,0x00000000ec300000,0x00000000ee100000)
  from space 2560K, 98% used [0x00000000ee100000,0x00000000ee378020,0x00000000ee380000)
  to   space 2560K, 0% used [0x00000000f0180000,0x00000000f0180000,0x00000000f0400000)
 ParOldGen       total 40448K, used 2675K [0x00000000c4a00000, 0x00000000c7180000, 0x00000000ec300000)
  object space 40448K, 6% used [0x00000000c4a00000,0x00000000c4c9cc18,0x00000000c7180000)
 PSPermGen       total 21504K, used 10794K [0x00000000ba400000, 0x00000000bb900000, 0x00000000c4a00000)
  object space 21504K, 50% used [0x00000000ba400000,0x00000000bae8aa08,0x00000000bb900000)
}
Event: 4,311 GC heap before
{Heap before GC invocations=4 (full 0):
 PSYoungGen      total 33280K, used 33248K [0x00000000ec300000, 0x00000000f0400000, 0x0000000100000000)
  eden space 30720K, 100% used [0x00000000ec300000,0x00000000ee100000,0x00000000ee100000)
  from space 2560K, 98% used [0x00000000ee100000,0x00000000ee378020,0x00000000ee380000)
  to   space 2560K, 0% used [0x00000000f0180000,0x00000000f0180000,0x00000000f0400000)
 ParOldGen       total 40448K, used 2675K [0x00000000c4a00000, 0x00000000c7180000, 0x00000000ec300000)
  object space 40448K, 6% used [0x00000000c4a00000,0x00000000c4c9cc18,0x00000000c7180000)
 PSPermGen       total 21504K, used 13818K [0x00000000ba400000, 0x00000000bb900000, 0x00000000c4a00000)
  object space 21504K, 64% used [0x00000000ba400000,0x00000000bb17ebd8,0x00000000bb900000)
Event: 4,338 GC heap after
Heap after GC invocations=4 (full 0):
 PSYoungGen      total 64000K, used 2544K [0x00000000ec300000, 0x00000000f0400000, 0x0000000100000000)
  eden space 61440K, 0% used [0x00000000ec300000,0x00000000ec300000,0x00000000eff00000)
  from space 2560K, 99% used [0x00000000f0180000,0x00000000f03fc010,0x00000000f0400000)
  to   space 2560K, 0% used [0x00000000eff00000,0x00000000eff00000,0x00000000f0180000)
 ParOldGen       total 40448K, used 5609K [0x00000000c4a00000, 0x00000000c7180000, 0x00000000ec300000)
  object space 40448K, 13% used [0x00000000c4a00000,0x00000000c4f7a5e8,0x00000000c7180000)
 PSPermGen       total 21504K, used 13818K [0x00000000ba400000, 0x00000000bb900000, 0x00000000c4a00000)
  object space 21504K, 64% used [0x00000000ba400000,0x00000000bb17ebd8,0x00000000bb900000)
}
Event: 6,203 GC heap before
{Heap before GC invocations=5 (full 0):
 PSYoungGen      total 64000K, used 63984K [0x00000000ec300000, 0x00000000f0400000, 0x0000000100000000)
  eden space 61440K, 100% used [0x00000000ec300000,0x00000000eff00000,0x00000000eff00000)
  from space 2560K, 99% used [0x00000000f0180000,0x00000000f03fc010,0x00000000f0400000)
  to   space 2560K, 0% used [0x00000000eff00000,0x00000000eff00000,0x00000000f0180000)
 ParOldGen       total 40448K, used 5609K [0x00000000c4a00000, 0x00000000c7180000, 0x00000000ec300000)
  object space 40448K, 13% used [0x00000000c4a00000,0x00000000c4f7a5e8,0x00000000c7180000)
 PSPermGen       total 21504K, used 14115K [0x00000000ba400000, 0x00000000bb900000, 0x00000000c4a00000)
  object space 21504K, 65% used [0x00000000ba400000,0x00000000bb1c8f18,0x00000000bb900000)

Deoptimization events (10 events):
Event: 4,675 Thread 0x00007f932800a000 Uncommon trap: reason=bimorphic action=maybe_recompile pc=0x00007f9324ae063c method=java.util.concurrent.ConcurrentHashMap.get(Ljava/lang/Object;)Ljava/lang/Object; @ 117
Event: 4,677 Thread 0x00007f932800a000 Uncommon trap: reason=bimorphic action=maybe_recompile pc=0x00007f9324ae063c method=java.util.concurrent.ConcurrentHashMap.get(Ljava/lang/Object;)Ljava/lang/Object; @ 117
Event: 4,700 Thread 0x00007f932800a000 Uncommon trap: reason=bimorphic action=maybe_recompile pc=0x00007f9324ae063c method=java.util.concurrent.ConcurrentHashMap.get(Ljava/lang/Object;)Ljava/lang/Object; @ 117
Event: 4,701 Thread 0x00007f932800a000 Uncommon trap: reason=bimorphic action=maybe_recompile pc=0x00007f9324ae063c method=java.util.concurrent.ConcurrentHashMap.get(Ljava/lang/Object;)Ljava/lang/Object; @ 117
Event: 4,751 Thread 0x00007f932800a000 Uncommon trap: reason=unreached action=reinterpret pc=0x00007f9324a717e0 method=java.util.HashMap.put(Ljava/lang/Object;Ljava/lang/Object;)Ljava/lang/Object; @ 19
Event: 4,848 Thread 0x00007f932800a000 Uncommon trap: reason=class_check action=maybe_recompile pc=0x00007f9324ad258c method=java.lang.AbstractStringBuilder.append(Ljava/lang/CharSequence;II)Ljava/lang/AbstractStringBuilder; @ 18
Event: 6,115 Thread 0x00007f932800a000 Uncommon trap: reason=class_check action=maybe_recompile pc=0x00007f9324b20a78 method=org.codehaus.plexus.interpolation.MapBasedValueSource.getValue(Ljava/lang/String;)Ljava/lang/Object; @ 16
Event: 6,116 Thread 0x00007f932800a000 Uncommon trap: reason=class_check action=maybe_recompile pc=0x00007f9324b20a78 method=org.codehaus.plexus.interpolation.MapBasedValueSource.getValue(Ljava/lang/String;)Ljava/lang/Object; @ 16
Event: 6,147 Thread 0x00007f932800a000 Uncommon trap: reason=class_check action=maybe_recompile pc=0x00007f9324b20a78 method=org.codehaus.plexus.interpolation.MapBasedValueSource.getValue(Ljava/lang/String;)Ljava/lang/Object; @ 16
Event: 6,147 Thread 0x00007f932800a000 Uncommon trap: reason=class_check action=maybe_recompile pc=0x00007f9324b20a78 method=org.codehaus.plexus.interpolation.MapBasedValueSource.getValue(Ljava/lang/String;)Ljava/lang/Object; @ 16

Internal exceptions (10 events):
Event: 5,046 Thread 0x00007f932800a000 Threw 0x00000000ed896810 at /build/buildd/openjdk-7-7u55-2.4.7/build/openjdk/hotspot/src/share/vm/prims/jvm.cpp:1244
Event: 5,046 Thread 0x00007f932800a000 Threw 0x00000000ed896f50 at /build/buildd/openjdk-7-7u55-2.4.7/build/openjdk/hotspot/src/share/vm/prims/jvm.cpp:1244
Event: 5,047 Thread 0x00007f932800a000 Threw 0x00000000ed89b048 at /build/buildd/openjdk-7-7u55-2.4.7/build/openjdk/hotspot/src/share/vm/prims/jvm.cpp:1244
Event: 5,047 Thread 0x00007f932800a000 Threw 0x00000000ed89b778 at /build/buildd/openjdk-7-7u55-2.4.7/build/openjdk/hotspot/src/share/vm/prims/jvm.cpp:1244
Event: 5,181 Thread 0x00007f932800a000 Threw 0x00000000edc818d8 at /build/buildd/openjdk-7-7u55-2.4.7/build/openjdk/hotspot/src/share/vm/prims/jvm.cpp:1244
Event: 5,181 Thread 0x00007f932800a000 Threw 0x00000000edc82008 at /build/buildd/openjdk-7-7u55-2.4.7/build/openjdk/hotspot/src/share/vm/prims/jvm.cpp:1244
Event: 5,215 Thread 0x00007f932800a000 Threw 0x00000000edd48d88 at /build/buildd/openjdk-7-7u55-2.4.7/build/openjdk/hotspot/src/share/vm/prims/jvm.cpp:1244
Event: 5,215 Thread 0x00007f932800a000 Threw 0x00000000edd49498 at /build/buildd/openjdk-7-7u55-2.4.7/build/openjdk/hotspot/src/share/vm/prims/jvm.cpp:1244
Event: 5,478 Thread 0x00007f932800a000 Threw 0x00000000ee4af960 at /build/buildd/openjdk-7-7u55-2.4.7/build/openjdk/hotspot/src/share/vm/prims/jvm.cpp:1244
Event: 5,478 Thread 0x00007f932800a000 Threw 0x00000000ee4b0330 at /build/buildd/openjdk-7-7u55-2.4.7/build/openjdk/hotspot/src/share/vm/prims/jvm.cpp:1244

Events (10 events):
Event: 6,116 Thread 0x00007f932800a000 DEOPT UNPACKING pc=0x00007f9324a07445 sp=0x00007f932ee4c7d0 mode 2
Event: 6,131 loading class 0x00007f93241ba730
Event: 6,138 loading class 0x00007f93241ba730 done
Event: 6,147 Thread 0x00007f932800a000 Uncommon trap: trap_request=0xffffffde fr.pc=0x00007f9324b20a78
Event: 6,147 Thread 0x00007f932800a000 DEOPT PACKING pc=0x00007f9324b20a78 sp=0x00007f932ee4c810
Event: 6,147 Thread 0x00007f932800a000 DEOPT UNPACKING pc=0x00007f9324a07445 sp=0x00007f932ee4c7d0 mode 2
Event: 6,147 Thread 0x00007f932800a000 Uncommon trap: trap_request=0xffffffde fr.pc=0x00007f9324b20a78
Event: 6,147 Thread 0x00007f932800a000 DEOPT PACKING pc=0x00007f9324b20a78 sp=0x00007f932ee4c810
Event: 6,147 Thread 0x00007f932800a000 DEOPT UNPACKING pc=0x00007f9324a07445 sp=0x00007f932ee4c7d0 mode 2
Event: 6,202 Executing VM operation: ParallelGCFailedAllocation


Dynamic libraries:
00400000-00401000 r-xp 00000000 08:03 275061                             /usr/lib/jvm/java-7-openjdk-amd64/jre/bin/java
00600000-00601000 r--p 00000000 08:03 275061                             /usr/lib/jvm/java-7-openjdk-amd64/jre/bin/java
00601000-00602000 rw-p 00001000 08:03 275061                             /usr/lib/jvm/java-7-openjdk-amd64/jre/bin/java
01983000-019a4000 rw-p 00000000 00:00 0                                  [heap]
ba400000-bb900000 rw-p 00000000 00:00 0 
bb900000-c4a00000 rw-p 00000000 00:00 0 
c4a00000-c7180000 rw-p 00000000 00:00 0 
c7180000-ec300000 rw-p 00000000 00:00 0 
ec300000-f0400000 rw-p 00000000 00:00 0 
f4b00000-100000000 rw-p 00000000 00:00 0 
7f92ec000000-7f92ec021000 rw-p 00000000 00:00 0 
7f92ec021000-7f92f0000000 ---p 00000000 00:00 0 
7f92f0000000-7f92f0d06000 rw-p 00000000 00:00 0 
7f92f0d06000-7f92f4000000 ---p 00000000 00:00 0 
7f92f4000000-7f92f49ef000 rw-p 00000000 00:00 0 
7f92f49ef000-7f92f8000000 ---p 00000000 00:00 0 
7f92f8000000-7f92f8021000 rw-p 00000000 00:00 0 
7f92f8021000-7f92fc000000 ---p 00000000 00:00 0 
7f92fc000000-7f92fc021000 rw-p 00000000 00:00 0 
7f92fc021000-7f9300000000 ---p 00000000 00:00 0 
7f9302030000-7f930206d000 r-xp 00000000 08:03 923805                     /lib/x86_64-linux-gnu/libpcre.so.3.13.1
7f930206d000-7f930226c000 ---p 0003d000 08:03 923805                     /lib/x86_64-linux-gnu/libpcre.so.3.13.1
7f930226c000-7f930226d000 r--p 0003c000 08:03 923805                     /lib/x86_64-linux-gnu/libpcre.so.3.13.1
7f930226d000-7f930226e000 rw-p 0003d000 08:03 923805                     /lib/x86_64-linux-gnu/libpcre.so.3.13.1
7f930226e000-7f9302275000 r-xp 00000000 08:03 273479                     /usr/lib/x86_64-linux-gnu/libffi.so.6.0.1
7f9302275000-7f9302474000 ---p 00007000 08:03 273479                     /usr/lib/x86_64-linux-gnu/libffi.so.6.0.1
7f9302474000-7f9302475000 r--p 00006000 08:03 273479                     /usr/lib/x86_64-linux-gnu/libffi.so.6.0.1
7f9302475000-7f9302476000 rw-p 00007000 08:03 273479                     /usr/lib/x86_64-linux-gnu/libffi.so.6.0.1
7f9302476000-7f930248d000 r-xp 00000000 08:03 927541                     /lib/x86_64-linux-gnu/libresolv-2.19.so
7f930248d000-7f930268d000 ---p 00017000 08:03 927541                     /lib/x86_64-linux-gnu/libresolv-2.19.so
7f930268d000-7f930268e000 r--p 00017000 08:03 927541                     /lib/x86_64-linux-gnu/libresolv-2.19.so
7f930268e000-7f930268f000 rw-p 00018000 08:03 927541                     /lib/x86_64-linux-gnu/libresolv-2.19.so
7f930268f000-7f9302691000 rw-p 00000000 00:00 0 
7f9302691000-7f93026b1000 r-xp 00000000 08:03 923551                     /lib/x86_64-linux-gnu/libselinux.so.1
7f93026b1000-7f93028b0000 ---p 00020000 08:03 923551                     /lib/x86_64-linux-gnu/libselinux.so.1
7f93028b0000-7f93028b1000 r--p 0001f000 08:03 923551                     /lib/x86_64-linux-gnu/libselinux.so.1
7f93028b1000-7f93028b2000 rw-p 00020000 08:03 923551                     /lib/x86_64-linux-gnu/libselinux.so.1
7f93028b2000-7f93028b4000 rw-p 00000000 00:00 0 
7f93028b4000-7f93028b7000 r-xp 00000000 08:03 273596                     /usr/lib/x86_64-linux-gnu/libgmodule-2.0.so.0.4000.0
7f93028b7000-7f9302ab6000 ---p 00003000 08:03 273596                     /usr/lib/x86_64-linux-gnu/libgmodule-2.0.so.0.4000.0
7f9302ab6000-7f9302ab7000 r--p 00002000 08:03 273596                     /usr/lib/x86_64-linux-gnu/libgmodule-2.0.so.0.4000.0
7f9302ab7000-7f9302ab8000 rw-p 00003000 08:03 273596                     /usr/lib/x86_64-linux-gnu/libgmodule-2.0.so.0.4000.0
7f9302ab8000-7f9302bbe000 r-xp 00000000 08:03 923733                     /lib/x86_64-linux-gnu/libglib-2.0.so.0.4000.0
7f9302bbe000-7f9302dbd000 ---p 00106000 08:03 923733                     /lib/x86_64-linux-gnu/libglib-2.0.so.0.4000.0
7f9302dbd000-7f9302dbe000 r--p 00105000 08:03 923733                     /lib/x86_64-linux-gnu/libglib-2.0.so.0.4000.0
7f9302dbe000-7f9302dbf000 rw-p 00106000 08:03 923733                     /lib/x86_64-linux-gnu/libglib-2.0.so.0.4000.0
7f9302dbf000-7f9302dc0000 rw-p 00000000 00:00 0 
7f9302dc0000-7f9302e0f000 r-xp 00000000 08:03 273612                     /usr/lib/x86_64-linux-gnu/libgobject-2.0.so.0.4000.0
7f9302e0f000-7f930300f000 ---p 0004f000 08:03 273612                     /usr/lib/x86_64-linux-gnu/libgobject-2.0.so.0.4000.0
7f930300f000-7f9303010000 r--p 0004f000 08:03 273612                     /usr/lib/x86_64-linux-gnu/libgobject-2.0.so.0.4000.0
7f9303010000-7f9303011000 rw-p 00050000 08:03 273612                     /usr/lib/x86_64-linux-gnu/libgobject-2.0.so.0.4000.0
7f9303011000-7f930317c000 r-xp 00000000 08:03 273582                     /usr/lib/x86_64-linux-gnu/libgio-2.0.so.0.4000.0
7f930317c000-7f930337c000 ---p 0016b000 08:03 273582                     /usr/lib/x86_64-linux-gnu/libgio-2.0.so.0.4000.0
7f930337c000-7f9303380000 r--p 0016b000 08:03 273582                     /usr/lib/x86_64-linux-gnu/libgio-2.0.so.0.4000.0
7f9303380000-7f9303382000 rw-p 0016f000 08:03 273582                     /usr/lib/x86_64-linux-gnu/libgio-2.0.so.0.4000.0
7f9303382000-7f9303384000 rw-p 00000000 00:00 0 
7f9303384000-7f930339a000 r-xp 00000000 08:03 275130                     /usr/lib/jvm/java-7-openjdk-amd64/jre/lib/amd64/libnet.so
7f930339a000-7f930359a000 ---p 00016000 08:03 275130                     /usr/lib/jvm/java-7-openjdk-amd64/jre/lib/amd64/libnet.so
7f930359a000-7f930359b000 r--p 00016000 08:03 275130                     /usr/lib/jvm/java-7-openjdk-amd64/jre/lib/amd64/libnet.so
7f930359b000-7f930359c000 rw-p 00017000 08:03 275130                     /usr/lib/jvm/java-7-openjdk-amd64/jre/lib/amd64/libnet.so
7f930359c000-7f93035ac000 r-xp 00000000 08:03 275139                     /usr/lib/jvm/java-7-openjdk-amd64/jre/lib/amd64/libnio.so
7f93035ac000-7f93037ac000 ---p 00010000 08:03 275139                     /usr/lib/jvm/java-7-openjdk-amd64/jre/lib/amd64/libnio.so
7f93037ac000-7f93037ad000 r--p 00010000 08:03 275139                     /usr/lib/jvm/java-7-openjdk-amd64/jre/lib/amd64/libnio.so
7f93037ad000-7f93037ae000 rw-p 00011000 08:03 275139                     /usr/lib/jvm/java-7-openjdk-amd64/jre/lib/amd64/libnio.so
7f93037ae000-7f9304000000 r--p 00000000 08:03 270875                     /usr/lib/locale/locale-archive
7f9304000000-7f9304021000 rw-p 00000000 00:00 0 
7f9304021000-7f9308000000 ---p 00000000 00:00 0 
7f9308000000-7f9308021000 rw-p 00000000 00:00 0 
7f9308021000-7f930c000000 ---p 00000000 00:00 0 
7f930c000000-7f930c23d000 rw-p 00000000 00:00 0 
7f930c23d000-7f9310000000 ---p 00000000 00:00 0 
7f9310000000-7f9310021000 rw-p 00000000 00:00 0 
7f9310021000-7f9314000000 ---p 00000000 00:00 0 
7f931415f000-7f9314190000 rw-p 00000000 00:00 0 
7f93141a0000-7f93141a1000 rw-p 00000000 00:00 0 
7f93141a1000-7f93141a6000 r--s 0004c000 08:03 275099                     /usr/lib/jvm/java-7-openjdk-amd64/jre/lib/jsse.jar
7f93141a6000-7f93141a8000 r--s 00005000 08:03 544984                     /usr/share/java/maven3-repository-metadata-3.0.5.jar
7f93141a8000-7f93141ab000 r--s 00013000 08:03 1079748                    /usr/share/maven-repo/org/sonatype/aether/aether-api/1.13.1/aether-api-1.13.1.jar
7f93141ab000-7f93141c7000 r--s 00110000 08:03 544959                     /usr/share/java/wagon-http-shaded-2.x.jar
7f93141c7000-7f93141c9000 r--s 0000a000 08:03 544985                     /usr/share/java/maven3-artifact-3.0.5.jar
7f93141c9000-7f93141cb000 r--s 00007000 08:03 544524                     /usr/share/java/commons-cli-1.2.jar
7f93141cb000-7f93141cf000 r--s 0001c000 08:03 804553                     /usr/share/maven-repo/org/sonatype/aether/aether-util/1.13.1/aether-util-1.13.1.jar
7f93141cf000-7f93141d1000 r--s 00025000 08:03 544980                     /usr/share/java/maven3-model-3.0.5.jar
7f93141d1000-7f93141dd000 r--s 00082000 08:03 544837                     /usr/share/java/sisu-guice.jar
7f93141dd000-7f93141df000 r--s 0000b000 08:03 544979                     /usr/share/java/maven3-aether-provider-3.0.5.jar
7f93141df000-7f93141e1000 r--s 00009000 08:03 544983                     /usr/share/java/maven3-settings-3.0.5.jar
7f93141e1000-7f93141e7000 r--s 00046000 08:03 544668                     /usr/share/java/commons-httpclient-3.1.jar
7f93141e7000-7f93141f3000 r--s 0007c000 08:03 544981                     /usr/share/java/maven3-core-3.0.5.jar
7f93141f3000-7f93141f5000 r--s 00007000 08:03 544986                     /usr/share/java/maven3-settings-builder-3.0.5.jar
7f93141f5000-7f93141f9000 r--s 00033000 08:03 544819                     /usr/share/java/plexus-utils2-2.0.5.jar
7f93141f9000-7f93141ff000 r--s 0002c000 08:03 544842                     /usr/share/java/sisu-inject-plexus.jar
7f93141ff000-7f9314200000 r--s 00001000 08:03 544952                     /usr/share/java/wagon-file-2.x.jar
7f9314200000-7f9314229000 r--s 001e9000 08:03 544533                     /usr/share/java/guava.jar
7f9314229000-7f931422b000 r--s 0000a000 08:03 544951                     /usr/share/java/wagon-provider-api-2.x.jar
7f931422b000-7f931422d000 r--s 00000000 08:03 544826                     /usr/share/java/plexus-component-annotations-1.5-1.5.5.jar
7f931422d000-7f931422e000 ---p 00000000 00:00 0 
7f931422e000-7f931432e000 rw-p 00000000 00:00 0                          [stack:14847]
7f931432e000-7f9314331000 ---p 00000000 00:00 0 
7f9314331000-7f931442f000 rw-p 00000000 00:00 0                          [stack:14846]
7f931442f000-7f9314432000 ---p 00000000 00:00 0 
7f9314432000-7f9314530000 rw-p 00000000 00:00 0                          [stack:14845]
7f9314530000-7f9314533000 ---p 00000000 00:00 0 
7f9314533000-7f9314631000 rw-p 00000000 00:00 0                          [stack:14844]
7f9314631000-7f9314634000 ---p 00000000 00:00 0 
7f9314634000-7f9314732000 rw-p 00000000 00:00 0                          [stack:14843]
7f9314732000-7f9314735000 ---p 00000000 00:00 0 
7f9314735000-7f9314833000 rw-p 00000000 00:00 0                          [stack:14842]
7f9314833000-7f9314836000 ---p 00000000 00:00 0 
7f9314836000-7f9314934000 rw-p 00000000 00:00 0                          [stack:14841]
7f9314934000-7f9314935000 ---p 00000000 00:00 0 
7f9314935000-7f9315944000 rw-p 00000000 00:00 0                          [stack:14840]
7f9315944000-7f9315af2000 r--s 01cfc000 08:03 275069                     /usr/lib/jvm/java-7-openjdk-amd64/jre/lib/rt.jar
7f9315af2000-7f9318000000 rw-p 00000000 00:00 0 
7f9318000000-7f9318021000 rw-p 00000000 00:00 0 
7f9318021000-7f931c000000 ---p 00000000 00:00 0 
7f931c000000-7f931c021000 rw-p 00000000 00:00 0 
7f931c021000-7f9320000000 ---p 00000000 00:00 0 
7f9320000000-7f9320021000 rw-p 00000000 00:00 0 
7f9320021000-7f9324000000 ---p 00000000 00:00 0 
7f9324000000-7f9324001000 r--s 00006000 08:03 544666                     /usr/share/java/plexus-sec-dispatcher.jar
7f9324001000-7f9324002000 r--s 0000d000 08:03 543668                     /usr/share/java/commons-logging-1.1.3.jar
7f9324002000-7f9324008000 r--s 0003e000 08:03 544987                     /usr/share/java/maven3-compat-3.0.5.jar
7f9324008000-7f9324009000 r--s 00003000 08:03 923393                     /usr/share/maven-repo/org/sonatype/aether/aether-spi/1.13.1/aether-spi-1.13.1.jar
7f9324009000-7f932400b000 r--s 0000e000 08:03 544561                     /usr/share/java/plexus-interpolation.jar
7f932400b000-7f932400e000 r--s 0001d000 08:03 1080348                    /usr/share/maven-repo/org/sonatype/aether/aether-impl/1.13.1/aether-impl-1.13.1.jar
7f932400e000-7f9324015000 r--s 0003b000 08:03 544549                     /usr/share/java/commons-codec-1.9.jar
7f9324015000-7f9324017000 r--s 00008000 08:03 544982                     /usr/share/java/maven3-embedder-3.0.5.jar
7f9324017000-7f9324019000 r--s 00006000 08:03 1080360                    /usr/share/maven-repo/org/sonatype/aether/aether-connector-wagon/1.13.1/aether-connector-wagon-1.13.1.jar
7f9324019000-7f9324020000 r--s 00040000 08:03 544847                     /usr/share/java/sisu-inject-bean.jar
7f9324020000-7f9324024000 r--s 00020000 08:03 544989                     /usr/share/java/maven3-model-builder-3.0.5.jar
7f9324024000-7f932420b000 rw-p 00000000 00:00 0 
7f932420b000-7f932420c000 ---p 00000000 00:00 0 
7f932420c000-7f932430c000 rw-p 00000000 00:00 0                          [stack:14839]
7f932430c000-7f932430d000 ---p 00000000 00:00 0 
7f932430d000-7f932440d000 rw-p 00000000 00:00 0                          [stack:14838]
7f932440d000-7f932440e000 ---p 00000000 00:00 0 
7f932440e000-7f932450e000 rw-p 00000000 00:00 0                          [stack:14837]
7f932450e000-7f932450f000 ---p 00000000 00:00 0 
7f932450f000-7f932461a000 rw-p 00000000 00:00 0                          [stack:14836]
7f932461a000-7f9324662000 rw-p 00000000 00:00 0 
7f9324662000-7f9324676000 rw-p 00000000 00:00 0 
7f9324676000-7f932479f000 rw-p 00000000 00:00 0 
7f932479f000-7f93247aa000 rw-p 00000000 00:00 0 
7f93247aa000-7f93247f2000 rw-p 00000000 00:00 0 
7f93247f2000-7f9324806000 rw-p 00000000 00:00 0 
7f9324806000-7f932492e000 rw-p 00000000 00:00 0 
7f932492e000-7f932494f000 rw-p 00000000 00:00 0 
7f932494f000-7f93249cd000 rw-p 00000000 00:00 0 
7f93249cd000-7f93249ce000 rw-p 00000000 00:00 0 
7f93249ce000-7f9324c3e000 rwxp 00000000 00:00 0 
7f9324c3e000-7f93279ce000 rw-p 00000000 00:00 0 
7f93279ce000-7f93279d9000 r-xp 00000000 08:03 927561                     /lib/x86_64-linux-gnu/libnss_files-2.19.so
7f93279d9000-7f9327bd8000 ---p 0000b000 08:03 927561                     /lib/x86_64-linux-gnu/libnss_files-2.19.so
7f9327bd8000-7f9327bd9000 r--p 0000a000 08:03 927561                     /lib/x86_64-linux-gnu/libnss_files-2.19.so
7f9327bd9000-7f9327bda000 rw-p 0000b000 08:03 927561                     /lib/x86_64-linux-gnu/libnss_files-2.19.so
7f9327bda000-7f9327be5000 r-xp 00000000 08:03 927535                     /lib/x86_64-linux-gnu/libnss_nis-2.19.so
7f9327be5000-7f9327de4000 ---p 0000b000 08:03 927535                     /lib/x86_64-linux-gnu/libnss_nis-2.19.so
7f9327de4000-7f9327de5000 r--p 0000a000 08:03 927535                     /lib/x86_64-linux-gnu/libnss_nis-2.19.so
7f9327de5000-7f9327de6000 rw-p 0000b000 08:03 927535                     /lib/x86_64-linux-gnu/libnss_nis-2.19.so
7f9327de6000-7f9327dfd000 r-xp 00000000 08:03 927563                     /lib/x86_64-linux-gnu/libnsl-2.19.so
7f9327dfd000-7f9327ffc000 ---p 00017000 08:03 927563                     /lib/x86_64-linux-gnu/libnsl-2.19.so
7f9327ffc000-7f9327ffd000 r--p 00016000 08:03 927563                     /lib/x86_64-linux-gnu/libnsl-2.19.so
7f9327ffd000-7f9327ffe000 rw-p 00017000 08:03 927563                     /lib/x86_64-linux-gnu/libnsl-2.19.so
7f9327ffe000-7f9328000000 rw-p 00000000 00:00 0 
7f9328000000-7f9328840000 rw-p 00000000 00:00 0 
7f9328840000-7f932c000000 ---p 00000000 00:00 0 
7f932c000000-7f932c002000 r--s 00002000 08:03 544664                     /usr/share/java/plexus-cipher.jar
7f932c002000-7f932c00a000 r-xp 00000000 08:03 275125                     /usr/lib/jvm/java-7-openjdk-amd64/jre/lib/amd64/libzip.so
7f932c00a000-7f932c209000 ---p 00008000 08:03 275125                     /usr/lib/jvm/java-7-openjdk-amd64/jre/lib/amd64/libzip.so
7f932c209000-7f932c20a000 r--p 00007000 08:03 275125                     /usr/lib/jvm/java-7-openjdk-amd64/jre/lib/amd64/libzip.so
7f932c20a000-7f932c20b000 rw-p 00008000 08:03 275125                     /usr/lib/jvm/java-7-openjdk-amd64/jre/lib/amd64/libzip.so
7f932c20b000-7f932c214000 r-xp 00000000 08:03 927556                     /lib/x86_64-linux-gnu/libnss_compat-2.19.so
7f932c214000-7f932c413000 ---p 00009000 08:03 927556                     /lib/x86_64-linux-gnu/libnss_compat-2.19.so
7f932c413000-7f932c414000 r--p 00008000 08:03 927556                     /lib/x86_64-linux-gnu/libnss_compat-2.19.so
7f932c414000-7f932c415000 rw-p 00009000 08:03 927556                     /lib/x86_64-linux-gnu/libnss_compat-2.19.so
7f932c415000-7f932c440000 r-xp 00000000 08:03 275121                     /usr/lib/jvm/java-7-openjdk-amd64/jre/lib/amd64/libjava.so
7f932c440000-7f932c63f000 ---p 0002b000 08:03 275121                     /usr/lib/jvm/java-7-openjdk-amd64/jre/lib/amd64/libjava.so
7f932c63f000-7f932c640000 r--p 0002a000 08:03 275121                     /usr/lib/jvm/java-7-openjdk-amd64/jre/lib/amd64/libjava.so
7f932c640000-7f932c642000 rw-p 0002b000 08:03 275121                     /usr/lib/jvm/java-7-openjdk-amd64/jre/lib/amd64/libjava.so
7f932c642000-7f932c652000 r-xp 00000000 08:03 275154                     /usr/lib/jvm/java-7-openjdk-amd64/jre/lib/amd64/libverify.so
7f932c652000-7f932c851000 ---p 00010000 08:03 275154                     /usr/lib/jvm/java-7-openjdk-amd64/jre/lib/amd64/libverify.so
7f932c851000-7f932c853000 r--p 0000f000 08:03 275154                     /usr/lib/jvm/java-7-openjdk-amd64/jre/lib/amd64/libverify.so
7f932c853000-7f932c854000 rw-p 00011000 08:03 275154                     /usr/lib/jvm/java-7-openjdk-amd64/jre/lib/amd64/libverify.so
7f932c854000-7f932c85b000 r-xp 00000000 08:03 927559                     /lib/x86_64-linux-gnu/librt-2.19.so
7f932c85b000-7f932ca5a000 ---p 00007000 08:03 927559                     /lib/x86_64-linux-gnu/librt-2.19.so
7f932ca5a000-7f932ca5b000 r--p 00006000 08:03 927559                     /lib/x86_64-linux-gnu/librt-2.19.so
7f932ca5b000-7f932ca5c000 rw-p 00007000 08:03 927559                     /lib/x86_64-linux-gnu/librt-2.19.so
7f932ca5c000-7f932ca72000 r-xp 00000000 08:03 923729                     /lib/x86_64-linux-gnu/libgcc_s.so.1
7f932ca72000-7f932cc71000 ---p 00016000 08:03 923729                     /lib/x86_64-linux-gnu/libgcc_s.so.1
7f932cc71000-7f932cc72000 rw-p 00015000 08:03 923729                     /lib/x86_64-linux-gnu/libgcc_s.so.1
7f932cc72000-7f932cd77000 r-xp 00000000 08:03 927560                     /lib/x86_64-linux-gnu/libm-2.19.so
7f932cd77000-7f932cf76000 ---p 00105000 08:03 927560                     /lib/x86_64-linux-gnu/libm-2.19.so
7f932cf76000-7f932cf77000 r--p 00104000 08:03 927560                     /lib/x86_64-linux-gnu/libm-2.19.so
7f932cf77000-7f932cf78000 rw-p 00105000 08:03 927560                     /lib/x86_64-linux-gnu/libm-2.19.so
7f932cf78000-7f932d05e000 r-xp 00000000 08:03 274107                     /usr/lib/x86_64-linux-gnu/libstdc++.so.6.0.19
7f932d05e000-7f932d25d000 ---p 000e6000 08:03 274107                     /usr/lib/x86_64-linux-gnu/libstdc++.so.6.0.19
7f932d25d000-7f932d265000 r--p 000e5000 08:03 274107                     /usr/lib/x86_64-linux-gnu/libstdc++.so.6.0.19
7f932d265000-7f932d267000 rw-p 000ed000 08:03 274107                     /usr/lib/x86_64-linux-gnu/libstdc++.so.6.0.19
7f932d267000-7f932d27c000 rw-p 00000000 00:00 0 
7f932d27c000-7f932dd5d000 r-xp 00000000 08:03 275136                     /usr/lib/jvm/java-7-openjdk-amd64/jre/lib/amd64/server/libjvm.so
7f932dd5d000-7f932df5c000 ---p 00ae1000 08:03 275136                     /usr/lib/jvm/java-7-openjdk-amd64/jre/lib/amd64/server/libjvm.so
7f932df5c000-7f932dfee000 r--p 00ae0000 08:03 275136                     /usr/lib/jvm/java-7-openjdk-amd64/jre/lib/amd64/server/libjvm.so
7f932dfee000-7f932e011000 rw-p 00b72000 08:03 275136                     /usr/lib/jvm/java-7-openjdk-amd64/jre/lib/amd64/server/libjvm.so
7f932e011000-7f932e03e000 rw-p 00000000 00:00 0 
7f932e03e000-7f932e056000 r-xp 00000000 08:03 923865                     /lib/x86_64-linux-gnu/libz.so.1.2.8
7f932e056000-7f932e255000 ---p 00018000 08:03 923865                     /lib/x86_64-linux-gnu/libz.so.1.2.8
7f932e255000-7f932e256000 r--p 00017000 08:03 923865                     /lib/x86_64-linux-gnu/libz.so.1.2.8
7f932e256000-7f932e257000 rw-p 00018000 08:03 923865                     /lib/x86_64-linux-gnu/libz.so.1.2.8
7f932e257000-7f932e270000 r-xp 00000000 08:03 927566                     /lib/x86_64-linux-gnu/libpthread-2.19.so
7f932e270000-7f932e46f000 ---p 00019000 08:03 927566                     /lib/x86_64-linux-gnu/libpthread-2.19.so
7f932e46f000-7f932e470000 r--p 00018000 08:03 927566                     /lib/x86_64-linux-gnu/libpthread-2.19.so
7f932e470000-7f932e471000 rw-p 00019000 08:03 927566                     /lib/x86_64-linux-gnu/libpthread-2.19.so
7f932e471000-7f932e475000 rw-p 00000000 00:00 0 
7f932e475000-7f932e478000 r-xp 00000000 08:03 927551                     /lib/x86_64-linux-gnu/libdl-2.19.so
7f932e478000-7f932e677000 ---p 00003000 08:03 927551                     /lib/x86_64-linux-gnu/libdl-2.19.so
7f932e677000-7f932e678000 r--p 00002000 08:03 927551                     /lib/x86_64-linux-gnu/libdl-2.19.so
7f932e678000-7f932e679000 rw-p 00003000 08:03 927551                     /lib/x86_64-linux-gnu/libdl-2.19.so
7f932e679000-7f932e835000 r-xp 00000000 08:03 927564                     /lib/x86_64-linux-gnu/libc-2.19.so
7f932e835000-7f932ea34000 ---p 001bc000 08:03 927564                     /lib/x86_64-linux-gnu/libc-2.19.so
7f932ea34000-7f932ea38000 r--p 001bb000 08:03 927564                     /lib/x86_64-linux-gnu/libc-2.19.so
7f932ea38000-7f932ea3a000 rw-p 001bf000 08:03 927564                     /lib/x86_64-linux-gnu/libc-2.19.so
7f932ea3a000-7f932ea3f000 rw-p 00000000 00:00 0 
7f932ea3f000-7f932ea4c000 r-xp 00000000 08:03 275147                     /usr/lib/jvm/java-7-openjdk-amd64/jre/lib/amd64/jli/libjli.so
7f932ea4c000-7f932ec4b000 ---p 0000d000 08:03 275147                     /usr/lib/jvm/java-7-openjdk-amd64/jre/lib/amd64/jli/libjli.so
7f932ec4b000-7f932ec4c000 r--p 0000c000 08:03 275147                     /usr/lib/jvm/java-7-openjdk-amd64/jre/lib/amd64/jli/libjli.so
7f932ec4c000-7f932ec4d000 rw-p 0000d000 08:03 275147                     /usr/lib/jvm/java-7-openjdk-amd64/jre/lib/amd64/jli/libjli.so
7f932ec4d000-7f932ec70000 r-xp 00000000 08:03 927549                     /lib/x86_64-linux-gnu/ld-2.19.so
7f932ec70000-7f932ec72000 r--s 00009000 08:03 544988                     /usr/share/java/maven3-plugin-api-3.0.5.jar
7f932ec72000-7f932ec74000 r--s 0000a000 08:03 544504                     /usr/share/java/plexus-classworlds2-2.5.1.jar
7f932ec74000-7f932ec78000 r--s 0003b000 08:03 275077                     /usr/lib/jvm/java-7-openjdk-amd64/jre/lib/ext/sunpkcs11.jar
7f932ec78000-7f932ec79000 r--s 00002000 08:03 275078                     /usr/lib/jvm/java-7-openjdk-amd64/jre/lib/ext/dnsns.jar
7f932ec79000-7f932ec99000 rw-p 00000000 00:00 0 
7f932ec99000-7f932ed4f000 rw-p 00000000 00:00 0 
7f932ed4f000-7f932ed52000 ---p 00000000 00:00 0 
7f932ed52000-7f932ee55000 rw-p 00000000 00:00 0                          [stack:14835]
7f932ee55000-7f932ee58000 r--s 00032000 08:03 275075                     /usr/lib/jvm/java-7-openjdk-amd64/jre/lib/ext/sunjce_provider.jar
7f932ee58000-7f932ee5a000 r--s 00006000 08:03 541875                     /usr/share/java/java-atk-wrapper.jar
7f932ee5a000-7f932ee5c000 r--s 00012000 08:03 275074                     /usr/lib/jvm/java-7-openjdk-amd64/jre/lib/ext/zipfs.jar
7f932ee5c000-7f932ee60000 r--s 00085000 08:03 275076                     /usr/lib/jvm/java-7-openjdk-amd64/jre/lib/ext/localedata.jar
7f932ee60000-7f932ee63000 r--s 0000f000 08:03 275073                     /usr/lib/jvm/java-7-openjdk-amd64/jre/lib/ext/pulse-java.jar
7f932ee63000-7f932ee6b000 rw-s 00000000 08:03 941009                     /tmp/hsperfdata_vju/14817
7f932ee6b000-7f932ee6c000 rw-p 00000000 00:00 0 
7f932ee6c000-7f932ee6d000 ---p 00000000 00:00 0 
7f932ee6d000-7f932ee6f000 rw-p 00000000 00:00 0 
7f932ee6f000-7f932ee70000 r--p 00022000 08:03 927549                     /lib/x86_64-linux-gnu/ld-2.19.so
7f932ee70000-7f932ee71000 rw-p 00023000 08:03 927549                     /lib/x86_64-linux-gnu/ld-2.19.so
7f932ee71000-7f932ee72000 rw-p 00000000 00:00 0 
7fff51ccf000-7fff51cf0000 rw-p 00000000 00:00 0                          [stack]
7fff51d39000-7fff51d3b000 r-xp 00000000 00:00 0                          [vdso]
ffffffffff600000-ffffffffff601000 r-xp 00000000 00:00 0                  [vsyscall]

VM Arguments:
jvm_args: -Dclassworlds.conf=/usr/share/maven/bin/m2.conf -Dmaven.home=/usr/share/maven 
java_command: org.codehaus.plexus.classworlds.launcher.Launcher wildfly:deploy
Launcher Type: SUN_STANDARD

Environment Variables:
JAVA_HOME=/usr/lib/jvm/java-7-openjdk-amd64
PATH=/usr/local/sbin:/usr/local/bin:/usr/sbin:/usr/bin:/sbin:/bin:/usr/games:/usr/local/games
SHELL=/bin/bash
DISPLAY=:0

Signal Handlers:
SIGSEGV: [libjvm.so+0x918620], sa_mask[0]=0x7ffbfeff, sa_flags=0x10000004
SIGBUS: [libjvm.so+0x918620], sa_mask[0]=0x7ffbfeff, sa_flags=0x10000004
SIGFPE: [libjvm.so+0x795e30], sa_mask[0]=0x7ffbfeff, sa_flags=0x10000004
SIGPIPE: [libjvm.so+0x795e30], sa_mask[0]=0x7ffbfeff, sa_flags=0x10000004
SIGXFSZ: [libjvm.so+0x795e30], sa_mask[0]=0x7ffbfeff, sa_flags=0x10000004
SIGILL: [libjvm.so+0x795e30], sa_mask[0]=0x7ffbfeff, sa_flags=0x10000004
SIGUSR1: SIG_DFL, sa_mask[0]=0x00000000, sa_flags=0x00000000
SIGUSR2: [libjvm.so+0x795cd0], sa_mask[0]=0x00000000, sa_flags=0x10000004
SIGHUP: [libjvm.so+0x795eb0], sa_mask[0]=0x7ffbfeff, sa_flags=0x10000004
SIGINT: [libjvm.so+0x795eb0], sa_mask[0]=0x7ffbfeff, sa_flags=0x10000004
SIGTERM: [libjvm.so+0x795eb0], sa_mask[0]=0x7ffbfeff, sa_flags=0x10000004
SIGQUIT: [libjvm.so+0x795eb0], sa_mask[0]=0x7ffbfeff, sa_flags=0x10000004


---------------  S Y S T E M  ---------------

OS:Ubuntu 14.04 (trusty)
uname:Linux 3.13.0-34-generic #60-Ubuntu SMP Wed Aug 13 15:45:27 UTC 2014 x86_64
libc:glibc 2.19 NPTL 2.19 
rlimit: STACK 8192k, CORE 0k, NPROC 30179, NOFILE 4096, AS infinity
load average:1,87 1,11 0,91

/proc/meminfo:
MemTotal:        3884548 kB
MemFree:           96040 kB
Buffers:             356 kB
Cached:           331860 kB
SwapCached:        35840 kB
Active:          2625736 kB
Inactive:         878236 kB
Active(anon):    2623968 kB
Inactive(anon):   864240 kB
Active(file):       1768 kB
Inactive(file):    13996 kB
Unevictable:          16 kB
Mlocked:              16 kB
SwapTotal:       2997244 kB
SwapFree:              0 kB
Dirty:                60 kB
Writeback:             0 kB
AnonPages:       3137140 kB
Mapped:            56572 kB
Shmem:            315828 kB
Slab:              84180 kB
SReclaimable:      33820 kB
SUnreclaim:        50360 kB
KernelStack:        8440 kB
PageTables:        90004 kB
NFS_Unstable:          0 kB
Bounce:                0 kB
WritebackTmp:          0 kB
CommitLimit:     4939516 kB
Committed_AS:   14417456 kB
VmallocTotal:   34359738367 kB
VmallocUsed:      599984 kB
VmallocChunk:   34359077704 kB
HardwareCorrupted:     0 kB
AnonHugePages:   1128448 kB
HugePages_Total:       0
HugePages_Free:        0
HugePages_Rsvd:        0
HugePages_Surp:        0
Hugepagesize:       2048 kB
DirectMap4k:       80636 kB
DirectMap2M:     3948544 kB


CPU:total 4 (2 cores per cpu, 2 threads per core) family 6 model 58 stepping 9, cmov, cx8, fxsr, mmx, sse, sse2, sse3, ssse3, sse4.1, sse4.2, popcnt, avx, aes, erms, ht, tsc, tscinvbit, tscinv

/proc/cpuinfo:
processor	: 0
vendor_id	: GenuineIntel
cpu family	: 6
model		: 58
model name	: Intel(R) Core(TM) i5-3317U CPU @ 1.70GHz
stepping	: 9
microcode	: 0x12
cpu MHz		: 1701.000
cache size	: 3072 KB
physical id	: 0
siblings	: 4
core id		: 0
cpu cores	: 2
apicid		: 0
initial apicid	: 0
fpu		: yes
fpu_exception	: yes
cpuid level	: 13
wp		: yes
flags		: fpu vme de pse tsc msr pae mce cx8 apic sep mtrr pge mca cmov pat pse36 clflush dts acpi mmx fxsr sse sse2 ss ht tm pbe syscall nx rdtscp lm constant_tsc arch_perfmon pebs bts rep_good nopl xtopology nonstop_tsc aperfmperf eagerfpu pni pclmulqdq dtes64 monitor ds_cpl vmx est tm2 ssse3 cx16 xtpr pdcm pcid sse4_1 sse4_2 x2apic popcnt tsc_deadline_timer aes xsave avx f16c rdrand lahf_lm ida arat epb xsaveopt pln pts dtherm tpr_shadow vnmi flexpriority ept vpid fsgsbase smep erms
bogomips	: 3392.21
clflush size	: 64
cache_alignment	: 64
address sizes	: 36 bits physical, 48 bits virtual
power management:

processor	: 1
vendor_id	: GenuineIntel
cpu family	: 6
model		: 58
model name	: Intel(R) Core(TM) i5-3317U CPU @ 1.70GHz
stepping	: 9
microcode	: 0x12
cpu MHz		: 1701.000
cache size	: 3072 KB
physical id	: 0
siblings	: 4
core id		: 0
cpu cores	: 2
apicid		: 1
initial apicid	: 1
fpu		: yes
fpu_exception	: yes
cpuid level	: 13
wp		: yes
flags		: fpu vme de pse tsc msr pae mce cx8 apic sep mtrr pge mca cmov pat pse36 clflush dts acpi mmx fxsr sse sse2 ss ht tm pbe syscall nx rdtscp lm constant_tsc arch_perfmon pebs bts rep_good nopl xtopology nonstop_tsc aperfmperf eagerfpu pni pclmulqdq dtes64 monitor ds_cpl vmx est tm2 ssse3 cx16 xtpr pdcm pcid sse4_1 sse4_2 x2apic popcnt tsc_deadline_timer aes xsave avx f16c rdrand lahf_lm ida arat epb xsaveopt pln pts dtherm tpr_shadow vnmi flexpriority ept vpid fsgsbase smep erms
bogomips	: 3392.21
clflush size	: 64
cache_alignment	: 64
address sizes	: 36 bits physical, 48 bits virtual
power management:

processor	: 2
vendor_id	: GenuineIntel
cpu family	: 6
model		: 58
model name	: Intel(R) Core(TM) i5-3317U CPU @ 1.70GHz
stepping	: 9
microcode	: 0x12
cpu MHz		: 1701.000
cache size	: 3072 KB
physical id	: 0
siblings	: 4
core id		: 1
cpu cores	: 2
apicid		: 2
initial apicid	: 2
fpu		: yes
fpu_exception	: yes
cpuid level	: 13
wp		: yes
flags		: fpu vme de pse tsc msr pae mce cx8 apic sep mtrr pge mca cmov pat pse36 clflush dts acpi mmx fxsr sse sse2 ss ht tm pbe syscall nx rdtscp lm constant_tsc arch_perfmon pebs bts rep_good nopl xtopology nonstop_tsc aperfmperf eagerfpu pni pclmulqdq dtes64 monitor ds_cpl vmx est tm2 ssse3 cx16 xtpr pdcm pcid sse4_1 sse4_2 x2apic popcnt tsc_deadline_timer aes xsave avx f16c rdrand lahf_lm ida arat epb xsaveopt pln pts dtherm tpr_shadow vnmi flexpriority ept vpid fsgsbase smep erms
bogomips	: 3392.21
clflush size	: 64
cache_alignment	: 64
address sizes	: 36 bits physical, 48 bits virtual
power management:

processor	: 3
vendor_id	: GenuineIntel
cpu family	: 6
model		: 58
model name	: Intel(R) Core(TM) i5-3317U CPU @ 1.70GHz
stepping	: 9
microcode	: 0x12
cpu MHz		: 1701.000
cache size	: 3072 KB
physical id	: 0
siblings	: 4
core id		: 1
cpu cores	: 2
apicid		: 3
initial apicid	: 3
fpu		: yes
fpu_exception	: yes
cpuid level	: 13
wp		: yes
flags		: fpu vme de pse tsc msr pae mce cx8 apic sep mtrr pge mca cmov pat pse36 clflush dts acpi mmx fxsr sse sse2 ss ht tm pbe syscall nx rdtscp lm constant_tsc arch_perfmon pebs bts rep_good nopl xtopology nonstop_tsc aperfmperf eagerfpu pni pclmulqdq dtes64 monitor ds_cpl vmx est tm2 ssse3 cx16 xtpr pdcm pcid sse4_1 sse4_2 x2apic popcnt tsc_deadline_timer aes xsave avx f16c rdrand lahf_lm ida arat epb xsaveopt pln pts dtherm tpr_shadow vnmi flexpriority ept vpid fsgsbase smep erms
bogomips	: 3392.21
clflush size	: 64
cache_alignment	: 64
address sizes	: 36 bits physical, 48 bits virtual
power management:



Memory: 4k page, physical 3884548k(96660k free), swap 2997244k(0k free)

vm_info: OpenJDK 64-Bit Server VM (24.51-b03) for linux-amd64 JRE (1.7.0_55-b14), built on Apr 17 2014 20:08:07 by "buildd" with gcc 4.8.2

time: Tue Sep 16 13:30:02 2014
elapsed time: 6 seconds

