#
# There is insufficient memory for the Java Runtime Environment to continue.
# Native memory allocation (malloc) failed to allocate 141557760 bytes for committing reserved memory.
# Possible reasons:
#   The system is out of physical RAM or swap space
#   In 32 bit mode, the process size limit was hit
# Possible solutions:
#   Reduce memory load on the system
#   Increase physical memory or swap space
#   Check if swap backing store is full
#   Use 64 bit Java on a 64 bit OS
#   Decrease Java heap size (-Xmx/-Xms)
#   Decrease number of Java threads
#   Decrease Java thread stack sizes (-Xss)
#   Set larger code cache with -XX:ReservedCodeCacheSize=
# This output file may be truncated or incomplete.
#
#  Out of Memory Error (os_linux.cpp:2769), pid=1095, tid=140461406631680
#
# JRE version: OpenJDK Runtime Environment (7.0_55-b14) (build 1.7.0_55-b14)
# Java VM: OpenJDK 64-Bit Server VM (24.51-b03 mixed mode linux-amd64 compressed oops)
# Failed to write core dump. Core dumps have been disabled. To enable core dumping, try "ulimit -c unlimited" before starting Java again
#

---------------  T H R E A D  ---------------

Current thread (0x00007fbfbc075800):  VMThread [stack: 0x00007fbfb82f3000,0x00007fbfb83f4000] [id=1127]

Stack: [0x00007fbfb82f3000,0x00007fbfb83f4000],  sp=0x00007fbfb83f2480,  free space=1021k
Native frames: (J=compiled Java code, j=interpreted, Vv=VM code, C=native code)
V  [libjvm.so+0x917b35]  VMError::report_and_die()+0x175
V  [libjvm.so+0x468144]  report_vm_out_of_memory(char const*, int, unsigned long, char const*)+0x74
V  [libjvm.so+0x79a81b]  os::pd_commit_memory(char*, unsigned long, unsigned long, bool)+0x20b
V  [libjvm.so+0x7950df]  os::commit_memory(char*, unsigned long, unsigned long, bool)+0x1f
V  [libjvm.so+0x8053cb]  PSVirtualSpace::expand_by(unsigned long)+0x5b
V  [libjvm.so+0x806220]  PSYoungGen::resize_generation(unsigned long, unsigned long)+0xb0
V  [libjvm.so+0x80690b]  PSYoungGen::resize(unsigned long, unsigned long)+0x1b
V  [libjvm.so+0x802bff]  PSScavenge::invoke_no_policy()+0xd6f
V  [libjvm.so+0x8033c8]  PSScavenge::invoke()+0x38
V  [libjvm.so+0x7b9b33]  ParallelScavengeHeap::failed_mem_allocate(unsigned long)+0x63
V  [libjvm.so+0x919544]  VM_ParallelGCFailedAllocation::doit()+0x84
V  [libjvm.so+0x91d9e7]  VM_Operation::evaluate()+0x47
V  [libjvm.so+0x91c3b8]  VMThread::evaluate_operation(VM_Operation*)+0x318
V  [libjvm.so+0x91c819]  VMThread::loop()+0x219
V  [libjvm.so+0x91cc62]  VMThread::run()+0x72
V  [libjvm.so+0x7974e2]  java_start(Thread*)+0xf2

VM_Operation (0x00007fbfc451b190): ParallelGCFailedAllocation, mode: safepoint, requested by thread 0x00007fbfbc00a000


---------------  P R O C E S S  ---------------

Java Threads: ( => current thread )
  0x00007fbfbc0a7000 JavaThread "Service Thread" daemon [_thread_blocked, id=1136, stack(0x00007fbfb33aa000,0x00007fbfb34ab000)]
  0x00007fbfbc0a5000 JavaThread "C2 CompilerThread1" daemon [_thread_blocked, id=1134, stack(0x00007fbfb34ab000,0x00007fbfb35ac000)]
  0x00007fbfbc0a2000 JavaThread "C2 CompilerThread0" daemon [_thread_blocked, id=1132, stack(0x00007fbfb35ac000,0x00007fbfb36ad000)]
  0x00007fbfbc09f800 JavaThread "Signal Dispatcher" daemon [_thread_blocked, id=1130, stack(0x00007fbfb36ad000,0x00007fbfb37ae000)]
  0x00007fbfbc07c000 JavaThread "Finalizer" daemon [_thread_blocked, id=1129, stack(0x00007fbfb80f1000,0x00007fbfb81f2000)]
  0x00007fbfbc07a000 JavaThread "Reference Handler" daemon [_thread_blocked, id=1128, stack(0x00007fbfb81f2000,0x00007fbfb82f3000)]
  0x00007fbfbc00a000 JavaThread "main" [_thread_blocked, id=1118, stack(0x00007fbfc441d000,0x00007fbfc451e000)]

Other Threads:
=>0x00007fbfbc075800 VMThread [stack: 0x00007fbfb82f3000,0x00007fbfb83f4000] [id=1127]
  0x00007fbfbc0b1800 WatcherThread [stack: 0x00007fbfb32a9000,0x00007fbfb33aa000] [id=1137]

VM state:at safepoint (normal execution)

VM Mutex/Monitor currently owned by a thread:  ([mutex/lock_event])
[0x00007fbfbc0065e0] Threads_lock - owner thread: 0x00007fbfbc075800
[0x00007fbfbc006ae0] Heap_lock - owner thread: 0x00007fbfbc00a000

Heap
 PSYoungGen      total 131072K, used 8688K [0x00000000ec300000, 0x00000000f4c00000, 0x0000000100000000)
  eden space 122368K, 0% used [0x00000000ec300000,0x00000000ec300000,0x00000000f3a80000)
  from space 8704K, 99% used [0x00000000f3a80000,0x00000000f42fc030,0x00000000f4300000)
  to   space 8192K, 0% used [0x00000000f4300000,0x00000000f4300000,0x00000000f4b00000)
 ParOldGen       total 40448K, used 24197K [0x00000000c4a00000, 0x00000000c7180000, 0x00000000ec300000)
  object space 40448K, 59% used [0x00000000c4a00000,0x00000000c61a1470,0x00000000c7180000)
 PSPermGen       total 21504K, used 20761K [0x00000000ba400000, 0x00000000bb900000, 0x00000000c4a00000)
  object space 21504K, 96% used [0x00000000ba400000,0x00000000bb846768,0x00000000bb900000)

Card table byte_map: [0x00007fbfc0e6f000,0x00007fbfc109e000] byte_map_base: 0x00007fbfc089d000

Polling page: 0x00007fbfc453a000

Code Cache  [0x00007fbfb9000000, 0x00007fbfb92b0000, 0x00007fbfbc000000)
 total_blobs=1053 nmethods=746 adapters=258 free_code_cache=46491Kb largest_free_block=47536960

Compilation events (10 events):
Event: 9,177 Thread 0x00007fbfbc0a5000  781             java.lang.System$2::getConstantPool (5 bytes)
Event: 9,178 Thread 0x00007fbfbc0a5000 nmethod 781 0x00007fbfb929dcd0 code [0x00007fbfb929de20, 0x00007fbfb929dea8]
Event: 9,185 Thread 0x00007fbfbc0a2000  782             com.google.inject.internal.cglib.core.$CollectionUtils::bucket (94 bytes)
Event: 9,185 Thread 0x00007fbfbc0a5000  783             com.google.inject.internal.asm.$MethodWriter::a (140 bytes)
Event: 9,196 Thread 0x00007fbfbc0a2000 nmethod 782 0x00007fbfb92a3750 code [0x00007fbfb92a3920, 0x00007fbfb92a3ec8]
Event: 9,196 Thread 0x00007fbfbc0a2000  784             com.google.inject.internal.asm.$Type::getOpcode (60 bytes)
Event: 9,197 Thread 0x00007fbfbc0a2000 nmethod 784 0x00007fbfb92a4790 code [0x00007fbfb92a48c0, 0x00007fbfb92a4958]
Event: 9,198 Thread 0x00007fbfbc0a2000  785             com.google.common.base.Preconditions::checkNotNull (18 bytes)
Event: 9,199 Thread 0x00007fbfbc0a2000 nmethod 785 0x00007fbfb929dad0 code [0x00007fbfb929dc00, 0x00007fbfb929dc58]
Event: 9,200 Thread 0x00007fbfbc0a2000  786             java.lang.Class$MethodArray::removeByNameAndSignature (71 bytes)

GC Heap History (10 events):
Event: 1,073 GC heap after
Heap after GC invocations=2 (full 0):
 PSYoungGen      total 33280K, used 2244K [0x00000000ec300000, 0x00000000ee600000, 0x0000000100000000)
  eden space 30720K, 0% used [0x00000000ec300000,0x00000000ec300000,0x00000000ee100000)
  from space 2560K, 87% used [0x00000000ee380000,0x00000000ee5b12f0,0x00000000ee600000)
  to   space 2560K, 0% used [0x00000000ee100000,0x00000000ee100000,0x00000000ee380000)
 ParOldGen       total 40448K, used 590K [0x00000000c4a00000, 0x00000000c7180000, 0x00000000ec300000)
  object space 40448K, 1% used [0x00000000c4a00000,0x00000000c4a938f8,0x00000000c7180000)
 PSPermGen       total 21504K, used 7654K [0x00000000ba400000, 0x00000000bb900000, 0x00000000c4a00000)
  object space 21504K, 35% used [0x00000000ba400000,0x00000000bab79940,0x00000000bb900000)
}
Event: 1,797 GC heap before
{Heap before GC invocations=3 (full 0):
 PSYoungGen      total 33280K, used 32964K [0x00000000ec300000, 0x00000000ee600000, 0x0000000100000000)
  eden space 30720K, 100% used [0x00000000ec300000,0x00000000ee100000,0x00000000ee100000)
  from space 2560K, 87% used [0x00000000ee380000,0x00000000ee5b12f0,0x00000000ee600000)
  to   space 2560K, 0% used [0x00000000ee100000,0x00000000ee100000,0x00000000ee380000)
 ParOldGen       total 40448K, used 590K [0x00000000c4a00000, 0x00000000c7180000, 0x00000000ec300000)
  object space 40448K, 1% used [0x00000000c4a00000,0x00000000c4a938f8,0x00000000c7180000)
 PSPermGen       total 21504K, used 10794K [0x00000000ba400000, 0x00000000bb900000, 0x00000000c4a00000)
  object space 21504K, 50% used [0x00000000ba400000,0x00000000bae8a9a8,0x00000000bb900000)
Event: 1,808 GC heap after
Heap after GC invocations=3 (full 0):
 PSYoungGen      total 33280K, used 2528K [0x00000000ec300000, 0x00000000f0400000, 0x0000000100000000)
  eden space 30720K, 0% used [0x00000000ec300000,0x00000000ec300000,0x00000000ee100000)
  from space 2560K, 98% used [0x00000000ee100000,0x00000000ee378020,0x00000000ee380000)
  to   space 2560K, 0% used [0x00000000f0180000,0x00000000f0180000,0x00000000f0400000)
 ParOldGen       total 40448K, used 2713K [0x00000000c4a00000, 0x00000000c7180000, 0x00000000ec300000)
  object space 40448K, 6% used [0x00000000c4a00000,0x00000000c4ca66f0,0x00000000c7180000)
 PSPermGen       total 21504K, used 10794K [0x00000000ba400000, 0x00000000bb900000, 0x00000000c4a00000)
  object space 21504K, 50% used [0x00000000ba400000,0x00000000bae8a9a8,0x00000000bb900000)
}
Event: 2,900 GC heap before
{Heap before GC invocations=4 (full 0):
 PSYoungGen      total 33280K, used 33248K [0x00000000ec300000, 0x00000000f0400000, 0x0000000100000000)
  eden space 30720K, 100% used [0x00000000ec300000,0x00000000ee100000,0x00000000ee100000)
  from space 2560K, 98% used [0x00000000ee100000,0x00000000ee378020,0x00000000ee380000)
  to   space 2560K, 0% used [0x00000000f0180000,0x00000000f0180000,0x00000000f0400000)
 ParOldGen       total 40448K, used 2713K [0x00000000c4a00000, 0x00000000c7180000, 0x00000000ec300000)
  object space 40448K, 6% used [0x00000000c4a00000,0x00000000c4ca66f0,0x00000000c7180000)
 PSPermGen       total 21504K, used 13822K [0x00000000ba400000, 0x00000000bb900000, 0x00000000c4a00000)
  object space 21504K, 64% used [0x00000000ba400000,0x00000000bb17f8e0,0x00000000bb900000)
Event: 2,920 GC heap after
Heap after GC invocations=4 (full 0):
 PSYoungGen      total 64000K, used 2528K [0x00000000ec300000, 0x00000000f0400000, 0x0000000100000000)
  eden space 61440K, 0% used [0x00000000ec300000,0x00000000ec300000,0x00000000eff00000)
  from space 2560K, 98% used [0x00000000f0180000,0x00000000f03f8020,0x00000000f0400000)
  to   space 2560K, 0% used [0x00000000eff00000,0x00000000eff00000,0x00000000f0180000)
 ParOldGen       total 40448K, used 5719K [0x00000000c4a00000, 0x00000000c7180000, 0x00000000ec300000)
  object space 40448K, 14% used [0x00000000c4a00000,0x00000000c4f95f78,0x00000000c7180000)
 PSPermGen       total 21504K, used 13822K [0x00000000ba400000, 0x00000000bb900000, 0x00000000c4a00000)
  object space 21504K, 64% used [0x00000000ba400000,0x00000000bb17f8e0,0x00000000bb900000)
}
Event: 4,071 GC heap before
{Heap before GC invocations=5 (full 0):
 PSYoungGen      total 64000K, used 63968K [0x00000000ec300000, 0x00000000f0400000, 0x0000000100000000)
  eden space 61440K, 100% used [0x00000000ec300000,0x00000000eff00000,0x00000000eff00000)
  from space 2560K, 98% used [0x00000000f0180000,0x00000000f03f8020,0x00000000f0400000)
  to   space 2560K, 0% used [0x00000000eff00000,0x00000000eff00000,0x00000000f0180000)
 ParOldGen       total 40448K, used 5719K [0x00000000c4a00000, 0x00000000c7180000, 0x00000000ec300000)
  object space 40448K, 14% used [0x00000000c4a00000,0x00000000c4f95f78,0x00000000c7180000)
 PSPermGen       total 21504K, used 14117K [0x00000000ba400000, 0x00000000bb900000, 0x00000000c4a00000)
  object space 21504K, 65% used [0x00000000ba400000,0x00000000bb1c94d0,0x00000000bb900000)
Event: 4,084 GC heap after
Heap after GC invocations=5 (full 0):
 PSYoungGen      total 64000K, used 2560K [0x00000000ec300000, 0x00000000f4b00000, 0x0000000100000000)
  eden space 61440K, 0% used [0x00000000ec300000,0x00000000ec300000,0x00000000eff00000)
  from space 2560K, 100% used [0x00000000eff00000,0x00000000f0180000,0x00000000f0180000)
  to   space 8192K, 0% used [0x00000000f4300000,0x00000000f4300000,0x00000000f4b00000)
 ParOldGen       total 40448K, used 10122K [0x00000000c4a00000, 0x00000000c7180000, 0x00000000ec300000)
  object space 40448K, 25% used [0x00000000c4a00000,0x00000000c53e2aa8,0x00000000c7180000)
 PSPermGen       total 21504K, used 14117K [0x00000000ba400000, 0x00000000bb900000, 0x00000000c4a00000)
  object space 21504K, 65% used [0x00000000ba400000,0x00000000bb1c94d0,0x00000000bb900000)
}
Event: 5,131 GC heap before
{Heap before GC invocations=6 (full 0):
 PSYoungGen      total 64000K, used 64000K [0x00000000ec300000, 0x00000000f4b00000, 0x0000000100000000)
  eden space 61440K, 100% used [0x00000000ec300000,0x00000000eff00000,0x00000000eff00000)
  from space 2560K, 100% used [0x00000000eff00000,0x00000000f0180000,0x00000000f0180000)
  to   space 8192K, 0% used [0x00000000f4300000,0x00000000f4300000,0x00000000f4b00000)
 ParOldGen       total 40448K, used 10122K [0x00000000c4a00000, 0x00000000c7180000, 0x00000000ec300000)
  object space 40448K, 25% used [0x00000000c4a00000,0x00000000c53e2aa8,0x00000000c7180000)
 PSPermGen       total 21504K, used 14586K [0x00000000ba400000, 0x00000000bb900000, 0x00000000c4a00000)
  object space 21504K, 67% used [0x00000000ba400000,0x00000000bb23eb30,0x00000000bb900000)
Event: 5,153 GC heap after
Heap after GC invocations=6 (full 0):
 PSYoungGen      total 130560K, used 6048K [0x00000000ec300000, 0x00000000f4c00000, 0x0000000100000000)
  eden space 122368K, 0% used [0x00000000ec300000,0x00000000ec300000,0x00000000f3a80000)
  from space 8192K, 73% used [0x00000000f4300000,0x00000000f48e8000,0x00000000f4b00000)
  to   space 8704K, 0% used [0x00000000f3a80000,0x00000000f3a80000,0x00000000f4300000)
 ParOldGen       total 40448K, used 10122K [0x00000000c4a00000, 0x00000000c7180000, 0x00000000ec300000)
  object space 40448K, 25% used [0x00000000c4a00000,0x00000000c53e2aa8,0x00000000c7180000)
 PSPermGen       total 21504K, used 14586K [0x00000000ba400000, 0x00000000bb900000, 0x00000000c4a00000)
  object space 21504K, 67% used [0x00000000ba400000,0x00000000bb23eb30,0x00000000bb900000)
}
Event: 9,206 GC heap before
{Heap before GC invocations=7 (full 0):
 PSYoungGen      total 130560K, used 128416K [0x00000000ec300000, 0x00000000f4c00000, 0x0000000100000000)
  eden space 122368K, 100% used [0x00000000ec300000,0x00000000f3a80000,0x00000000f3a80000)
  from space 8192K, 73% used [0x00000000f4300000,0x00000000f48e8000,0x00000000f4b00000)
  to   space 8704K, 0% used [0x00000000f3a80000,0x00000000f3a80000,0x00000000f4300000)
 ParOldGen       total 40448K, used 10122K [0x00000000c4a00000, 0x00000000c7180000, 0x00000000ec300000)
  object space 40448K, 25% used [0x00000000c4a00000,0x00000000c53e2aa8,0x00000000c7180000)
 PSPermGen       total 21504K, used 20761K [0x00000000ba400000, 0x00000000bb900000, 0x00000000c4a00000)
  object space 21504K, 96% used [0x00000000ba400000,0x00000000bb846768,0x00000000bb900000)

Deoptimization events (10 events):
Event: 7,128 Thread 0x00007fbfbc00a000 Uncommon trap: reason=class_check action=maybe_recompile pc=0x00007fbfb90755f4 method=sun.misc.URLClassPath.getLoader(I)Lsun/misc/URLClassPath$Loader; @ 150
Event: 7,167 Thread 0x00007fbfbc00a000 Uncommon trap: reason=predicate action=maybe_recompile pc=0x00007fbfb912d75c method=java.util.LinkedList.indexOf(Ljava/lang/Object;)I @ 47
Event: 7,185 Thread 0x00007fbfbc00a000 Uncommon trap: reason=class_check action=maybe_recompile pc=0x00007fbfb90755f4 method=sun.misc.URLClassPath.getLoader(I)Lsun/misc/URLClassPath$Loader; @ 150
Event: 7,196 Thread 0x00007fbfbc00a000 Uncommon trap: reason=unreached action=reinterpret pc=0x00007fbfb914cce8 method=java.util.regex.Pattern.clazz(Z)Ljava/util/regex/Pattern$CharProperty; @ 361
Event: 8,502 Thread 0x00007fbfbc00a000 Uncommon trap: reason=null_check action=make_not_entrant pc=0x00007fbfb9273690 method=com.sun.tools.javac.jvm.ClassReader.enterClass(Lcom/sun/tools/javac/util/Name;)Lcom/sun/tools/javac/code/Symbol$ClassSymbol; @ 10
Event: 8,723 Thread 0x00007fbfbc00a000 Uncommon trap: reason=unreached action=reinterpret pc=0x00007fbfb9289920 method=com.sun.tools.javac.code.Scope.lookup(Lcom/sun/tools/javac/util/Name;Lcom/sun/tools/javac/util/Filter;)Lcom/sun/tools/javac/code/Scope$Entry; @ 19
Event: 8,951 Thread 0x00007fbfbc00a000 Uncommon trap: reason=unreached action=reinterpret pc=0x00007fbfb9283ef4 method=com.sun.tools.javac.code.Scope.dble()V @ 44
Event: 9,001 Thread 0x00007fbfbc00a000 Uncommon trap: reason=null_check action=make_not_entrant pc=0x00007fbfb91fbe48 method=sun.nio.cs.StreamDecoder.inReady()Z @ 21
Event: 9,012 Thread 0x00007fbfbc00a000 Uncommon trap: reason=null_check action=make_not_entrant pc=0x00007fbfb9206768 method=sun.nio.cs.StreamDecoder.inReady()Z @ 21
Event: 9,151 Thread 0x00007fbfbc00a000 Uncommon trap: reason=null_check action=make_not_entrant pc=0x00007fbfb91dfaa0 method=org.sonatype.guice.bean.locators.RankedSequence.topRank()I @ 4

Internal exceptions (10 events):
Event: 9,175 Thread 0x00007fbfbc00a000 Threw 0x00000000f38f06f0 at /build/buildd/openjdk-7-7u55-2.4.7/build/openjdk/hotspot/src/share/vm/prims/jvm.cpp:1244
Event: 9,175 Thread 0x00007fbfbc00a000 Threw 0x00000000f38f1c28 at /build/buildd/openjdk-7-7u55-2.4.7/build/openjdk/hotspot/src/share/vm/prims/jvm.cpp:1244
Event: 9,175 Thread 0x00007fbfbc00a000 Threw 0x00000000f38f2cb0 at /build/buildd/openjdk-7-7u55-2.4.7/build/openjdk/hotspot/src/share/vm/prims/jvm.cpp:1244
Event: 9,175 Thread 0x00007fbfbc00a000 Threw 0x00000000f38f36c8 at /build/buildd/openjdk-7-7u55-2.4.7/build/openjdk/hotspot/src/share/vm/prims/jvm.cpp:1244
Event: 9,175 Thread 0x00007fbfbc00a000 Threw 0x00000000f38f5958 at /build/buildd/openjdk-7-7u55-2.4.7/build/openjdk/hotspot/src/share/vm/prims/jvm.cpp:1244
Event: 9,176 Thread 0x00007fbfbc00a000 Threw 0x00000000f38f6e90 at /build/buildd/openjdk-7-7u55-2.4.7/build/openjdk/hotspot/src/share/vm/prims/jvm.cpp:1244
Event: 9,176 Thread 0x00007fbfbc00a000 Threw 0x00000000f38f7f18 at /build/buildd/openjdk-7-7u55-2.4.7/build/openjdk/hotspot/src/share/vm/prims/jvm.cpp:1244
Event: 9,176 Thread 0x00007fbfbc00a000 Threw 0x00000000f38f8930 at /build/buildd/openjdk-7-7u55-2.4.7/build/openjdk/hotspot/src/share/vm/prims/jvm.cpp:1244
Event: 9,182 Thread 0x00007fbfbc00a000 Threw 0x00000000f3977720 at /build/buildd/openjdk-7-7u55-2.4.7/build/openjdk/hotspot/src/share/vm/prims/jvm.cpp:1244
Event: 9,183 Thread 0x00007fbfbc00a000 Threw 0x00000000f39780a0 at /build/buildd/openjdk-7-7u55-2.4.7/build/openjdk/hotspot/src/share/vm/prims/jvm.cpp:1244

Events (10 events):
Event: 9,175 loading class 0x00007fbfbd0d3220
Event: 9,175 loading class 0x00007fbfbd0d3220 done
Event: 9,175 loading class 0x00007fbfbd0d3220
Event: 9,175 loading class 0x00007fbfbd0d3220 done
Event: 9,176 loading class 0x00007fbfbd0d3220
Event: 9,176 loading class 0x00007fbfbd0d3220 done
Event: 9,178 Thread 0x00007fbfbc0a5000 flushing nmethod 0x00007fbfb9186510
Event: 9,182 loading class 0x00007fbfbc504810
Event: 9,182 loading class 0x00007fbfbc504810 done
Event: 9,206 Executing VM operation: ParallelGCFailedAllocation


Dynamic libraries:
00400000-00401000 r-xp 00000000 08:03 275061                             /usr/lib/jvm/java-7-openjdk-amd64/jre/bin/java
00600000-00601000 r--p 00000000 08:03 275061                             /usr/lib/jvm/java-7-openjdk-amd64/jre/bin/java
00601000-00602000 rw-p 00001000 08:03 275061                             /usr/lib/jvm/java-7-openjdk-amd64/jre/bin/java
00669000-0068a000 rw-p 00000000 00:00 0                                  [heap]
ba400000-bb900000 rw-p 00000000 00:00 0 
bb900000-c4a00000 rw-p 00000000 00:00 0 
c4a00000-c7180000 rw-p 00000000 00:00 0 
c7180000-ec300000 rw-p 00000000 00:00 0 
ec300000-f4c00000 rw-p 00000000 00:00 0 
fd300000-100000000 rw-p 00000000 00:00 0 
7fbf7c000000-7fbf7c021000 rw-p 00000000 00:00 0 
7fbf7c021000-7fbf80000000 ---p 00000000 00:00 0 
7fbf84000000-7fbf85539000 rw-p 00000000 00:00 0 
7fbf85539000-7fbf88000000 ---p 00000000 00:00 0 
7fbf88000000-7fbf88021000 rw-p 00000000 00:00 0 
7fbf88021000-7fbf8c000000 ---p 00000000 00:00 0 
7fbf8c000000-7fbf8c021000 rw-p 00000000 00:00 0 
7fbf8c021000-7fbf90000000 ---p 00000000 00:00 0 
7fbf90000000-7fbf9110c000 rw-p 00000000 00:00 0 
7fbf9110c000-7fbf94000000 ---p 00000000 00:00 0 
7fbf94000000-7fbf94021000 rw-p 00000000 00:00 0 
7fbf94021000-7fbf98000000 ---p 00000000 00:00 0 
7fbf98000000-7fbf98021000 rw-p 00000000 00:00 0 
7fbf98021000-7fbf9c000000 ---p 00000000 00:00 0 
7fbf9c000000-7fbf9c264000 rw-p 00000000 00:00 0 
7fbf9c264000-7fbfa0000000 ---p 00000000 00:00 0 
7fbfa1d20000-7fbfa4000000 rw-p 00000000 00:00 0 
7fbfa4000000-7fbfa4021000 rw-p 00000000 00:00 0 
7fbfa4021000-7fbfa8000000 ---p 00000000 00:00 0 
7fbfa8000000-7fbfa8021000 rw-p 00000000 00:00 0 
7fbfa8021000-7fbfac000000 ---p 00000000 00:00 0 
7fbfac000000-7fbfac021000 rw-p 00000000 00:00 0 
7fbfac021000-7fbfb0000000 ---p 00000000 00:00 0 
7fbfb19f2000-7fbfb19f3000 rw-p 00000000 00:00 0 
7fbfb19f3000-7fbfb19f4000 r--s 00003000 08:03 547182                     /home/vju/.m2/repository/org/apache/maven/plugin-tools/maven-plugin-annotations/3.2/maven-plugin-annotations-3.2.jar
7fbfb19f4000-7fbfb19f8000 r--s 00020000 08:03 1054027                    /home/vju/.m2/repository/org/apache/maven/surefire/surefire-api/2.17/surefire-api-2.17.jar
7fbfb19f8000-7fbfb19fe000 r--s 00048000 08:03 952573                     /home/vju/.m2/repository/org/apache/commons/commons-lang3/3.1/commons-lang3-3.1.jar
7fbfb19fe000-7fbfb19ff000 r--s 00002000 08:03 952574                     /home/vju/.m2/repository/org/apache/maven/reporting/maven-reporting-api/2.0.9/maven-reporting-api-2.0.9.jar
7fbfb19ff000-7fbfb1a01000 r--s 00008000 08:03 1054026                    /home/vju/.m2/repository/org/apache/maven/surefire/surefire-booter/2.17/surefire-booter-2.17.jar
7fbfb1a01000-7fbfb1a06000 r--s 0003c000 08:03 1054028                    /home/vju/.m2/repository/org/apache/maven/surefire/maven-surefire-common/2.17/maven-surefire-common-2.17.jar
7fbfb1a06000-7fbfb1a08000 r--s 00007000 08:03 925122                     /home/vju/.m2/repository/org/apache/maven/plugins/maven-surefire-plugin/2.17/maven-surefire-plugin-2.17.jar
7fbfb1a08000-7fbfb1a73000 r--s 0069c000 08:03 277824                     /usr/lib/jvm/java-7-openjdk-amd64/lib/tools.jar
7fbfb1a73000-7fbfb1a76000 r--s 0001b000 08:03 403948                     /home/vju/.m2/repository/junit/junit/3.8.2/junit-3.8.2.jar
7fbfb1a76000-7fbfb1a84000 r--s 0008f000 08:03 680509                     /home/vju/.m2/repository/com/google/collections/google-collections/1.0/google-collections-1.0.jar
7fbfb1a84000-7fbfb1a85000 r--s 0000a000 08:03 536093                     /home/vju/.m2/repository/commons-logging/commons-logging-api/1.1/commons-logging-api-1.1.jar
7fbfb1a85000-7fbfb1a8c000 r--s 00051000 08:03 680506                     /home/vju/.m2/repository/log4j/log4j/1.2.12/log4j-1.2.12.jar
7fbfb1a8c000-7fbfb1a90000 r--s 0001d000 08:03 131352                     /home/vju/.m2/repository/org/apache/xbean/xbean-reflect/3.4/xbean-reflect-3.4.jar
7fbfb1a90000-7fbfb1a91000 r--s 00004000 08:03 925168                     /home/vju/.m2/repository/org/codehaus/plexus/plexus-compiler-javac/2.2/plexus-compiler-javac-2.2.jar
7fbfb1a91000-7fbfb1a93000 r--s 00000000 08:03 925203                     /home/vju/.m2/repository/org/codehaus/plexus/plexus-compiler-manager/2.2/plexus-compiler-manager-2.2.jar
7fbfb1a93000-7fbfb1a95000 r--s 00005000 08:03 925167                     /home/vju/.m2/repository/org/codehaus/plexus/plexus-compiler-api/2.2/plexus-compiler-api-2.2.jar
7fbfb1a95000-7fbfb1a97000 r--s 00000000 08:03 3983                       /home/vju/.m2/repository/org/codehaus/plexus/plexus-component-annotations/1.5.5/plexus-component-annotations-1.5.5.jar
7fbfb1a97000-7fbfb1a99000 r--s 00002000 08:03 1053977                    /home/vju/.m2/repository/org/apache/maven/shared/maven-shared-incremental/1.1/maven-shared-incremental-1.1.jar
7fbfb1a99000-7fbfb1a9b000 r--s 00006000 08:03 147220                     /home/vju/.m2/repository/com/google/code/findbugs/jsr305/2.0.1/jsr305-2.0.1.jar
7fbfb1a9b000-7fbfb1a9e000 r--s 00023000 08:03 1053976                    /home/vju/.m2/repository/org/apache/maven/shared/maven-shared-utils/0.1/maven-shared-utils-0.1.jar
7fbfb1a9e000-7fbfb1aa2000 r--s 00030000 08:03 685896                     /home/vju/.m2/repository/org/codehaus/plexus/plexus-utils/1.5.1/plexus-utils-1.5.1.jar
7fbfb1aa2000-7fbfb1aa4000 r--s 00009000 08:03 536383                     /home/vju/.m2/repository/org/apache/maven/plugins/maven-compiler-plugin/3.1/maven-compiler-plugin-3.1.jar
7fbfb1aa4000-7fbfb1aa6000 r--s 0000d000 08:03 1081446                    /home/vju/.m2/repository/org/codehaus/plexus/plexus-interpolation/1.13/plexus-interpolation-1.13.jar
7fbfb1aa6000-7fbfb1aa7000 r--s 00001000 08:03 1081445                    /home/vju/.m2/repository/org/sonatype/plexus/plexus-build-api/0.0.4/plexus-build-api-0.0.4.jar
7fbfb1aa7000-7fbfb1aa9000 r--s 00009000 08:03 1077399                    /home/vju/.m2/repository/org/apache/maven/shared/maven-filtering/1.1/maven-filtering-1.1.jar
7fbfb1aa9000-7fbfb1aad000 r--s 00033000 08:03 949465                     /home/vju/.m2/repository/org/codehaus/plexus/plexus-utils/2.0.5/plexus-utils-2.0.5.jar
7fbfb1aad000-7fbfb1ab0000 r--s 0001b000 08:03 403312                     /home/vju/.m2/repository/junit/junit/3.8.1/junit-3.8.1.jar
7fbfb1ab0000-7fbfb1ab2000 r--s 00002000 08:03 949761                     /home/vju/.m2/repository/org/codehaus/plexus/plexus-interactivity-api/1.0-alpha-4/plexus-interactivity-api-1.0-alpha-4.jar
7fbfb1ab2000-7fbfb1ab4000 r--s 00006000 08:03 546878                     /home/vju/.m2/repository/commons-cli/commons-cli/1.0/commons-cli-1.0.jar
7fbfb1ab4000-7fbfb1ab5000 r--s 00001000 08:03 949760                     /home/vju/.m2/repository/org/apache/maven/doxia/doxia-sink-api/1.0-alpha-7/doxia-sink-api-1.0-alpha-7.jar
7fbfb1ab5000-7fbfb1ab6000 r--s 00002000 08:03 949759                     /home/vju/.m2/repository/org/apache/maven/reporting/maven-reporting-api/2.0.6/maven-reporting-api-2.0.6.jar
7fbfb1ab6000-7fbfb1ab8000 r--s 00006000 08:03 538797                     /home/vju/.m2/repository/org/apache/maven/plugins/maven-resources-plugin/2.6/maven-resources-plugin-2.6.jar
7fbfb1ab8000-7fbfb1abc000 r--s 0001f000 08:03 418721                     /home/vju/.m2/repository/org/jacoco/org.jacoco.report/0.7.1.201405082137/org.jacoco.report-0.7.1.201405082137.jar
7fbfb1abc000-7fbfb1ac1000 r--s 00058000 08:03 418713                     /home/vju/.m2/repository/org/ow2/asm/asm-debug-all/5.0.1/asm-debug-all-5.0.1.jar
7fbfb1ac1000-7fbfb1ac5000 r--s 0001d000 08:03 418712                     /home/vju/.m2/repository/org/jacoco/org.jacoco.core/0.7.1.201405082137/org.jacoco.core-0.7.1.201405082137.jar
7fbfb1ac5000-7fbfb1aca000 r--s 00041000 08:03 418711                     /home/vju/.m2/repository/org/jacoco/org.jacoco.agent/0.7.1.201405082137/org.jacoco.agent-0.7.1.201405082137-runtime.jar
7fbfb1aca000-7fbfb1acf000 r--s 00016000 08:03 952284                     /home/vju/.m2/repository/xml-apis/xml-apis/1.0.b2/xml-apis-1.0.b2.jar
7fbfb1acf000-7fbfb1ad1000 r--s 0000e000 08:03 1082480                    /home/vju/.m2/repository/oro/oro/2.0.8/oro-2.0.8.jar
7fbfb1ad1000-7fbfb1ad3000 r--s 00008000 08:03 547049                     /home/vju/.m2/repository/commons-logging/commons-logging/1.0.4/commons-logging-1.0.4.jar
7fbfb1ad3000-7fbfb1ad7000 r--s 00026000 08:03 952805                     /home/vju/.m2/repository/commons-digester/commons-digester/1.6/commons-digester-1.6.jar
7fbfb1ad7000-7fbfb1adc000 r--s 0002a000 08:03 806058                     /home/vju/.m2/repository/commons-beanutils/commons-beanutils/1.7.0/commons-beanutils-1.7.0.jar
7fbfb1adc000-7fbfb1adf000 r--s 00014000 08:03 806057                     /home/vju/.m2/repository/commons-validator/commons-validator/1.2.0/commons-validator-1.2.0.jar
7fbfb1adf000-7fbfb1aec000 r--s 0007f000 08:03 962555                     /home/vju/.m2/repository/commons-collections/commons-collections/3.2/commons-collections-3.2.jar
7fbfb1aec000-7fbfb1af4000 r--s 00058000 08:03 952292                     /home/vju/.m2/repository/org/apache/velocity/velocity/1.5/velocity-1.5.jar
7fbfb1af4000-7fbfb1af5000 r--s 00001000 08:03 134042                     /home/vju/.m2/repository/org/codehaus/plexus/plexus-velocity/1.1.7/plexus-velocity-1.1.7.jar
7fbfb1af5000-7fbfb1af6000 r--s 00002000 08:03 806060                     /home/vju/.m2/repository/org/codehaus/plexus/plexus-i18n/1.0-beta-7/plexus-i18n-1.0-beta-7.jar
7fbfb1af6000-7fbfb1af8000 r--s 00008000 08:03 1091056                    /home/vju/.m2/repository/org/apache/maven/doxia/doxia-module-fml/1.1.2/doxia-module-fml-1.1.2.jar
7fbfb1af8000-7fbfb1af9000 r--s 00003000 08:03 962552                     /home/vju/.m2/repository/org/apache/maven/doxia/doxia-module-xhtml/1.1.2/doxia-module-xhtml-1.1.2.jar
7fbfb1af9000-7fbfb1afb000 r--s 0000b000 08:03 962551                     /home/vju/.m2/repository/org/apache/maven/doxia/doxia-decoration-model/1.1.2/doxia-decoration-model-1.1.2.jar
7fbfb1afb000-7fbfb1afd000 r--s 0000b000 08:03 962548                     /home/vju/.m2/repository/org/apache/maven/doxia/doxia-site-renderer/1.1.2/doxia-site-renderer-1.1.2.jar
7fbfb1afd000-7fbfb1aff000 r--s 00006000 08:03 814398                     /home/vju/.m2/repository/commons-codec/commons-codec/1.2/commons-codec-1.2.jar
7fbfb1aff000-7fbfb1b05000 r--s 00045000 08:03 418709                     /home/vju/.m2/repository/commons-httpclient/commons-httpclient/3.1/commons-httpclient-3.1.jar
7fbfb1b05000-7fbfb1b09000 r--s 0003c000 08:03 962545                     /home/vju/.m2/repository/commons-lang/commons-lang/2.4/commons-lang-2.4.jar
7fbfb1b09000-7fbfb1b20000 r--s 00112000 08:03 814397                     /home/vju/.m2/repository/xerces/xercesImpl/2.8.1/xercesImpl-2.8.1.jar
7fbfb1b20000-7fbfb1b24000 r--s 00023000 08:03 962543                     /home/vju/.m2/repository/org/apache/maven/doxia/doxia-core/1.1.2/doxia-core-1.1.2.jar
7fbfb1b24000-7fbfb1b26000 r--s 00003000 08:03 962541                     /home/vju/.m2/repository/org/apache/maven/reporting/maven-reporting-impl/2.1/maven-reporting-impl-2.1.jar
7fbfb1b26000-7fbfb1b2b000 r--s 00039000 08:03 685961                     /home/vju/.m2/repository/org/codehaus/plexus/plexus-utils/1.5.6/plexus-utils-1.5.6.jar
7fbfb1b2b000-7fbfb1b68000 r-xp 00000000 08:03 923805                     /lib/x86_64-linux-gnu/libpcre.so.3.13.1
7fbfb1b68000-7fbfb1d67000 ---p 0003d000 08:03 923805                     /lib/x86_64-linux-gnu/libpcre.so.3.13.1
7fbfb1d67000-7fbfb1d68000 r--p 0003c000 08:03 923805                     /lib/x86_64-linux-gnu/libpcre.so.3.13.1
7fbfb1d68000-7fbfb1d69000 rw-p 0003d000 08:03 923805                     /lib/x86_64-linux-gnu/libpcre.so.3.13.1
7fbfb1d69000-7fbfb1d70000 r-xp 00000000 08:03 273479                     /usr/lib/x86_64-linux-gnu/libffi.so.6.0.1
7fbfb1d70000-7fbfb1f6f000 ---p 00007000 08:03 273479                     /usr/lib/x86_64-linux-gnu/libffi.so.6.0.1
7fbfb1f6f000-7fbfb1f70000 r--p 00006000 08:03 273479                     /usr/lib/x86_64-linux-gnu/libffi.so.6.0.1
7fbfb1f70000-7fbfb1f71000 rw-p 00007000 08:03 273479                     /usr/lib/x86_64-linux-gnu/libffi.so.6.0.1
7fbfb1f71000-7fbfb1f88000 r-xp 00000000 08:03 927541                     /lib/x86_64-linux-gnu/libresolv-2.19.so
7fbfb1f88000-7fbfb2188000 ---p 00017000 08:03 927541                     /lib/x86_64-linux-gnu/libresolv-2.19.so
7fbfb2188000-7fbfb2189000 r--p 00017000 08:03 927541                     /lib/x86_64-linux-gnu/libresolv-2.19.so
7fbfb2189000-7fbfb218a000 rw-p 00018000 08:03 927541                     /lib/x86_64-linux-gnu/libresolv-2.19.so
7fbfb218a000-7fbfb218c000 rw-p 00000000 00:00 0 
7fbfb218c000-7fbfb21ac000 r-xp 00000000 08:03 923551                     /lib/x86_64-linux-gnu/libselinux.so.1
7fbfb21ac000-7fbfb23ab000 ---p 00020000 08:03 923551                     /lib/x86_64-linux-gnu/libselinux.so.1
7fbfb23ab000-7fbfb23ac000 r--p 0001f000 08:03 923551                     /lib/x86_64-linux-gnu/libselinux.so.1
7fbfb23ac000-7fbfb23ad000 rw-p 00020000 08:03 923551                     /lib/x86_64-linux-gnu/libselinux.so.1
7fbfb23ad000-7fbfb23af000 rw-p 00000000 00:00 0 
7fbfb23af000-7fbfb23b2000 r-xp 00000000 08:03 273596                     /usr/lib/x86_64-linux-gnu/libgmodule-2.0.so.0.4000.0
7fbfb23b2000-7fbfb25b1000 ---p 00003000 08:03 273596                     /usr/lib/x86_64-linux-gnu/libgmodule-2.0.so.0.4000.0
7fbfb25b1000-7fbfb25b2000 r--p 00002000 08:03 273596                     /usr/lib/x86_64-linux-gnu/libgmodule-2.0.so.0.4000.0
7fbfb25b2000-7fbfb25b3000 rw-p 00003000 08:03 273596                     /usr/lib/x86_64-linux-gnu/libgmodule-2.0.so.0.4000.0
7fbfb25b3000-7fbfb26b9000 r-xp 00000000 08:03 923733                     /lib/x86_64-linux-gnu/libglib-2.0.so.0.4000.0
7fbfb26b9000-7fbfb28b8000 ---p 00106000 08:03 923733                     /lib/x86_64-linux-gnu/libglib-2.0.so.0.4000.0
7fbfb28b8000-7fbfb28b9000 r--p 00105000 08:03 923733                     /lib/x86_64-linux-gnu/libglib-2.0.so.0.4000.0
7fbfb28b9000-7fbfb28ba000 rw-p 00106000 08:03 923733                     /lib/x86_64-linux-gnu/libglib-2.0.so.0.4000.0
7fbfb28ba000-7fbfb28bb000 rw-p 00000000 00:00 0 
7fbfb28bb000-7fbfb290a000 r-xp 00000000 08:03 273612                     /usr/lib/x86_64-linux-gnu/libgobject-2.0.so.0.4000.0
7fbfb290a000-7fbfb2b0a000 ---p 0004f000 08:03 273612                     /usr/lib/x86_64-linux-gnu/libgobject-2.0.so.0.4000.0
7fbfb2b0a000-7fbfb2b0b000 r--p 0004f000 08:03 273612                     /usr/lib/x86_64-linux-gnu/libgobject-2.0.so.0.4000.0
7fbfb2b0b000-7fbfb2b0c000 rw-p 00050000 08:03 273612                     /usr/lib/x86_64-linux-gnu/libgobject-2.0.so.0.4000.0
7fbfb2b0c000-7fbfb2c77000 r-xp 00000000 08:03 273582                     /usr/lib/x86_64-linux-gnu/libgio-2.0.so.0.4000.0
7fbfb2c77000-7fbfb2e77000 ---p 0016b000 08:03 273582                     /usr/lib/x86_64-linux-gnu/libgio-2.0.so.0.4000.0
7fbfb2e77000-7fbfb2e7b000 r--p 0016b000 08:03 273582                     /usr/lib/x86_64-linux-gnu/libgio-2.0.so.0.4000.0
7fbfb2e7b000-7fbfb2e7d000 rw-p 0016f000 08:03 273582                     /usr/lib/x86_64-linux-gnu/libgio-2.0.so.0.4000.0
7fbfb2e7d000-7fbfb2e7f000 rw-p 00000000 00:00 0 
7fbfb2e7f000-7fbfb2e95000 r-xp 00000000 08:03 275130                     /usr/lib/jvm/java-7-openjdk-amd64/jre/lib/amd64/libnet.so
7fbfb2e95000-7fbfb3095000 ---p 00016000 08:03 275130                     /usr/lib/jvm/java-7-openjdk-amd64/jre/lib/amd64/libnet.so
7fbfb3095000-7fbfb3096000 r--p 00016000 08:03 275130                     /usr/lib/jvm/java-7-openjdk-amd64/jre/lib/amd64/libnet.so
7fbfb3096000-7fbfb3097000 rw-p 00017000 08:03 275130                     /usr/lib/jvm/java-7-openjdk-amd64/jre/lib/amd64/libnet.so
7fbfb3097000-7fbfb30a7000 r-xp 00000000 08:03 275139                     /usr/lib/jvm/java-7-openjdk-amd64/jre/lib/amd64/libnio.so
7fbfb30a7000-7fbfb32a7000 ---p 00010000 08:03 275139                     /usr/lib/jvm/java-7-openjdk-amd64/jre/lib/amd64/libnio.so
7fbfb32a7000-7fbfb32a8000 r--p 00010000 08:03 275139                     /usr/lib/jvm/java-7-openjdk-amd64/jre/lib/amd64/libnio.so
7fbfb32a8000-7fbfb32a9000 rw-p 00011000 08:03 275139                     /usr/lib/jvm/java-7-openjdk-amd64/jre/lib/amd64/libnio.so
7fbfb32a9000-7fbfb32aa000 ---p 00000000 00:00 0 
7fbfb32aa000-7fbfb33aa000 rw-p 00000000 00:00 0                          [stack:1137]
7fbfb33aa000-7fbfb33ad000 ---p 00000000 00:00 0 
7fbfb33ad000-7fbfb34ab000 rw-p 00000000 00:00 0                          [stack:1136]
7fbfb34ab000-7fbfb34ae000 ---p 00000000 00:00 0 
7fbfb34ae000-7fbfb35ac000 rw-p 00000000 00:00 0                          [stack:1134]
7fbfb35ac000-7fbfb35af000 ---p 00000000 00:00 0 
7fbfb35af000-7fbfb36ad000 rw-p 00000000 00:00 0                          [stack:1132]
7fbfb36ad000-7fbfb36b0000 ---p 00000000 00:00 0 
7fbfb36b0000-7fbfb37ae000 rw-p 00000000 00:00 0                          [stack:1130]
7fbfb37ae000-7fbfb4000000 r--p 00000000 08:03 270875                     /usr/lib/locale/locale-archive
7fbfb4000000-7fbfb4021000 rw-p 00000000 00:00 0 
7fbfb4021000-7fbfb8000000 ---p 00000000 00:00 0 
7fbfb8000000-7fbfb8001000 r--s 00002000 08:03 962540                     /home/vju/.m2/repository/org/apache/maven/doxia/doxia-logging-api/1.1/doxia-logging-api-1.1.jar
7fbfb8001000-7fbfb8003000 r--s 00002000 08:03 962536                     /home/vju/.m2/repository/org/apache/maven/doxia/doxia-sink-api/1.1/doxia-sink-api-1.1.jar
7fbfb8003000-7fbfb8004000 r--s 00002000 08:03 962537                     /home/vju/.m2/repository/org/apache/maven/reporting/maven-reporting-api/2.2.1/maven-reporting-api-2.2.1.jar
7fbfb8004000-7fbfb800a000 r--s 00034000 08:03 962535                     /home/vju/.m2/repository/junit/junit/4.8.2/junit-4.8.2.jar
7fbfb800a000-7fbfb8012000 r--s 00049000 08:03 814396                     /home/vju/.m2/repository/backport-util-concurrent/backport-util-concurrent/3.1/backport-util-concurrent-3.1.jar
7fbfb8012000-7fbfb8043000 rw-p 00000000 00:00 0 
7fbfb8043000-7fbfb8045000 r--s 00008000 08:03 1084108                    /home/vju/.m2/repository/org/apache/maven/shared/maven-shared-io/1.1/maven-shared-io-1.1.jar
7fbfb8045000-7fbfb8047000 r--s 00008000 08:03 1083918                    /home/vju/.m2/repository/org/apache/maven/shared/file-management/1.2.1/file-management-1.2.1.jar
7fbfb8047000-7fbfb8049000 r--s 0000b000 08:03 1091052                    /home/vju/.m2/repository/org/codehaus/plexus/plexus-interpolation/1.11/plexus-interpolation-1.11.jar
7fbfb8049000-7fbfb804c000 r--s 00017000 08:03 275071                     /usr/lib/jvm/java-7-openjdk-amd64/jre/lib/jce.jar
7fbfb804c000-7fbfb804e000 r--s 0000a000 08:03 418838                     /home/vju/.m2/repository/org/jacoco/jacoco-maven-plugin/0.7.1.201405082137/jacoco-maven-plugin-0.7.1.201405082137.jar
7fbfb804e000-7fbfb8052000 r--s 00034000 08:03 685824                     /home/vju/.m2/repository/org/codehaus/plexus/plexus-utils/3.0/plexus-utils-3.0.jar
7fbfb8052000-7fbfb8054000 r--s 00005000 08:03 685321                     /home/vju/.m2/repository/org/apache/maven/plugins/maven-clean-plugin/2.5/maven-clean-plugin-2.5.jar
7fbfb8054000-7fbfb8059000 r--s 0004c000 08:03 275099                     /usr/lib/jvm/java-7-openjdk-amd64/jre/lib/jsse.jar
7fbfb8059000-7fbfb805b000 r--s 00005000 08:03 544984                     /usr/share/java/maven3-repository-metadata-3.0.5.jar
7fbfb805b000-7fbfb805e000 r--s 00013000 08:03 1079748                    /usr/share/maven-repo/org/sonatype/aether/aether-api/1.13.1/aether-api-1.13.1.jar
7fbfb805e000-7fbfb807a000 r--s 00110000 08:03 544959                     /usr/share/java/wagon-http-shaded-2.x.jar
7fbfb807a000-7fbfb807c000 r--s 0000a000 08:03 544985                     /usr/share/java/maven3-artifact-3.0.5.jar
7fbfb807c000-7fbfb807e000 r--s 00007000 08:03 544524                     /usr/share/java/commons-cli-1.2.jar
7fbfb807e000-7fbfb8082000 r--s 0001c000 08:03 804553                     /usr/share/maven-repo/org/sonatype/aether/aether-util/1.13.1/aether-util-1.13.1.jar
7fbfb8082000-7fbfb8084000 r--s 00025000 08:03 544980                     /usr/share/java/maven3-model-3.0.5.jar
7fbfb8084000-7fbfb8090000 r--s 00082000 08:03 544837                     /usr/share/java/sisu-guice.jar
7fbfb8090000-7fbfb8092000 r--s 0000b000 08:03 544979                     /usr/share/java/maven3-aether-provider-3.0.5.jar
7fbfb8092000-7fbfb8094000 r--s 00009000 08:03 544983                     /usr/share/java/maven3-settings-3.0.5.jar
7fbfb8094000-7fbfb809a000 r--s 00046000 08:03 544668                     /usr/share/java/commons-httpclient-3.1.jar
7fbfb809a000-7fbfb80a6000 r--s 0007c000 08:03 544981                     /usr/share/java/maven3-core-3.0.5.jar
7fbfb80a6000-7fbfb80a8000 r--s 00007000 08:03 544986                     /usr/share/java/maven3-settings-builder-3.0.5.jar
7fbfb80a8000-7fbfb80ac000 r--s 00033000 08:03 544819                     /usr/share/java/plexus-utils2-2.0.5.jar
7fbfb80ac000-7fbfb80b2000 r--s 0002c000 08:03 544842                     /usr/share/java/sisu-inject-plexus.jar
7fbfb80b2000-7fbfb80b3000 r--s 00001000 08:03 544952                     /usr/share/java/wagon-file-2.x.jar
7fbfb80b3000-7fbfb80dc000 r--s 001e9000 08:03 544533                     /usr/share/java/guava.jar
7fbfb80dc000-7fbfb80dd000 r--s 00006000 08:03 544666                     /usr/share/java/plexus-sec-dispatcher.jar
7fbfb80dd000-7fbfb80df000 r--s 0000a000 08:03 544951                     /usr/share/java/wagon-provider-api-2.x.jar
7fbfb80df000-7fbfb80e1000 r--s 00000000 08:03 544826                     /usr/share/java/plexus-component-annotations-1.5-1.5.5.jar
7fbfb80e1000-7fbfb80e2000 r--s 0000d000 08:03 543668                     /usr/share/java/commons-logging-1.1.3.jar
7fbfb80e2000-7fbfb80e8000 r--s 0003e000 08:03 544987                     /usr/share/java/maven3-compat-3.0.5.jar
7fbfb80e8000-7fbfb80ea000 r--s 0000e000 08:03 544561                     /usr/share/java/plexus-interpolation.jar
7fbfb80ea000-7fbfb80f1000 r--s 0003b000 08:03 544549                     /usr/share/java/commons-codec-1.9.jar
7fbfb80f1000-7fbfb80f4000 ---p 00000000 00:00 0 
7fbfb80f4000-7fbfb81f2000 rw-p 00000000 00:00 0                          [stack:1129]
7fbfb81f2000-7fbfb81f5000 ---p 00000000 00:00 0 
7fbfb81f5000-7fbfb82f3000 rw-p 00000000 00:00 0                          [stack:1128]
7fbfb82f3000-7fbfb82f4000 ---p 00000000 00:00 0 
7fbfb82f4000-7fbfb9000000 rw-p 00000000 00:00 0                          [stack:1127]
7fbfb9000000-7fbfb92b0000 rwxp 00000000 00:00 0 
7fbfb92b0000-7fbfbd21e000 rw-p 00000000 00:00 0 
7fbfbd21e000-7fbfc0000000 ---p 00000000 00:00 0 
7fbfc0000000-7fbfc0001000 r--s 00003000 08:03 923393                     /usr/share/maven-repo/org/sonatype/aether/aether-spi/1.13.1/aether-spi-1.13.1.jar
7fbfc0001000-7fbfc0004000 r--s 0001d000 08:03 1080348                    /usr/share/maven-repo/org/sonatype/aether/aether-impl/1.13.1/aether-impl-1.13.1.jar
7fbfc0004000-7fbfc0006000 r--s 00008000 08:03 544982                     /usr/share/java/maven3-embedder-3.0.5.jar
7fbfc0006000-7fbfc0008000 r--s 00006000 08:03 1080360                    /usr/share/maven-repo/org/sonatype/aether/aether-connector-wagon/1.13.1/aether-connector-wagon-1.13.1.jar
7fbfc0008000-7fbfc000a000 r--s 00002000 08:03 544664                     /usr/share/java/plexus-cipher.jar
7fbfc000a000-7fbfc0011000 r--s 00040000 08:03 544847                     /usr/share/java/sisu-inject-bean.jar
7fbfc0011000-7fbfc0015000 r--s 00020000 08:03 544989                     /usr/share/java/maven3-model-builder-3.0.5.jar
7fbfc0015000-7fbfc0406000 rw-p 00000000 00:00 0 
7fbfc0406000-7fbfc05b4000 r--s 01cfc000 08:03 275069                     /usr/lib/jvm/java-7-openjdk-amd64/jre/lib/rt.jar
7fbfc05b4000-7fbfc08db000 rw-p 00000000 00:00 0 
7fbfc08db000-7fbfc08dc000 ---p 00000000 00:00 0 
7fbfc08dc000-7fbfc09dc000 rw-p 00000000 00:00 0                          [stack:1122]
7fbfc09dc000-7fbfc09dd000 ---p 00000000 00:00 0 
7fbfc09dd000-7fbfc0add000 rw-p 00000000 00:00 0                          [stack:1121]
7fbfc0add000-7fbfc0ade000 ---p 00000000 00:00 0 
7fbfc0ade000-7fbfc0bde000 rw-p 00000000 00:00 0                          [stack:1120]
7fbfc0bde000-7fbfc0bdf000 ---p 00000000 00:00 0 
7fbfc0bdf000-7fbfc0cea000 rw-p 00000000 00:00 0                          [stack:1119]
7fbfc0cea000-7fbfc0d32000 rw-p 00000000 00:00 0 
7fbfc0d32000-7fbfc0d46000 rw-p 00000000 00:00 0 
7fbfc0d46000-7fbfc0e6f000 rw-p 00000000 00:00 0 
7fbfc0e6f000-7fbfc0e7a000 rw-p 00000000 00:00 0 
7fbfc0e7a000-7fbfc0ec2000 rw-p 00000000 00:00 0 
7fbfc0ec2000-7fbfc0ed6000 rw-p 00000000 00:00 0 
7fbfc0ed6000-7fbfc0ffe000 rw-p 00000000 00:00 0 
7fbfc0ffe000-7fbfc1043000 rw-p 00000000 00:00 0 
7fbfc1043000-7fbfc109d000 rw-p 00000000 00:00 0 
7fbfc109d000-7fbfc109e000 rw-p 00000000 00:00 0 
7fbfc109e000-7fbfc10a6000 r-xp 00000000 08:03 275125                     /usr/lib/jvm/java-7-openjdk-amd64/jre/lib/amd64/libzip.so
7fbfc10a6000-7fbfc12a5000 ---p 00008000 08:03 275125                     /usr/lib/jvm/java-7-openjdk-amd64/jre/lib/amd64/libzip.so
7fbfc12a5000-7fbfc12a6000 r--p 00007000 08:03 275125                     /usr/lib/jvm/java-7-openjdk-amd64/jre/lib/amd64/libzip.so
7fbfc12a6000-7fbfc12a7000 rw-p 00008000 08:03 275125                     /usr/lib/jvm/java-7-openjdk-amd64/jre/lib/amd64/libzip.so
7fbfc12a7000-7fbfc12b2000 r-xp 00000000 08:03 927561                     /lib/x86_64-linux-gnu/libnss_files-2.19.so
7fbfc12b2000-7fbfc14b1000 ---p 0000b000 08:03 927561                     /lib/x86_64-linux-gnu/libnss_files-2.19.so
7fbfc14b1000-7fbfc14b2000 r--p 0000a000 08:03 927561                     /lib/x86_64-linux-gnu/libnss_files-2.19.so
7fbfc14b2000-7fbfc14b3000 rw-p 0000b000 08:03 927561                     /lib/x86_64-linux-gnu/libnss_files-2.19.so
7fbfc14b3000-7fbfc14be000 r-xp 00000000 08:03 927535                     /lib/x86_64-linux-gnu/libnss_nis-2.19.so
7fbfc14be000-7fbfc16bd000 ---p 0000b000 08:03 927535                     /lib/x86_64-linux-gnu/libnss_nis-2.19.so
7fbfc16bd000-7fbfc16be000 r--p 0000a000 08:03 927535                     /lib/x86_64-linux-gnu/libnss_nis-2.19.so
7fbfc16be000-7fbfc16bf000 rw-p 0000b000 08:03 927535                     /lib/x86_64-linux-gnu/libnss_nis-2.19.so
7fbfc16bf000-7fbfc16d6000 r-xp 00000000 08:03 927563                     /lib/x86_64-linux-gnu/libnsl-2.19.so
7fbfc16d6000-7fbfc18d5000 ---p 00017000 08:03 927563                     /lib/x86_64-linux-gnu/libnsl-2.19.so
7fbfc18d5000-7fbfc18d6000 r--p 00016000 08:03 927563                     /lib/x86_64-linux-gnu/libnsl-2.19.so
7fbfc18d6000-7fbfc18d7000 rw-p 00017000 08:03 927563                     /lib/x86_64-linux-gnu/libnsl-2.19.so
7fbfc18d7000-7fbfc18d9000 rw-p 00000000 00:00 0 
7fbfc18d9000-7fbfc18e2000 r-xp 00000000 08:03 927556                     /lib/x86_64-linux-gnu/libnss_compat-2.19.so
7fbfc18e2000-7fbfc1ae1000 ---p 00009000 08:03 927556                     /lib/x86_64-linux-gnu/libnss_compat-2.19.so
7fbfc1ae1000-7fbfc1ae2000 r--p 00008000 08:03 927556                     /lib/x86_64-linux-gnu/libnss_compat-2.19.so
7fbfc1ae2000-7fbfc1ae3000 rw-p 00009000 08:03 927556                     /lib/x86_64-linux-gnu/libnss_compat-2.19.so
7fbfc1ae3000-7fbfc1b0e000 r-xp 00000000 08:03 275121                     /usr/lib/jvm/java-7-openjdk-amd64/jre/lib/amd64/libjava.so
7fbfc1b0e000-7fbfc1d0d000 ---p 0002b000 08:03 275121                     /usr/lib/jvm/java-7-openjdk-amd64/jre/lib/amd64/libjava.so
7fbfc1d0d000-7fbfc1d0e000 r--p 0002a000 08:03 275121                     /usr/lib/jvm/java-7-openjdk-amd64/jre/lib/amd64/libjava.so
7fbfc1d0e000-7fbfc1d10000 rw-p 0002b000 08:03 275121                     /usr/lib/jvm/java-7-openjdk-amd64/jre/lib/amd64/libjava.so
7fbfc1d10000-7fbfc1d20000 r-xp 00000000 08:03 275154                     /usr/lib/jvm/java-7-openjdk-amd64/jre/lib/amd64/libverify.so
7fbfc1d20000-7fbfc1f1f000 ---p 00010000 08:03 275154                     /usr/lib/jvm/java-7-openjdk-amd64/jre/lib/amd64/libverify.so
7fbfc1f1f000-7fbfc1f21000 r--p 0000f000 08:03 275154                     /usr/lib/jvm/java-7-openjdk-amd64/jre/lib/amd64/libverify.so
7fbfc1f21000-7fbfc1f22000 rw-p 00011000 08:03 275154                     /usr/lib/jvm/java-7-openjdk-amd64/jre/lib/amd64/libverify.so
7fbfc1f22000-7fbfc1f29000 r-xp 00000000 08:03 927559                     /lib/x86_64-linux-gnu/librt-2.19.so
7fbfc1f29000-7fbfc2128000 ---p 00007000 08:03 927559                     /lib/x86_64-linux-gnu/librt-2.19.so
7fbfc2128000-7fbfc2129000 r--p 00006000 08:03 927559                     /lib/x86_64-linux-gnu/librt-2.19.so
7fbfc2129000-7fbfc212a000 rw-p 00007000 08:03 927559                     /lib/x86_64-linux-gnu/librt-2.19.so
7fbfc212a000-7fbfc2140000 r-xp 00000000 08:03 923729                     /lib/x86_64-linux-gnu/libgcc_s.so.1
7fbfc2140000-7fbfc233f000 ---p 00016000 08:03 923729                     /lib/x86_64-linux-gnu/libgcc_s.so.1
7fbfc233f000-7fbfc2340000 rw-p 00015000 08:03 923729                     /lib/x86_64-linux-gnu/libgcc_s.so.1
7fbfc2340000-7fbfc2445000 r-xp 00000000 08:03 927560                     /lib/x86_64-linux-gnu/libm-2.19.so
7fbfc2445000-7fbfc2644000 ---p 00105000 08:03 927560                     /lib/x86_64-linux-gnu/libm-2.19.so
7fbfc2644000-7fbfc2645000 r--p 00104000 08:03 927560                     /lib/x86_64-linux-gnu/libm-2.19.so
7fbfc2645000-7fbfc2646000 rw-p 00105000 08:03 927560                     /lib/x86_64-linux-gnu/libm-2.19.so
7fbfc2646000-7fbfc272c000 r-xp 00000000 08:03 274107                     /usr/lib/x86_64-linux-gnu/libstdc++.so.6.0.19
7fbfc272c000-7fbfc292b000 ---p 000e6000 08:03 274107                     /usr/lib/x86_64-linux-gnu/libstdc++.so.6.0.19
7fbfc292b000-7fbfc2933000 r--p 000e5000 08:03 274107                     /usr/lib/x86_64-linux-gnu/libstdc++.so.6.0.19
7fbfc2933000-7fbfc2935000 rw-p 000ed000 08:03 274107                     /usr/lib/x86_64-linux-gnu/libstdc++.so.6.0.19
7fbfc2935000-7fbfc294a000 rw-p 00000000 00:00 0 
7fbfc294a000-7fbfc342b000 r-xp 00000000 08:03 275136                     /usr/lib/jvm/java-7-openjdk-amd64/jre/lib/amd64/server/libjvm.so
7fbfc342b000-7fbfc362a000 ---p 00ae1000 08:03 275136                     /usr/lib/jvm/java-7-openjdk-amd64/jre/lib/amd64/server/libjvm.so
7fbfc362a000-7fbfc36bc000 r--p 00ae0000 08:03 275136                     /usr/lib/jvm/java-7-openjdk-amd64/jre/lib/amd64/server/libjvm.so
7fbfc36bc000-7fbfc36df000 rw-p 00b72000 08:03 275136                     /usr/lib/jvm/java-7-openjdk-amd64/jre/lib/amd64/server/libjvm.so
7fbfc36df000-7fbfc370c000 rw-p 00000000 00:00 0 
7fbfc370c000-7fbfc3724000 r-xp 00000000 08:03 923865                     /lib/x86_64-linux-gnu/libz.so.1.2.8
7fbfc3724000-7fbfc3923000 ---p 00018000 08:03 923865                     /lib/x86_64-linux-gnu/libz.so.1.2.8
7fbfc3923000-7fbfc3924000 r--p 00017000 08:03 923865                     /lib/x86_64-linux-gnu/libz.so.1.2.8
7fbfc3924000-7fbfc3925000 rw-p 00018000 08:03 923865                     /lib/x86_64-linux-gnu/libz.so.1.2.8
7fbfc3925000-7fbfc393e000 r-xp 00000000 08:03 927566                     /lib/x86_64-linux-gnu/libpthread-2.19.so
7fbfc393e000-7fbfc3b3d000 ---p 00019000 08:03 927566                     /lib/x86_64-linux-gnu/libpthread-2.19.so
7fbfc3b3d000-7fbfc3b3e000 r--p 00018000 08:03 927566                     /lib/x86_64-linux-gnu/libpthread-2.19.so
7fbfc3b3e000-7fbfc3b3f000 rw-p 00019000 08:03 927566                     /lib/x86_64-linux-gnu/libpthread-2.19.so
7fbfc3b3f000-7fbfc3b43000 rw-p 00000000 00:00 0 
7fbfc3b43000-7fbfc3b46000 r-xp 00000000 08:03 927551                     /lib/x86_64-linux-gnu/libdl-2.19.so
7fbfc3b46000-7fbfc3d45000 ---p 00003000 08:03 927551                     /lib/x86_64-linux-gnu/libdl-2.19.so
7fbfc3d45000-7fbfc3d46000 r--p 00002000 08:03 927551                     /lib/x86_64-linux-gnu/libdl-2.19.so
7fbfc3d46000-7fbfc3d47000 rw-p 00003000 08:03 927551                     /lib/x86_64-linux-gnu/libdl-2.19.so
7fbfc3d47000-7fbfc3f03000 r-xp 00000000 08:03 927564                     /lib/x86_64-linux-gnu/libc-2.19.so
7fbfc3f03000-7fbfc4102000 ---p 001bc000 08:03 927564                     /lib/x86_64-linux-gnu/libc-2.19.so
7fbfc4102000-7fbfc4106000 r--p 001bb000 08:03 927564                     /lib/x86_64-linux-gnu/libc-2.19.so
7fbfc4106000-7fbfc4108000 rw-p 001bf000 08:03 927564                     /lib/x86_64-linux-gnu/libc-2.19.so
7fbfc4108000-7fbfc410d000 rw-p 00000000 00:00 0 
7fbfc410d000-7fbfc411a000 r-xp 00000000 08:03 275147                     /usr/lib/jvm/java-7-openjdk-amd64/jre/lib/amd64/jli/libjli.so
7fbfc411a000-7fbfc4319000 ---p 0000d000 08:03 275147                     /usr/lib/jvm/java-7-openjdk-amd64/jre/lib/amd64/jli/libjli.so
7fbfc4319000-7fbfc431a000 r--p 0000c000 08:03 275147                     /usr/lib/jvm/java-7-openjdk-amd64/jre/lib/amd64/jli/libjli.so
7fbfc431a000-7fbfc431b000 rw-p 0000d000 08:03 275147                     /usr/lib/jvm/java-7-openjdk-amd64/jre/lib/amd64/jli/libjli.so
7fbfc431b000-7fbfc433e000 r-xp 00000000 08:03 927549                     /lib/x86_64-linux-gnu/ld-2.19.so
7fbfc433e000-7fbfc4340000 r--s 00009000 08:03 544988                     /usr/share/java/maven3-plugin-api-3.0.5.jar
7fbfc4340000-7fbfc4342000 r--s 0000a000 08:03 544504                     /usr/share/java/plexus-classworlds2-2.5.1.jar
7fbfc4342000-7fbfc4346000 r--s 0003b000 08:03 275077                     /usr/lib/jvm/java-7-openjdk-amd64/jre/lib/ext/sunpkcs11.jar
7fbfc4346000-7fbfc4347000 r--s 00002000 08:03 275078                     /usr/lib/jvm/java-7-openjdk-amd64/jre/lib/ext/dnsns.jar
7fbfc4347000-7fbfc4368000 rw-p 00000000 00:00 0 
7fbfc4368000-7fbfc441d000 rw-p 00000000 00:00 0 
7fbfc441d000-7fbfc4420000 ---p 00000000 00:00 0 
7fbfc4420000-7fbfc4523000 rw-p 00000000 00:00 0                          [stack:1118]
7fbfc4523000-7fbfc4526000 r--s 00032000 08:03 275075                     /usr/lib/jvm/java-7-openjdk-amd64/jre/lib/ext/sunjce_provider.jar
7fbfc4526000-7fbfc4528000 r--s 00006000 08:03 541875                     /usr/share/java/java-atk-wrapper.jar
7fbfc4528000-7fbfc452a000 r--s 00012000 08:03 275074                     /usr/lib/jvm/java-7-openjdk-amd64/jre/lib/ext/zipfs.jar
7fbfc452a000-7fbfc452e000 r--s 00085000 08:03 275076                     /usr/lib/jvm/java-7-openjdk-amd64/jre/lib/ext/localedata.jar
7fbfc452e000-7fbfc4531000 r--s 0000f000 08:03 275073                     /usr/lib/jvm/java-7-openjdk-amd64/jre/lib/ext/pulse-java.jar
7fbfc4531000-7fbfc4539000 rw-s 00000000 08:03 798099                     /tmp/hsperfdata_vju/1095
7fbfc4539000-7fbfc453a000 rw-p 00000000 00:00 0 
7fbfc453a000-7fbfc453b000 ---p 00000000 00:00 0 
7fbfc453b000-7fbfc453d000 rw-p 00000000 00:00 0 
7fbfc453d000-7fbfc453e000 r--p 00022000 08:03 927549                     /lib/x86_64-linux-gnu/ld-2.19.so
7fbfc453e000-7fbfc453f000 rw-p 00023000 08:03 927549                     /lib/x86_64-linux-gnu/ld-2.19.so
7fbfc453f000-7fbfc4540000 rw-p 00000000 00:00 0 
7fff8aed9000-7fff8aefa000 rw-p 00000000 00:00 0                          [stack]
7fff8affe000-7fff8b000000 r-xp 00000000 00:00 0                          [vdso]
ffffffffff600000-ffffffffff601000 r-xp 00000000 00:00 0                  [vsyscall]

VM Arguments:
jvm_args: -Dclassworlds.conf=/usr/share/maven/bin/m2.conf -Dmaven.home=/usr/share/maven 
java_command: org.codehaus.plexus.classworlds.launcher.Launcher clean wildfly:deploy
Launcher Type: SUN_STANDARD

Environment Variables:
JAVA_HOME=/usr/lib/jvm/java-7-openjdk-amd64
PATH=/usr/local/sbin:/usr/local/bin:/usr/sbin:/usr/bin:/sbin:/bin:/usr/games:/usr/local/games
SHELL=/bin/bash
DISPLAY=:0

Signal Handlers:
SIGSEGV: [libjvm.so+0x918620], sa_mask[0]=0x7ffbfeff, sa_flags=0x10000004
SIGBUS: [libjvm.so+0x918620], sa_mask[0]=0x7ffbfeff, sa_flags=0x10000004
SIGFPE: [libjvm.so+0x795e30], sa_mask[0]=0x7ffbfeff, sa_flags=0x10000004
SIGPIPE: [libjvm.so+0x795e30], sa_mask[0]=0x7ffbfeff, sa_flags=0x10000004
SIGXFSZ: [libjvm.so+0x795e30], sa_mask[0]=0x7ffbfeff, sa_flags=0x10000004
SIGILL: [libjvm.so+0x795e30], sa_mask[0]=0x7ffbfeff, sa_flags=0x10000004
SIGUSR1: SIG_DFL, sa_mask[0]=0x00000000, sa_flags=0x00000000
SIGUSR2: [libjvm.so+0x795cd0], sa_mask[0]=0x00000000, sa_flags=0x10000004
SIGHUP: [libjvm.so+0x795eb0], sa_mask[0]=0x7ffbfeff, sa_flags=0x10000004
SIGINT: [libjvm.so+0x795eb0], sa_mask[0]=0x7ffbfeff, sa_flags=0x10000004
SIGTERM: [libjvm.so+0x795eb0], sa_mask[0]=0x7ffbfeff, sa_flags=0x10000004
SIGQUIT: [libjvm.so+0x795eb0], sa_mask[0]=0x7ffbfeff, sa_flags=0x10000004


---------------  S Y S T E M  ---------------

OS:Ubuntu 14.04 (trusty)
uname:Linux 3.13.0-34-generic #60-Ubuntu SMP Wed Aug 13 15:45:27 UTC 2014 x86_64
libc:glibc 2.19 NPTL 2.19 
rlimit: STACK 8192k, CORE 0k, NPROC 30179, NOFILE 4096, AS infinity
load average:0,49 0,44 0,50

/proc/meminfo:
MemTotal:        3884548 kB
MemFree:           90800 kB
Buffers:             504 kB
Cached:           377496 kB
SwapCached:        49992 kB
Active:          2581168 kB
Inactive:         870708 kB
Active(anon):    2575200 kB
Inactive(anon):   861788 kB
Active(file):       5968 kB
Inactive(file):     8920 kB
Unevictable:           0 kB
Mlocked:               0 kB
SwapTotal:       2997244 kB
SwapFree:              0 kB
Dirty:                 0 kB
Writeback:             0 kB
AnonPages:       3026740 kB
Mapped:            95144 kB
Shmem:            363084 kB
Slab:              86372 kB
SReclaimable:      33928 kB
SUnreclaim:        52444 kB
KernelStack:        9112 kB
PageTables:        87324 kB
NFS_Unstable:          0 kB
Bounce:                0 kB
WritebackTmp:          0 kB
CommitLimit:     4939516 kB
Committed_AS:   13902084 kB
VmallocTotal:   34359738367 kB
VmallocUsed:      600048 kB
VmallocChunk:   34359065932 kB
HardwareCorrupted:     0 kB
AnonHugePages:   1003520 kB
HugePages_Total:       0
HugePages_Free:        0
HugePages_Rsvd:        0
HugePages_Surp:        0
Hugepagesize:       2048 kB
DirectMap4k:       72444 kB
DirectMap2M:     3956736 kB


CPU:total 4 (2 cores per cpu, 2 threads per core) family 6 model 58 stepping 9, cmov, cx8, fxsr, mmx, sse, sse2, sse3, ssse3, sse4.1, sse4.2, popcnt, avx, aes, erms, ht, tsc, tscinvbit, tscinv

/proc/cpuinfo:
processor	: 0
vendor_id	: GenuineIntel
cpu family	: 6
model		: 58
model name	: Intel(R) Core(TM) i5-3317U CPU @ 1.70GHz
stepping	: 9
microcode	: 0x12
cpu MHz		: 1500.000
cache size	: 3072 KB
physical id	: 0
siblings	: 4
core id		: 0
cpu cores	: 2
apicid		: 0
initial apicid	: 0
fpu		: yes
fpu_exception	: yes
cpuid level	: 13
wp		: yes
flags		: fpu vme de pse tsc msr pae mce cx8 apic sep mtrr pge mca cmov pat pse36 clflush dts acpi mmx fxsr sse sse2 ss ht tm pbe syscall nx rdtscp lm constant_tsc arch_perfmon pebs bts rep_good nopl xtopology nonstop_tsc aperfmperf eagerfpu pni pclmulqdq dtes64 monitor ds_cpl vmx est tm2 ssse3 cx16 xtpr pdcm pcid sse4_1 sse4_2 x2apic popcnt tsc_deadline_timer aes xsave avx f16c rdrand lahf_lm ida arat epb xsaveopt pln pts dtherm tpr_shadow vnmi flexpriority ept vpid fsgsbase smep erms
bogomips	: 3392.31
clflush size	: 64
cache_alignment	: 64
address sizes	: 36 bits physical, 48 bits virtual
power management:

processor	: 1
vendor_id	: GenuineIntel
cpu family	: 6
model		: 58
model name	: Intel(R) Core(TM) i5-3317U CPU @ 1.70GHz
stepping	: 9
microcode	: 0x12
cpu MHz		: 1701.000
cache size	: 3072 KB
physical id	: 0
siblings	: 4
core id		: 0
cpu cores	: 2
apicid		: 1
initial apicid	: 1
fpu		: yes
fpu_exception	: yes
cpuid level	: 13
wp		: yes
flags		: fpu vme de pse tsc msr pae mce cx8 apic sep mtrr pge mca cmov pat pse36 clflush dts acpi mmx fxsr sse sse2 ss ht tm pbe syscall nx rdtscp lm constant_tsc arch_perfmon pebs bts rep_good nopl xtopology nonstop_tsc aperfmperf eagerfpu pni pclmulqdq dtes64 monitor ds_cpl vmx est tm2 ssse3 cx16 xtpr pdcm pcid sse4_1 sse4_2 x2apic popcnt tsc_deadline_timer aes xsave avx f16c rdrand lahf_lm ida arat epb xsaveopt pln pts dtherm tpr_shadow vnmi flexpriority ept vpid fsgsbase smep erms
bogomips	: 3392.31
clflush size	: 64
cache_alignment	: 64
address sizes	: 36 bits physical, 48 bits virtual
power management:

processor	: 2
vendor_id	: GenuineIntel
cpu family	: 6
model		: 58
model name	: Intel(R) Core(TM) i5-3317U CPU @ 1.70GHz
stepping	: 9
microcode	: 0x12
cpu MHz		: 799.000
cache size	: 3072 KB
physical id	: 0
siblings	: 4
core id		: 1
cpu cores	: 2
apicid		: 2
initial apicid	: 2
fpu		: yes
fpu_exception	: yes
cpuid level	: 13
wp		: yes
flags		: fpu vme de pse tsc msr pae mce cx8 apic sep mtrr pge mca cmov pat pse36 clflush dts acpi mmx fxsr sse sse2 ss ht tm pbe syscall nx rdtscp lm constant_tsc arch_perfmon pebs bts rep_good nopl xtopology nonstop_tsc aperfmperf eagerfpu pni pclmulqdq dtes64 monitor ds_cpl vmx est tm2 ssse3 cx16 xtpr pdcm pcid sse4_1 sse4_2 x2apic popcnt tsc_deadline_timer aes xsave avx f16c rdrand lahf_lm ida arat epb xsaveopt pln pts dtherm tpr_shadow vnmi flexpriority ept vpid fsgsbase smep erms
bogomips	: 3392.31
clflush size	: 64
cache_alignment	: 64
address sizes	: 36 bits physical, 48 bits virtual
power management:

processor	: 3
vendor_id	: GenuineIntel
cpu family	: 6
model		: 58
model name	: Intel(R) Core(TM) i5-3317U CPU @ 1.70GHz
stepping	: 9
microcode	: 0x12
cpu MHz		: 1701.000
cache size	: 3072 KB
physical id	: 0
siblings	: 4
core id		: 1
cpu cores	: 2
apicid		: 3
initial apicid	: 3
fpu		: yes
fpu_exception	: yes
cpuid level	: 13
wp		: yes
flags		: fpu vme de pse tsc msr pae mce cx8 apic sep mtrr pge mca cmov pat pse36 clflush dts acpi mmx fxsr sse sse2 ss ht tm pbe syscall nx rdtscp lm constant_tsc arch_perfmon pebs bts rep_good nopl xtopology nonstop_tsc aperfmperf eagerfpu pni pclmulqdq dtes64 monitor ds_cpl vmx est tm2 ssse3 cx16 xtpr pdcm pcid sse4_1 sse4_2 x2apic popcnt tsc_deadline_timer aes xsave avx f16c rdrand lahf_lm ida arat epb xsaveopt pln pts dtherm tpr_shadow vnmi flexpriority ept vpid fsgsbase smep erms
bogomips	: 3392.31
clflush size	: 64
cache_alignment	: 64
address sizes	: 36 bits physical, 48 bits virtual
power management:



Memory: 4k page, physical 3884548k(90556k free), swap 2997244k(0k free)

vm_info: OpenJDK 64-Bit Server VM (24.51-b03) for linux-amd64 JRE (1.7.0_55-b14), built on Apr 17 2014 20:08:07 by "buildd" with gcc 4.8.2

time: Sat Sep  6 12:14:52 2014
elapsed time: 9 seconds

