#
# There is insufficient memory for the Java Runtime Environment to continue.
# Native memory allocation (malloc) failed to allocate 89128960 bytes for committing reserved memory.
# Possible reasons:
#   The system is out of physical RAM or swap space
#   In 32 bit mode, the process size limit was hit
# Possible solutions:
#   Reduce memory load on the system
#   Increase physical memory or swap space
#   Check if swap backing store is full
#   Use 64 bit Java on a 64 bit OS
#   Decrease Java heap size (-Xmx/-Xms)
#   Decrease number of Java threads
#   Decrease Java thread stack sizes (-Xss)
#   Set larger code cache with -XX:ReservedCodeCacheSize=
# This output file may be truncated or incomplete.
#
#  Out of Memory Error (os_linux.cpp:2769), pid=1142, tid=139908297344768
#
# JRE version: OpenJDK Runtime Environment (7.0_55-b14) (build 1.7.0_55-b14)
# Java VM: OpenJDK 64-Bit Server VM (24.51-b03 mixed mode linux-amd64 compressed oops)
# Failed to write core dump. Core dumps have been disabled. To enable core dumping, try "ulimit -c unlimited" before starting Java again
#

---------------  T H R E A D  ---------------

Current thread (0x00007f3ef4075800):  VMThread [stack: 0x00007f3ef04d4000,0x00007f3ef05d5000] [id=1166]

Stack: [0x00007f3ef04d4000,0x00007f3ef05d5000],  sp=0x00007f3ef05d3480,  free space=1021k
Native frames: (J=compiled Java code, j=interpreted, Vv=VM code, C=native code)
V  [libjvm.so+0x917b35]  VMError::report_and_die()+0x175
V  [libjvm.so+0x468144]  report_vm_out_of_memory(char const*, int, unsigned long, char const*)+0x74
V  [libjvm.so+0x79a81b]  os::pd_commit_memory(char*, unsigned long, unsigned long, bool)+0x20b
V  [libjvm.so+0x7950df]  os::commit_memory(char*, unsigned long, unsigned long, bool)+0x1f
V  [libjvm.so+0x8053cb]  PSVirtualSpace::expand_by(unsigned long)+0x5b
V  [libjvm.so+0x806220]  PSYoungGen::resize_generation(unsigned long, unsigned long)+0xb0
V  [libjvm.so+0x80690b]  PSYoungGen::resize(unsigned long, unsigned long)+0x1b
V  [libjvm.so+0x802bff]  PSScavenge::invoke_no_policy()+0xd6f
V  [libjvm.so+0x8033c8]  PSScavenge::invoke()+0x38
V  [libjvm.so+0x7b9b33]  ParallelScavengeHeap::failed_mem_allocate(unsigned long)+0x63
V  [libjvm.so+0x919544]  VM_ParallelGCFailedAllocation::doit()+0x84
V  [libjvm.so+0x91d9e7]  VM_Operation::evaluate()+0x47
V  [libjvm.so+0x91c3b8]  VMThread::evaluate_operation(VM_Operation*)+0x318
V  [libjvm.so+0x91c819]  VMThread::loop()+0x219
V  [libjvm.so+0x91cc62]  VMThread::run()+0x72
V  [libjvm.so+0x7974e2]  java_start(Thread*)+0xf2

VM_Operation (0x00007f3efc6ed6e0): ParallelGCFailedAllocation, mode: safepoint, requested by thread 0x00007f3ef400a000


---------------  P R O C E S S  ---------------

Java Threads: ( => current thread )
  0x00007f3ef40a7000 JavaThread "Service Thread" daemon [_thread_blocked, id=1172, stack(0x00007f3ee92cc000,0x00007f3ee93cd000)]
  0x00007f3ef40a5000 JavaThread "C2 CompilerThread1" daemon [_thread_blocked, id=1171, stack(0x00007f3ee93cd000,0x00007f3ee94ce000)]
  0x00007f3ef40a2000 JavaThread "C2 CompilerThread0" daemon [_thread_blocked, id=1170, stack(0x00007f3ef00d0000,0x00007f3ef01d1000)]
  0x00007f3ef409f800 JavaThread "Signal Dispatcher" daemon [_thread_blocked, id=1169, stack(0x00007f3ef01d1000,0x00007f3ef02d2000)]
  0x00007f3ef407c000 JavaThread "Finalizer" daemon [_thread_blocked, id=1168, stack(0x00007f3ef02d2000,0x00007f3ef03d3000)]
  0x00007f3ef407a000 JavaThread "Reference Handler" daemon [_thread_blocked, id=1167, stack(0x00007f3ef03d3000,0x00007f3ef04d4000)]
  0x00007f3ef400a000 JavaThread "main" [_thread_blocked, id=1161, stack(0x00007f3efc5f3000,0x00007f3efc6f4000)]

Other Threads:
=>0x00007f3ef4075800 VMThread [stack: 0x00007f3ef04d4000,0x00007f3ef05d5000] [id=1166]
  0x00007f3ef40aa000 WatcherThread [stack: 0x00007f3ee91cb000,0x00007f3ee92cc000] [id=1173]

VM state:at safepoint (normal execution)

VM Mutex/Monitor currently owned by a thread:  ([mutex/lock_event])
[0x00007f3ef40065e0] Threads_lock - owner thread: 0x00007f3ef4075800
[0x00007f3ef4006ae0] Heap_lock - owner thread: 0x00007f3ef400a000

Heap
 PSYoungGen      total 129536K, used 10720K [0x00000000ec300000, 0x00000000f4e00000, 0x0000000100000000)
  eden space 118784K, 0% used [0x00000000ec300000,0x00000000ec300000,0x00000000f3700000)
  from space 10752K, 99% used [0x00000000f3700000,0x00000000f41783e0,0x00000000f4180000)
  to   space 8704K, 0% used [0x00000000f4180000,0x00000000f4180000,0x00000000f4a00000)
 ParOldGen       total 40448K, used 26008K [0x00000000c4a00000, 0x00000000c7180000, 0x00000000ec300000)
  object space 40448K, 64% used [0x00000000c4a00000,0x00000000c6366208,0x00000000c7180000)
 PSPermGen       total 22528K, used 22257K [0x00000000ba400000, 0x00000000bba00000, 0x00000000c4a00000)
  object space 22528K, 98% used [0x00000000ba400000,0x00000000bb9bc410,0x00000000bba00000)

Card table byte_map: [0x00007f3ef9045000,0x00007f3ef9274000] byte_map_base: 0x00007f3ef8a73000

Polling page: 0x00007f3efc710000

Code Cache  [0x00007f3ef1000000, 0x00007f3ef12a0000, 0x00007f3ef4000000)
 total_blobs=1089 nmethods=782 adapters=259 free_code_cache=46541Kb largest_free_block=47604992

Compilation events (10 events):
Event: 8,988 Thread 0x00007f3ef40a5000  811   !         sun.reflect.annotation.AnnotationParser::parseAnnotations (36 bytes)
Event: 9,000 Thread 0x00007f3ef40a2000  812             java.lang.System$2::getConstantPool (5 bytes)
Event: 9,001 Thread 0x00007f3ef40a2000 nmethod 812 0x00007f3ef1285490 code [0x00007f3ef12855e0, 0x00007f3ef1285668]
Event: 9,026 Thread 0x00007f3ef40a5000 nmethod 811 0x00007f3ef1296f50 code [0x00007f3ef1297240, 0x00007f3ef1298400]
Event: 9,043 Thread 0x00007f3ef40a2000  813             java.nio.charset.CharsetEncoder::maxBytesPerChar (5 bytes)
Event: 9,043 Thread 0x00007f3ef40a2000 nmethod 813 0x00007f3ef1285290 code [0x00007f3ef12853c0, 0x00007f3ef1285418]
Event: 9,063 Thread 0x00007f3ef40a2000  815             java.nio.charset.CharsetEncoder::implReset (1 bytes)
Event: 9,063 Thread 0x00007f3ef40a5000  814             java.nio.charset.CharsetEncoder::reset (11 bytes)
Event: 9,064 Thread 0x00007f3ef40a2000 nmethod 815 0x00007f3ef1285090 code [0x00007f3ef12851c0, 0x00007f3ef1285218]
Event: 9,064 Thread 0x00007f3ef40a5000 nmethod 814 0x00007f3ef1284e90 code [0x00007f3ef1284fc0, 0x00007f3ef1285018]

GC Heap History (10 events):
Event: 1,907 GC heap after
Heap after GC invocations=4 (full 0):
 PSYoungGen      total 33280K, used 2553K [0x00000000ec300000, 0x00000000ee600000, 0x0000000100000000)
  eden space 30720K, 0% used [0x00000000ec300000,0x00000000ec300000,0x00000000ee100000)
  from space 2560K, 99% used [0x00000000ee380000,0x00000000ee5fe560,0x00000000ee600000)
  to   space 2560K, 0% used [0x00000000ee100000,0x00000000ee100000,0x00000000ee380000)
 ParOldGen       total 40448K, used 2223K [0x00000000c4a00000, 0x00000000c7180000, 0x00000000ec300000)
  object space 40448K, 5% used [0x00000000c4a00000,0x00000000c4c2bc80,0x00000000c7180000)
 PSPermGen       total 21504K, used 10823K [0x00000000ba400000, 0x00000000bb900000, 0x00000000c4a00000)
  object space 21504K, 50% used [0x00000000ba400000,0x00000000bae91f40,0x00000000bb900000)
}
Event: 3,015 GC heap before
{Heap before GC invocations=5 (full 0):
 PSYoungGen      total 33280K, used 33273K [0x00000000ec300000, 0x00000000ee600000, 0x0000000100000000)
  eden space 30720K, 100% used [0x00000000ec300000,0x00000000ee100000,0x00000000ee100000)
  from space 2560K, 99% used [0x00000000ee380000,0x00000000ee5fe560,0x00000000ee600000)
  to   space 2560K, 0% used [0x00000000ee100000,0x00000000ee100000,0x00000000ee380000)
 ParOldGen       total 40448K, used 2223K [0x00000000c4a00000, 0x00000000c7180000, 0x00000000ec300000)
  object space 40448K, 5% used [0x00000000c4a00000,0x00000000c4c2bc80,0x00000000c7180000)
 PSPermGen       total 21504K, used 13821K [0x00000000ba400000, 0x00000000bb900000, 0x00000000c4a00000)
  object space 21504K, 64% used [0x00000000ba400000,0x00000000bb17f600,0x00000000bb900000)
Event: 3,030 GC heap after
Heap after GC invocations=5 (full 0):
 PSYoungGen      total 33280K, used 2560K [0x00000000ec300000, 0x00000000f0a00000, 0x0000000100000000)
  eden space 30720K, 0% used [0x00000000ec300000,0x00000000ec300000,0x00000000ee100000)
  from space 2560K, 100% used [0x00000000ee100000,0x00000000ee380000,0x00000000ee380000)
  to   space 5632K, 0% used [0x00000000f0480000,0x00000000f0480000,0x00000000f0a00000)
 ParOldGen       total 40448K, used 5173K [0x00000000c4a00000, 0x00000000c7180000, 0x00000000ec300000)
  object space 40448K, 12% used [0x00000000c4a00000,0x00000000c4f0d7b8,0x00000000c7180000)
 PSPermGen       total 21504K, used 13821K [0x00000000ba400000, 0x00000000bb900000, 0x00000000c4a00000)
  object space 21504K, 64% used [0x00000000ba400000,0x00000000bb17f600,0x00000000bb900000)
}
Event: 3,622 GC heap before
{Heap before GC invocations=6 (full 0):
 PSYoungGen      total 33280K, used 33280K [0x00000000ec300000, 0x00000000f0a00000, 0x0000000100000000)
  eden space 30720K, 100% used [0x00000000ec300000,0x00000000ee100000,0x00000000ee100000)
  from space 2560K, 100% used [0x00000000ee100000,0x00000000ee380000,0x00000000ee380000)
  to   space 5632K, 0% used [0x00000000f0480000,0x00000000f0480000,0x00000000f0a00000)
 ParOldGen       total 40448K, used 5173K [0x00000000c4a00000, 0x00000000c7180000, 0x00000000ec300000)
  object space 40448K, 12% used [0x00000000c4a00000,0x00000000c4f0d7b8,0x00000000c7180000)
 PSPermGen       total 21504K, used 14042K [0x00000000ba400000, 0x00000000bb900000, 0x00000000c4a00000)
  object space 21504K, 65% used [0x00000000ba400000,0x00000000bb1b6840,0x00000000bb900000)
Event: 3,652 GC heap after
Heap after GC invocations=6 (full 0):
 PSYoungGen      total 66048K, used 5631K [0x00000000ec300000, 0x00000000f0c00000, 0x0000000100000000)
  eden space 60416K, 0% used [0x00000000ec300000,0x00000000ec300000,0x00000000efe00000)
  from space 5632K, 99% used [0x00000000f0480000,0x00000000f09ffdc8,0x00000000f0a00000)
  to   space 6656K, 0% used [0x00000000efe00000,0x00000000efe00000,0x00000000f0480000)
 ParOldGen       total 40448K, used 5173K [0x00000000c4a00000, 0x00000000c7180000, 0x00000000ec300000)
  object space 40448K, 12% used [0x00000000c4a00000,0x00000000c4f0d7b8,0x00000000c7180000)
 PSPermGen       total 21504K, used 14042K [0x00000000ba400000, 0x00000000bb900000, 0x00000000c4a00000)
  object space 21504K, 65% used [0x00000000ba400000,0x00000000bb1b6840,0x00000000bb900000)
}
Event: 4,814 GC heap before
{Heap before GC invocations=7 (full 0):
 PSYoungGen      total 66048K, used 66047K [0x00000000ec300000, 0x00000000f0c00000, 0x0000000100000000)
  eden space 60416K, 100% used [0x00000000ec300000,0x00000000efe00000,0x00000000efe00000)
  from space 5632K, 99% used [0x00000000f0480000,0x00000000f09ffdc8,0x00000000f0a00000)
  to   space 6656K, 0% used [0x00000000efe00000,0x00000000efe00000,0x00000000f0480000)
 ParOldGen       total 40448K, used 5173K [0x00000000c4a00000, 0x00000000c7180000, 0x00000000ec300000)
  object space 40448K, 12% used [0x00000000c4a00000,0x00000000c4f0d7b8,0x00000000c7180000)
 PSPermGen       total 21504K, used 14548K [0x00000000ba400000, 0x00000000bb900000, 0x00000000c4a00000)
  object space 21504K, 67% used [0x00000000ba400000,0x00000000bb235290,0x00000000bb900000)
Event: 4,845 GC heap after
Heap after GC invocations=7 (full 0):
 PSYoungGen      total 67072K, used 6656K [0x00000000ec300000, 0x00000000f4a00000, 0x0000000100000000)
  eden space 60416K, 0% used [0x00000000ec300000,0x00000000ec300000,0x00000000efe00000)
  from space 6656K, 100% used [0x00000000efe00000,0x00000000f0480000,0x00000000f0480000)
  to   space 8704K, 0% used [0x00000000f4180000,0x00000000f4180000,0x00000000f4a00000)
 ParOldGen       total 40448K, used 6937K [0x00000000c4a00000, 0x00000000c7180000, 0x00000000ec300000)
  object space 40448K, 17% used [0x00000000c4a00000,0x00000000c50c6758,0x00000000c7180000)
 PSPermGen       total 21504K, used 14548K [0x00000000ba400000, 0x00000000bb900000, 0x00000000c4a00000)
  object space 21504K, 67% used [0x00000000ba400000,0x00000000bb235290,0x00000000bb900000)
}
Event: 5,961 GC heap before
{Heap before GC invocations=8 (full 0):
 PSYoungGen      total 67072K, used 67072K [0x00000000ec300000, 0x00000000f4a00000, 0x0000000100000000)
  eden space 60416K, 100% used [0x00000000ec300000,0x00000000efe00000,0x00000000efe00000)
  from space 6656K, 100% used [0x00000000efe00000,0x00000000f0480000,0x00000000f0480000)
  to   space 8704K, 0% used [0x00000000f4180000,0x00000000f4180000,0x00000000f4a00000)
 ParOldGen       total 40448K, used 6937K [0x00000000c4a00000, 0x00000000c7180000, 0x00000000ec300000)
  object space 40448K, 17% used [0x00000000c4a00000,0x00000000c50c6758,0x00000000c7180000)
 PSPermGen       total 21504K, used 15906K [0x00000000ba400000, 0x00000000bb900000, 0x00000000c4a00000)
  object space 21504K, 73% used [0x00000000ba400000,0x00000000bb388920,0x00000000bb900000)
Event: 5,996 GC heap after
Heap after GC invocations=8 (full 0):
 PSYoungGen      total 127488K, used 8702K [0x00000000ec300000, 0x00000000f4e00000, 0x0000000100000000)
  eden space 118784K, 0% used [0x00000000ec300000,0x00000000ec300000,0x00000000f3700000)
  from space 8704K, 99% used [0x00000000f4180000,0x00000000f49ffb68,0x00000000f4a00000)
  to   space 10752K, 0% used [0x00000000f3700000,0x00000000f3700000,0x00000000f4180000)
 ParOldGen       total 40448K, used 8998K [0x00000000c4a00000, 0x00000000c7180000, 0x00000000ec300000)
  object space 40448K, 22% used [0x00000000c4a00000,0x00000000c52c9b20,0x00000000c7180000)
 PSPermGen       total 21504K, used 15906K [0x00000000ba400000, 0x00000000bb900000, 0x00000000c4a00000)
  object space 21504K, 73% used [0x00000000ba400000,0x00000000bb388920,0x00000000bb900000)
}
Event: 9,076 GC heap before
{Heap before GC invocations=9 (full 0):
 PSYoungGen      total 127488K, used 127486K [0x00000000ec300000, 0x00000000f4e00000, 0x0000000100000000)
  eden space 118784K, 100% used [0x00000000ec300000,0x00000000f3700000,0x00000000f3700000)
  from space 8704K, 99% used [0x00000000f4180000,0x00000000f49ffb68,0x00000000f4a00000)
  to   space 10752K, 0% used [0x00000000f3700000,0x00000000f3700000,0x00000000f4180000)
 ParOldGen       total 40448K, used 8998K [0x00000000c4a00000, 0x00000000c7180000, 0x00000000ec300000)
  object space 40448K, 22% used [0x00000000c4a00000,0x00000000c52c9b20,0x00000000c7180000)
 PSPermGen       total 22528K, used 22257K [0x00000000ba400000, 0x00000000bba00000, 0x00000000c4a00000)
  object space 22528K, 98% used [0x00000000ba400000,0x00000000bb9bc410,0x00000000bba00000)

Deoptimization events (10 events):
Event: 8,336 Thread 0x00007f3ef400a000 Uncommon trap: reason=unreached action=reinterpret pc=0x00007f3ef1265eb8 method=com.sun.tools.javac.code.Scope.dble()V @ 44
Event: 8,870 Thread 0x00007f3ef400a000 Uncommon trap: reason=class_check action=maybe_recompile pc=0x00007f3ef10ff14c method=java.lang.AbstractStringBuilder.append(Ljava/lang/CharSequence;II)Ljava/lang/AbstractStringBuilder; @ 18
Event: 8,870 Thread 0x00007f3ef400a000 Uncommon trap: reason=class_check action=maybe_recompile pc=0x00007f3ef1101c10 method=java.util.regex.Pattern$7.isSatisfiedBy(I)Z @ 16
Event: 8,870 Thread 0x00007f3ef400a000 Uncommon trap: reason=class_check action=maybe_recompile pc=0x00007f3ef1101c10 method=java.util.regex.Pattern$7.isSatisfiedBy(I)Z @ 16
Event: 8,870 Thread 0x00007f3ef400a000 Uncommon trap: reason=class_check action=maybe_recompile pc=0x00007f3ef1101c24 method=java.util.regex.Pattern$CharProperty$1.isSatisfiedBy(I)Z @ 5
Event: 8,870 Thread 0x00007f3ef400a000 Uncommon trap: reason=class_check action=maybe_recompile pc=0x00007f3ef1101c10 method=java.util.regex.Pattern$7.isSatisfiedBy(I)Z @ 16
Event: 8,870 Thread 0x00007f3ef400a000 Uncommon trap: reason=class_check action=maybe_recompile pc=0x00007f3ef1101c10 method=java.util.regex.Pattern$7.isSatisfiedBy(I)Z @ 16
Event: 8,870 Thread 0x00007f3ef400a000 Uncommon trap: reason=class_check action=maybe_recompile pc=0x00007f3ef1163130 method=java.util.regex.Pattern$CharProperty$1.isSatisfiedBy(I)Z @ 5
Event: 8,870 Thread 0x00007f3ef400a000 Uncommon trap: reason=class_check action=maybe_recompile pc=0x00007f3ef1163130 method=java.util.regex.Pattern$CharProperty$1.isSatisfiedBy(I)Z @ 5
Event: 8,870 Thread 0x00007f3ef400a000 Uncommon trap: reason=class_check action=maybe_recompile pc=0x00007f3ef1163130 method=java.util.regex.Pattern$CharProperty$1.isSatisfiedBy(I)Z @ 5

Internal exceptions (10 events):
Event: 9,067 Thread 0x00007f3ef400a000 Threw 0x00000000f36aa9f0 at /build/buildd/openjdk-7-7u55-2.4.7/build/openjdk/hotspot/src/share/vm/prims/jvm.cpp:1244
Event: 9,069 Thread 0x00007f3ef400a000 Threw 0x00000000f36b6dd8 at /build/buildd/openjdk-7-7u55-2.4.7/build/openjdk/hotspot/src/share/vm/prims/jvm.cpp:1244
Event: 9,071 Thread 0x00007f3ef400a000 Threw 0x00000000f36daa28 at /build/buildd/openjdk-7-7u55-2.4.7/build/openjdk/hotspot/src/share/vm/prims/jvm.cpp:1244
Event: 9,072 Thread 0x00007f3ef400a000 Threw 0x00000000f36e0ac0 at /build/buildd/openjdk-7-7u55-2.4.7/build/openjdk/hotspot/src/share/vm/prims/jvm.cpp:1244
Event: 9,073 Thread 0x00007f3ef400a000 Threw 0x00000000f36e5a38 at /build/buildd/openjdk-7-7u55-2.4.7/build/openjdk/hotspot/src/share/vm/prims/jvm.cpp:1244
Event: 9,074 Thread 0x00007f3ef400a000 Threw 0x00000000f36ea030 at /build/buildd/openjdk-7-7u55-2.4.7/build/openjdk/hotspot/src/share/vm/prims/jvm.cpp:1244
Event: 9,074 Thread 0x00007f3ef400a000 Threw 0x00000000f36f0df0 at /build/buildd/openjdk-7-7u55-2.4.7/build/openjdk/hotspot/src/share/vm/prims/jvm.cpp:1244
Event: 9,074 Thread 0x00007f3ef400a000 Threw 0x00000000f36f4eb8 at /build/buildd/openjdk-7-7u55-2.4.7/build/openjdk/hotspot/src/share/vm/prims/jvm.cpp:1244
Event: 9,075 Thread 0x00007f3ef400a000 Threw 0x00000000f36f98d0 at /build/buildd/openjdk-7-7u55-2.4.7/build/openjdk/hotspot/src/share/vm/prims/jvm.cpp:1244
Event: 9,076 Thread 0x00007f3ef400a000 Threw 0x00000000f36fdf38 at /build/buildd/openjdk-7-7u55-2.4.7/build/openjdk/hotspot/src/share/vm/prims/jvm.cpp:1244

Events (10 events):
Event: 9,074 loading class 0x00007f3ef51cf5c0 done
Event: 9,075 loading class 0x00007f3ef51cf810
Event: 9,075 loading class 0x00007f3ef51cf810 done
Event: 9,075 loading class 0x00007f3ef51cf810
Event: 9,075 loading class 0x00007f3ef51cf810 done
Event: 9,076 loading class 0x00007f3ef51b82a0
Event: 9,076 loading class 0x00007f3ef51b82a0 done
Event: 9,076 loading class 0x00007f3ef51b82a0
Event: 9,076 loading class 0x00007f3ef51b82a0 done
Event: 9,076 Executing VM operation: ParallelGCFailedAllocation


Dynamic libraries:
00400000-00401000 r-xp 00000000 08:03 275061                             /usr/lib/jvm/java-7-openjdk-amd64/jre/bin/java
00600000-00601000 r--p 00000000 08:03 275061                             /usr/lib/jvm/java-7-openjdk-amd64/jre/bin/java
00601000-00602000 rw-p 00001000 08:03 275061                             /usr/lib/jvm/java-7-openjdk-amd64/jre/bin/java
018ac000-018cd000 rw-p 00000000 00:00 0                                  [heap]
ba400000-bba00000 rw-p 00000000 00:00 0 
bba00000-c4a00000 rw-p 00000000 00:00 0 
c4a00000-c7180000 rw-p 00000000 00:00 0 
c7180000-ec300000 rw-p 00000000 00:00 0 
ec300000-f4e00000 rw-p 00000000 00:00 0 
fa300000-100000000 rw-p 00000000 00:00 0 
7f3ebb8b9000-7f3ebb8ba000 rw-p 00000000 00:00 0 
7f3ebb8ba000-7f3ebb8be000 r--s 00035000 08:03 686116                     /home/vju/.m2/repository/org/codehaus/plexus/plexus-utils/3.0.10/plexus-utils-3.0.10.jar
7f3ebb8be000-7f3ebb8c0000 r--s 00005000 08:03 805851                     /home/vju/.m2/repository/xpp3/xpp3_min/1.1.4c/xpp3_min-1.1.4c.jar
7f3ebb8c0000-7f3ebb8c1000 r--s 00001000 08:03 545248                     /home/vju/.m2/repository/xmlpull/xmlpull/1.1.3.1/xmlpull-1.1.3.1.jar
7f3ebb8c1000-7f3ebb8cd000 r--s 0006a000 08:03 707204                     /home/vju/.m2/repository/com/thoughtworks/xstream/xstream/1.4.2/xstream-1.4.2.jar
7f3ebb8cd000-7f3ebb8cf000 r--s 0000d000 08:03 1054075                    /home/vju/.m2/repository/org/codehaus/plexus/plexus-interpolation/1.15/plexus-interpolation-1.15.jar
7f3ebb8cf000-7f3ebb8d3000 r--s 00014000 08:03 547238                     /home/vju/.m2/repository/org/tukaani/xz/1.2/xz-1.2.jar
7f3ebb8d3000-7f3ebb8d8000 r--s 0003a000 08:03 952657                     /home/vju/.m2/repository/org/apache/commons/commons-compress/1.5/commons-compress-1.5.jar
7f3ebb8d8000-7f3ebb8dd000 r--s 00024000 08:03 707203                     /home/vju/.m2/repository/org/codehaus/plexus/plexus-archiver/2.4.1/plexus-archiver-2.4.1.jar
7f3ebb8dd000-7f3ebb8e1000 r--s 00027000 08:03 926254                     /home/vju/.m2/repository/commons-io/commons-io/2.2/commons-io-2.2.jar
7f3ebb8e1000-7f3ebb8e4000 r--s 0000c000 08:03 707201                     /home/vju/.m2/repository/org/codehaus/plexus/plexus-io/2.0.7/plexus-io-2.0.7.jar
7f3ebb8e4000-7f3ebb8e6000 r--s 00004000 08:03 545246                     /home/vju/.m2/repository/org/apache/maven/maven-archiver/2.5/maven-archiver-2.5.jar
7f3ebb8e6000-7f3ebb8e9000 r--s 00013000 08:03 926244                     /home/vju/.m2/repository/org/apache/maven/plugins/maven-war-plugin/2.4/maven-war-plugin-2.4.jar
7f3ebb8e9000-7f3ebb8ea000 r--s 00003000 08:03 547182                     /home/vju/.m2/repository/org/apache/maven/plugin-tools/maven-plugin-annotations/3.2/maven-plugin-annotations-3.2.jar
7f3ebb8ea000-7f3ebb8ee000 r--s 00020000 08:03 1054027                    /home/vju/.m2/repository/org/apache/maven/surefire/surefire-api/2.17/surefire-api-2.17.jar
7f3ebb8ee000-7f3ebb8f4000 r--s 00048000 08:03 952573                     /home/vju/.m2/repository/org/apache/commons/commons-lang3/3.1/commons-lang3-3.1.jar
7f3ebb8f4000-7f3ebb8f5000 r--s 00002000 08:03 952574                     /home/vju/.m2/repository/org/apache/maven/reporting/maven-reporting-api/2.0.9/maven-reporting-api-2.0.9.jar
7f3ebb8f5000-7f3ebb8f7000 r--s 00008000 08:03 1054026                    /home/vju/.m2/repository/org/apache/maven/surefire/surefire-booter/2.17/surefire-booter-2.17.jar
7f3ebb8f7000-7f3ebb8fc000 r--s 0003c000 08:03 1054028                    /home/vju/.m2/repository/org/apache/maven/surefire/maven-surefire-common/2.17/maven-surefire-common-2.17.jar
7f3ebb8fc000-7f3ebb8fe000 r--s 00007000 08:03 925122                     /home/vju/.m2/repository/org/apache/maven/plugins/maven-surefire-plugin/2.17/maven-surefire-plugin-2.17.jar
7f3ebb8fe000-7f3ebb969000 r--s 0069c000 08:03 277824                     /usr/lib/jvm/java-7-openjdk-amd64/lib/tools.jar
7f3ebb969000-7f3ebb96c000 r--s 0001b000 08:03 403948                     /home/vju/.m2/repository/junit/junit/3.8.2/junit-3.8.2.jar
7f3ebb96c000-7f3ebb97a000 r--s 0008f000 08:03 680509                     /home/vju/.m2/repository/com/google/collections/google-collections/1.0/google-collections-1.0.jar
7f3ebb97a000-7f3ebb97b000 r--s 0000a000 08:03 536093                     /home/vju/.m2/repository/commons-logging/commons-logging-api/1.1/commons-logging-api-1.1.jar
7f3ebb97b000-7f3ebb982000 r--s 00051000 08:03 680506                     /home/vju/.m2/repository/log4j/log4j/1.2.12/log4j-1.2.12.jar
7f3ebb982000-7f3ebb986000 r--s 0001d000 08:03 131352                     /home/vju/.m2/repository/org/apache/xbean/xbean-reflect/3.4/xbean-reflect-3.4.jar
7f3ebb986000-7f3ebb987000 r--s 00004000 08:03 925168                     /home/vju/.m2/repository/org/codehaus/plexus/plexus-compiler-javac/2.2/plexus-compiler-javac-2.2.jar
7f3ebb987000-7f3ebb989000 r--s 00000000 08:03 925203                     /home/vju/.m2/repository/org/codehaus/plexus/plexus-compiler-manager/2.2/plexus-compiler-manager-2.2.jar
7f3ebb989000-7f3ebb98b000 r--s 00005000 08:03 925167                     /home/vju/.m2/repository/org/codehaus/plexus/plexus-compiler-api/2.2/plexus-compiler-api-2.2.jar
7f3ebb98b000-7f3ebb98d000 r--s 00000000 08:03 3983                       /home/vju/.m2/repository/org/codehaus/plexus/plexus-component-annotations/1.5.5/plexus-component-annotations-1.5.5.jar
7f3ebb98d000-7f3ebb98f000 r--s 00002000 08:03 1053977                    /home/vju/.m2/repository/org/apache/maven/shared/maven-shared-incremental/1.1/maven-shared-incremental-1.1.jar
7f3ebb98f000-7f3ebb991000 r--s 00006000 08:03 147220                     /home/vju/.m2/repository/com/google/code/findbugs/jsr305/2.0.1/jsr305-2.0.1.jar
7f3ebb991000-7f3ebb994000 r--s 00023000 08:03 1053976                    /home/vju/.m2/repository/org/apache/maven/shared/maven-shared-utils/0.1/maven-shared-utils-0.1.jar
7f3ebb994000-7f3ebb998000 r--s 00030000 08:03 685896                     /home/vju/.m2/repository/org/codehaus/plexus/plexus-utils/1.5.1/plexus-utils-1.5.1.jar
7f3ebb998000-7f3ebb99a000 r--s 00009000 08:03 536383                     /home/vju/.m2/repository/org/apache/maven/plugins/maven-compiler-plugin/3.1/maven-compiler-plugin-3.1.jar
7f3ebb99a000-7f3ebb99c000 r--s 0000d000 08:03 1081446                    /home/vju/.m2/repository/org/codehaus/plexus/plexus-interpolation/1.13/plexus-interpolation-1.13.jar
7f3ebb99c000-7f3ebb99d000 r--s 00001000 08:03 1081445                    /home/vju/.m2/repository/org/sonatype/plexus/plexus-build-api/0.0.4/plexus-build-api-0.0.4.jar
7f3ebb99d000-7f3ebb99f000 r--s 00009000 08:03 1077399                    /home/vju/.m2/repository/org/apache/maven/shared/maven-filtering/1.1/maven-filtering-1.1.jar
7f3ebb99f000-7f3ebb9dc000 r-xp 00000000 08:03 923805                     /lib/x86_64-linux-gnu/libpcre.so.3.13.1
7f3ebb9dc000-7f3ebbbdb000 ---p 0003d000 08:03 923805                     /lib/x86_64-linux-gnu/libpcre.so.3.13.1
7f3ebbbdb000-7f3ebbbdc000 r--p 0003c000 08:03 923805                     /lib/x86_64-linux-gnu/libpcre.so.3.13.1
7f3ebbbdc000-7f3ebbbdd000 rw-p 0003d000 08:03 923805                     /lib/x86_64-linux-gnu/libpcre.so.3.13.1
7f3ebbbdd000-7f3ebbbe4000 r-xp 00000000 08:03 273479                     /usr/lib/x86_64-linux-gnu/libffi.so.6.0.1
7f3ebbbe4000-7f3ebbde3000 ---p 00007000 08:03 273479                     /usr/lib/x86_64-linux-gnu/libffi.so.6.0.1
7f3ebbde3000-7f3ebbde4000 r--p 00006000 08:03 273479                     /usr/lib/x86_64-linux-gnu/libffi.so.6.0.1
7f3ebbde4000-7f3ebbde5000 rw-p 00007000 08:03 273479                     /usr/lib/x86_64-linux-gnu/libffi.so.6.0.1
7f3ebbde5000-7f3ebbdfc000 r-xp 00000000 08:03 927541                     /lib/x86_64-linux-gnu/libresolv-2.19.so
7f3ebbdfc000-7f3ebbffc000 ---p 00017000 08:03 927541                     /lib/x86_64-linux-gnu/libresolv-2.19.so
7f3ebbffc000-7f3ebbffd000 r--p 00017000 08:03 927541                     /lib/x86_64-linux-gnu/libresolv-2.19.so
7f3ebbffd000-7f3ebbffe000 rw-p 00018000 08:03 927541                     /lib/x86_64-linux-gnu/libresolv-2.19.so
7f3ebbffe000-7f3ebc000000 rw-p 00000000 00:00 0 
7f3ebc000000-7f3ebc021000 rw-p 00000000 00:00 0 
7f3ebc021000-7f3ec0000000 ---p 00000000 00:00 0 
7f3ec0000000-7f3ec0021000 rw-p 00000000 00:00 0 
7f3ec0021000-7f3ec4000000 ---p 00000000 00:00 0 
7f3ec4000000-7f3ec4feb000 rw-p 00000000 00:00 0 
7f3ec4feb000-7f3ec8000000 ---p 00000000 00:00 0 
7f3ec8000000-7f3ec937d000 rw-p 00000000 00:00 0 
7f3ec937d000-7f3ecc000000 ---p 00000000 00:00 0 
7f3ecc000000-7f3ecc021000 rw-p 00000000 00:00 0 
7f3ecc021000-7f3ed0000000 ---p 00000000 00:00 0 
7f3ed0000000-7f3ed0021000 rw-p 00000000 00:00 0 
7f3ed0021000-7f3ed4000000 ---p 00000000 00:00 0 
7f3ed4000000-7f3ed423c000 rw-p 00000000 00:00 0 
7f3ed423c000-7f3ed8000000 ---p 00000000 00:00 0 
7f3ed8000000-7f3ed8021000 rw-p 00000000 00:00 0 
7f3ed8021000-7f3edc000000 ---p 00000000 00:00 0 
7f3edc000000-7f3edc021000 rw-p 00000000 00:00 0 
7f3edc021000-7f3ee0000000 ---p 00000000 00:00 0 
7f3ee0000000-7f3ee0021000 rw-p 00000000 00:00 0 
7f3ee0021000-7f3ee4000000 ---p 00000000 00:00 0 
7f3ee4000000-7f3ee4021000 rw-p 00000000 00:00 0 
7f3ee4021000-7f3ee8000000 ---p 00000000 00:00 0 
7f3ee8000000-7f3ee8004000 r--s 00033000 08:03 949465                     /home/vju/.m2/repository/org/codehaus/plexus/plexus-utils/2.0.5/plexus-utils-2.0.5.jar
7f3ee8004000-7f3ee8007000 r--s 0001b000 08:03 403312                     /home/vju/.m2/repository/junit/junit/3.8.1/junit-3.8.1.jar
7f3ee8007000-7f3ee8009000 r--s 00002000 08:03 949761                     /home/vju/.m2/repository/org/codehaus/plexus/plexus-interactivity-api/1.0-alpha-4/plexus-interactivity-api-1.0-alpha-4.jar
7f3ee8009000-7f3ee800b000 r--s 00006000 08:03 546878                     /home/vju/.m2/repository/commons-cli/commons-cli/1.0/commons-cli-1.0.jar
7f3ee800b000-7f3ee800c000 r--s 00001000 08:03 949760                     /home/vju/.m2/repository/org/apache/maven/doxia/doxia-sink-api/1.0-alpha-7/doxia-sink-api-1.0-alpha-7.jar
7f3ee800c000-7f3ee800d000 r--s 00002000 08:03 949759                     /home/vju/.m2/repository/org/apache/maven/reporting/maven-reporting-api/2.0.6/maven-reporting-api-2.0.6.jar
7f3ee800d000-7f3ee800f000 r--s 00006000 08:03 538797                     /home/vju/.m2/repository/org/apache/maven/plugins/maven-resources-plugin/2.6/maven-resources-plugin-2.6.jar
7f3ee800f000-7f3ee8013000 r--s 0001f000 08:03 418721                     /home/vju/.m2/repository/org/jacoco/org.jacoco.report/0.7.1.201405082137/org.jacoco.report-0.7.1.201405082137.jar
7f3ee8013000-7f3ee8018000 r--s 00058000 08:03 418713                     /home/vju/.m2/repository/org/ow2/asm/asm-debug-all/5.0.1/asm-debug-all-5.0.1.jar
7f3ee8018000-7f3ee801c000 r--s 0001d000 08:03 418712                     /home/vju/.m2/repository/org/jacoco/org.jacoco.core/0.7.1.201405082137/org.jacoco.core-0.7.1.201405082137.jar
7f3ee801c000-7f3ee8021000 r--s 00041000 08:03 418711                     /home/vju/.m2/repository/org/jacoco/org.jacoco.agent/0.7.1.201405082137/org.jacoco.agent-0.7.1.201405082137-runtime.jar
7f3ee8021000-7f3ee8026000 r--s 00016000 08:03 952284                     /home/vju/.m2/repository/xml-apis/xml-apis/1.0.b2/xml-apis-1.0.b2.jar
7f3ee8026000-7f3ee8028000 r--s 0000e000 08:03 1082480                    /home/vju/.m2/repository/oro/oro/2.0.8/oro-2.0.8.jar
7f3ee8028000-7f3ee802a000 r--s 00008000 08:03 547049                     /home/vju/.m2/repository/commons-logging/commons-logging/1.0.4/commons-logging-1.0.4.jar
7f3ee802a000-7f3ee802e000 r--s 00026000 08:03 952805                     /home/vju/.m2/repository/commons-digester/commons-digester/1.6/commons-digester-1.6.jar
7f3ee802e000-7f3ee8033000 r--s 0002a000 08:03 806058                     /home/vju/.m2/repository/commons-beanutils/commons-beanutils/1.7.0/commons-beanutils-1.7.0.jar
7f3ee8033000-7f3ee8036000 r--s 00014000 08:03 806057                     /home/vju/.m2/repository/commons-validator/commons-validator/1.2.0/commons-validator-1.2.0.jar
7f3ee8036000-7f3ee8043000 r--s 0007f000 08:03 962555                     /home/vju/.m2/repository/commons-collections/commons-collections/3.2/commons-collections-3.2.jar
7f3ee8043000-7f3ee804b000 r--s 00058000 08:03 952292                     /home/vju/.m2/repository/org/apache/velocity/velocity/1.5/velocity-1.5.jar
7f3ee804b000-7f3ee804c000 r--s 00001000 08:03 134042                     /home/vju/.m2/repository/org/codehaus/plexus/plexus-velocity/1.1.7/plexus-velocity-1.1.7.jar
7f3ee804c000-7f3ee804d000 r--s 00002000 08:03 806060                     /home/vju/.m2/repository/org/codehaus/plexus/plexus-i18n/1.0-beta-7/plexus-i18n-1.0-beta-7.jar
7f3ee804d000-7f3ee804f000 r--s 00008000 08:03 1091056                    /home/vju/.m2/repository/org/apache/maven/doxia/doxia-module-fml/1.1.2/doxia-module-fml-1.1.2.jar
7f3ee804f000-7f3ee8050000 r--s 00003000 08:03 962552                     /home/vju/.m2/repository/org/apache/maven/doxia/doxia-module-xhtml/1.1.2/doxia-module-xhtml-1.1.2.jar
7f3ee8050000-7f3ee8052000 r--s 0000b000 08:03 962551                     /home/vju/.m2/repository/org/apache/maven/doxia/doxia-decoration-model/1.1.2/doxia-decoration-model-1.1.2.jar
7f3ee8052000-7f3ee8054000 r--s 0000b000 08:03 962548                     /home/vju/.m2/repository/org/apache/maven/doxia/doxia-site-renderer/1.1.2/doxia-site-renderer-1.1.2.jar
7f3ee8054000-7f3ee8056000 r--s 00006000 08:03 814398                     /home/vju/.m2/repository/commons-codec/commons-codec/1.2/commons-codec-1.2.jar
7f3ee8056000-7f3ee805c000 r--s 00045000 08:03 418709                     /home/vju/.m2/repository/commons-httpclient/commons-httpclient/3.1/commons-httpclient-3.1.jar
7f3ee805c000-7f3ee8060000 r--s 0003c000 08:03 962545                     /home/vju/.m2/repository/commons-lang/commons-lang/2.4/commons-lang-2.4.jar
7f3ee8060000-7f3ee8077000 r--s 00112000 08:03 814397                     /home/vju/.m2/repository/xerces/xercesImpl/2.8.1/xercesImpl-2.8.1.jar
7f3ee8077000-7f3ee807b000 r--s 00023000 08:03 962543                     /home/vju/.m2/repository/org/apache/maven/doxia/doxia-core/1.1.2/doxia-core-1.1.2.jar
7f3ee807b000-7f3ee807d000 r--s 00003000 08:03 962541                     /home/vju/.m2/repository/org/apache/maven/reporting/maven-reporting-impl/2.1/maven-reporting-impl-2.1.jar
7f3ee807d000-7f3ee80ae000 rw-p 00000000 00:00 0 
7f3ee80ae000-7f3ee80ce000 r-xp 00000000 08:03 923551                     /lib/x86_64-linux-gnu/libselinux.so.1
7f3ee80ce000-7f3ee82cd000 ---p 00020000 08:03 923551                     /lib/x86_64-linux-gnu/libselinux.so.1
7f3ee82cd000-7f3ee82ce000 r--p 0001f000 08:03 923551                     /lib/x86_64-linux-gnu/libselinux.so.1
7f3ee82ce000-7f3ee82cf000 rw-p 00020000 08:03 923551                     /lib/x86_64-linux-gnu/libselinux.so.1
7f3ee82cf000-7f3ee82d1000 rw-p 00000000 00:00 0 
7f3ee82d1000-7f3ee82d4000 r-xp 00000000 08:03 273596                     /usr/lib/x86_64-linux-gnu/libgmodule-2.0.so.0.4000.0
7f3ee82d4000-7f3ee84d3000 ---p 00003000 08:03 273596                     /usr/lib/x86_64-linux-gnu/libgmodule-2.0.so.0.4000.0
7f3ee84d3000-7f3ee84d4000 r--p 00002000 08:03 273596                     /usr/lib/x86_64-linux-gnu/libgmodule-2.0.so.0.4000.0
7f3ee84d4000-7f3ee84d5000 rw-p 00003000 08:03 273596                     /usr/lib/x86_64-linux-gnu/libgmodule-2.0.so.0.4000.0
7f3ee84d5000-7f3ee85db000 r-xp 00000000 08:03 923733                     /lib/x86_64-linux-gnu/libglib-2.0.so.0.4000.0
7f3ee85db000-7f3ee87da000 ---p 00106000 08:03 923733                     /lib/x86_64-linux-gnu/libglib-2.0.so.0.4000.0
7f3ee87da000-7f3ee87db000 r--p 00105000 08:03 923733                     /lib/x86_64-linux-gnu/libglib-2.0.so.0.4000.0
7f3ee87db000-7f3ee87dc000 rw-p 00106000 08:03 923733                     /lib/x86_64-linux-gnu/libglib-2.0.so.0.4000.0
7f3ee87dc000-7f3ee87dd000 rw-p 00000000 00:00 0 
7f3ee87dd000-7f3ee882c000 r-xp 00000000 08:03 273612                     /usr/lib/x86_64-linux-gnu/libgobject-2.0.so.0.4000.0
7f3ee882c000-7f3ee8a2c000 ---p 0004f000 08:03 273612                     /usr/lib/x86_64-linux-gnu/libgobject-2.0.so.0.4000.0
7f3ee8a2c000-7f3ee8a2d000 r--p 0004f000 08:03 273612                     /usr/lib/x86_64-linux-gnu/libgobject-2.0.so.0.4000.0
7f3ee8a2d000-7f3ee8a2e000 rw-p 00050000 08:03 273612                     /usr/lib/x86_64-linux-gnu/libgobject-2.0.so.0.4000.0
7f3ee8a2e000-7f3ee8b99000 r-xp 00000000 08:03 273582                     /usr/lib/x86_64-linux-gnu/libgio-2.0.so.0.4000.0
7f3ee8b99000-7f3ee8d99000 ---p 0016b000 08:03 273582                     /usr/lib/x86_64-linux-gnu/libgio-2.0.so.0.4000.0
7f3ee8d99000-7f3ee8d9d000 r--p 0016b000 08:03 273582                     /usr/lib/x86_64-linux-gnu/libgio-2.0.so.0.4000.0
7f3ee8d9d000-7f3ee8d9f000 rw-p 0016f000 08:03 273582                     /usr/lib/x86_64-linux-gnu/libgio-2.0.so.0.4000.0
7f3ee8d9f000-7f3ee8da1000 rw-p 00000000 00:00 0 
7f3ee8da1000-7f3ee8db7000 r-xp 00000000 08:03 275130                     /usr/lib/jvm/java-7-openjdk-amd64/jre/lib/amd64/libnet.so
7f3ee8db7000-7f3ee8fb7000 ---p 00016000 08:03 275130                     /usr/lib/jvm/java-7-openjdk-amd64/jre/lib/amd64/libnet.so
7f3ee8fb7000-7f3ee8fb8000 r--p 00016000 08:03 275130                     /usr/lib/jvm/java-7-openjdk-amd64/jre/lib/amd64/libnet.so
7f3ee8fb8000-7f3ee8fb9000 rw-p 00017000 08:03 275130                     /usr/lib/jvm/java-7-openjdk-amd64/jre/lib/amd64/libnet.so
7f3ee8fb9000-7f3ee8fc9000 r-xp 00000000 08:03 275139                     /usr/lib/jvm/java-7-openjdk-amd64/jre/lib/amd64/libnio.so
7f3ee8fc9000-7f3ee91c9000 ---p 00010000 08:03 275139                     /usr/lib/jvm/java-7-openjdk-amd64/jre/lib/amd64/libnio.so
7f3ee91c9000-7f3ee91ca000 r--p 00010000 08:03 275139                     /usr/lib/jvm/java-7-openjdk-amd64/jre/lib/amd64/libnio.so
7f3ee91ca000-7f3ee91cb000 rw-p 00011000 08:03 275139                     /usr/lib/jvm/java-7-openjdk-amd64/jre/lib/amd64/libnio.so
7f3ee91cb000-7f3ee91cc000 ---p 00000000 00:00 0 
7f3ee91cc000-7f3ee92cc000 rw-p 00000000 00:00 0                          [stack:1173]
7f3ee92cc000-7f3ee92cf000 ---p 00000000 00:00 0 
7f3ee92cf000-7f3ee93cd000 rw-p 00000000 00:00 0                          [stack:1172]
7f3ee93cd000-7f3ee93d0000 ---p 00000000 00:00 0 
7f3ee93d0000-7f3ee94ce000 rw-p 00000000 00:00 0                          [stack:1171]
7f3ee94ce000-7f3ee9d20000 r--p 00000000 08:03 270875                     /usr/lib/locale/locale-archive
7f3ee9d20000-7f3eec000000 rw-p 00000000 00:00 0 
7f3eec000000-7f3eec021000 rw-p 00000000 00:00 0 
7f3eec021000-7f3ef0000000 ---p 00000000 00:00 0 
7f3ef0000000-7f3ef0001000 r--s 00002000 08:03 962540                     /home/vju/.m2/repository/org/apache/maven/doxia/doxia-logging-api/1.1/doxia-logging-api-1.1.jar
7f3ef0001000-7f3ef0003000 r--s 00002000 08:03 962536                     /home/vju/.m2/repository/org/apache/maven/doxia/doxia-sink-api/1.1/doxia-sink-api-1.1.jar
7f3ef0003000-7f3ef0004000 r--s 00002000 08:03 962537                     /home/vju/.m2/repository/org/apache/maven/reporting/maven-reporting-api/2.2.1/maven-reporting-api-2.2.1.jar
7f3ef0004000-7f3ef0006000 r--s 00008000 08:03 1084108                    /home/vju/.m2/repository/org/apache/maven/shared/maven-shared-io/1.1/maven-shared-io-1.1.jar
7f3ef0006000-7f3ef0008000 r--s 00008000 08:03 1083918                    /home/vju/.m2/repository/org/apache/maven/shared/file-management/1.2.1/file-management-1.2.1.jar
7f3ef0008000-7f3ef000d000 r--s 00039000 08:03 685961                     /home/vju/.m2/repository/org/codehaus/plexus/plexus-utils/1.5.6/plexus-utils-1.5.6.jar
7f3ef000d000-7f3ef0013000 r--s 00034000 08:03 962535                     /home/vju/.m2/repository/junit/junit/4.8.2/junit-4.8.2.jar
7f3ef0013000-7f3ef0015000 r--s 0000b000 08:03 1091052                    /home/vju/.m2/repository/org/codehaus/plexus/plexus-interpolation/1.11/plexus-interpolation-1.11.jar
7f3ef0015000-7f3ef001d000 r--s 00049000 08:03 814396                     /home/vju/.m2/repository/backport-util-concurrent/backport-util-concurrent/3.1/backport-util-concurrent-3.1.jar
7f3ef001d000-7f3ef0020000 r--s 00017000 08:03 275071                     /usr/lib/jvm/java-7-openjdk-amd64/jre/lib/jce.jar
7f3ef0020000-7f3ef0022000 r--s 0000a000 08:03 418838                     /home/vju/.m2/repository/org/jacoco/jacoco-maven-plugin/0.7.1.201405082137/jacoco-maven-plugin-0.7.1.201405082137.jar
7f3ef0022000-7f3ef0026000 r--s 00034000 08:03 685824                     /home/vju/.m2/repository/org/codehaus/plexus/plexus-utils/3.0/plexus-utils-3.0.jar
7f3ef0026000-7f3ef0028000 r--s 00005000 08:03 685321                     /home/vju/.m2/repository/org/apache/maven/plugins/maven-clean-plugin/2.5/maven-clean-plugin-2.5.jar
7f3ef0028000-7f3ef002d000 r--s 0004c000 08:03 275099                     /usr/lib/jvm/java-7-openjdk-amd64/jre/lib/jsse.jar
7f3ef002d000-7f3ef002f000 r--s 00005000 08:03 544984                     /usr/share/java/maven3-repository-metadata-3.0.5.jar
7f3ef002f000-7f3ef0032000 r--s 00013000 08:03 1079748                    /usr/share/maven-repo/org/sonatype/aether/aether-api/1.13.1/aether-api-1.13.1.jar
7f3ef0032000-7f3ef004e000 r--s 00110000 08:03 544959                     /usr/share/java/wagon-http-shaded-2.x.jar
7f3ef004e000-7f3ef0050000 r--s 0000a000 08:03 544985                     /usr/share/java/maven3-artifact-3.0.5.jar
7f3ef0050000-7f3ef0052000 r--s 00007000 08:03 544524                     /usr/share/java/commons-cli-1.2.jar
7f3ef0052000-7f3ef0056000 r--s 0001c000 08:03 804553                     /usr/share/maven-repo/org/sonatype/aether/aether-util/1.13.1/aether-util-1.13.1.jar
7f3ef0056000-7f3ef0058000 r--s 00025000 08:03 544980                     /usr/share/java/maven3-model-3.0.5.jar
7f3ef0058000-7f3ef0064000 r--s 00082000 08:03 544837                     /usr/share/java/sisu-guice.jar
7f3ef0064000-7f3ef0066000 r--s 0000b000 08:03 544979                     /usr/share/java/maven3-aether-provider-3.0.5.jar
7f3ef0066000-7f3ef0068000 r--s 00009000 08:03 544983                     /usr/share/java/maven3-settings-3.0.5.jar
7f3ef0068000-7f3ef006e000 r--s 00046000 08:03 544668                     /usr/share/java/commons-httpclient-3.1.jar
7f3ef006e000-7f3ef007a000 r--s 0007c000 08:03 544981                     /usr/share/java/maven3-core-3.0.5.jar
7f3ef007a000-7f3ef007c000 r--s 00007000 08:03 544986                     /usr/share/java/maven3-settings-builder-3.0.5.jar
7f3ef007c000-7f3ef0080000 r--s 00033000 08:03 544819                     /usr/share/java/plexus-utils2-2.0.5.jar
7f3ef0080000-7f3ef0086000 r--s 0002c000 08:03 544842                     /usr/share/java/sisu-inject-plexus.jar
7f3ef0086000-7f3ef0087000 r--s 00001000 08:03 544952                     /usr/share/java/wagon-file-2.x.jar
7f3ef0087000-7f3ef00b0000 r--s 001e9000 08:03 544533                     /usr/share/java/guava.jar
7f3ef00b0000-7f3ef00b1000 r--s 00006000 08:03 544666                     /usr/share/java/plexus-sec-dispatcher.jar
7f3ef00b1000-7f3ef00b3000 r--s 0000a000 08:03 544951                     /usr/share/java/wagon-provider-api-2.x.jar
7f3ef00b3000-7f3ef00b5000 r--s 00000000 08:03 544826                     /usr/share/java/plexus-component-annotations-1.5-1.5.5.jar
7f3ef00b5000-7f3ef00b6000 r--s 0000d000 08:03 543668                     /usr/share/java/commons-logging-1.1.3.jar
7f3ef00b6000-7f3ef00bc000 r--s 0003e000 08:03 544987                     /usr/share/java/maven3-compat-3.0.5.jar
7f3ef00bc000-7f3ef00bd000 r--s 00003000 08:03 923393                     /usr/share/maven-repo/org/sonatype/aether/aether-spi/1.13.1/aether-spi-1.13.1.jar
7f3ef00bd000-7f3ef00bf000 r--s 0000e000 08:03 544561                     /usr/share/java/plexus-interpolation.jar
7f3ef00bf000-7f3ef00c2000 r--s 0001d000 08:03 1080348                    /usr/share/maven-repo/org/sonatype/aether/aether-impl/1.13.1/aether-impl-1.13.1.jar
7f3ef00c2000-7f3ef00c9000 r--s 0003b000 08:03 544549                     /usr/share/java/commons-codec-1.9.jar
7f3ef00c9000-7f3ef00d0000 r--s 00040000 08:03 544847                     /usr/share/java/sisu-inject-bean.jar
7f3ef00d0000-7f3ef00d3000 ---p 00000000 00:00 0 
7f3ef00d3000-7f3ef01d1000 rw-p 00000000 00:00 0                          [stack:1170]
7f3ef01d1000-7f3ef01d4000 ---p 00000000 00:00 0 
7f3ef01d4000-7f3ef02d2000 rw-p 00000000 00:00 0                          [stack:1169]
7f3ef02d2000-7f3ef02d5000 ---p 00000000 00:00 0 
7f3ef02d5000-7f3ef03d3000 rw-p 00000000 00:00 0                          [stack:1168]
7f3ef03d3000-7f3ef03d6000 ---p 00000000 00:00 0 
7f3ef03d6000-7f3ef04d4000 rw-p 00000000 00:00 0                          [stack:1167]
7f3ef04d4000-7f3ef04d5000 ---p 00000000 00:00 0 
7f3ef04d5000-7f3ef1000000 rw-p 00000000 00:00 0                          [stack:1166]
7f3ef1000000-7f3ef12a0000 rwxp 00000000 00:00 0 
7f3ef12a0000-7f3ef51ff000 rw-p 00000000 00:00 0 
7f3ef51ff000-7f3ef8000000 ---p 00000000 00:00 0 
7f3ef8000000-7f3ef8002000 r--s 00008000 08:03 544982                     /usr/share/java/maven3-embedder-3.0.5.jar
7f3ef8002000-7f3ef8004000 r--s 00006000 08:03 1080360                    /usr/share/maven-repo/org/sonatype/aether/aether-connector-wagon/1.13.1/aether-connector-wagon-1.13.1.jar
7f3ef8004000-7f3ef8006000 r--s 00002000 08:03 544664                     /usr/share/java/plexus-cipher.jar
7f3ef8006000-7f3ef800a000 r--s 00020000 08:03 544989                     /usr/share/java/maven3-model-builder-3.0.5.jar
7f3ef800a000-7f3ef85dc000 rw-p 00000000 00:00 0 
7f3ef85dc000-7f3ef878a000 r--s 01cfc000 08:03 275069                     /usr/lib/jvm/java-7-openjdk-amd64/jre/lib/rt.jar
7f3ef878a000-7f3ef8ab1000 rw-p 00000000 00:00 0 
7f3ef8ab1000-7f3ef8ab2000 ---p 00000000 00:00 0 
7f3ef8ab2000-7f3ef8bb2000 rw-p 00000000 00:00 0                          [stack:1165]
7f3ef8bb2000-7f3ef8bb3000 ---p 00000000 00:00 0 
7f3ef8bb3000-7f3ef8cb3000 rw-p 00000000 00:00 0                          [stack:1164]
7f3ef8cb3000-7f3ef8cb4000 ---p 00000000 00:00 0 
7f3ef8cb4000-7f3ef8db4000 rw-p 00000000 00:00 0                          [stack:1163]
7f3ef8db4000-7f3ef8db5000 ---p 00000000 00:00 0 
7f3ef8db5000-7f3ef8ec0000 rw-p 00000000 00:00 0                          [stack:1162]
7f3ef8ec0000-7f3ef8f08000 rw-p 00000000 00:00 0 
7f3ef8f08000-7f3ef8f1c000 rw-p 00000000 00:00 0 
7f3ef8f1c000-7f3ef9045000 rw-p 00000000 00:00 0 
7f3ef9045000-7f3ef9050000 rw-p 00000000 00:00 0 
7f3ef9050000-7f3ef9098000 rw-p 00000000 00:00 0 
7f3ef9098000-7f3ef90ac000 rw-p 00000000 00:00 0 
7f3ef90ac000-7f3ef91d4000 rw-p 00000000 00:00 0 
7f3ef91d4000-7f3ef921a000 rw-p 00000000 00:00 0 
7f3ef921a000-7f3ef9273000 rw-p 00000000 00:00 0 
7f3ef9273000-7f3ef9274000 rw-p 00000000 00:00 0 
7f3ef9274000-7f3ef927c000 r-xp 00000000 08:03 275125                     /usr/lib/jvm/java-7-openjdk-amd64/jre/lib/amd64/libzip.so
7f3ef927c000-7f3ef947b000 ---p 00008000 08:03 275125                     /usr/lib/jvm/java-7-openjdk-amd64/jre/lib/amd64/libzip.so
7f3ef947b000-7f3ef947c000 r--p 00007000 08:03 275125                     /usr/lib/jvm/java-7-openjdk-amd64/jre/lib/amd64/libzip.so
7f3ef947c000-7f3ef947d000 rw-p 00008000 08:03 275125                     /usr/lib/jvm/java-7-openjdk-amd64/jre/lib/amd64/libzip.so
7f3ef947d000-7f3ef9488000 r-xp 00000000 08:03 927561                     /lib/x86_64-linux-gnu/libnss_files-2.19.so
7f3ef9488000-7f3ef9687000 ---p 0000b000 08:03 927561                     /lib/x86_64-linux-gnu/libnss_files-2.19.so
7f3ef9687000-7f3ef9688000 r--p 0000a000 08:03 927561                     /lib/x86_64-linux-gnu/libnss_files-2.19.so
7f3ef9688000-7f3ef9689000 rw-p 0000b000 08:03 927561                     /lib/x86_64-linux-gnu/libnss_files-2.19.so
7f3ef9689000-7f3ef9694000 r-xp 00000000 08:03 927535                     /lib/x86_64-linux-gnu/libnss_nis-2.19.so
7f3ef9694000-7f3ef9893000 ---p 0000b000 08:03 927535                     /lib/x86_64-linux-gnu/libnss_nis-2.19.so
7f3ef9893000-7f3ef9894000 r--p 0000a000 08:03 927535                     /lib/x86_64-linux-gnu/libnss_nis-2.19.so
7f3ef9894000-7f3ef9895000 rw-p 0000b000 08:03 927535                     /lib/x86_64-linux-gnu/libnss_nis-2.19.so
7f3ef9895000-7f3ef98ac000 r-xp 00000000 08:03 927563                     /lib/x86_64-linux-gnu/libnsl-2.19.so
7f3ef98ac000-7f3ef9aab000 ---p 00017000 08:03 927563                     /lib/x86_64-linux-gnu/libnsl-2.19.so
7f3ef9aab000-7f3ef9aac000 r--p 00016000 08:03 927563                     /lib/x86_64-linux-gnu/libnsl-2.19.so
7f3ef9aac000-7f3ef9aad000 rw-p 00017000 08:03 927563                     /lib/x86_64-linux-gnu/libnsl-2.19.so
7f3ef9aad000-7f3ef9aaf000 rw-p 00000000 00:00 0 
7f3ef9aaf000-7f3ef9ab8000 r-xp 00000000 08:03 927556                     /lib/x86_64-linux-gnu/libnss_compat-2.19.so
7f3ef9ab8000-7f3ef9cb7000 ---p 00009000 08:03 927556                     /lib/x86_64-linux-gnu/libnss_compat-2.19.so
7f3ef9cb7000-7f3ef9cb8000 r--p 00008000 08:03 927556                     /lib/x86_64-linux-gnu/libnss_compat-2.19.so
7f3ef9cb8000-7f3ef9cb9000 rw-p 00009000 08:03 927556                     /lib/x86_64-linux-gnu/libnss_compat-2.19.so
7f3ef9cb9000-7f3ef9ce4000 r-xp 00000000 08:03 275121                     /usr/lib/jvm/java-7-openjdk-amd64/jre/lib/amd64/libjava.so
7f3ef9ce4000-7f3ef9ee3000 ---p 0002b000 08:03 275121                     /usr/lib/jvm/java-7-openjdk-amd64/jre/lib/amd64/libjava.so
7f3ef9ee3000-7f3ef9ee4000 r--p 0002a000 08:03 275121                     /usr/lib/jvm/java-7-openjdk-amd64/jre/lib/amd64/libjava.so
7f3ef9ee4000-7f3ef9ee6000 rw-p 0002b000 08:03 275121                     /usr/lib/jvm/java-7-openjdk-amd64/jre/lib/amd64/libjava.so
7f3ef9ee6000-7f3ef9ef6000 r-xp 00000000 08:03 275154                     /usr/lib/jvm/java-7-openjdk-amd64/jre/lib/amd64/libverify.so
7f3ef9ef6000-7f3efa0f5000 ---p 00010000 08:03 275154                     /usr/lib/jvm/java-7-openjdk-amd64/jre/lib/amd64/libverify.so
7f3efa0f5000-7f3efa0f7000 r--p 0000f000 08:03 275154                     /usr/lib/jvm/java-7-openjdk-amd64/jre/lib/amd64/libverify.so
7f3efa0f7000-7f3efa0f8000 rw-p 00011000 08:03 275154                     /usr/lib/jvm/java-7-openjdk-amd64/jre/lib/amd64/libverify.so
7f3efa0f8000-7f3efa0ff000 r-xp 00000000 08:03 927559                     /lib/x86_64-linux-gnu/librt-2.19.so
7f3efa0ff000-7f3efa2fe000 ---p 00007000 08:03 927559                     /lib/x86_64-linux-gnu/librt-2.19.so
7f3efa2fe000-7f3efa2ff000 r--p 00006000 08:03 927559                     /lib/x86_64-linux-gnu/librt-2.19.so
7f3efa2ff000-7f3efa300000 rw-p 00007000 08:03 927559                     /lib/x86_64-linux-gnu/librt-2.19.so
7f3efa300000-7f3efa316000 r-xp 00000000 08:03 923729                     /lib/x86_64-linux-gnu/libgcc_s.so.1
7f3efa316000-7f3efa515000 ---p 00016000 08:03 923729                     /lib/x86_64-linux-gnu/libgcc_s.so.1
7f3efa515000-7f3efa516000 rw-p 00015000 08:03 923729                     /lib/x86_64-linux-gnu/libgcc_s.so.1
7f3efa516000-7f3efa61b000 r-xp 00000000 08:03 927560                     /lib/x86_64-linux-gnu/libm-2.19.so
7f3efa61b000-7f3efa81a000 ---p 00105000 08:03 927560                     /lib/x86_64-linux-gnu/libm-2.19.so
7f3efa81a000-7f3efa81b000 r--p 00104000 08:03 927560                     /lib/x86_64-linux-gnu/libm-2.19.so
7f3efa81b000-7f3efa81c000 rw-p 00105000 08:03 927560                     /lib/x86_64-linux-gnu/libm-2.19.so
7f3efa81c000-7f3efa902000 r-xp 00000000 08:03 274107                     /usr/lib/x86_64-linux-gnu/libstdc++.so.6.0.19
7f3efa902000-7f3efab01000 ---p 000e6000 08:03 274107                     /usr/lib/x86_64-linux-gnu/libstdc++.so.6.0.19
7f3efab01000-7f3efab09000 r--p 000e5000 08:03 274107                     /usr/lib/x86_64-linux-gnu/libstdc++.so.6.0.19
7f3efab09000-7f3efab0b000 rw-p 000ed000 08:03 274107                     /usr/lib/x86_64-linux-gnu/libstdc++.so.6.0.19
7f3efab0b000-7f3efab20000 rw-p 00000000 00:00 0 
7f3efab20000-7f3efb601000 r-xp 00000000 08:03 275136                     /usr/lib/jvm/java-7-openjdk-amd64/jre/lib/amd64/server/libjvm.so
7f3efb601000-7f3efb800000 ---p 00ae1000 08:03 275136                     /usr/lib/jvm/java-7-openjdk-amd64/jre/lib/amd64/server/libjvm.so
7f3efb800000-7f3efb892000 r--p 00ae0000 08:03 275136                     /usr/lib/jvm/java-7-openjdk-amd64/jre/lib/amd64/server/libjvm.so
7f3efb892000-7f3efb8b5000 rw-p 00b72000 08:03 275136                     /usr/lib/jvm/java-7-openjdk-amd64/jre/lib/amd64/server/libjvm.so
7f3efb8b5000-7f3efb8e2000 rw-p 00000000 00:00 0 
7f3efb8e2000-7f3efb8fa000 r-xp 00000000 08:03 923865                     /lib/x86_64-linux-gnu/libz.so.1.2.8
7f3efb8fa000-7f3efbaf9000 ---p 00018000 08:03 923865                     /lib/x86_64-linux-gnu/libz.so.1.2.8
7f3efbaf9000-7f3efbafa000 r--p 00017000 08:03 923865                     /lib/x86_64-linux-gnu/libz.so.1.2.8
7f3efbafa000-7f3efbafb000 rw-p 00018000 08:03 923865                     /lib/x86_64-linux-gnu/libz.so.1.2.8
7f3efbafb000-7f3efbb14000 r-xp 00000000 08:03 927566                     /lib/x86_64-linux-gnu/libpthread-2.19.so
7f3efbb14000-7f3efbd13000 ---p 00019000 08:03 927566                     /lib/x86_64-linux-gnu/libpthread-2.19.so
7f3efbd13000-7f3efbd14000 r--p 00018000 08:03 927566                     /lib/x86_64-linux-gnu/libpthread-2.19.so
7f3efbd14000-7f3efbd15000 rw-p 00019000 08:03 927566                     /lib/x86_64-linux-gnu/libpthread-2.19.so
7f3efbd15000-7f3efbd19000 rw-p 00000000 00:00 0 
7f3efbd19000-7f3efbd1c000 r-xp 00000000 08:03 927551                     /lib/x86_64-linux-gnu/libdl-2.19.so
7f3efbd1c000-7f3efbf1b000 ---p 00003000 08:03 927551                     /lib/x86_64-linux-gnu/libdl-2.19.so
7f3efbf1b000-7f3efbf1c000 r--p 00002000 08:03 927551                     /lib/x86_64-linux-gnu/libdl-2.19.so
7f3efbf1c000-7f3efbf1d000 rw-p 00003000 08:03 927551                     /lib/x86_64-linux-gnu/libdl-2.19.so
7f3efbf1d000-7f3efc0d9000 r-xp 00000000 08:03 927564                     /lib/x86_64-linux-gnu/libc-2.19.so
7f3efc0d9000-7f3efc2d8000 ---p 001bc000 08:03 927564                     /lib/x86_64-linux-gnu/libc-2.19.so
7f3efc2d8000-7f3efc2dc000 r--p 001bb000 08:03 927564                     /lib/x86_64-linux-gnu/libc-2.19.so
7f3efc2dc000-7f3efc2de000 rw-p 001bf000 08:03 927564                     /lib/x86_64-linux-gnu/libc-2.19.so
7f3efc2de000-7f3efc2e3000 rw-p 00000000 00:00 0 
7f3efc2e3000-7f3efc2f0000 r-xp 00000000 08:03 275147                     /usr/lib/jvm/java-7-openjdk-amd64/jre/lib/amd64/jli/libjli.so
7f3efc2f0000-7f3efc4ef000 ---p 0000d000 08:03 275147                     /usr/lib/jvm/java-7-openjdk-amd64/jre/lib/amd64/jli/libjli.so
7f3efc4ef000-7f3efc4f0000 r--p 0000c000 08:03 275147                     /usr/lib/jvm/java-7-openjdk-amd64/jre/lib/amd64/jli/libjli.so
7f3efc4f0000-7f3efc4f1000 rw-p 0000d000 08:03 275147                     /usr/lib/jvm/java-7-openjdk-amd64/jre/lib/amd64/jli/libjli.so
7f3efc4f1000-7f3efc514000 r-xp 00000000 08:03 927549                     /lib/x86_64-linux-gnu/ld-2.19.so
7f3efc514000-7f3efc516000 r--s 00009000 08:03 544988                     /usr/share/java/maven3-plugin-api-3.0.5.jar
7f3efc516000-7f3efc518000 r--s 0000a000 08:03 544504                     /usr/share/java/plexus-classworlds2-2.5.1.jar
7f3efc518000-7f3efc51c000 r--s 0003b000 08:03 275077                     /usr/lib/jvm/java-7-openjdk-amd64/jre/lib/ext/sunpkcs11.jar
7f3efc51c000-7f3efc51d000 r--s 00002000 08:03 275078                     /usr/lib/jvm/java-7-openjdk-amd64/jre/lib/ext/dnsns.jar
7f3efc51d000-7f3efc53e000 rw-p 00000000 00:00 0 
7f3efc53e000-7f3efc5f3000 rw-p 00000000 00:00 0 
7f3efc5f3000-7f3efc5f6000 ---p 00000000 00:00 0 
7f3efc5f6000-7f3efc6f9000 rw-p 00000000 00:00 0                          [stack:1161]
7f3efc6f9000-7f3efc6fc000 r--s 00032000 08:03 275075                     /usr/lib/jvm/java-7-openjdk-amd64/jre/lib/ext/sunjce_provider.jar
7f3efc6fc000-7f3efc6fe000 r--s 00006000 08:03 541875                     /usr/share/java/java-atk-wrapper.jar
7f3efc6fe000-7f3efc700000 r--s 00012000 08:03 275074                     /usr/lib/jvm/java-7-openjdk-amd64/jre/lib/ext/zipfs.jar
7f3efc700000-7f3efc704000 r--s 00085000 08:03 275076                     /usr/lib/jvm/java-7-openjdk-amd64/jre/lib/ext/localedata.jar
7f3efc704000-7f3efc707000 r--s 0000f000 08:03 275073                     /usr/lib/jvm/java-7-openjdk-amd64/jre/lib/ext/pulse-java.jar
7f3efc707000-7f3efc70f000 rw-s 00000000 08:03 798099                     /tmp/hsperfdata_vju/1142
7f3efc70f000-7f3efc710000 rw-p 00000000 00:00 0 
7f3efc710000-7f3efc711000 ---p 00000000 00:00 0 
7f3efc711000-7f3efc713000 rw-p 00000000 00:00 0 
7f3efc713000-7f3efc714000 r--p 00022000 08:03 927549                     /lib/x86_64-linux-gnu/ld-2.19.so
7f3efc714000-7f3efc715000 rw-p 00023000 08:03 927549                     /lib/x86_64-linux-gnu/ld-2.19.so
7f3efc715000-7f3efc716000 rw-p 00000000 00:00 0 
7fff70c80000-7fff70ca1000 rw-p 00000000 00:00 0                          [stack]
7fff70dfe000-7fff70e00000 r-xp 00000000 00:00 0                          [vdso]
ffffffffff600000-ffffffffff601000 r-xp 00000000 00:00 0                  [vsyscall]

VM Arguments:
jvm_args: -Dclassworlds.conf=/usr/share/maven/bin/m2.conf -Dmaven.home=/usr/share/maven 
java_command: org.codehaus.plexus.classworlds.launcher.Launcher clean wildfly:deploy
Launcher Type: SUN_STANDARD

Environment Variables:
JAVA_HOME=/usr/lib/jvm/java-7-openjdk-amd64
PATH=/usr/local/sbin:/usr/local/bin:/usr/sbin:/usr/bin:/sbin:/bin:/usr/games:/usr/local/games
SHELL=/bin/bash
DISPLAY=:0

Signal Handlers:
SIGSEGV: [libjvm.so+0x918620], sa_mask[0]=0x7ffbfeff, sa_flags=0x10000004
SIGBUS: [libjvm.so+0x918620], sa_mask[0]=0x7ffbfeff, sa_flags=0x10000004
SIGFPE: [libjvm.so+0x795e30], sa_mask[0]=0x7ffbfeff, sa_flags=0x10000004
SIGPIPE: [libjvm.so+0x795e30], sa_mask[0]=0x7ffbfeff, sa_flags=0x10000004
SIGXFSZ: [libjvm.so+0x795e30], sa_mask[0]=0x7ffbfeff, sa_flags=0x10000004
SIGILL: [libjvm.so+0x795e30], sa_mask[0]=0x7ffbfeff, sa_flags=0x10000004
SIGUSR1: SIG_DFL, sa_mask[0]=0x00000000, sa_flags=0x00000000
SIGUSR2: [libjvm.so+0x795cd0], sa_mask[0]=0x00000000, sa_flags=0x10000004
SIGHUP: [libjvm.so+0x795eb0], sa_mask[0]=0x7ffbfeff, sa_flags=0x10000004
SIGINT: [libjvm.so+0x795eb0], sa_mask[0]=0x7ffbfeff, sa_flags=0x10000004
SIGTERM: [libjvm.so+0x795eb0], sa_mask[0]=0x7ffbfeff, sa_flags=0x10000004
SIGQUIT: [libjvm.so+0x795eb0], sa_mask[0]=0x7ffbfeff, sa_flags=0x10000004


---------------  S Y S T E M  ---------------

OS:Ubuntu 14.04 (trusty)
uname:Linux 3.13.0-34-generic #60-Ubuntu SMP Wed Aug 13 15:45:27 UTC 2014 x86_64
libc:glibc 2.19 NPTL 2.19 
rlimit: STACK 8192k, CORE 0k, NPROC 30179, NOFILE 4096, AS infinity
load average:1,12 0,58 0,55

/proc/meminfo:
MemTotal:        3884548 kB
MemFree:           90624 kB
Buffers:             364 kB
Cached:           373856 kB
SwapCached:        48576 kB
Active:          2585948 kB
Inactive:         866208 kB
Active(anon):    2580292 kB
Inactive(anon):   860552 kB
Active(file):       5656 kB
Inactive(file):     5656 kB
Unevictable:           0 kB
Mlocked:               0 kB
SwapTotal:       2997244 kB
SwapFree:              0 kB
Dirty:                68 kB
Writeback:             0 kB
AnonPages:       3031964 kB
Mapped:            94176 kB
Shmem:            362984 kB
Slab:              86156 kB
SReclaimable:      33712 kB
SUnreclaim:        52444 kB
KernelStack:        9112 kB
PageTables:        87328 kB
NFS_Unstable:          0 kB
Bounce:                0 kB
WritebackTmp:          0 kB
CommitLimit:     4939516 kB
Committed_AS:   13905832 kB
VmallocTotal:   34359738367 kB
VmallocUsed:      600048 kB
VmallocChunk:   34359065932 kB
HardwareCorrupted:     0 kB
AnonHugePages:   1001472 kB
HugePages_Total:       0
HugePages_Free:        0
HugePages_Rsvd:        0
HugePages_Surp:        0
Hugepagesize:       2048 kB
DirectMap4k:       72444 kB
DirectMap2M:     3956736 kB


CPU:total 4 (2 cores per cpu, 2 threads per core) family 6 model 58 stepping 9, cmov, cx8, fxsr, mmx, sse, sse2, sse3, ssse3, sse4.1, sse4.2, popcnt, avx, aes, erms, ht, tsc, tscinvbit, tscinv

/proc/cpuinfo:
processor	: 0
vendor_id	: GenuineIntel
cpu family	: 6
model		: 58
model name	: Intel(R) Core(TM) i5-3317U CPU @ 1.70GHz
stepping	: 9
microcode	: 0x12
cpu MHz		: 1500.000
cache size	: 3072 KB
physical id	: 0
siblings	: 4
core id		: 0
cpu cores	: 2
apicid		: 0
initial apicid	: 0
fpu		: yes
fpu_exception	: yes
cpuid level	: 13
wp		: yes
flags		: fpu vme de pse tsc msr pae mce cx8 apic sep mtrr pge mca cmov pat pse36 clflush dts acpi mmx fxsr sse sse2 ss ht tm pbe syscall nx rdtscp lm constant_tsc arch_perfmon pebs bts rep_good nopl xtopology nonstop_tsc aperfmperf eagerfpu pni pclmulqdq dtes64 monitor ds_cpl vmx est tm2 ssse3 cx16 xtpr pdcm pcid sse4_1 sse4_2 x2apic popcnt tsc_deadline_timer aes xsave avx f16c rdrand lahf_lm ida arat epb xsaveopt pln pts dtherm tpr_shadow vnmi flexpriority ept vpid fsgsbase smep erms
bogomips	: 3392.31
clflush size	: 64
cache_alignment	: 64
address sizes	: 36 bits physical, 48 bits virtual
power management:

processor	: 1
vendor_id	: GenuineIntel
cpu family	: 6
model		: 58
model name	: Intel(R) Core(TM) i5-3317U CPU @ 1.70GHz
stepping	: 9
microcode	: 0x12
cpu MHz		: 1000.000
cache size	: 3072 KB
physical id	: 0
siblings	: 4
core id		: 0
cpu cores	: 2
apicid		: 1
initial apicid	: 1
fpu		: yes
fpu_exception	: yes
cpuid level	: 13
wp		: yes
flags		: fpu vme de pse tsc msr pae mce cx8 apic sep mtrr pge mca cmov pat pse36 clflush dts acpi mmx fxsr sse sse2 ss ht tm pbe syscall nx rdtscp lm constant_tsc arch_perfmon pebs bts rep_good nopl xtopology nonstop_tsc aperfmperf eagerfpu pni pclmulqdq dtes64 monitor ds_cpl vmx est tm2 ssse3 cx16 xtpr pdcm pcid sse4_1 sse4_2 x2apic popcnt tsc_deadline_timer aes xsave avx f16c rdrand lahf_lm ida arat epb xsaveopt pln pts dtherm tpr_shadow vnmi flexpriority ept vpid fsgsbase smep erms
bogomips	: 3392.31
clflush size	: 64
cache_alignment	: 64
address sizes	: 36 bits physical, 48 bits virtual
power management:

processor	: 2
vendor_id	: GenuineIntel
cpu family	: 6
model		: 58
model name	: Intel(R) Core(TM) i5-3317U CPU @ 1.70GHz
stepping	: 9
microcode	: 0x12
cpu MHz		: 1701.000
cache size	: 3072 KB
physical id	: 0
siblings	: 4
core id		: 1
cpu cores	: 2
apicid		: 2
initial apicid	: 2
fpu		: yes
fpu_exception	: yes
cpuid level	: 13
wp		: yes
flags		: fpu vme de pse tsc msr pae mce cx8 apic sep mtrr pge mca cmov pat pse36 clflush dts acpi mmx fxsr sse sse2 ss ht tm pbe syscall nx rdtscp lm constant_tsc arch_perfmon pebs bts rep_good nopl xtopology nonstop_tsc aperfmperf eagerfpu pni pclmulqdq dtes64 monitor ds_cpl vmx est tm2 ssse3 cx16 xtpr pdcm pcid sse4_1 sse4_2 x2apic popcnt tsc_deadline_timer aes xsave avx f16c rdrand lahf_lm ida arat epb xsaveopt pln pts dtherm tpr_shadow vnmi flexpriority ept vpid fsgsbase smep erms
bogomips	: 3392.31
clflush size	: 64
cache_alignment	: 64
address sizes	: 36 bits physical, 48 bits virtual
power management:

processor	: 3
vendor_id	: GenuineIntel
cpu family	: 6
model		: 58
model name	: Intel(R) Core(TM) i5-3317U CPU @ 1.70GHz
stepping	: 9
microcode	: 0x12
cpu MHz		: 1701.000
cache size	: 3072 KB
physical id	: 0
siblings	: 4
core id		: 1
cpu cores	: 2
apicid		: 3
initial apicid	: 3
fpu		: yes
fpu_exception	: yes
cpuid level	: 13
wp		: yes
flags		: fpu vme de pse tsc msr pae mce cx8 apic sep mtrr pge mca cmov pat pse36 clflush dts acpi mmx fxsr sse sse2 ss ht tm pbe syscall nx rdtscp lm constant_tsc arch_perfmon pebs bts rep_good nopl xtopology nonstop_tsc aperfmperf eagerfpu pni pclmulqdq dtes64 monitor ds_cpl vmx est tm2 ssse3 cx16 xtpr pdcm pcid sse4_1 sse4_2 x2apic popcnt tsc_deadline_timer aes xsave avx f16c rdrand lahf_lm ida arat epb xsaveopt pln pts dtherm tpr_shadow vnmi flexpriority ept vpid fsgsbase smep erms
bogomips	: 3392.31
clflush size	: 64
cache_alignment	: 64
address sizes	: 36 bits physical, 48 bits virtual
power management:



Memory: 4k page, physical 3884548k(90672k free), swap 2997244k(0k free)

vm_info: OpenJDK 64-Bit Server VM (24.51-b03) for linux-amd64 JRE (1.7.0_55-b14), built on Apr 17 2014 20:08:07 by "buildd" with gcc 4.8.2

time: Sat Sep  6 12:15:14 2014
elapsed time: 9 seconds

